
=== beta=0.5, alphasc=0.1 ===
0.1 0.5 0 0 0.061858335851732234 0
0.1 0.5 0 1 0.061858335851732234 0
0.1 0.5 0 2 0.061858335851732234 0
0.1 0.5 0 3 0.061858335851732234 0
0.1 0.5 0 4 0.061858335851732234 0

=== beta=0.5, alphasc=0.5 ===
0.5 0.5 0 0 0.021523623834410914 351843720888856
0.5 0.5 0 1 0.056897360167778174 4398046773248
0.5 0.5 0 2 0.04772815857593672 2149646336
0.5 0.5 0 3 0.03023972561078007 545390848
0.5 0.5 0 4 0.0011332154792776902 434635435193446404

=== beta=0.5, alphasc=1.0 ===
1.0 0.5 0 0 0.007871944085775809 145029986045207480
1.0 0.5 0 1 0.003454910578765032 630510553508757504
1.0 0.5 0 2 0.0165322880577424 1209531512722210
1.0 0.5 0 3 0.006011693742287741 564050012539780
1.0 0.5 0 4 0.0010285633733521842 292806561280624645

=== beta=0.5, alphasc=1.5 ===
1.5 0.5 0 0 0.0012159021284054966 216454258181013752
1.5 0.5 0 1 0.0038590462961326346 632796442480885904
1.5 0.5 0 2 0.0017476473429246797 866460244847710851
1.5 0.5 0 3 0.0016198088981638956 5361451162290180
1.5 0.5 0 4 0.0028120873442654616 602687547095517221

=== beta=0.5, alphasc=2.0 ===
2.0 0.5 0 0 0.002077497831479321 804244536406123450
2.0 0.5 0 1 0.0007099550983505552 755614180501119104
2.0 0.5 0 2 0.0038494590938116325 310569388005200515
2.0 0.5 0 3 0.001591315085643171 18582006650784516
2.0 0.5 0 4 0.0003020424280519315 312000203710402692

=== beta=0.5, alphasc=2.5 ===
2.5 0.5 0 0 0.0029088222227715956 650490910064513856
2.5 0.5 0 1 0.0005775317959688384 727443524458414658
2.5 0.5 0 2 0.0014696853154617055 577957739568765827
2.5 0.5 0 3 0.0008816542123362762 19708746433432460
2.5 0.5 0 4 0.000481290955890736 171211071897090180

=== beta=0.5, alphasc=3.0 ===
3.0 0.5 0 0 0.0010649176945175909 234840433371849092
3.0 0.5 0 1 0.0003542198251870154 732507840914428480
3.0 0.5 0 2 0.0020879049415495855 692218455350645154
3.0 0.5 0 3 0.000999120342439667 579354806914583436
3.0 0.5 0 4 0.0006966075231826332 447055397778630788

=== beta=1.0, alphasc=0.1 ===
0.1 1.0 0 0 0.061858335851732234 0
0.1 1.0 0 1 0.061858335851732234 0
0.1 1.0 0 2 0.061858335851732234 0
0.1 1.0 0 3 0.061858335851732234 0
0.1 1.0 0 4 0.061858335851732234 0

=== beta=1.0, alphasc=0.5 ===
0.5 1.0 0 0 0.019957778141792584 351848015856152
0.5 1.0 0 1 0.034987962124646055 2199040294912
0.5 1.0 0 2 0.04772815857593672 2149646336
0.5 1.0 0 3 0.03193292638077867 537002240
0.5 1.0 0 4 0.0011332154792776902 434635435193446404

=== beta=1.0, alphasc=1.0 ===
1.0 1.0 0 0 0.0012934150322827802 72630031658074804
1.0 1.0 0 1 0.002969541521485111 594481760785809408
1.0 1.0 0 2 0.014059080561180085 647614498411266
1.0 1.0 0 3 0.006011693742287741 564050012539780
1.0 1.0 0 4 0.001130943177828548 941325577099937797

=== beta=1.0, alphasc=1.5 ===
1.5 1.0 0 0 0.0007299017831547894 216463054274035960
1.5 1.0 0 1 0.003362169880203741 639551841921941648
1.5 1.0 0 2 0.004291655537627696 308298801970483843
1.5 1.0 0 3 0.00030514457056839524 713265221615617
1.5 1.0 0 4 0.001178995597563177 870681405798744101

=== beta=1.0, alphasc=2.0 ===
2.0 1.0 0 0 0.002077497831479321 804244536406123450
2.0 1.0 0 1 0.0004651559479835624 578442109938577984
2.0 1.0 0 2 0.0006755934387033119 615956586512599330
2.0 1.0 0 3 0.0014495045679571573 4653356860197124
2.0 1.0 0 4 0.0009808370934951186 508988688714969092

=== beta=1.0, alphasc=2.5 ===
2.5 1.0 0 0 0.0035251447532262583 685393806102893376
2.5 1.0 0 1 0.0008968173526682694 621743073591865986
2.5 1.0 0 2 0.0011997398112124397 59783765075710627
2.5 1.0 0 3 0.0005821813046187824 33227381366721326
2.5 1.0 0 4 0.000788511093935813 10206857894101634

=== beta=1.0, alphasc=3.0 ===
3.0 1.0 0 0 0.0022264425054663506 677252985369399752
3.0 1.0 0 1 0.00038877889422827324 577558069540979202
3.0 1.0 0 2 0.0024568596445410343 621286761219559843
3.0 1.0 0 3 0.0011372949874483265 153744730273500098
3.0 1.0 0 4 0.0009794186231698507 292804360688961686

=== beta=1.5, alphasc=0.1 ===
0.1 1.5 0 0 0.061858335851732234 0
0.1 1.5 0 1 0.061858335851732234 0
0.1 1.5 0 2 0.061858335851732234 0
0.1 1.5 0 3 0.061858335851732234 0
0.1 1.5 0 4 0.061858335851732234 0

=== beta=1.5, alphasc=0.5 ===
0.5 1.5 0 0 0.019957778141792584 351848015856152
0.5 1.5 0 1 0.04028239368116459 2199023517696
0.5 1.5 0 2 0.04772815857593672 2149646336
0.5 1.5 0 3 0.03023458999844882 537002368
0.5 1.5 0 4 0.0011332154792776902 434635435193446404

=== beta=1.5, alphasc=1.0 ===
1.0 1.5 0 0 0.0007726279663928503 72691054537679800
1.0 1.5 0 1 0.0008706880987755908 630511653022351360
1.0 1.5 0 2 0.012872302783905765 84735412474626
1.0 1.5 0 3 0.003179275411230022 3299080276868
1.0 1.5 0 4 0.0008133281302201268 941607052079005701

=== beta=1.5, alphasc=1.5 ===
1.5 1.5 0 0 0.0007299017831547894 216463054274035960
1.5 1.5 0 1 0.0009061804231147651 579846193719697408
1.5 1.5 0 2 0.004963917920544066 21208482239813922
1.5 1.5 0 3 0.0012464804591890612 717044792705032
1.5 1.5 0 4 0.0004678167346575979 869556062090166309

=== beta=1.5, alphasc=2.0 ===
2.0 1.5 0 0 0.0010820724581740236 804244536406122938
2.0 1.5 0 1 0.0006030602785277141 597935556609335296
2.0 1.5 0 2 0.00646836187113692 613985986831258018
2.0 1.5 0 3 0.0013488052302593405 4934831962736903
2.0 1.5 0 4 0.00035891155389977875 319861275140235940

=== beta=1.5, alphasc=2.5 ===
2.5 1.5 0 0 0.00010160499099965737 587177176789848320
2.5 1.5 0 1 0.0008890725808853921 597913514916881024
2.5 1.5 0 2 0.0014469841190993473 130711061151953059
2.5 1.5 0 3 0.00037371114088727324 9861219178384164
2.5 1.5 0 4 0.00035750208780741866 302940207538507908

=== beta=1.5, alphasc=3.0 ===
3.0 1.5 0 0 0.0008661765998292152 678378885310059468
3.0 1.5 0 1 0.0012352727596928296 581077660021825664
3.0 1.5 0 2 0.002275685506880191 629166961056092595
3.0 1.5 0 3 0.0012317188564117197 1720755495259012
3.0 1.5 0 4 0.0003809363131871148 320965204920502406

=== beta=2.0, alphasc=0.1 ===
0.1 2.0 0 0 0.061858335851732234 0
0.1 2.0 0 1 0.061858335851732234 0
0.1 2.0 0 2 0.061858335851732234 0
0.1 2.0 0 3 0.061858335851732234 0
0.1 2.0 0 4 0.061858335851732234 0

=== beta=2.0, alphasc=0.5 ===
0.5 2.0 0 0 0.019957778141792584 351848015856152
0.5 2.0 0 1 0.05958499447939323 262144
0.5 2.0 0 2 0.04355351656967105 2149650432
0.5 2.0 0 3 0.05662719909862184 131328
0.5 2.0 0 4 0.0011332154792776902 434635435193446404

=== beta=2.0, alphasc=1.0 ===
1.0 2.0 0 0 0.00105008031578306 81628435072484276
1.0 2.0 0 1 0.0009198846118737098 630507254975971328
1.0 2.0 0 2 0.015496406470658369 75939327841026
1.0 2.0 0 3 0.0032454515348167537 3436519230336
1.0 2.0 0 4 0.0031971625736216588 364864824796774404

=== beta=2.0, alphasc=1.5 ===
1.5 2.0 0 0 0.0007299017831547894 216463054274035960
1.5 2.0 0 1 0.0021436069377086665 639551841905164432
1.5 2.0 0 2 0.005632703627226485 309978855737733763
1.5 2.0 0 3 0.0032500278639628166 6597205557272
1.5 2.0 0 4 0.0004781026845569499 292813828367581221

=== beta=2.0, alphasc=2.0 ===
2.0 2.0 0 0 0.0005705702686598152 937595350741746584
2.0 2.0 0 1 0.0010755450367976552 728588322129473536
2.0 2.0 0 2 0.0015012941425502746 613704511829905587
2.0 2.0 0 3 0.0006724286199136704 4653210520931210
2.0 2.0 0 4 0.001516104931451588 301846730569220276

=== beta=2.0, alphasc=2.5 ===
2.5 2.0 0 0 0.0009130118452819341 649365558741832448
2.5 2.0 0 1 0.0010863146930343037 740898422203021440
2.5 2.0 0 2 0.0008441580924118963 238813928047063463
2.5 2.0 0 3 0.0008536563149675782 1690104446716686
2.5 2.0 0 4 0.00027455170424196915 302940344977461380

=== beta=2.0, alphasc=3.0 ===
3.0 2.0 0 0 0.00026959434996737535 731344559535510088
3.0 2.0 0 1 0.0006962742771195581 594586221163745800
3.0 2.0 0 2 0.0013222646755263194 583585588024523058
3.0 2.0 0 3 0.0009085402000700281 578221088038603557
3.0 2.0 0 4 0.00039986440062139884 321242252106858630
