
=== beta=-0.1, alphasc=0.1 ===
0.1 -0.1 0 0 0.011747923108875494 0
0.1 -0.1 0 1 0.011747923108875494 0
0.1 -0.1 0 2 0.011747923108875494 0
0.1 -0.1 0 3 0.011747923108875494 0
0.1 -0.1 0 4 0.011747923108875494 0

=== beta=-0.1, alphasc=0.5 ===
0.5 -0.1 0 0 0.0045482193323855375 16
0.5 -0.1 0 1 0.0045482193323855375 16
0.5 -0.1 0 2 0.001283538230826054 8208
0.5 -0.1 0 3 0.0045482193323855375 16
0.5 -0.1 0 4 0.0031721213384571746 16896

=== beta=-0.1, alphasc=1.0 ===
1.0 -0.1 0 0 0.0008634742978447075 3097
1.0 -0.1 0 1 0.00472760704060165 7
1.0 -0.1 0 2 0.004725093315835337 4096
1.0 -0.1 0 3 0.001007737474583914 2896
1.0 -0.1 0 4 0.001007737474583914 2896

=== beta=-0.1, alphasc=1.5 ===
1.5 -0.1 0 0 0.0008634742978447075 3097
1.5 -0.1 0 1 0.0052789381179181695 3079
1.5 -0.1 0 2 0.004725093315835337 4096
1.5 -0.1 0 3 0.001007737474583914 2896
1.5 -0.1 0 4 0.001007737474583914 2896

=== beta=-0.1, alphasc=2.0 ===
2.0 -0.1 0 0 0.0021981427640157068 1064
2.0 -0.1 0 1 0.0052789381179181695 3079
2.0 -0.1 0 2 0.0016805412929900233 8448
2.0 -0.1 0 3 0.001007737474583914 2896
2.0 -0.1 0 4 0.001007737474583914 2896

=== beta=-0.1, alphasc=2.5 ===
2.5 -0.1 0 0 0.0010411614731511613 36
2.5 -0.1 0 1 0.005382688248607813 3335
2.5 -0.1 0 2 0.004725093315835337 4096
2.5 -0.1 0 3 0.0014756718524163669 848
2.5 -0.1 0 4 0.001082808686470803 19520

=== beta=-0.1, alphasc=3.0 ===
3.0 -0.1 0 0 0.0022000857210358504 132101
3.0 -0.1 0 1 0.005382688248607813 3335
3.0 -0.1 0 2 0.000962666319255607 17984
3.0 -0.1 0 3 0.001007737474583914 2896
3.0 -0.1 0 4 0.001082808686470803 19520

=== beta=0.0, alphasc=0.1 ===
0.1 0.0 0 0 0.011747923108875494 0
0.1 0.0 0 1 0.011747923108875494 0
0.1 0.0 0 2 0.011747923108875494 0
0.1 0.0 0 3 0.011747923108875494 0
0.1 0.0 0 4 0.011747923108875494 0

=== beta=0.0, alphasc=0.5 ===
0.5 0.0 0 0 0.00339628556539864 24
0.5 0.0 0 1 0.0027943228222413715 25
0.5 0.0 0 2 0.00339628556539864 24
0.5 0.0 0 3 0.00306372270671793 2064
0.5 0.0 0 4 0.001788188548787538 2128

=== beta=0.0, alphasc=1.0 ===
1.0 0.0 0 0 0.0008634742978447075 3097
1.0 0.0 0 1 0.004240018420853199 2567
1.0 0.0 0 2 0.003958423907042804 6209
1.0 0.0 0 3 0.001007737474583914 2896
1.0 0.0 0 4 0.0008775383662475074 2904

=== beta=0.0, alphasc=1.5 ===
1.5 0.0 0 0 0.00027020480554052964 19481
1.5 0.0 0 1 0.004240018420853199 2567
1.5 0.0 0 2 0.003914267300925071 6656
1.5 0.0 0 3 0.0008775383662475074 2904
1.5 0.0 0 4 0.0008775383662475074 2904

=== beta=0.0, alphasc=2.0 ===
2.0 0.0 0 0 0.0006156829931807242 19725
2.0 0.0 0 1 0.00421877153917169 519
2.0 0.0 0 2 0.001231867180518075 10752
2.0 0.0 0 3 0.0008775383662475074 2904
2.0 0.0 0 4 0.00045711319657195743 3920

=== beta=0.0, alphasc=2.5 ===
2.5 0.0 0 0 0.0011125475292140432 8205
2.5 0.0 0 1 0.00421877153917169 519
2.5 0.0 0 2 0.0011315214103064925 8705
2.5 0.0 0 3 0.001007737474583914 2896
2.5 0.0 0 4 0.00045711319657195743 3920

=== beta=0.0, alphasc=3.0 ===
3.0 0.0 0 0 0.00047524038180708506 20292
3.0 0.0 0 1 0.00421877153917169 519
3.0 0.0 0 2 0.0005651387253090976 32
3.0 0.0 0 3 0.001007737474583914 2896
3.0 0.0 0 4 0.003148603890727011 128

=== beta=0.1, alphasc=0.1 ===
0.1 0.1 0 0 0.011747923108875494 0
0.1 0.1 0 1 0.011747923108875494 0
0.1 0.1 0 2 0.011747923108875494 0
0.1 0.1 0 3 0.011747923108875494 0
0.1 0.1 0 4 0.011747923108875494 0

=== beta=0.1, alphasc=0.5 ===
0.5 0.1 0 0 0.00306372270671793 2064
0.5 0.1 0 1 0.00306372270671793 2064
0.5 0.1 0 2 0.001788188548787538 2128
0.5 0.1 0 3 0.00306372270671793 2064
0.5 0.1 0 4 0.001788188548787538 2128

=== beta=0.1, alphasc=1.0 ===
1.0 0.1 0 0 0.0007477651400504383 3353
1.0 0.1 0 1 0.0009545377599493934 2648
1.0 0.1 0 2 0.0002666085021342983 19216
1.0 0.1 0 3 0.0009545377599493934 2648
1.0 0.1 0 4 0.0008775383662475074 2904

=== beta=0.1, alphasc=1.5 ===
1.5 0.1 0 0 8.879050581352966e-05 19480
1.5 0.1 0 1 0.0003680058073660092 16924
1.5 0.1 0 2 6.640738206660458e-17 19728
1.5 0.1 0 3 6.640738206660458e-17 19728
1.5 0.1 0 4 0.00015519174540940206 18200

=== beta=0.1, alphasc=2.0 ===
2.0 0.1 0 0 6.640738206660458e-17 19728
2.0 0.1 0 1 1.8731600950735596e-06 18192
2.0 0.1 0 2 0.001201701298352153 8201
2.0 0.1 0 3 6.640738206660458e-17 19728
2.0 0.1 0 4 6.699137107418695e-06 17744

=== beta=0.1, alphasc=2.5 ===
2.5 0.1 0 0 0.0011160546479682025 10244
2.5 0.1 0 1 6.640738206660458e-17 19728
2.5 0.1 0 2 1.8731600950735596e-06 18192
2.5 0.1 0 3 0.001007737474583914 2896
2.5 0.1 0 4 6.640738206660458e-17 19728

=== beta=0.1, alphasc=3.0 ===
3.0 0.1 0 0 0.0005651387253090976 32
3.0 0.1 0 1 1.8731600950735596e-06 18192
3.0 0.1 0 2 0.0005651387253090976 32
3.0 0.1 0 3 0.001007737474583914 2896
3.0 0.1 0 4 6.699137107418695e-06 17744

=== beta=0.2, alphasc=0.1 ===
0.1 0.2 0 0 0.011747923108875494 0
0.1 0.2 0 1 0.011747923108875494 0
0.1 0.2 0 2 0.011747923108875494 0
0.1 0.2 0 3 0.011747923108875494 0
0.1 0.2 0 4 0.011747923108875494 0

=== beta=0.2, alphasc=0.5 ===
0.5 0.2 0 0 0.0028197109641485796 2320
0.5 0.2 0 1 0.00472760704060165 7
0.5 0.2 0 2 0.001788188548787538 2128
0.5 0.2 0 3 0.00306372270671793 2064
0.5 0.2 0 4 0.001788188548787538 2128

=== beta=0.2, alphasc=1.0 ===
1.0 0.2 0 0 0.0002940956423637228 16913
1.0 0.2 0 1 0.0016144534944684127 89
1.0 0.2 0 2 0.0012260849441030224 849
1.0 0.2 0 3 0.0008634742978447075 3097
1.0 0.2 0 4 0.0005499557004375138 3665

=== beta=0.2, alphasc=1.5 ===
1.5 0.2 0 0 1.9742584907617507e-05 19472
1.5 0.2 0 1 0.0005028700137095543 17997
1.5 0.2 0 2 1.3208607092842468e-05 17936
1.5 0.2 0 3 6.014845396259748e-05 19473
1.5 0.2 0 4 0.00010879014053109507 19736

=== beta=0.2, alphasc=2.0 ===
2.0 0.2 0 0 7.0976322364659e-05 17429
2.0 0.2 0 1 5.2876433882806595e-05 17685
2.0 0.2 0 2 0.00010519054800356812 17940
2.0 0.2 0 3 0.0002554784055713036 19477
2.0 0.2 0 4 6.579954635761651e-05 19729

=== beta=0.2, alphasc=2.5 ===
2.5 0.2 0 0 0.00030567655710860237 19792
2.5 0.2 0 1 0.00012678497278193303 17944
2.5 0.2 0 2 6.640738206660458e-17 19728
2.5 0.2 0 3 0.0006385855930334017 19992
2.5 0.2 0 4 9.902805447075088e-05 18193

=== beta=0.2, alphasc=3.0 ===
3.0 0.2 0 0 0.00031097781952617174 18449
3.0 0.2 0 1 0.00046050900754956975 3865
3.0 0.2 0 2 0.0002554784055713036 19477
3.0 0.2 0 3 0.00033955462052706023 17945
3.0 0.2 0 4 1.9742584907617507e-05 19472
