
=== beta=-0.1, alphasc=0.1 ===
0.1 -0.1 0 0 0.008532493731975389 2142
0.1 -0.1 0 1 0.009216799718612981 20231
0.1 -0.1 0 2 0.012702920266402885 3655
0.1 -0.1 0 3 0.0002959022389133111 1904
0.1 -0.1 0 4 0.004037253673810882 4032

=== beta=-0.1, alphasc=0.5 ===
0.5 -0.1 0 0 0.006694601067395759 2910
0.5 -0.1 0 1 0.015766694383159016 3591
0.5 -0.1 0 2 0.0020171926121152046 26712
0.5 -0.1 0 3 0.004037253673810882 4032
0.5 -0.1 0 4 0.004037253673810882 4032

=== beta=-0.1, alphasc=1.0 ===
1.0 -0.1 0 0 0.0009283404747609721 61
1.0 -0.1 0 1 0.011448144155327557 19719
1.0 -0.1 0 2 0.002272977913080592 26649
1.0 -0.1 0 3 0.0007304087976662891 884
1.0 -0.1 0 4 0.0027533742336434716 3280

=== beta=-0.1, alphasc=1.5 ===
1.5 -0.1 0 0 0.0013462143071468833 53
1.5 -0.1 0 1 0.006911249432710921 68103
1.5 -0.1 0 2 0.009386921529723825 40192
1.5 -0.1 0 3 0.0008711235575124076 2928
1.5 -0.1 0 4 0.004037253673810882 4032

=== beta=-0.1, alphasc=2.0 ===
2.0 -0.1 0 0 0.0016764908960550022 52
2.0 -0.1 0 1 0.011448144155327557 19719
2.0 -0.1 0 2 0.004331961189805986 28480
2.0 -0.1 0 3 0.0006006390983495115 880
2.0 -0.1 0 4 0.0054379665548565746 3264

=== beta=-0.1, alphasc=2.5 ===
2.5 -0.1 0 0 0.0016764908960550022 52
2.5 -0.1 0 1 0.009216799718612981 20231
2.5 -0.1 0 2 0.005914575449401886 36096
2.5 -0.1 0 3 0.0008711235575124076 2928
2.5 -0.1 0 4 0.004588870477009285 3272

=== beta=-0.1, alphasc=3.0 ===
3.0 -0.1 0 0 0.0013462143071468833 53
3.0 -0.1 0 1 0.009216799718612981 20231
3.0 -0.1 0 2 0.004745267665972276 41216
3.0 -0.1 0 3 0.0008711235575124076 2928
3.0 -0.1 0 4 0.0029094306421467864 3288

=== beta=0.0, alphasc=0.1 ===
0.1 0.0 0 0 0.008532493731975389 2142
0.1 0.0 0 1 0.009216799718612981 20231
0.1 0.0 0 2 0.015725463373792034 3143
0.1 0.0 0 3 0.0002959022389133111 1904
0.1 0.0 0 4 0.004037253673810882 4032

=== beta=0.0, alphasc=0.5 ===
0.5 0.0 0 0 0.006694601067395759 2910
0.5 0.0 0 1 0.006694601067395759 2910
0.5 0.0 0 2 0.005118782513174794 10328
0.5 0.0 0 3 0.004037253673810882 4032
0.5 0.0 0 4 0.004037253673810882 4032

=== beta=0.0, alphasc=1.0 ===
1.0 0.0 0 0 0.0013462143071468833 53
1.0 0.0 0 1 0.006694601067395759 2910
1.0 0.0 0 2 0.0018881809826447652 26969
1.0 0.0 0 3 0.0007304087976662891 884
1.0 0.0 0 4 0.0020693165579290006 2713

=== beta=0.0, alphasc=1.5 ===
1.5 0.0 0 0 0.0002510570335184976 1588
1.5 0.0 0 1 0.00455381709521997 67586
1.5 0.0 0 2 0.001895123778309375 27472
1.5 0.0 0 3 0.0002510570335184976 1588
1.5 0.0 0 4 0.004037253673810882 4032

=== beta=0.0, alphasc=2.0 ===
2.0 0.0 0 0 0.0002072936700066268 1844
2.0 0.0 0 1 0.005103646546587979 19294
2.0 0.0 0 2 0.001895123778309375 27472
2.0 0.0 0 3 0.0002072936700066268 1844
2.0 0.0 0 4 0.0036825585853629676 3784

=== beta=0.0, alphasc=2.5 ===
2.5 0.0 0 0 0.0002072936700066268 1844
2.5 0.0 0 1 0.0049540435121432904 19231
2.5 0.0 0 2 0.011858504947398997 30720
2.5 0.0 0 3 0.0002948334668804188 1648
2.5 0.0 0 4 0.0021247339830838177 2265

=== beta=0.0, alphasc=3.0 ===
3.0 0.0 0 0 0.0011388614403169248 1901
3.0 0.0 0 1 0.005090620544782436 19286
3.0 0.0 0 2 0.004601322622453986 40960
3.0 0.0 0 3 0.0002072936700066268 1844
3.0 0.0 0 4 0.0021247339830838177 2265

=== beta=0.1, alphasc=0.1 ===
0.1 0.1 0 0 0.008532493731975389 2142
0.1 0.1 0 1 0.009216799718612981 20231
0.1 0.1 0 2 0.015725463373792034 3143
0.1 0.1 0 3 0.0002959022389133111 1904
0.1 0.1 0 4 0.004037253673810882 4032

=== beta=0.1, alphasc=0.5 ===
0.5 0.1 0 0 0.006121919282318133 2911
0.5 0.1 0 1 0.0008838834031118479 2101
0.5 0.1 0 2 0.006121919282318133 2911
0.5 0.1 0 3 0.00201611358681054 2705
0.5 0.1 0 4 0.004037253673810882 4032

=== beta=0.1, alphasc=1.0 ===
1.0 0.1 0 0 0.0002072936700066268 1844
1.0 0.1 0 1 0.005037846460861787 19039
1.0 0.1 0 2 0.0018801809153952092 27161
1.0 0.1 0 3 0.0005279681150428152 1332
1.0 0.1 0 4 0.0021247339830838177 2265

=== beta=0.1, alphasc=1.5 ===
1.5 0.1 0 0 4.7659738820170347e-17 148496
1.5 0.1 0 1 0.005037846460861787 19039
1.5 0.1 0 2 0.0019203400092889416 27216
1.5 0.1 0 3 0.00020207515104838405 1396
1.5 0.1 0 4 0.0020302428434476076 2961

=== beta=0.1, alphasc=2.0 ===
2.0 0.1 0 0 0.00020207515104838405 1396
2.0 0.1 0 1 0.005037846460861787 19039
2.0 0.1 0 2 0.0018376276280502632 27164
2.0 0.1 0 3 0.00020207515104838405 1396
2.0 0.1 0 4 0.0026966875331802184 1748

=== beta=0.1, alphasc=2.5 ===
2.5 0.1 0 0 0.000101473668757599 16688
2.5 0.1 0 1 0.0049552157835719675 17247
2.5 0.1 0 2 0.004458643490577578 23065
2.5 0.1 0 3 0.00011105810180050629 17712
2.5 0.1 0 4 0.0021519171430366417 217

=== beta=0.1, alphasc=3.0 ===
3.0 0.1 0 0 0.0049300425824888045 19287
3.0 0.1 0 1 0.0049552157835719675 17247
3.0 0.1 0 2 0.00342524704675054 50440
3.0 0.1 0 3 6.749750409940376e-05 17456
3.0 0.1 0 4 0.0019365902930211173 2709

=== beta=0.2, alphasc=0.1 ===
0.1 0.2 0 0 0.008532493731975389 2142
0.1 0.2 0 1 0.009216799718612981 20231
0.1 0.2 0 2 0.015725463373792034 3143
0.1 0.2 0 3 0.0002959022389133111 1904
0.1 0.2 0 4 0.004037253673810882 4032

=== beta=0.2, alphasc=0.5 ===
0.5 0.2 0 0 0.007885079687362429 55
0.5 0.2 0 1 0.01381718403803535 2635
0.5 0.2 0 2 0.0042840023557572295 11088
0.5 0.2 0 3 0.018105990871122392 2905
0.5 0.2 0 4 0.0020693165579290006 2713

=== beta=0.2, alphasc=1.0 ===
1.0 0.2 0 0 0.00023928928643487702 1340
1.0 0.2 0 1 0.0019278585158514453 27217
1.0 0.2 0 2 0.0018546281323005044 27417
1.0 0.2 0 3 0.0002072936700066268 1844
1.0 0.2 0 4 0.0021563983444184225 2264

=== beta=0.2, alphasc=1.5 ===
1.5 0.2 0 0 4.7659738820170347e-17 148496
1.5 0.2 0 1 0.005131060566270098 17239
1.5 0.2 0 2 0.001817493616826827 27420
1.5 0.2 0 3 0.00023928928643487702 1340
1.5 0.2 0 4 0.0020302428434476076 2961

=== beta=0.2, alphasc=2.0 ===
2.0 0.2 0 0 0.00021235241827792108 1592
2.0 0.2 0 1 0.0049552157835719675 17247
2.0 0.2 0 2 0.0018376276280502632 27164
2.0 0.2 0 3 0.0002072936700066268 1844
2.0 0.2 0 4 0.0019365902930211173 2709

=== beta=0.2, alphasc=2.5 ===
2.5 0.2 0 0 6.749750409940376e-05 17456
2.5 0.2 0 1 0.005120168529273813 19295
2.5 0.2 0 2 4.7659738820170347e-17 148496
2.5 0.2 0 3 6.749750409940376e-05 17456
2.5 0.2 0 4 0.0019365902930211173 2709

=== beta=0.2, alphasc=3.0 ===
3.0 0.2 0 0 6.749750409940376e-05 17456
3.0 0.2 0 1 0.00011105810180050629 17712
3.0 0.2 0 2 1.4672265091808779e-05 148752
3.0 0.2 0 3 6.749750409940376e-05 17456
3.0 0.2 0 4 0.0019365902930211173 2709
