
=== beta=-0.1, alphasc=0.1 ===
0.1 -0.1 0 0 0.005233770422054571 182384
0.1 -0.1 0 1 0.004563872865217302 221229
0.1 -0.1 0 2 0.0020736076047827953 150196
0.1 -0.1 0 3 0.00970424843054793 216180
0.1 -0.1 0 4 0.006352148485574583 213721

=== beta=-0.1, alphasc=0.5 ===
0.5 -0.1 0 0 0.005233770422054571 182384
0.5 -0.1 0 1 0.026887802389205278 121671
0.5 -0.1 0 2 0.02101940900785103 105088
0.5 -0.1 0 3 0.004421660224393247 214937
0.5 -0.1 0 4 0.030401608462204886 184473

=== beta=-0.1, alphasc=1.0 ===
1.0 -0.1 0 0 0.007994174198673596 163954
1.0 -0.1 0 1 0.025638638929792495 125774
1.0 -0.1 0 2 0.00582696028448248 49652
1.0 -0.1 0 3 0.004441672369125862 83956
1.0 -0.1 0 4 0.011987270337252233 185945

=== beta=-0.1, alphasc=1.5 ===
1.5 -0.1 0 0 0.009999937663477123 180274
1.5 -0.1 0 1 0.027378403772825216 118559
1.5 -0.1 0 2 0.032920031620153486 184785
1.5 -0.1 0 3 0.012526911030876109 67568
1.5 -0.1 0 4 0.011987270337252233 185945

=== beta=-0.1, alphasc=2.0 ===
2.0 -0.1 0 0 0.009999937663477123 180274
2.0 -0.1 0 1 0.027378403772825216 118559
2.0 -0.1 0 2 0.023800922004476206 168336
2.0 -0.1 0 3 0.02019018059338488 67570
2.0 -0.1 0 4 0.022700892703169363 88793

=== beta=-0.1, alphasc=2.5 ===
2.5 -0.1 0 0 0.009999937663477123 180274
2.5 -0.1 0 1 0.02500459085129116 118622
2.5 -0.1 0 2 0.023217163927822405 170384
2.5 -0.1 0 3 0.02019018059338488 67570
2.5 -0.1 0 4 0.028600870205953418 105113

=== beta=-0.1, alphasc=3.0 ===
3.0 -0.1 0 0 0.009101706123083402 163890
3.0 -0.1 0 1 0.02500459085129116 118622
3.0 -0.1 0 2 0.023217163927822405 170384
3.0 -0.1 0 3 0.016882293161098877 66547
3.0 -0.1 0 4 0.02446418281050094 104601

=== beta=0.0, alphasc=0.1 ===
0.1 0.0 0 0 0.00517332902186838 215200
0.1 0.0 0 1 0.0037201879402507685 223524
0.1 0.0 0 2 0.003993450710183786 213156
0.1 0.0 0 3 0.010778749198825393 216948
0.1 0.0 0 4 0.004202003384148657 213160

=== beta=0.0, alphasc=0.5 ===
0.5 0.0 0 0 0.004709564557758847 183152
0.5 0.0 0 1 0.027880346241410437 117598
0.5 0.0 0 2 0.00582696028448248 49652
0.5 0.0 0 3 0.004421660224393247 214937
0.5 0.0 0 4 0.00636660720312827 180889

=== beta=0.0, alphasc=1.0 ===
1.0 0.0 0 0 0.004845371679049046 182640
1.0 0.0 0 1 0.02500459085129116 118622
1.0 0.0 0 2 0.00582696028448248 49652
1.0 0.0 0 3 0.004441672369125862 83956
1.0 0.0 0 4 0.00636660720312827 180889

=== beta=0.0, alphasc=1.5 ===
1.5 0.0 0 0 0.007994174198673596 163954
1.5 0.0 0 1 0.02500459085129116 118622
1.5 0.0 0 2 0.0050263568139675115 181208
1.5 0.0 0 3 0.004441672369125862 83956
1.5 0.0 0 4 0.0050828091350502815 180952

=== beta=0.0, alphasc=2.0 ===
2.0 0.0 0 0 0.007994174198673596 163954
2.0 0.0 0 1 0.02500459085129116 118622
2.0 0.0 0 2 0.005484108048123032 182937
2.0 0.0 0 3 0.004268709448594013 83452
2.0 0.0 0 4 0.0050828091350502815 180952

=== beta=0.0, alphasc=2.5 ===
2.5 0.0 0 0 0.007994174198673596 163954
2.5 0.0 0 1 0.02500459085129116 118622
2.5 0.0 0 2 0.0054688905569559776 183193
2.5 0.0 0 3 0.00046251283851278643 150516
2.5 0.0 0 4 0.02085183158037676 105096

=== beta=0.0, alphasc=3.0 ===
3.0 0.0 0 0 0.007994174198673596 163954
3.0 0.0 0 1 0.02500459085129116 118622
3.0 0.0 0 2 0.014225123369792673 172240
3.0 0.0 0 3 0.004790547682292409 51700
3.0 0.0 0 4 0.020699273377112904 102544

=== beta=0.1, alphasc=0.1 ===
0.1 0.1 0 0 0.005233770422054571 182384
0.1 0.1 0 1 0.010370755812007105 216116
0.1 0.1 0 2 0.004481095208265421 174388
0.1 0.1 0 3 0.009280828561590505 216436
0.1 0.1 0 4 0.003993450710183786 213156

=== beta=0.1, alphasc=0.5 ===
0.5 0.1 0 0 0.003651606361507473 174180
0.5 0.1 0 1 0.013870413994128998 123168
0.5 0.1 0 2 0.011214131155302138 164569
0.5 0.1 0 3 0.003993450710183786 213156
0.5 0.1 0 4 0.0037996303717932247 174380

=== beta=0.1, alphasc=1.0 ===
1.0 0.1 0 0 0.0038781803332230396 174628
1.0 0.1 0 1 0.01639468142927023 115491
1.0 0.1 0 2 0.004857485487336418 49908
1.0 0.1 0 3 5.119258035541877e-16 197792
1.0 0.1 0 4 0.0050828091350502815 180952

=== beta=0.1, alphasc=1.5 ===
1.5 0.1 0 0 0.0019354516977351023 190496
1.5 0.1 0 1 0.019760677774224963 122461
1.5 0.1 0 2 0.0050828091350502815 180952
1.5 0.1 0 3 7.16846108258288e-05 198048
1.5 0.1 0 4 0.0050828091350502815 180952

=== beta=0.1, alphasc=2.0 ===
2.0 0.1 0 0 0.0019354516977351023 190496
2.0 0.1 0 1 0.018107190097548145 127312
2.0 0.1 0 2 0.0050828091350502815 180952
2.0 0.1 0 3 0.0039392675794611455 83952
2.0 0.1 0 4 0.0050263568139675115 181208

=== beta=0.1, alphasc=2.5 ===
2.5 0.1 0 0 0.00197926914787809 188704
2.5 0.1 0 1 0.02416666630719559 125206
2.5 0.1 0 2 0.005254202840671244 182489
2.5 0.1 0 3 0.0039392675794611455 83952
2.5 0.1 0 4 0.004997646304256697 182992

=== beta=0.1, alphasc=3.0 ===
3.0 0.1 0 0 0.00197926914787809 188704
3.0 0.1 0 1 0.024622193029672928 124958
3.0 0.1 0 2 0.005344709654942645 181209
3.0 0.1 0 3 0.0039392675794611455 83952
3.0 0.1 0 4 0.01671215085471051 116184

=== beta=0.2, alphasc=0.1 ===
0.1 0.2 0 0 0.006914495796488482 180336
0.1 0.2 0 1 0.009280828561590505 216436
0.1 0.2 0 2 0.003219261961197495 174632
0.1 0.2 0 3 0.00970424843054793 216180
0.1 0.2 0 4 0.004117459575220349 213409

=== beta=0.2, alphasc=0.5 ===
0.5 0.2 0 0 0.0049082796310942626 182896
0.5 0.2 0 1 0.010219276320201495 182884
0.5 0.2 0 2 0.003020959521946387 174440
0.5 0.2 0 3 0.004905893778159294 204129
0.5 0.2 0 4 0.0009696876929053448 148473

=== beta=0.2, alphasc=1.0 ===
1.0 0.2 0 0 0.00287324905470985 183352
1.0 0.2 0 1 0.012208009906924083 59196
1.0 0.2 0 2 0.002599841807671061 183608
1.0 0.2 0 3 0.004452487977331836 85744
1.0 0.2 0 4 0.0030581187732457884 172592

=== beta=0.2, alphasc=1.5 ===
1.5 0.2 0 0 0.004906854525446979 182840
1.5 0.2 0 1 0.0023239329788757586 188452
1.5 0.2 0 2 0.0050828091350502815 180952
1.5 0.2 0 3 0.004365660519014655 49912
1.5 0.2 0 4 0.002446982228446748 182128

=== beta=0.2, alphasc=2.0 ===
2.0 0.2 0 0 0.0026777074410937658 184112
2.0 0.2 0 1 0.008962054343204505 60796
2.0 0.2 0 2 0.005097285763690533 183000
2.0 0.2 0 3 0.0056109540802031874 50420
2.0 0.2 0 4 0.003148648704985908 182073

=== beta=0.2, alphasc=2.5 ===
2.5 0.2 0 0 0.0033844427834256773 183356
2.5 0.2 0 1 0.003416328337406895 189476
2.5 0.2 0 2 0.004997646304256697 182992
2.5 0.2 0 3 0.0039882713502471774 183344
2.5 0.2 0 4 0.0050263568139675115 181208

=== beta=0.2, alphasc=3.0 ===
3.0 0.2 0 0 0.0070746458953326145 180785
3.0 0.2 0 1 0.01687563204781315 105784
3.0 0.2 0 2 0.004997646304256697 182992
3.0 0.2 0 3 0.002470374503635156 183672
3.0 0.2 0 4 0.01696809060460865 116176
