
=== beta=-0.1, alphasc=0.1 ===
0.1 -0.1 0 0 0.004402228222621454 78
0.1 -0.1 0 1 0.005382688248607813 3335
0.1 -0.1 0 2 0.0010654617354327997 2141
0.1 -0.1 0 3 0.001007737474583914 2896
0.1 -0.1 0 4 0.0029290375802913104 3904

=== beta=-0.1, alphasc=0.5 ===
0.5 -0.1 0 0 0.0014824477559897587 2077
0.5 -0.1 0 1 0.0044247261350482455 3337
0.5 -0.1 0 2 0.001007737474583914 2896
0.5 -0.1 0 3 0.001007737474583914 2896
0.5 -0.1 0 4 0.004375747691928679 2880

=== beta=-0.1, alphasc=1.0 ===
1.0 -0.1 0 0 0.0007477651400504383 3353
1.0 -0.1 0 1 0.005382688248607813 3335
1.0 -0.1 0 2 0.0007477651400504383 3353
1.0 -0.1 0 3 0.001007737474583914 2896
1.0 -0.1 0 4 0.001007737474583914 2896

=== beta=-0.1, alphasc=1.5 ===
1.5 -0.1 0 0 0.002704064048636595 28
1.5 -0.1 0 1 0.0052789381179181695 3079
1.5 -0.1 0 2 0.0017727933257595575 11520
1.5 -0.1 0 3 0.001007737474583914 2896
1.5 -0.1 0 4 0.00045711319657195743 3920

=== beta=-0.1, alphasc=2.0 ===
2.0 -0.1 0 0 0.0003169018370016392 18457
2.0 -0.1 0 1 0.00421877153917169 519
2.0 -0.1 0 2 0.0017727933257595575 11520
2.0 -0.1 0 3 0.001007737474583914 2896
2.0 -0.1 0 4 0.0029290375802913104 3904

=== beta=-0.1, alphasc=2.5 ===
2.5 -0.1 0 0 0.0005651387253090976 32
2.5 -0.1 0 1 0.004550076949444528 23
2.5 -0.1 0 2 0.001250781375687744 10504
2.5 -0.1 0 3 0.001007737474583914 2896
2.5 -0.1 0 4 0.0074192349032952696 3264

=== beta=-0.1, alphasc=3.0 ===
3.0 -0.1 0 0 0.001080558957060743 132096
3.0 -0.1 0 1 0.005382688248607813 3335
3.0 -0.1 0 2 0.003836896985894076 2176
3.0 -0.1 0 3 0.001007737474583914 2896
3.0 -0.1 0 4 0.0029290375802913104 3904

=== beta=0.0, alphasc=0.1 ===
0.1 0.0 0 0 0.004402228222621454 78
0.1 0.0 0 1 0.005382688248607813 3335
0.1 0.0 0 2 0.0010654617354327997 2141
0.1 0.0 0 3 0.001007737474583914 2896
0.1 0.0 0 4 0.0029290375802913104 3904

=== beta=0.0, alphasc=0.5 ===
0.5 0.0 0 0 0.0029290375802913104 3904
0.5 0.0 0 1 0.0044247261350482455 3337
0.5 0.0 0 2 0.001007737474583914 2896
0.5 0.0 0 3 0.001007737474583914 2896
0.5 0.0 0 4 0.0029290375802913104 3904

=== beta=0.0, alphasc=1.0 ===
1.0 0.0 0 0 0.0007477651400504383 3353
1.0 0.0 0 1 0.004279855648462512 2055
1.0 0.0 0 2 0.0007477651400504383 3353
1.0 0.0 0 3 0.0007477651400504383 3353
1.0 0.0 0 4 0.001007737474583914 2896

=== beta=0.0, alphasc=1.5 ===
1.5 0.0 0 0 0.0008775383662475074 2904
1.5 0.0 0 1 0.004240018420853199 2567
1.5 0.0 0 2 0.0008775383662475074 2904
1.5 0.0 0 3 0.0008775383662475074 2904
1.5 0.0 0 4 0.00045711319657195743 3920

=== beta=0.0, alphasc=2.0 ===
2.0 0.0 0 0 0.004240018420853199 2567
2.0 0.0 0 1 0.004240018420853199 2567
2.0 0.0 0 2 0.0011499291897011878 10241
2.0 0.0 0 3 0.001007737474583914 2896
2.0 0.0 0 4 0.00045711319657195743 3920

=== beta=0.0, alphasc=2.5 ===
2.5 0.0 0 0 0.0005651387253090976 32
2.5 0.0 0 1 0.004240018420853199 2567
2.5 0.0 0 2 0.0008775383662475074 2904
2.5 0.0 0 3 0.00045711319657195743 3920
2.5 0.0 0 4 0.00046024026124044567 3417

=== beta=0.0, alphasc=3.0 ===
3.0 0.0 0 0 0.0004025296256964058 131072
3.0 0.0 0 1 0.00421877153917169 519
3.0 0.0 0 2 0.00421877153917169 519
3.0 0.0 0 3 0.00047524038180708506 20292
3.0 0.0 0 4 0.00047524038180708506 20292

=== beta=0.1, alphasc=0.1 ===
0.1 0.1 0 0 0.004402228222621454 78
0.1 0.1 0 1 0.005382688248607813 3335
0.1 0.1 0 2 0.0010654617354327997 2141
0.1 0.1 0 3 0.001007737474583914 2896
0.1 0.1 0 4 0.0029290375802913104 3904

=== beta=0.1, alphasc=0.5 ===
0.5 0.1 0 0 0.003850758322977022 3085
0.5 0.1 0 1 0.0044247261350482455 3337
0.5 0.1 0 2 0.001007737474583914 2896
0.5 0.1 0 3 0.001007737474583914 2896
0.5 0.1 0 4 0.0029290375802913104 3904

=== beta=0.1, alphasc=1.0 ===
1.0 0.1 0 0 0.0009545377599493934 2648
1.0 0.1 0 1 0.0007251551372503543 3673
1.0 0.1 0 2 0.0005143518985874849 3609
1.0 0.1 0 3 0.0007251551372503543 3673
1.0 0.1 0 4 0.0005448791281925375 3672

=== beta=0.1, alphasc=1.5 ===
1.5 0.1 0 0 0.00046024026124044567 3417
1.5 0.1 0 1 0.000489922803161132 3864
1.5 0.1 0 2 0.000489922803161132 3864
1.5 0.1 0 3 0.0005143518985874849 3609
1.5 0.1 0 4 0.00045711319657195743 3920

=== beta=0.1, alphasc=2.0 ===
2.0 0.1 0 0 1.9742584907617507e-05 19472
2.0 0.1 0 1 1.9742584907617507e-05 19472
2.0 0.1 0 2 1.9742584907617507e-05 19472
2.0 0.1 0 3 0.001007737474583914 2896
2.0 0.1 0 4 1.9742584907617507e-05 19472

=== beta=0.1, alphasc=2.5 ===
2.5 0.1 0 0 6.640738206660458e-17 19728
2.5 0.1 0 1 6.640738206660458e-17 19728
2.5 0.1 0 2 6.640738206660458e-17 19728
2.5 0.1 0 3 0.001007737474583914 2896
2.5 0.1 0 4 6.640738206660458e-17 19728

=== beta=0.1, alphasc=3.0 ===
3.0 0.1 0 0 0.0004025296256964058 131072
3.0 0.1 0 1 6.640738206660458e-17 19728
3.0 0.1 0 2 6.640738206660458e-17 19728
3.0 0.1 0 3 0.0011315214103064925 8705
3.0 0.1 0 4 6.640738206660458e-17 19728

=== beta=0.2, alphasc=0.1 ===
0.1 0.2 0 0 0.004402228222621454 78
0.1 0.2 0 1 0.005382688248607813 3335
0.1 0.2 0 2 0.0010654617354327997 2141
0.1 0.2 0 3 0.001007737474583914 2896
0.1 0.2 0 4 0.0029290375802913104 3904

=== beta=0.2, alphasc=0.5 ===
0.5 0.2 0 0 0.0047125907789769455 3081
0.5 0.2 0 1 0.0044247261350482455 3337
0.5 0.2 0 2 0.001124479087910977 2640
0.5 0.2 0 3 0.001007737474583914 2896
0.5 0.2 0 4 0.0029290375802913104 3904

=== beta=0.2, alphasc=1.0 ===
1.0 0.2 0 0 0.0005106881220517171 3664
1.0 0.2 0 1 0.0005143518985874849 3609
1.0 0.2 0 2 0.0011441498658749636 2585
1.0 0.2 0 3 0.0005691593715016475 3608
1.0 0.2 0 4 0.0005631766537323897 3160

=== beta=0.2, alphasc=1.5 ===
1.5 0.2 0 0 1.9742584907617507e-05 19472
1.5 0.2 0 1 1.9742584907617507e-05 19472
1.5 0.2 0 2 8.879050581352966e-05 19480
1.5 0.2 0 3 8.879050581352966e-05 19480
1.5 0.2 0 4 8.879050581352966e-05 19480

=== beta=0.2, alphasc=2.0 ===
2.0 0.2 0 0 3.134345217826952e-05 17436
2.0 0.2 0 1 1.2528665253732043e-05 17688
2.0 0.2 0 2 0.00010603040721368089 17745
2.0 0.2 0 3 0.0002554784055713036 19477
2.0 0.2 0 4 1.3208607092842468e-05 17936

=== beta=0.2, alphasc=2.5 ===
2.5 0.2 0 0 6.699137107418695e-06 17744
2.5 0.2 0 1 8.843458117923972e-05 17489
2.5 0.2 0 2 6.640738206660458e-17 19728
2.5 0.2 0 3 0.000531046422337955 3928
2.5 0.2 0 4 4.59881593825866e-05 17432

=== beta=0.2, alphasc=3.0 ===
3.0 0.2 0 0 0.00015519174540940206 18200
3.0 0.2 0 1 0.00010879014053109507 19736
3.0 0.2 0 2 0.00027319989929431107 18768
3.0 0.2 0 3 0.0002991284611745926 18713
3.0 0.2 0 4 0.0002444748626556855 16920
