
=== beta=-0.1, alphasc=0.1 ===
0.1 -0.1 0 0 0.011747923108875494 0
0.1 -0.1 0 1 0.011747923108875494 0
0.1 -0.1 0 2 0.011747923108875494 0
0.1 -0.1 0 3 0.011747923108875494 0
0.1 -0.1 0 4 0.011747923108875494 0

=== beta=-0.1, alphasc=0.5 ===
0.5 -0.1 0 0 0.0005651387253090976 32
0.5 -0.1 0 1 0.004662721061517236 2051
0.5 -0.1 0 2 0.0045482193323855375 16
0.5 -0.1 0 3 0.004375747691928679 2880
0.5 -0.1 0 4 0.004375747691928679 2880

=== beta=-0.1, alphasc=1.0 ===
1.0 -0.1 0 0 0.0007477651400504383 3353
1.0 -0.1 0 1 0.0052789381179181695 3079
1.0 -0.1 0 2 0.004155197088884017 6400
1.0 -0.1 0 3 0.001007737474583914 2896
1.0 -0.1 0 4 0.001007737474583914 2896

=== beta=-0.1, alphasc=1.5 ===
1.5 -0.1 0 0 0.00027020480554052964 19481
1.5 -0.1 0 1 0.004279855648462512 2055
1.5 -0.1 0 2 0.0007477651400504383 3353
1.5 -0.1 0 3 0.001007737474583914 2896
1.5 -0.1 0 4 0.0009597023244939277 2897

=== beta=-0.1, alphasc=2.0 ===
2.0 -0.1 0 0 0.001027371420665277 19465
2.0 -0.1 0 1 0.004279855648462512 2055
2.0 -0.1 0 2 0.001250781375687744 10504
2.0 -0.1 0 3 0.001007737474583914 2896
2.0 -0.1 0 4 0.0029290375802913104 3904

=== beta=-0.1, alphasc=2.5 ===
2.5 -0.1 0 0 0.0005651387253090976 32
2.5 -0.1 0 1 0.004279855648462512 2055
2.5 -0.1 0 2 0.0017727933257595575 11520
2.5 -0.1 0 3 0.0012262017079076818 8704
2.5 -0.1 0 4 0.001261933968215886 8512

=== beta=-0.1, alphasc=3.0 ===
3.0 -0.1 0 0 0.0022000857210358504 132101
3.0 -0.1 0 1 0.004279855648462512 2055
3.0 -0.1 0 2 0.003148603890727011 128
3.0 -0.1 0 3 0.001007737474583914 2896
3.0 -0.1 0 4 0.0012262017079076818 8704

=== beta=0.0, alphasc=0.1 ===
0.1 0.0 0 0 0.011747923108875494 0
0.1 0.0 0 1 0.011747923108875494 0
0.1 0.0 0 2 0.011747923108875494 0
0.1 0.0 0 3 0.011747923108875494 0
0.1 0.0 0 4 0.011747923108875494 0

=== beta=0.0, alphasc=0.5 ===
0.5 0.0 0 0 0.00339628556539864 24
0.5 0.0 0 1 0.0027943228222413715 25
0.5 0.0 0 2 0.00339628556539864 24
0.5 0.0 0 3 0.00306372270671793 2064
0.5 0.0 0 4 0.001788188548787538 2128

=== beta=0.0, alphasc=1.0 ===
1.0 0.0 0 0 0.0008634742978447075 3097
1.0 0.0 0 1 0.004240018420853199 2567
1.0 0.0 0 2 0.003958423907042804 6209
1.0 0.0 0 3 0.001007737474583914 2896
1.0 0.0 0 4 0.0008775383662475074 2904

=== beta=0.0, alphasc=1.5 ===
1.5 0.0 0 0 0.00027020480554052964 19481
1.5 0.0 0 1 0.004240018420853199 2567
1.5 0.0 0 2 0.003914267300925071 6656
1.5 0.0 0 3 0.0008775383662475074 2904
1.5 0.0 0 4 0.0008775383662475074 2904

=== beta=0.0, alphasc=2.0 ===
2.0 0.0 0 0 0.0006156829931807242 19725
2.0 0.0 0 1 0.00421877153917169 519
2.0 0.0 0 2 0.001231867180518075 10752
2.0 0.0 0 3 0.0008775383662475074 2904
2.0 0.0 0 4 0.00045711319657195743 3920

=== beta=0.0, alphasc=2.5 ===
2.5 0.0 0 0 0.0011125475292140432 8205
2.5 0.0 0 1 0.00421877153917169 519
2.5 0.0 0 2 0.0011315214103064925 8705
2.5 0.0 0 3 0.001007737474583914 2896
2.5 0.0 0 4 0.00045711319657195743 3920

=== beta=0.0, alphasc=3.0 ===
3.0 0.0 0 0 0.00047524038180708506 20292
3.0 0.0 0 1 0.00421877153917169 519
3.0 0.0 0 2 0.0005651387253090976 32
3.0 0.0 0 3 0.001007737474583914 2896
3.0 0.0 0 4 0.003148603890727011 128

=== beta=0.1, alphasc=0.1 ===
0.1 0.1 0 0 0.011747923108875494 0
0.1 0.1 0 1 0.011747923108875494 0
0.1 0.1 0 2 0.011747923108875494 0
0.1 0.1 0 3 0.011747923108875494 0
0.1 0.1 0 4 0.011747923108875494 0

=== beta=0.1, alphasc=0.5 ===
0.5 0.1 0 0 0.0045482193323855375 16
0.5 0.1 0 1 0.0045482193323855375 16
0.5 0.1 0 2 0.0045482193323855375 16
0.5 0.1 0 3 0.0045482193323855375 16
0.5 0.1 0 4 0.0045482193323855375 16

=== beta=0.1, alphasc=1.0 ===
1.0 0.1 0 0 0.0025223032911119393 2065
1.0 0.1 0 1 0.0019813327556537927 88
1.0 0.1 0 2 0.004725093315835337 4096
1.0 0.1 0 3 0.0008996459530063918 16400
1.0 0.1 0 4 0.0008996459530063918 16400

=== beta=0.1, alphasc=1.5 ===
1.5 0.1 0 0 0.0008634742978447075 3097
1.5 0.1 0 1 0.0016144534944684127 89
1.5 0.1 0 2 0.0037806158851392364 16392
1.5 0.1 0 3 0.0005106881220517171 3664
1.5 0.1 0 4 0.00047317263936560273 16408

=== beta=0.1, alphasc=2.0 ===
2.0 0.1 0 0 0.0005651387253090976 32
2.0 0.1 0 1 0.0003281491772635225 16412
2.0 0.1 0 2 0.0012262017079076818 8704
2.0 0.1 0 3 0.0011315214103064925 8705
2.0 0.1 0 4 0.0002683291389210627 17424

=== beta=0.1, alphasc=2.5 ===
2.5 0.1 0 0 0.001201701298352153 8201
2.5 0.1 0 1 6.640738206660458e-17 19728
2.5 0.1 0 2 0.004964758575100671 32768
2.5 0.1 0 3 0.001007737474583914 2896
2.5 0.1 0 4 0.0005070926916838027 1624

=== beta=0.1, alphasc=3.0 ===
3.0 0.1 0 0 0.0005651387253090976 32
3.0 0.1 0 1 0.00046050900754956975 3865
3.0 0.1 0 2 0.003148603890727011 128
3.0 0.1 0 3 0.001007737474583914 2896
3.0 0.1 0 4 0.003148603890727011 128

=== beta=0.2, alphasc=0.1 ===
0.1 0.2 0 0 0.011747923108875494 0
0.1 0.2 0 1 0.011747923108875494 0
0.1 0.2 0 2 0.011747923108875494 0
0.1 0.2 0 3 0.011747923108875494 0
0.1 0.2 0 4 0.011747923108875494 0

=== beta=0.2, alphasc=0.5 ===
0.5 0.2 0 0 0.011747923108875494 0
0.5 0.2 0 1 0.0045482193323855375 16
0.5 0.2 0 2 0.004725093315835337 4096
0.5 0.2 0 3 0.005007399863488918 16384
0.5 0.2 0 4 0.011747923108875494 0

=== beta=0.2, alphasc=1.0 ===
1.0 0.2 0 0 0.007579812837635733 1032
1.0 0.2 0 1 0.003119285180621088 16448
1.0 0.2 0 2 0.004725093315835337 4096
1.0 0.2 0 3 0.0045482193323855375 16
1.0 0.2 0 4 0.0019813327556537927 88

=== beta=0.2, alphasc=1.5 ===
1.5 0.2 0 0 0.0008634742978447075 3097
1.5 0.2 0 1 0.0014751240106942872 16961
1.5 0.2 0 2 0.0018666106757007062 24584
1.5 0.2 0 3 0.00306372270671793 2064
1.5 0.2 0 4 0.0005005270279292304 1876

=== beta=0.2, alphasc=2.0 ===
2.0 0.2 0 0 0.0005651387253090976 32
2.0 0.2 0 1 0.0025619878477532877 281
2.0 0.2 0 2 0.0012262017079076818 8704
2.0 0.2 0 3 0.001007737474583914 2896
2.0 0.2 0 4 0.000764290585987249 1616

=== beta=0.2, alphasc=2.5 ===
2.5 0.2 0 0 0.0011125475292140432 8205
2.5 0.2 0 1 0.0005217744522603547 3921
2.5 0.2 0 2 0.0027900028087959874 1296
2.5 0.2 0 3 0.001007737474583914 2896
2.5 0.2 0 4 0.0005631766537323897 3160

=== beta=0.2, alphasc=3.0 ===
3.0 0.2 0 0 0.0005651387253090976 32
3.0 0.2 0 1 0.00046050900754956975 3865
3.0 0.2 0 2 0.004725093315835337 4096
3.0 0.2 0 3 0.0012262017079076818 8704
3.0 0.2 0 4 0.00026001527953028097 19536
