Traceback (most recent call last):
  File "<frozen runpy>", line 198, in _run_module_as_main
  File "<frozen runpy>", line 88, in _run_code
  File "/home/yoshioka/git/qulacs-biased-pce/src/app/main.py", line 35, in <module>
    main()
    ~~~~^^
  File "/home/yoshioka/git/qulacs-biased-pce/src/app/main.py", line 31, in main
    run(config, args)
    ~~~^^^^^^^^^^^^^^
  File "/home/yoshioka/git/qulacs-biased-pce/src/app/runner.py", line 33, in run
    run_batch(config, params)
    ~~~~~~~~~^^^^^^^^^^^^^^^^
  File "/home/yoshioka/git/qulacs-biased-pce/src/app/runner.py", line 49, in run_batch
    run_single(config, params, alphasc, beta)
    ~~~~~~~~~~^^^^^^^^^^^^^^^^^^^^^^^^^^^^^^^
  File "/home/yoshioka/git/qulacs-biased-pce/src/app/runner.py", line 154, in run_single
    theta_init = np.concatenate([theta0, [np.log((1-rate)/rate)]]) if use_bias else theta0
                                                                      ^^^^^^^^
NameError: name 'use_bias' is not defined

=== beta=0.5, alphasc=0.1 ===
