
=== beta=-0.1, alphasc=0.1 ===
0.1 -0.1 0 0 0.005233770422054571 182384
0.1 -0.1 0 1 0.00517332902186838 215200
0.1 -0.1 0 2 0.004266070491916027 147956
0.1 -0.1 0 3 0.00970424843054793 216180
0.1 -0.1 0 4 0.004630957976922663 214745

=== beta=-0.1, alphasc=0.5 ===
0.5 -0.1 0 0 0.011732660110615406 187233
0.5 -0.1 0 1 0.026887802389205278 121671
0.5 -0.1 0 2 0.00582696028448248 49652
0.5 -0.1 0 3 0.004441672369125862 83956
0.5 -0.1 0 4 0.030401608462204886 184473

=== beta=-0.1, alphasc=1.0 ===
1.0 -0.1 0 0 0.011272812543647514 166770
1.0 -0.1 0 1 0.027880346241410437 117598
1.0 -0.1 0 2 0.00582696028448248 49652
1.0 -0.1 0 3 0.004441672369125862 83956
1.0 -0.1 0 4 0.011987270337252233 185945

=== beta=-0.1, alphasc=1.5 ===
1.5 -0.1 0 0 0.009999937663477123 180274
1.5 -0.1 0 1 0.027378403772825216 118559
1.5 -0.1 0 2 0.0071609585160194835 180689
1.5 -0.1 0 3 0.012526911030876109 67568
1.5 -0.1 0 4 0.011987270337252233 185945

=== beta=-0.1, alphasc=2.0 ===
2.0 -0.1 0 0 0.011077670717933556 180275
2.0 -0.1 0 1 0.027378403772825216 118559
2.0 -0.1 0 2 0.022753908953483316 170128
2.0 -0.1 0 3 0.02019018059338488 67570
2.0 -0.1 0 4 0.02085183158037676 105096

=== beta=-0.1, alphasc=2.5 ===
2.5 -0.1 0 0 0.009999937663477123 180274
2.5 -0.1 0 1 0.02500459085129116 118622
2.5 -0.1 0 2 0.022753908953483316 170128
2.5 -0.1 0 3 0.012526911030876109 67568
2.5 -0.1 0 4 0.02085183158037676 105096

=== beta=-0.1, alphasc=3.0 ===
3.0 -0.1 0 0 0.008530241191946984 164155
3.0 -0.1 0 1 0.02500459085129116 118622
3.0 -0.1 0 2 0.023217163927822405 170384
3.0 -0.1 0 3 0.016882293161098877 66547
3.0 -0.1 0 4 0.02085183158037676 105096

=== beta=0.0, alphasc=0.1 ===
0.1 0.0 0 0 0.00517332902186838 215200
0.1 0.0 0 1 0.0037201879402507685 223524
0.1 0.0 0 2 0.003993450710183786 213156
0.1 0.0 0 3 0.010778749198825393 216948
0.1 0.0 0 4 0.004202003384148657 213160

=== beta=0.0, alphasc=0.5 ===
0.5 0.0 0 0 0.004709564557758847 183152
0.5 0.0 0 1 0.027880346241410437 117598
0.5 0.0 0 2 0.00582696028448248 49652
0.5 0.0 0 3 0.004421660224393247 214937
0.5 0.0 0 4 0.00636660720312827 180889

=== beta=0.0, alphasc=1.0 ===
1.0 0.0 0 0 0.004845371679049046 182640
1.0 0.0 0 1 0.02500459085129116 118622
1.0 0.0 0 2 0.00582696028448248 49652
1.0 0.0 0 3 0.004441672369125862 83956
1.0 0.0 0 4 0.00636660720312827 180889

=== beta=0.0, alphasc=1.5 ===
1.5 0.0 0 0 0.007994174198673596 163954
1.5 0.0 0 1 0.02500459085129116 118622
1.5 0.0 0 2 0.0050263568139675115 181208
1.5 0.0 0 3 0.004441672369125862 83956
1.5 0.0 0 4 0.0050828091350502815 180952

=== beta=0.0, alphasc=2.0 ===
2.0 0.0 0 0 0.007994174198673596 163954
2.0 0.0 0 1 0.02500459085129116 118622
2.0 0.0 0 2 0.005484108048123032 182937
2.0 0.0 0 3 0.004268709448594013 83452
2.0 0.0 0 4 0.0050828091350502815 180952

=== beta=0.0, alphasc=2.5 ===
2.5 0.0 0 0 0.007994174198673596 163954
2.5 0.0 0 1 0.02500459085129116 118622
2.5 0.0 0 2 0.0054688905569559776 183193
2.5 0.0 0 3 0.00046251283851278643 150516
2.5 0.0 0 4 0.02085183158037676 105096

=== beta=0.0, alphasc=3.0 ===
3.0 0.0 0 0 0.007994174198673596 163954
3.0 0.0 0 1 0.02500459085129116 118622
3.0 0.0 0 2 0.014225123369792673 172240
3.0 0.0 0 3 0.014246750058915899 41645
3.0 0.0 0 4 0.020699273377112904 102544

=== beta=0.1, alphasc=0.1 ===
0.1 0.1 0 0 0.00517332902186838 215200
0.1 0.1 0 1 0.008100051837726779 215204
0.1 0.1 0 2 0.004213143853626026 174132
0.1 0.1 0 3 0.00517332902186838 215200
0.1 0.1 0 4 0.003993450710183786 213156

=== beta=0.1, alphasc=0.5 ===
0.5 0.1 0 0 0.0027971968551366274 174128
0.5 0.1 0 1 0.01978091633999175 98850
0.5 0.1 0 2 0.021380703438347477 164048
0.5 0.1 0 3 0.0017766263119077899 213152
0.5 0.1 0 4 0.0036988777935058528 174624

=== beta=0.1, alphasc=1.0 ===
1.0 0.1 0 0 0.007994174198673596 163954
1.0 0.1 0 1 0.014599058981137907 114722
1.0 0.1 0 2 0.012940958704499041 166104
1.0 0.1 0 3 0.00026349007930808697 196768
1.0 0.1 0 4 0.005323304265358279 180953

=== beta=0.1, alphasc=1.5 ===
1.5 0.1 0 0 0.008313621511731293 164658
1.5 0.1 0 1 0.025401806149809865 118366
1.5 0.1 0 2 0.005097285763690533 183000
1.5 0.1 0 3 0.004093224884756842 83448
1.5 0.1 0 4 0.004997646304256697 182992

=== beta=0.1, alphasc=2.0 ===
2.0 0.1 0 0 0.008271266630550955 166194
2.0 0.1 0 1 0.02500459085129116 118622
2.0 0.1 0 2 0.0050828091350502815 180952
2.0 0.1 0 3 0.003943777834399352 85488
2.0 0.1 0 4 0.0050263568139675115 181208

=== beta=0.1, alphasc=2.5 ===
2.5 0.1 0 0 0.00868665537202176 164214
2.5 0.1 0 1 0.02531037027927281 125710
2.5 0.1 0 2 0.006318732651366705 183260
2.5 0.1 0 3 0.0039392675794611455 83952
2.5 0.1 0 4 0.004997646304256697 182992

=== beta=0.1, alphasc=3.0 ===
3.0 0.1 0 0 0.007994174198673596 163954
3.0 0.1 0 1 0.02500459085129116 118622
3.0 0.1 0 2 0.005600767510489022 183252
3.0 0.1 0 3 0.005537727814337912 83632
3.0 0.1 0 4 0.01671215085471051 116184

=== beta=0.2, alphasc=0.1 ===
0.1 0.2 0 0 0.0066436534566592645 180340
0.1 0.2 0 1 0.026601165611834586 215085
0.1 0.2 0 2 0.003471616862296483 174176
0.1 0.2 0 3 0.00970424843054793 216180
0.1 0.2 0 4 0.0017766263119077899 213152

=== beta=0.2, alphasc=0.5 ===
0.5 0.2 0 0 0.006914495796488482 180336
0.5 0.2 0 1 0.027378403772825216 118559
0.5 0.2 0 2 0.008627854604728199 172064
0.5 0.2 0 3 0.00026349007930808697 196768
0.5 0.2 0 4 0.005484108048123032 182937

=== beta=0.2, alphasc=1.0 ===
1.0 0.2 0 0 0.009200861530451163 163959
1.0 0.2 0 1 0.015111816690086932 102436
1.0 0.2 0 2 0.023369785315061425 170124
1.0 0.2 0 3 0.006400458166387025 83128
1.0 0.2 0 4 0.0024961407476253436 172080

=== beta=0.2, alphasc=1.5 ===
1.5 0.2 0 0 0.009683398652489222 166010
1.5 0.2 0 1 0.027378403772825216 118559
1.5 0.2 0 2 0.024058223025248616 186496
1.5 0.2 0 3 0.00582696028448248 49652
1.5 0.2 0 4 0.0026159336597952358 181872

=== beta=0.2, alphasc=2.0 ===
2.0 0.2 0 0 0.011786030564691609 164478
2.0 0.2 0 1 0.021825307340759534 98343
2.0 0.2 0 2 0.022944753023880042 168084
2.0 0.2 0 3 0.00582696028448248 49652
2.0 0.2 0 4 0.005323304265358279 180953

=== beta=0.2, alphasc=2.5 ===
2.5 0.2 0 0 0.0081793900850342 164210
2.5 0.2 0 1 0.025311992972783314 125014
2.5 0.2 0 2 0.023800922004476206 168336
2.5 0.2 0 3 0.006517120628081877 49648
2.5 0.2 0 4 0.005097285763690533 183000

=== beta=0.2, alphasc=3.0 ===
3.0 0.2 0 0 0.008139251990845387 164402
3.0 0.2 0 1 0.023249539192980694 114460
3.0 0.2 0 2 0.024058223025248616 186496
3.0 0.2 0 3 0.005598246235026008 50676
3.0 0.2 0 4 0.02174988086909823 104848
