
=== beta=-0.1, alphasc=4.0 ===
4.0 -0.1 0 0 0.00031301918139500307 544377067397850341177344450234925109646815645413560598486594624
4.0 -0.1 0 1 0.0007701110235342465 123746796003911101258844468834134474724294109147688918379931712
4.0 -0.1 0 2 0.00020773918942668725 803469261582654150150079475114228731439500528389239111066529
4.0 -0.1 0 3 0.00041500257863657353 1489653172941175041622913371266376341525219659452436186472645956
4.0 -0.1 0 4 0.0004997257190895223 1235735454115626792236374335351965932801581096462762339015501521

=== beta=-0.1, alphasc=5.0 ===
5.0 -0.1 0 0 0.0004907574643517522 826807302473023844199418608864835223324323043685072227847472785
5.0 -0.1 0 1 0.00030061431581301186 901542472672588436428455584898627378427729119692630810296326272
5.0 -0.1 0 2 0.00033779740118265847 437388449316934323759586638452693581207401761421345065150447649
5.0 -0.1 0 3 0.0006323909838571133 660693036415907690178899108972939291261978629868536516518610180
5.0 -0.1 0 4 0.00029257079907338496 2579950208872909068971859021804854843537397793865655086809120

=== beta=-0.1, alphasc=6.0 ===
6.0 -0.1 0 0 0.0002665161746627304 1248681956713356080888044778482216164012835017828983984808886290
6.0 -0.1 0 1 0.0005115180665380566 40575358029275018033223027702896552456359259590085959242289543
6.0 -0.1 0 2 0.0005897487032842816 489344075260918369580909086824416890448107081591083456687771664
6.0 -0.1 0 3 0.0003571682642504293 1079080278097782905139345140833941804602711404988961953225188100
6.0 -0.1 0 4 0.0004721542065931734 416298270000587907093999604548840669661667938302838408384522069

=== beta=-0.1, alphasc=7.0 ===
7.0 -0.1 0 0 0.0003131503258035715 823568318743812087406568546486160806862890188642324516799417556
7.0 -0.1 0 1 0.00037932227311998753 114394080603369925933472574566663323057677584449988737306343375
7.0 -0.1 0 2 0.00025825340813264916 1030150870856548227509399783671056681515991987382969851814876961
7.0 -0.1 0 3 0.0002746199133434302 631328751253175890320890392845388769823458554036908866200011938
7.0 -0.1 0 4 0.00035560477776890373 413058632685226608511770649400855989266013451235513548177345328

=== beta=-0.1, alphasc=8.0 ===
8.0 -0.1 0 0 0.0004961824129790397 411376151608991339036114437718496053750972515071201674271654282
8.0 -0.1 0 1 0.0009219261886031513 954571415103723705329419475635171505257618435764461734144019492
8.0 -0.1 0 2 0.00037876479398404265 411401276112356178098242714737758016748624297309756888520474664
8.0 -0.1 0 3 0.0004256154959332283 1457531100166207963005622582334209139640282906618431914878567573
8.0 -0.1 0 4 0.000577550843167823 427495909768548806999293996970210307667259623238769000681457392

=== beta=-0.1, alphasc=9.0 ===
9.0 -0.1 0 0 0.000426272950203189 1052042467124634787042725217231268591130186644801083430809247748
9.0 -0.1 0 1 0.00043167443331824923 527370733736381978607069781752566800075182091448507349923422406
9.0 -0.1 0 2 0.00015827210895659276 411981879648888804163593080631280984644226311649105419122114569
9.0 -0.1 0 3 0.0005753385267861621 1071061873708053501016781616363947195883090539861528451461317761
9.0 -0.1 0 4 0.0006088237585685441 825981875136329634003861807650286552460328269822595759445271664

=== beta=-0.1, alphasc=10.0 ===
10.0 -0.1 0 0 0.0006055650593408423 853689085682905603045516426088411470550554726685946663055172692
10.0 -0.1 0 1 0.0003975125205135808 1083277329903137112892944077752560844730689769156730212583498240
10.0 -0.1 0 2 0.00020340644252706547 6629502150000239037174253439161007855137810015821672674381857
10.0 -0.1 0 3 0.0004242999069973857 267774720582081031747476747942281068144291392753966580697737068
10.0 -0.1 0 4 0.000568227294174053 617077002292228195926536208544900984685535125581507831773988117

=== beta=0.0, alphasc=4.0 ===
4.0 0.0 0 0 0.00021288619979488031 47990784056427307410691284878490361462684799409852161
4.0 0.0 0 1 0.00034672549084084235 120106912865358486275772570211960380620097643508566854878630100
4.0 0.0 0 2 0.00012528827044652974 1532589076971029294169666384516010147265211977219187108
4.0 0.0 0 3 0.0003620696844550009 1071962243960927483237626380086757146683952000005502282913940740
4.0 0.0 0 4 0.0005266279865173452 46768057971584286273325532208454901634451899591169

=== beta=0.0, alphasc=5.0 ===
5.0 0.0 0 0 0.00034346563901861975 53028957005038590874021625980104643801880531449979742379836169
5.0 0.0 0 1 0.0003128502979325582 157580411006501900207942888034273753053411521777438400500342151
5.0 0.0 0 2 0.00021428406848297992 838520444665985793374707504019498405158975273279764534791246120
5.0 0.0 0 3 0.000347246720714983 1483224243597298198188793887028195759817566316238394453039915140
5.0 0.0 0 4 0.0003447612048429649 430861158285947989588900461085746730611493275846318770236614221

=== beta=0.0, alphasc=6.0 ===
6.0 0.0 0 0 0.00021819458727748365 393086697807389818012885163975541116903521002511495463945
6.0 0.0 0 1 0.0002324023135542919 187236532370534768787477133656197765976258195427599053221913906
6.0 0.0 0 2 0.00021854396531456594 25713463766094213957723661575583410828675422058750626356006944
6.0 0.0 0 3 0.0002260881645118175 461224765802705070306833151979108502736859711813483137719739669
6.0 0.0 0 4 0.0006716772269109493 925596344143293829120638050462374748784487245506218652265418333

=== beta=0.0, alphasc=7.0 ===
7.0 0.0 0 0 0.0002327881099392891 3251552876030361774366456803321587344732308013801906879756290
7.0 0.0 0 1 0.0002815754854525482 1721556452631656736298236360374616101030369722313931777121482
7.0 0.0 0 2 0.0005286908752517785 10545544755914739289009932356064094726801452213711195080766472
7.0 0.0 0 3 0.00022083437809617925 550590093938845737867859615866997571867040128274652720433087785
7.0 0.0 0 4 0.0004428056789750175 418996541585350493013146832448888947971817055766701188195153

=== beta=0.0, alphasc=8.0 ===
8.0 0.0 0 0 0.00035796585090555475 823594078846213530200014297672318390080772338907738393868896256
8.0 0.0 0 1 0.00021145680312942457 25814188951605826377281656056651650414381811475717009296257024
8.0 0.0 0 2 0.00014306103630164696 12260806517269143203276753720434858109306705263677018665
8.0 0.0 0 3 0.00028124783546146605 38805044474221677564849794850948144593690707304447197881500688
8.0 0.0 0 4 0.0003254976013830229 205864222556657893026965332701760681820956152333183596650774620

=== beta=0.0, alphasc=9.0 ===
9.0 0.0 0 0 0.0005505562264809612 823168345109179866644485375439793773136964265907698743193093712
9.0 0.0 0 1 0.0006777473845086741 629919713382453614006396575845244858704980564268989260546849798
9.0 0.0 0 2 0.0004736607012552282 97822554009652508024991707551254702990320783681230687443748384
9.0 0.0 0 3 0.0004843065955345812 1063919337263292962695300193224475612248124936951495547691877225
9.0 0.0 0 4 0.00021522460520999082 1443055570232123868943896260682838280939519772399154797531505732

=== beta=0.0, alphasc=10.0 ===
10.0 0.0 0 0 0.000494107236087156 963397805249261516121058170087214207552988361480991893477138610
10.0 0.0 0 1 0.0003917999544411184 199291729068823577761765986183557004378822905946766367831229130
10.0 0.0 0 2 0.0005585551520490931 212531093007963930053919803040008274927178047772013690003522048
10.0 0.0 0 3 0.00025409923518234005 1316906524870129046192503973832852377454287706256471316671103749
10.0 0.0 0 4 0.0004023804221477997 216937039021291118507366024581077956257193775185112486769697920

=== beta=0.1, alphasc=4.0 ===
4.0 0.1 0 0 0.000294929299151484 206529299760536963252536516319994877684418898593891207028456537
4.0 0.1 0 1 0.0002639942486061885 323057379704130871901904114131791437568484548601808180532484098
4.0 0.1 0 2 0.00025135410203046 94038497023294826530673524330473466892214640054816
4.0 0.1 0 3 0.0002769242675865802 1071853988469966557393802889358961355380346418901340354584903941
4.0 0.1 0 4 0.0002610677953090933 848767824882651164624136597319061991828319922764822717297512017

=== beta=0.1, alphasc=5.0 ===
5.0 0.1 0 0 0.00031240694803669477 2410419039012287686006665361115600214715395260393897899083908
5.0 0.1 0 1 0.00034929817753635503 320898867768626792804663056269126638070398397837740122092753029
5.0 0.1 0 2 0.0002429767877332901 10847065565236523868962080295973136924411407926866229726425509
5.0 0.1 0 3 0.00044581102289900903 975420065072660860739574693846252054304534635397583740847949089