
=== beta=-0.1, alphasc=4.0 ===
4.0 -0.1 0 0 0.00034315249729767 943297879127368325335581448717778642842734228470555864867040256
4.0 -0.1 0 1 0.0006464681741127334 123972823651504652341157912615245394508858698794644712611518658
4.0 -0.1 0 2 0.00031772059537572513 51824660959109862891022368516187556162891719140508045385155109
4.0 -0.1 0 3 0.0004566467757033701 1068854712137213968759858136348844363510835321583703045919211840
4.0 -0.1 0 4 0.0004545223709138906 617067451756835407668211238721577340092933594533690247677652613

=== beta=-0.1, alphasc=5.0 ===
5.0 -0.1 0 0 0.0006652495361198758 829996081847455336036273908950642269897816570126814216457914069
5.0 -0.1 0 1 0.0003935969194168288 308532263998504592625110739373660505391383277227043582755478157
5.0 -0.1 0 2 0.00031159505905475855 1038296296129746565253472967657252820920295317898106813814993194
5.0 -0.1 0 3 0.0005221391224510138 426279759922715854412281513167508563260659158341529992297779056
5.0 -0.1 0 4 0.0002543292088621433 462798156746589199451915764320136048156705801543039534444644359

=== beta=-0.1, alphasc=6.0 ===
6.0 -0.1 0 0 0.0005195512082826751 1067433732084760858089020730372579207376077625543603246271168891
6.0 -0.1 0 1 0.0004829190708022605 1084984548287461581809218838265265445089851139245629002762752244
6.0 -0.1 0 2 0.00018748900147812323 411376140862797051583265285590615240686679637325995630668025889
6.0 -0.1 0 3 0.0003742140568047969 1060707401308889417881659424962682873889856903463746149464286468
6.0 -0.1 0 4 0.0009815910217781496 848664155011147491682262645170834155207162146486847764719250897

=== beta=-0.1, alphasc=7.0 ===
7.0 -0.1 0 0 0.0005292878689531113 117314434142508704977687478683290001496161300149854327324279909
7.0 -0.1 0 1 0.0006338625032672722 624395951988771319160228348936860505592931362052815547694974213
7.0 -0.1 0 2 0.00026881241694242655 231701955839210986159373079911090659700658217591007107009348744
7.0 -0.1 0 3 0.00036197251570686736 65885643024667580685460909938442445631058998658143898903019781
7.0 -0.1 0 4 0.0006730120133266125 334269901230971544409829225548069738190743915367478273435142228

=== beta=-0.1, alphasc=8.0 ===
8.0 -0.1 0 0 0.000401189678421813 489325397293171409831200129562595554465982206495361485268067545
8.0 -0.1 0 1 0.0009196547335771913 8066391822896061963965728904533336420306556141884796931228951
8.0 -0.1 0 2 0.0002906423321438605 451374856827710318825696582411495099120460413657484101815898121
8.0 -0.1 0 3 0.00043122780474661316 1481635155487181397936329854804273094980492911059518113620560805
8.0 -0.1 0 4 0.0003218649887422019 22799238637788755434705962529152649227248432214185321211101232

=== beta=-0.1, alphasc=9.0 ===
9.0 -0.1 0 0 0.0021527908287239045 952714220657755270676013920116345730681365725421167386032094370
9.0 -0.1 0 1 0.005817078115138529 1403090026018287700106222626639251957222293866930456815736089031
9.0 -0.1 0 2 0.00024029676503512887 133601909962996053762572710862281222643029063968501548377052266
9.0 -0.1 0 3 0.0004852592139882581 1256644777492118495738192944557137317754768828638433651441403188
9.0 -0.1 0 4 0.001721372356756666 192911036961669140924414300013749984227744408637746214912001092

=== beta=-0.1, alphasc=10.0 ===
10.0 -0.1 0 0 0.0006262844667611098 16132226576194630673897417657170091184202976862842787552903392
10.0 -0.1 0 1 0.0027312246223627867 323051066870881294779404220386653536344091884059849166711439558
10.0 -0.1 0 2 0.0008200992369533014 206429654218596820239537553688761992161328941881388858161115680
10.0 -0.1 0 3 0.0007552932559578274 1260454945967281725925434659898535313731020526999660721276085968
10.0 -0.1 0 4 0.0009012203301912528 1608646400286276677255577650594738258659858847565812073706979332

=== beta=0.0, alphasc=4.0 ===
4.0 0.0 0 0 0.0002205181683338538 734798315578093930100488450468000580950085435003698158813913668
4.0 0.0 0 1 0.00037926041660806827 166058446823476624079596879299640476685475165315282089636008456
4.0 0.0 0 2 0.0002042523660495029 29761357834414886596321667503599408026860274199703030939525920
4.0 0.0 0 3 0.0004225595308488665 647628229789183127864988199640606433805348604530959213016909444
4.0 0.0 0 4 0.00035076284248346864 757058567338164415141720069932554276831489567133525

=== beta=0.0, alphasc=5.0 ===
5.0 0.0 0 0 0.00017228334110391084 546584924886122771103642893756513764673855057461760980559140996
5.0 0.0 0 1 0.00020587977392905145 166509575963636558883179541870062020389801238639614361765820819
5.0 0.0 0 2 0.000140305190957207 26841782045800163845084419267023511594097553813054033012224298
5.0 0.0 0 3 0.00040638716955798324 661287180148016979946164627678561312013224452771767552685450052
5.0 0.0 0 4 0.000382104194806125 1237342294080170801006011414998625797613748378982389390970880717

=== beta=0.0, alphasc=6.0 ===
6.0 0.0 0 0 0.0002136341551945758 861745646927735116297466977886889724534493486735724807173848145
6.0 0.0 0 1 0.00019306330083987451 1390102274883695467659753620873618359745009029173093537895422016
6.0 0.0 0 2 0.00019808205451485428 131268320765846326208140667863881073727157197563274619569325545
6.0 0.0 0 3 0.0005432662504982362 552805531173577867116152264904115476222903257189605789227681077
6.0 0.0 0 4 0.0002300837669467464 490233118754748192724286386707226789144013651272535591613040580

=== beta=0.0, alphasc=7.0 ===
7.0 0.0 0 0 0.00023684526522549558 424633439686962064567545137032554675902493195300494321982115844
7.0 0.0 0 1 0.0002865821386371408 568157128538868763126763259668953443055714405886493099571550728
7.0 0.0 0 2 0.0001759968847674562 662789870951625307165271146454882750365377164878784640817174313
7.0 0.0 0 3 0.0003173913928438971 835683132762573535937503085167764172729919914431835231345459237
7.0 0.0 0 4 0.0005622404118688576 414593153970435839363135734245884563637371540906544005723105109

=== beta=0.0, alphasc=8.0 ===
8.0 0.0 0 0 0.00018788492027971686 721929520011698926888813013901255841734014158683724756772075536
8.0 0.0 0 1 0.0002723606765680752 515927621063747789719699975795787201926732097813886190154312919
8.0 0.0 0 2 0.00023018013982313692 437113482454547539025072282267948904337312914067320374126837768
8.0 0.0 0 3 0.0007549691431300484 1534952476055619329325523645735797095668116915719539919661039620
8.0 0.0 0 4 0.000394452508753192 414615247194735940001058218339633066906835582936837131733705948

=== beta=0.0, alphasc=9.0 ===
9.0 0.0 0 0 0.00032874275735925526 437200137409707513573479978602690233948875971209095057979868224
9.0 0.0 0 1 0.0006378895956648565 1402860892550765563768350490506377229695931041854809877358185794
9.0 0.0 0 2 0.00032820395370175093 1241560507979927888282965748386601914575426631297687953801871904
9.0 0.0 0 3 0.0004011277562675041 1071873604418875957543482881602285785262739905106231533100500261
9.0 0.0 0 4 0.0003245939531616063 3217014640181461533021139147235919078108098501235200929341525

=== beta=0.0, alphasc=10.0 ===
10.0 0.0 0 0 0.00017087413520441177 414618103428527765347576411810072018284068358352752024293009157
10.0 0.0 0 1 0.0006961233771341718 48208557615817268727543172080279032371734336676632819665782537
10.0 0.0 0 2 0.00026068634213295515 27725271807248890570742912368440308592401783257628678327109121
10.0 0.0 0 3 0.00035370719003876324 1478395554928125683161288766996972297946573776992252693758738837
10.0 0.0 0 4 0.000277523136527013 710396865616027779127441679035964408750468632491048875486488128

=== beta=0.1, alphasc=4.0 ===
4.0 0.1 0 0 0.0002570407291989905 1466006923802857457987809053025638679269594138314575620451342086
4.0 0.1 0 1 0.00037811356952389323 118448984959523506421043760236417364436493699089439047173540420
4.0 0.1 0 2 0.00013822479432544586 12956724152050664641746191021959749599616073596373077611126856
4.0 0.1 0 3 0.0003851387871357323 655658279998048614499440284984841079448459680224665030325445376
4.0 0.1 0 4 0.0006391036041074475 437200233962141453255566963796516259465336000262405439762826964

=== beta=0.1, alphasc=5.0 ===
5.0 0.1 0 0 0.00016823689953334264 525883128829413830408226029788080570908109622216377295135836432
5.0 0.1 0 1 0.00028014864713318013 129182840635865786615862139057698260678231869578027679338731781
5.0 0.1 0 2 0.00010944684345767969 27644417463033529245547067463404292585678688772320271819362368
5.0 0.1 0 3 0.0003334759350816027 705747891938167043784087832438536612109770758998529924978066453
5.0 0.1 0 4 0.00020984138526012545 1350029756194208409146681678313966884326226792953140311424107857

=== beta=0.1, alphasc=6.0 ===
6.0 0.1 0 0 0.00028435244597785103 898793156615642955305822304408066483424956195715497758491685376
6.0 0.1 0 1 0.0003109252702664868 1341467647908793478043627030826268763672588386817401636723359810
6.0 0.1 0 2 0.00021343143658598038 237927411680793654995664621507979937889335936693960767149508384
6.0 0.1 0 3 0.0004441127311150059 1276354496690590250626560057774127114081817232103381069709577285
6.0 0.1 0 4 0.0002502458535951627 313955520588689936223537292431483419985139265611780021292827580

=== beta=0.1, alphasc=7.0 ===
7.0 0.1 0 0 0.00020457299038973372 804658454989229068989187477268226884446099557742025455961282
7.0 0.1 0 1 0.00029295077582957164 131072189788072163344167893290985955659718629341658680270848268
7.0 0.1 0 2 0.00014293615630599872 25836809783333951562937375876319358047759299840547818910135081
7.0 0.1 0 3 0.0006261844345137863 1452699091135534347009782395477058569934335517905528811678073856
7.0 0.1 0 4 0.0004360208491797846 231549826919356411602518337804261997880931135064394078161668689

=== beta=0.1, alphasc=8.0 ===
8.0 0.1 0 0 0.00037759386565933665 1242991731934241728119757785892937754259499804184921895288210905
8.0 0.1 0 1 0.00038398376381647064 1134275644353335408633015159666580338476964862474198585452292038
8.0 0.1 0 2 0.00020542065439405657 29176765766763481519739870717523895470334865476960755517100840
8.0 0.1 0 3 0.0002940303127862965 1046154746843266391856848703178655372189919465850229514247471589
8.0 0.1 0 4 0.000316487551777152 411393720886266630199945625907211031319542040919793676370092278

=== beta=0.1, alphasc=9.0 ===
9.0 0.1 0 0 0.00040931966713000337 842035535194712842039444801643391614121922622354724998898495093
9.0 0.1 0 1 0.000221525382828569 239662885453232335877675325439399398362639125421506297160794112
9.0 0.1 0 2 0.00024015207573025764 618068594313814774557365545651880450408302200844175711738135201
9.0 0.1 0 3 0.00031962534972798277 450471011179480546381479171095972685203389903057882737191027717
9.0 0.1 0 4 0.00043035386491476407 5021693762019649684991524403535974861631548154415674407126100

=== beta=0.1, alphasc=10.0 ===
10.0 0.1 0 0 0.0003834444096465351 316682923507681102451458394694857601137630207752162512746057920
10.0 0.1 0 1 0.00016471785800518913 300786248350438766938633895017530649319950936294419006704607937
10.0 0.1 0 2 0.0009902919318971128 617291177727851114013899424468275362640439039484908670327862180
10.0 0.1 0 3 0.0005984259950099171 53842824572856487432784439964788910188097283243187116152324146
10.0 0.1 0 4 0.0007612371898256801 449958345146903288778003788564398218084394595123915356532916436

=== beta=0.2, alphasc=4.0 ===
4.0 0.2 0 0 0.00026598185548975525 25134368948557882511009615296084987084210605330261495150446232
4.0 0.2 0 1 0.0005676120586299576 1192398441829436343169479259144995231866698485425193898855236608
4.0 0.2 0 2 0.00016518619869175497 903902673934872376463669418622382893676182788796439951704704
4.0 0.2 0 3 0.00024585911258418543 634774291431014283164115573502350265518416793611005249459193125
4.0 0.2 0 4 0.0004060843375856881 437087246121154952594956691604638770195612597913023445062027985

=== beta=0.2, alphasc=5.0 ===
5.0 0.2 0 0 0.0005019750679026196 938477711777942161993621925207003304508623768597185230931103051
5.0 0.2 0 1 0.00027011742369093694 991807330804173158677445492547886483194779359513726839062793252
5.0 0.2 0 2 0.00028314849144614706 25711008709734781202399925731042793082689217878099768714990944
5.0 0.2 0 3 0.00024731457727557494 1130107071092655002987821203923021089003982969043027797371134486
5.0 0.2 0 4 0.0003973447381673571 103170464284709944931414981528858736133770313503923596653953092

=== beta=0.2, alphasc=6.0 ===
6.0 0.2 0 0 0.0003978100645448808 156503544839792911531967633066573246049508212139704616311325762
6.0 0.2 0 1 0.000321112489063965 79368508977627210134061496199294966340738592529767014016377729
6.0 0.2 0 2 0.00021979747336638308 8059823339776798464295791010214116754398000888211916936258339
6.0 0.2 0 3 0.00026358688683430733 1483211075824674725069486143116846611359813163134843176514111253
6.0 0.2 0 4 0.000242443808730506 208927067186845948424056708166282542185875808738380872272880837

=== beta=0.2, alphasc=7.0 ===
7.0 0.2 0 0 0.00034932883333843915 842086037050615195964167999790165228905888440871364872116371717
7.0 0.2 0 1 0.00029258326719135255 103245769448494157220167221968542596051183316911318086172291352
7.0 0.2 0 2 0.00037306439891797937 154393408997887309016464596592875684389870965407547760058769441
7.0 0.2 0 3 0.00027106506535753933 1581673117451586687160299303872058936920319276223280170349920548
7.0 0.2 0 4 0.00026996645964714745 411677636786833577721918002959566377527120363339369085739901653

=== beta=0.2, alphasc=8.0 ===
8.0 0.2 0 0 0.0002949176538018052 46202032256649225180350384681350912957445841268192536406065680
8.0 0.2 0 1 0.00021148626533722952 266802109197040329382414649799150048207254346793312298452648226
8.0 0.2 0 2 0.00024690061733526124 13662160978905068521594639022168637354600137066818903954948773
8.0 0.2 0 3 0.0002820732301675486 237954751287772277843816655356479332048065649504100536367612833
8.0 0.2 0 4 0.0003807631525675693 33822621673788424664311782249186479249061336036850038649586185

=== beta=0.2, alphasc=9.0 ===
9.0 0.2 0 0 0.00037836391645841696 22534796381484144298270524485396636893144468897298382030361248
9.0 0.2 0 1 0.0006855708981700566 123797052066421005694104129756794057847541352359432450983102888
9.0 0.2 0 2 0.000338216504376586 308557226697127594541952141124100790977045639037316089826600736
9.0 0.2 0 3 0.000944937885932799 1240557264399354194668082487362726650276089879278886316547779152
9.0 0.2 0 4 0.0004533888830693258 1259954011391808853832647807764103236788690667398379433896207040

=== beta=0.2, alphasc=10.0 ===
10.0 0.2 0 0 0.0003217206709943789 12855902852305479506986135792089981848880168379113475029078018
10.0 0.2 0 1 0.000494268181820195 212317156640567575588760801729263787619286483049041507422191685
10.0 0.2 0 2 0.00024708893407214094 61299821635438600539647052469172814575473849420499395328
10.0 0.2 0 3 0.0003238088075452022 861344390624880266751890801817080040093237695948202541324436903
10.0 0.2 0 4 0.0003029910056161306 806620228807821269085340737400788383229689278099582245528261
