
=== beta=-0.1, alphasc=4.0 ===
4.0 -0.1 0 0 9.201835983295431e-05 194340651653624494923061452128922908271073892699304348008579584
4.0 -0.1 0 1 0.00011782168877974484 411376139349008740060064094298699611640735908913144850961928770
4.0 -0.1 0 2 0.00013022152954713284 6427764437000288052107621225265379946970753863166067157763625
4.0 -0.1 0 3 0.00019339247980835905 912747870878570478536803405105031470013626105155414143631630340
4.0 -0.1 0 4 0.00026592441060363867 411376238942511666821518429255799766050875281585681750138324117

=== beta=-0.1, alphasc=5.0 ===
5.0 -0.1 0 0 0.00010401588854195587 210457663023365468442166042344559105242286199415075
5.0 -0.1 0 1 0.00012231087940074465 102844034832949531556747332780766477270309759670896868290730117
5.0 -0.1 0 2 0.0001839495740688815 1406195232177110652664954440339619217899829111540699980038144
5.0 -0.1 0 3 0.00014616073136127728 1169876005012884464781488912002614296838931072285753922814148624
5.0 -0.1 0 4 0.000181907342188364 425838679809843616134527057263489122451748213742159012514792577

=== beta=-0.1, alphasc=6.0 ===
6.0 -0.1 0 0 0.0001751918218917898 4343757471912860054917488591993588367503296766966359337731072
6.0 -0.1 0 1 0.00014965143643278433 449967835891740337765963600046231553132586693578131599144325120
6.0 -0.1 0 2 6.655962384927833e-05 705426615674766897159093241489849533481089
6.0 -0.1 0 3 0.00011783322070018306 1039707749005764727007879228020876189682862868510119071211978752
6.0 -0.1 0 4 0.00017980214636369163 115715258185745226810527027239611350040705760450535589863997644

=== beta=-0.1, alphasc=7.0 ===
7.0 -0.1 0 0 0.0002261515877280586 491787381839062585049291450351285261107015925408464970801250304
7.0 -0.1 0 1 0.002852287596089106 154266052350723885325668307401916814755349710902129615042527509
7.0 -0.1 0 2 0.00028795730323427334 1234141180613779185430628447193124472714980614177661449432335369
7.0 -0.1 0 3 0.00017181778339938453 35352661493819358310684347296967132195348401672482338271413380
7.0 -0.1 0 4 0.0003582239109580094 38968272093209898792863782586254614399618574669263269378818581

=== beta=-0.1, alphasc=8.0 ===
8.0 -0.1 0 0 0.00032794125454433504 887130585003207449356321405117035073321004638629519265129594880
8.0 -0.1 0 1 0.00017177919520114892 424233212974776082479875069234816100233701851974302086092450192
8.0 -0.1 0 2 9.3626979836542e-05 3414939503479585905966012002878141330967597046080695050174752
8.0 -0.1 0 3 0.00012425231052364243 210522222639501276374507950382001833501655272608053060126245937
8.0 -0.1 0 4 0.00012344288024922694 1267224455280701422552212531983894304919606917574898562992457432

=== beta=-0.1, alphasc=9.0 ===
9.0 -0.1 0 0 0.0024100620502315105 36791883141998404938937591153297440568436514104434496576
9.0 -0.1 0 1 0.00011132954395833618 1606942690010973702397079628299059013246152136035458225349634
9.0 -0.1 0 2 9.757139270140672e-05 25711008709649196807081617681339659623989770273484021715505312
9.0 -0.1 0 3 0.0012993524855335707 25711413287013401061313556867178878894020790759224683008624520
9.0 -0.1 0 4 8.707921014855505e-05 1607137269433437864371869481162214399082317020474282156310539

=== beta=-0.1, alphasc=10.0 ===
10.0 -0.1 0 0 0.003619022901404787 25911875963676218193462634413537269373686916153951893198602376
10.0 -0.1 0 1 0.00018644436778691718 65884459815366896424346228572567944890744689331961572121650078
10.0 -0.1 0 2 6.96660646214723e-05 120545523026187452025040844990952602279090263693852491225580544
10.0 -0.1 0 3 0.0001940268011681078 247493959548512646473849448120781957965054393228346792916550432
10.0 -0.1 0 4 0.00010948686102646722 25711008714130886225967287993074222088313414240257711334762128

=== beta=0.0, alphasc=4.0 ===
4.0 0.0 0 0 6.736159683136584e-05 6879711547585392577411084770787346011550550544463369875887362
4.0 0.0 0 1 6.830883922154684e-05 109271787009611704156896915168320563071996106998002947648008273
4.0 0.0 0 2 7.541096669223459e-05 823380087729491139046025714672837097978054043322129340537241888
4.0 0.0 0 3 7.686505556885177e-05 31419247530025497335552945206701006036893066270707636240384
4.0 0.0 0 4 0.00013601805320457674 191574411049654794128245196681973330210163166867368465

=== beta=0.0, alphasc=5.0 ===
5.0 0.0 0 0 8.295872804829885e-05 102869978545374073415744073962772971816143560724265409391493120
5.0 0.0 0 1 0.00010726329684514053 168753622210337371636644407073013563581187391106416108785108741
5.0 0.0 0 2 5.841474892193522e-05 25712382016464996566690147176124745158715439761326966508093442
5.0 0.0 0 3 0.0003572853046107266 628313563007996621084270742829384244892420057268075599493070853
5.0 0.0 0 4 6.105244384824539e-05 102847173575005013583304960229131596047690731086733814901581072

=== beta=0.0, alphasc=6.0 ===
6.0 0.0 0 0 7.040204460368455e-05 437388461181719934570581783294998880546898732880694408776777728
6.0 0.0 0 1 8.526444598544099e-05 3314346497673745526282619791115049872432824026760394903126028
6.0 0.0 0 2 0.00011186798298109953 104050121146443440654656049365897820423071337223890776067416576
6.0 0.0 0 3 5.2658440398375e-05 1259839431488096941230802323894778694580871902426661533907037441
6.0 0.0 0 4 8.459376711176466e-05 1363839846646384914553425255081818882049

=== beta=0.0, alphasc=7.0 ===
7.0 0.0 0 0 9.414781109233164e-05 411376924015908919883232930111138357525445171255320739796521232
7.0 0.0 0 1 8.545142965805433e-05 822752278662481052108876889041035194252509656749376000919486472
7.0 0.0 0 2 8.711978045697853e-05 19485706232705946916380055412307186093154224254885344464810273
7.0 0.0 0 3 7.829935996928981e-05 51152914472409411669951245899097302449452088295505
7.0 0.0 0 4 0.0003949900826798979 3213974168444513705732459326942098890879847918779525878710424

=== beta=0.0, alphasc=8.0 ===
8.0 0.0 0 0 0.0002110953933217205 1028440348326128194797657926621807085155241446197121073977475090
8.0 0.0 0 1 8.783970028390133e-05 3213876089266269390270000800258301898399873886791816947171345
8.0 0.0 0 2 8.682741904579785e-05 5846207278701797486986079768901378809820126117890
8.0 0.0 0 3 9.02996787985658e-05 106258778182617888772471969319922306563694354215950900462248004
8.0 0.0 0 4 0.00013555596042400192 514221056881056715766865214330566513026590106766598446113251408

=== beta=0.0, alphasc=9.0 ===
9.0 0.0 0 0 8.963032970891945e-05 1032082638188097924384292128846851460881217430783335843168782336
9.0 0.0 0 1 0.010483802976552718 1459100357199619727039426601628140243082076880346241288352302194
9.0 0.0 0 2 7.656207981163015e-05 257386307142715290679165519184309512564950681708852585238234401
9.0 0.0 0 3 9.279834040134661e-05 8060681345669509867155688838270421219364852446616282825752836
9.0 0.0 0 4 0.000537961742364771 102944591107945472064456084606764765877638211482246589030897795

=== beta=0.0, alphasc=10.0 ===
10.0 0.0 0 0 0.012012439529893889 11690615870537978093732878305045966804426435958322652083782176
10.0 0.0 0 1 9.302291014488218e-05 29150860472624011872489442928876682490867536624196803748839561
10.0 0.0 0 2 0.00018436751809717685 1607138036423834355129378126660575324771208893189219665593762
10.0 0.0 0 3 0.00013278402129591793 25711011782114483569154954600001902876317105713893921324695825
10.0 0.0 0 4 0.0007378446793852027 231399079905795986550830982861268163373419804684925697977852036

=== beta=0.1, alphasc=4.0 ===
4.0 0.1 0 0 0.00010806270179949314 106386477989000249425283025455719372881368828321585670442188800
4.0 0.1 0 1 0.00010839311688794175 927204036941406470115181202759683516010311505693712049245261888
4.0 0.1 0 2 0.00011560586234372792 465221240808410733570540138622998792386875251698200668083986560
4.0 0.1 0 3 7.476626276558682e-05 854897736551310353305531378361403890034194044884244730828816640
4.0 0.1 0 4 0.00019744897345220388 25723670189295639444674669674167813138928346646917801224307216

=== beta=0.1, alphasc=5.0 ===
5.0 0.1 0 0 6.164370708725948e-05 115724663756628034496977697541111992141402252450287783489635712
5.0 0.1 0 1 0.00010851893164558859 141511006833456562821202803769703181090857935292265133871857664
5.0 0.1 0 2 4.739673997103475e-05 27318009584720204294827259714432607241210968887638356056352512
5.0 0.1 0 3 9.423235743311093e-05 822752670979461482746426212661176990872589888610725514164831509
5.0 0.1 0 4 5.013736807591265e-05