
=== beta=-0.1, alphasc=0.1 ===
0.1 -0.1 0 0 0.002460694644091364 1535170893656328067752679532325497963846879769274899754422522488
0.1 -0.1 0 1 0.001973670404527312 330397790261161522921919816592674554140344798279677690573634951
0.1 -0.1 0 2 0.0022152733803989266 531227063844823704717442628298632614222685469866607092043405234
0.1 -0.1 0 3 0.0023437800805950594 548629795161479914179038946233061880956674373622510019595543230
0.1 -0.1 0 4 0.0023436780817692755 219847440713022077958513369552155437087707865154793665377898958

=== beta=-0.1, alphasc=0.5 ===
0.5 -0.1 0 0 0.002844902086951159 1044120618035670927649380850376686930893107454360073042757817323
0.5 -0.1 0 1 0.0022753695202546507 578522831493503180096680718460106587052548141271052719242751111
0.5 -0.1 0 2 0.0022952825070437386 528011624659113013053988051086070321061167596849037894652270435
0.5 -0.1 0 3 0.002780256729663014 413898810972806797899201496383441616822680781574300114311250094
0.5 -0.1 0 4 0.002832718443656538 277693675649600507845960648949634139498865128346800202322720349

=== beta=-0.1, alphasc=1.0 ===
1.0 -0.1 0 0 0.0027951429009352583 1070032493795391663640702053918137642387447409850553075517756363
1.0 -0.1 0 1 0.0020809558998326943 732790513530421864239743348362521959623547086286364852811344903
1.0 -0.1 0 2 0.002050407820873906 117040450340476393950585998553058176608221769264280950513604387
1.0 -0.1 0 3 0.002633458268415987 516742845806133341658947327253897364577528726867756291299017390
1.0 -0.1 0 4 0.002631914513666823 277797247828259050829490407244188878583474669101554733349254861

=== beta=-0.1, alphasc=1.5 ===
1.5 -0.1 0 0 0.002818780828072132 1069831626539917749921752544939395514406197541911402061823349707
1.5 -0.1 0 1 0.0022505622698745383 784212530949702708410339824452381934573386631050181151284145159
1.5 -0.1 0 2 0.0020994132925580464 104081281857637682402521974305580178118063411256414496025491299
1.5 -0.1 0 3 0.002765224815270331 413898810973557964024087528855276187104629224603460692166443710
1.5 -0.1 0 4 0.0030871097292708817 277784693624975349632939600841811286150203075637398577512101597

=== beta=-0.1, alphasc=2.0 ===
2.0 -0.1 0 0 0.0030677631385242514 1121253643956205438739095332060476358364824347498228227151631307
2.0 -0.1 0 1 0.002262485366957819 784212530949702708410339824452381934573386631050181151015709703
2.0 -0.1 0 2 0.0023460667442877906 104181715673972656549725722519692386083128645021801477900351331
2.0 -0.1 0 3 0.0029615901636897276 417112687062075944575171453039958512387044883334592916841431742
2.0 -0.1 0 4 0.003427905635950801 277684211723950020616399306428408317595715741927825523701757005

=== beta=-0.1, alphasc=2.5 ===
2.5 -0.1 0 0 0.002264031786102365 1121253644941316003034633708518453409530158065400235430992452307
2.5 -0.1 0 1 0.002419408016574559 580131387068846616489399771858278068069190644954887838986537991
2.5 -0.1 0 2 0.002666264269183463 104181709543990493086535061150133618019774844778648635492022123
2.5 -0.1 0 3 0.002797717077878513 417112687062073021928622282689414156757488741069967185583932094
2.5 -0.1 0 4 0.0037449149030777886 277781555840705821876682228640659424737495152582291396134482765

=== beta=-0.1, alphasc=3.0 ===
3.0 -0.1 0 0 0.0022263057058194632 1121253647240059314333466996388280790745525780525603100063997651
3.0 -0.1 0 1 0.002431623149338319 786221191245062119327656411530260162675818894813932168873643015
3.0 -0.1 0 2 0.002833283214595847 129892718252134291867881778433937272078050506840625679620913003
3.0 -0.1 0 3 0.002786608948747359 417112687062061375587798251200592891768979135469360221488284350
3.0 -0.1 0 4 0.0036671132391756095 271353809792154030731731804803589995075086910307492668683105101

=== beta=0.0, alphasc=0.1 ===
0.1 0.0 0 0 0.0012596484268463624 439365112749404301311629279269585952197039755580821465617028247
0.1 0.0 0 1 0.0014308487789328548 18756956266654408783147476887796753049170275523565568839265671
0.1 0.0 0 2 0.0015175669829989382 533535443536020012823555666616072876185929718057607381983172262
0.1 0.0 0 3 0.001278602375258338 628374830801369600483079626341929373376092554992738505368423310
0.1 0.0 0 4 0.0006675108853378944 517615469405201185917443688990995699037288102105525149979136546

=== beta=0.0, alphasc=0.5 ===
0.5 0.0 0 0 0.0014812800139776187 5727133362497555183472659083085315720949494380785481927260035
0.5 0.0 0 1 0.000976353883735574 414918082424849155747172807242280340015404480452044979271297935
0.5 0.0 0 2 0.0011257954077270602 106592116373555061119999761152913687358449706313179112698992551
0.5 0.0 0 3 0.001221384733806313 517571425722807912448974634755907356138802668863273383692755886
0.5 0.0 0 4 0.0011918193110037167 710829263055667052052280208209192882063173458050689784086426397

=== beta=0.0, alphasc=1.0 ===
1.0 0.0 0 0 0.0018884220079866331 27054376509596281575913142732120372343965823092868542413861763
1.0 0.0 0 1 0.0013578407766107084 427572694040043282136760469182962144872858087915103262853982343
1.0 0.0 0 2 0.0011787824076832756 106607809163811397762626960847891977024530939136079596706125607
1.0 0.0 0 3 0.0015628480103787466 557945743128877150889677079129819837645203845402868220063286190
1.0 0.0 0 4 0.001186356263242392 567209224567969813327216660976034353155091836713470991833952541

=== beta=0.0, alphasc=1.5 ===
1.5 0.0 0 0 0.00222596504860025 234223843717168663869487607836130019265525318334866208260535179
1.5 0.0 0 1 0.0014209865045696339 582039638256677600537764543913878558866201553299991976417060999
1.5 0.0 0 2 0.0015367419191291874 517969825240816659492079090304899327812897550676223774836701091
1.5 0.0 0 3 0.0016473981399465322 545692840541402348611427370029492061722504292711256498814976958
1.5 0.0 0 4 0.0014422297586278718 171714181747108287628533054634548042064014358636682010649621340

=== beta=0.0, alphasc=2.0 ===
2.0 0.0 0 0 0.0015375576044483114 81577283575355597905535448105697552095279993109176127233776323
2.0 0.0 0 1 0.0016437934835436673 582039613736375537296947821293418498001264344127854974705233031
2.0 0.0 0 2 0.0016625475307248318 104182492460643042628468325491957846937001145571259651271178083
2.0 0.0 0 3 0.0016709971505059404 417150351202669014438911708621693419091344543330980391517291438
2.0 0.0 0 4 0.0017356797207218099 270942607524936323652476377358011521109616502096329361642550046

=== beta=0.0, alphasc=2.5 ===
2.5 0.0 0 0 0.0016473478286874574 1124480075062694901808997768313569013137074398042640552809781971
2.5 0.0 0 1 0.001778295285244646 581838771000818582564277586700039912905402967858737843004402695
2.5 0.0 0 2 0.001433368704902646 104383361461192340539228123683480658511651393917925033688070123
2.5 0.0 0 3 0.0019513496130520672 519981929912984767432675631698824285086542103940914890852434606
2.5 0.0 0 4 0.0018470272546182486 399908798164343252994772905983547210240830192045157640828416861

=== beta=0.0, alphasc=3.0 ===
3.0 0.0 0 0 0.0017120049316021303 1119671815124409238286229180950582220807390185185346215477148627
3.0 0.0 0 1 0.0017827203776848862 581738338139253398144945054845930628759107220674346158560275463
3.0 0.0 0 2 0.0016548812365896933 129290924112183784781858358233237858691927666523157662071027563
3.0 0.0 0 3 0.002086144970291905 519956723426328650697045133338938112434756812529617323924783790
3.0 0.0 0 4 0.0016615330569837083 271353684128829973209613122862562191470058645070484148020113757

=== beta=0.1, alphasc=0.1 ===
0.1 0.1 0 0 0.0014218578117527747 825845408496179944297314437462059088457496221200355823218733963
0.1 0.1 0 1 0.002378483218662563 1103255645951920798337061133830293211235258733928625102548266182
0.1 0.1 0 2 0.0021232355779748436 350848394861361112620165924766044096015511968743934143381550889
0.1 0.1 0 3 0.0011437223358276346 63169676990518593060928549345122084850794527118191641586288882
0.1 0.1 0 4 0.001638093118872929 540142494787824161780403910050598953806329264368005659459942058

=== beta=0.1, alphasc=0.5 ===
0.5 0.1 0 0 0.001464227922242533 1029660480494166094071666830484245672716034714221471681528369667
0.5 0.1 0 1 0.0020077388829333465 383143493861815077537469617100168407584142408303522760189176839
0.5 0.1 0 2 0.001461721030373842 386203363499469910718362297171896913643545147460072065844393772
0.5 0.1 0 3 0.001928892335353644 1185354712522654497845267152583726676316485985536122010971515802
0.5 0.1 0 4 0.0021707225950574473 288468323966857485100745362609755691344199474605546633128621148

=== beta=0.1, alphasc=1.0 ===
1.0 0.1 0 0 0.001704707555230111 1106792029850751406881301479888477056262267857448763024486585035
1.0 0.1 0 1 0.0018305544022706847 175333764911212111015254041436605533292979746116552451261885511
1.0 0.1 0 2 0.0018772873974125669 39103195073110499915502021937224733353074589250275120662738849
1.0 0.1 0 3 0.0016480310317279155 313390152177716300394416214850016926851388770973062316458642206
1.0 0.1 0 4 0.0010250284689397597 800742419517429321928944296601283819315532510105015365054330158

=== beta=0.1, alphasc=1.5 ===
1.5 0.1 0 0 0.0020497524469512084 1108398139809025195488880305014278200514166444828919617102942795
1.5 0.1 0 1 0.0011876576280517837 414770521756861795025799956797894296550430682308952680595877125
1.5 0.1 0 2 0.0015496779484272874 1340917283812890346480701528755650534382913320280391152097187
1.5 0.1 0 3 0.002132489200518043 53944689055756158818463860693481792961626141698194779410336430
1.5 0.1 0 4 0.001706275243105725 311128664414817920810957819535131281281537576890064295903949133

=== beta=0.1, alphasc=2.0 ===
2.0 0.1 0 0 0.001995907893988451 1095542580078584621950027670980140409649412646001814622250211955
2.0 0.1 0 1 0.001643414990827523 582491589970735593322965281488267030572746919567820755584576583
2.0 0.1 0 2 0.0018420832237907114 541269744897377393688192299167533736896962707688178240067483435
2.0 0.1 0 3 0.0019221797097904508 1548296834232557791477192517015626183388327868538384572017445550
2.0 0.1 0 4 0.0016693665661081773 406239162499113457487688367384065299391012985818333717911589711

=== beta=0.1, alphasc=2.5 ===
2.5 0.1 0 0 0.0020251181485614685 1121278703382018705933756778698476326244018080099318908178930275
2.5 0.1 0 1 0.0014074545940537702 787580195461224829318981164882540535017611292119702285592194307
2.5 0.1 0 2 0.0016994470266634627 129893508639702825659018715852264648129386882503446207054755683
2.5 0.1 0 3 0.002073889141849657 1239864965721556760085877756971285493116215185907721360765848254
2.5 0.1 0 4 0.0022606953305337016 374185185452237629905835470083309232214540664496823489357738701

=== beta=0.1, alphasc=3.0 ===
3.0 0.1 0 0 0.0018692173893472474 1121278698006311651482599577394238324383901830854462873976708035
3.0 0.1 0 1 0.001889480413296294 379226580468958316692854120437115739555726780544113911310478343
3.0 0.1 0 2 0.0016970412371053326 541269648353175040836398466024292514428502594594448965538427691
3.0 0.1 0 3 0.0018738126138369798 108580584045213650919639714765189567267533879335937779481610927
3.0 0.1 0 4 0.0021491943002271046 374197795544279623432099617227768847069834667445278308801761741

=== beta=0.2, alphasc=0.1 ===
0.1 0.2 0 0 0.0015135999185319452 1440671216962523184417224582325087875694501972641054559299018572
0.1 0.2 0 1 0.002709290566921427 578537015487975958539304740112299432187365116173539145262705671
0.1 0.2 0 2 0.0026671868630745686 868284820469007631077545540944757281501099731874512483358930447
0.1 0.2 0 3 0.00236964457085372 114657160317506514199887172888481720436492221493927720588339994
0.1 0.2 0 4 0.0014228288673808762 163995434199278407228120554153125306725074166934193653634200579

=== beta=0.2, alphasc=0.5 ===
0.5 0.2 0 0 0.0027581549788776565 1029660480488191384056858957883770210480030456331166886162469387
0.5 0.2 0 1 0.002178473116354515 384750383249350875832501653269242884898597940508332662803557383
0.5 0.2 0 2 0.0015364799230936203 244793545124618184019325654748343649279528033514505789308942119
0.5 0.2 0 3 0.0012392260301914654 1293539263041515238195054283467681685773220576198291583725390849
0.5 0.2 0 4 0.0010263616304402071 6502747655412382666497559448484307516257707412921494811597063

=== beta=0.2, alphasc=1.0 ===
1.0 0.2 0 0 0.0016623069554835622 1047339931403402712302864117105191603690320641345162240125737675
1.0 0.2 0 1 0.001968980275560879 179664866310560217914220688208670609167339396190446417215646727
1.0 0.2 0 2 0.0016325714118523207 26250814139577573666574064815717610334594571201562987708610471
1.0 0.2 0 3 0.001989006414413535 104456528253630298223133314506641464482604379621648686745258142
1.0 0.2 0 4 0.001039220299797852 536571065168912388532185936973216652093118545856536408428829450

=== beta=0.2, alphasc=1.5 ===
1.5 0.2 0 0 0.0016732239751919714 1119281892289426129831671626992548567605172807829624329195641459
1.5 0.2 0 1 0.0013842132640561106 582102334283143103581801923642284183547474162917042888921214215
1.5 0.2 0 2 0.0015011544765356133 103383837007055676686690721360806509482230156930120562613180195
1.5 0.2 0 3 0.0020961630607066353 313459103797127904254240974691001059013588183927599045551631087
1.5 0.2 0 4 0.0019674582511493813 382448949268634474681339557562173801984695465972897557289661917

=== beta=0.2, alphasc=2.0 ===
2.0 0.2 0 0 0.001604017779436068 902311541458969039446431705104002948337310795151780236511173347
2.0 0.2 0 1 0.0018339378082304245 993466092749996523980320666748250821578523604622935430677539975
2.0 0.2 0 2 0.0016017926313148237 39904288909357135955907354804637440790616020565186182250280747
2.0 0.2 0 3 0.0021778140402920454 621997485444909539455325782497248094285426952876652961239828667
2.0 0.2 0 4 0.001970912387015531 266432437496374291717482484824365186157497655579036838795073118

=== beta=0.2, alphasc=2.5 ===
2.5 0.2 0 0 0.0016820843978354004 917200728654061559380998509265718341397354996773850847261547115
2.5 0.2 0 1 0.0018636268584341573 171228438465328907971702290811263050557042711165359063636798471
2.5 0.2 0 2 0.001890122271777735 541269642223216079112749074270349090222436692275637404851516323
2.5 0.2 0 3 0.0021147122949761936 313458906152357202862262666162608781378499845388016045515606186
2.5 0.2 0 4 0.002161304434302041 374084851053557303121609231650143181795168484505529825177170140

=== beta=0.2, alphasc=3.0 ===
3.0 0.2 0 0 0.0017418616568542049 902735228148908415087622773397744071563043769431391753060883139
3.0 0.2 0 1 0.0015914993138163851 581888988203764327458484656377136395972001455229963468396457223
3.0 0.2 0 2 0.0019179294927662662 129893502892891372588041444513662225597047831968840882844350251
3.0 0.2 0 3 0.0021913971709639126 108580608616400090859861915294216999746724268243190610070046907
3.0 0.2 0 4 0.0021419026380273118 374075343451222182283855909136458329604016482413026187449004620
