
=== beta=-0.1, alphasc=0.1 ===
0.1 -0.1 0 0 0.012232238771135287 0
0.1 -0.1 0 1 0.012232238771135287 0
0.1 -0.1 0 2 0.012232238771135287 0
0.1 -0.1 0 3 0.012232238771135287 0
0.1 -0.1 0 4 0.012232238771135287 0

=== beta=-0.1, alphasc=0.5 ===
0.5 -0.1 0 0 0.00010331029028532574 144115188076458185
0.5 -0.1 0 1 0.00020554779527136261 722867322611934080
0.5 -0.1 0 2 5.962563591513231e-05 34362116392
0.5 -0.1 0 3 5.753322779014356e-05 584405823325732928
0.5 -0.1 0 4 0.00024802350533019836 288230376152533636

=== beta=-0.1, alphasc=1.0 ===
1.0 -0.1 0 0 0.00014301450454871632 582090269061922945
1.0 -0.1 0 1 6.035991800829365e-05 720857415356023244
1.0 -0.1 0 2 0.00016628773308654998 577587751722240298
1.0 -0.1 0 3 0.00047227332716566955 36033195066018085
1.0 -0.1 0 4 9.345431031680752e-05 433471464134807748

=== beta=-0.1, alphasc=1.5 ===
1.5 -0.1 0 0 7.538677526369687e-05 37383395887397
1.5 -0.1 0 1 7.7907349207074e-05 150633093005376
1.5 -0.1 0 2 9.837565888167823e-05 588845651281135914
1.5 -0.1 0 3 8.847727533952889e-05 13280309936165
1.5 -0.1 0 4 6.873672851416508e-05 1173178906841090

=== beta=-0.1, alphasc=2.0 ===
2.0 -0.1 0 0 0.00036545696905780265 103094745706008640
2.0 -0.1 0 1 0.0003660235721607955 641891589761007744
2.0 -0.1 0 2 8.279768052175519e-05 576460754728011818
2.0 -0.1 0 3 9.395821818492625e-05 145821630122312386
2.0 -0.1 0 4 4.832587005862246e-05 433559425065160837

=== beta=-0.1, alphasc=2.5 ===
2.5 -0.1 0 0 0.00042118977076522994 102457995329675270
2.5 -0.1 0 1 7.164312957039039e-05 727366524202942530
2.5 -0.1 0 2 5.7714652680586786e-05 578712554541680938
2.5 -0.1 0 3 0.0002125133312972922 567348369689350
2.5 -0.1 0 4 0.00019025738858084913 293965428802918660

=== beta=-0.1, alphasc=3.0 ===
3.0 -0.1 0 0 0.0004985185342416533 659778449216856096
3.0 -0.1 0 1 8.35082851020725e-05 587826404079697920
3.0 -0.1 0 2 0.00010365039152585946 721138892555962664
3.0 -0.1 0 3 0.0001494845304952596 586048494033832710
3.0 -0.1 0 4 0.00014360042738721196 293965428804890756

=== beta=0.0, alphasc=0.1 ===
0.1 0.0 0 0 0.012232238771135287 0
0.1 0.0 0 1 0.012232238771135287 0
0.1 0.0 0 2 0.012232238771135287 0
0.1 0.0 0 3 0.012232238771135287 0
0.1 0.0 0 4 0.012232238771135287 0

=== beta=0.0, alphasc=0.5 ===
0.5 0.0 0 0 0.00022590364821060377 577630632675730049
0.5 0.0 0 1 0.00021322413596056283 577630632675861121
0.5 0.0 0 2 0.0003903834243791202 1126999420569610
0.5 0.0 0 3 0.0002117961809563671 817635
0.5 0.0 0 4 7.261008980134672e-05 145285068448352517

=== beta=0.0, alphasc=1.0 ===
1.0 0.0 0 0 0.00022914074857785337 577639428768777089
1.0 0.0 0 1 6.99357754004098e-05 148618787704045896
1.0 0.0 0 2 0.0001126769184798305 10151790903314598
1.0 0.0 0 3 0.00036896322118457704 36033195076247681
1.0 0.0 0 4 4.9459871556278844e-05 444730463202940928

=== beta=0.0, alphasc=1.5 ===
1.5 0.0 0 0 4.149241380548638e-05 6631437893925
1.5 0.0 0 1 7.171971753540927e-05 9156732836282432
1.5 0.0 0 2 0.00011004652394401537 12403590717261986
1.5 0.0 0 3 6.689827701615442e-05 17459448101
1.5 0.0 0 4 2.6580543360262057e-05 5675713449426944

=== beta=0.0, alphasc=2.0 ===
2.0 0.0 0 0 0.00036000328549589593 91835609198432580
2.0 0.0 0 1 0.0003021603719325416 642929528737628288
2.0 0.0 0 2 5.000093196957409e-05 2251802263488810
2.0 0.0 0 3 9.510041497772472e-05 145808435982910400
2.0 0.0 0 4 0.0001197499277933785 293930245504765956

=== beta=0.0, alphasc=2.5 ===
2.5 0.0 0 0 0.00041319923377839427 85006546773549314
2.5 0.0 0 1 6.818401507331357e-05 582688386240776258
2.5 0.0 0 2 4.600068627413297e-05 71177603370
2.5 0.0 0 3 9.245716691631314e-05 1693248176130946
2.5 0.0 0 4 4.781308227392547e-05 298398659719530885

=== beta=0.0, alphasc=3.0 ===
3.0 0.0 0 0 0.00045264494604587487 657526666583032066
3.0 0.0 0 1 3.714332041476526e-05 583251338346102784
3.0 0.0 0 2 0.00012907356246518654 720593534721792802
3.0 0.0 0 3 0.00010593042755322394 586030918968937222
3.0 0.0 0 4 3.6032315753275594e-05 298363475349538949

=== beta=0.1, alphasc=0.1 ===
0.1 0.1 0 0 0.012232238771135287 0
0.1 0.1 0 1 0.012232238771135287 0
0.1 0.1 0 2 0.012232238771135287 0
0.1 0.1 0 3 0.012232238771135287 0
0.1 0.1 0 4 0.012232238771135287 0

=== beta=0.1, alphasc=0.5 ===
0.5 0.1 0 0 0.006579816833214502 8796095119360
0.5 0.1 0 1 0.004400867649690352 144115188075855936
0.5 0.1 0 2 0.004786946027650514 1125899908939777
0.5 0.1 0 3 0.0035697945808517433 549755813952
0.5 0.1 0 4 0.0034888107909258137 144115188075857921

=== beta=0.1, alphasc=1.0 ===
1.0 0.1 0 0 0.000644851762727807 351848015930008
1.0 0.1 0 1 0.0005016527150178315 630510544918691968
1.0 0.1 0 2 0.0008609936288700795 288582222022250626
1.0 0.1 0 3 0.0017581305527262176 54047593577054464
1.0 0.1 0 4 0.0018259545126065725 432345564227571716

=== beta=0.1, alphasc=1.5 ===
1.5 0.1 0 0 0.0002634882128162891 2235530608641
1.5 0.1 0 1 0.0001507053752534323 9218307634757704
1.5 0.1 0 2 0.000692116192391335 1144593754179584
1.5 0.1 0 3 0.001644899255930819 26388279085122
1.5 0.1 0 4 0.0004090064361224435 2233452199938

=== beta=0.1, alphasc=2.0 ===
2.0 0.1 0 0 0.0006430050701325107 72057606922830084
2.0 0.1 0 1 0.00046295518853109804 623789230388412544
2.0 0.1 0 2 0.0004820050455009355 145249884075722762
2.0 0.1 0 3 0.00013129074875759819 145826028168692544
2.0 0.1 0 4 0.0002132447929430099 289444238062518273

=== beta=0.1, alphasc=2.5 ===
2.5 0.1 0 0 0.0009804217591837788 81065897166504324
2.5 0.1 0 1 0.0003567479574127178 581637253124620354
2.5 0.1 0 2 9.639658912827845e-05 578712621113739562
2.5 0.1 0 3 0.0003772576627947263 567348268501766
2.5 0.1 0 4 0.0004709223407881142 293965428836272388

=== beta=0.1, alphasc=3.0 ===
3.0 0.1 0 0 0.0006213039990359461 657808124379398624
3.0 0.1 0 1 0.00019658706275716935 592334401753317376
3.0 0.1 0 2 0.00024682776540213943 146929940057627426
3.0 0.1 0 3 0.00018720946703293953 577041294745537286
3.0 0.1 0 4 0.0007585572895797674 293930244466343940

=== beta=0.2, alphasc=0.1 ===
0.1 0.2 0 0 0.012232238771135287 0
0.1 0.2 0 1 0.012232238771135287 0
0.1 0.2 0 2 0.012232238771135287 0
0.1 0.2 0 3 0.012232238771135287 0
0.1 0.2 0 4 0.012232238771135287 0

=== beta=0.2, alphasc=0.5 ===
0.5 0.2 0 0 0.01124915562602514 281474976710656
0.5 0.2 0 1 0.011341815789542166 262144
0.5 0.2 0 2 0.007823534608056251 2149580800
0.5 0.2 0 3 0.006675502366753995 549755813888
0.5 0.2 0 4 0.012232238771135287 0

=== beta=0.2, alphasc=1.0 ===
1.0 0.2 0 0 0.000644851762727807 351848015930008
1.0 0.2 0 1 0.0005016527150178315 630510544918691968
1.0 0.2 0 2 0.0008609936288700795 288582222022250626
1.0 0.2 0 3 0.0011899219104012566 708085488287745
1.0 0.2 0 4 0.0020111714438390067 432345701666521092

=== beta=0.2, alphasc=1.5 ===
1.5 0.2 0 0 0.00038712753045308653 2235530477569
1.5 0.2 0 1 0.00014824587549982178 140874927308872
1.5 0.2 0 2 0.0005969054505871114 145258682318407680
1.5 0.2 0 3 0.004033772414492169 8796093171968
1.5 0.2 0 4 0.0005797671332711955 2233385091074

=== beta=0.2, alphasc=2.0 ===
2.0 0.2 0 0 0.0007078539768143597 81064801882603782
2.0 0.2 0 1 0.00046295518853109804 623789230388412544
2.0 0.2 0 2 0.000976065378432 2252899327414280
2.0 0.2 0 3 0.00041701193660128216 145808435982778760
2.0 0.2 0 4 0.0003449039692614464 438045433580232836

=== beta=0.2, alphasc=2.5 ===
2.5 0.2 0 0 0.0015177655579056068 81065897099395456
2.5 0.2 0 1 0.0003567479574127178 581637253124620354
2.5 0.2 0 2 0.00010324176634522531 579275571066898602
2.5 0.2 0 3 0.00042440854677164075 562950289099526
2.5 0.2 0 4 0.0006505178373687114 311945742451802116

=== beta=0.2, alphasc=3.0 ===
3.0 0.2 0 0 0.0009511832157485889 648518350636319120
3.0 0.2 0 1 0.00018592423499076759 583327202498576384
3.0 0.2 0 2 0.0001912693390008083 2816950937917858
3.0 0.2 0 3 0.00018720946703293953 577041294745537286
3.0 0.2 0 4 0.0007585572895797674 293930244466343940
