
=== beta=-0.1, alphasc=0.1 ===
0.1 -0.1 0 0 0.04715958384797097 696898287454715798473252884673599328223232
0.1 -0.1 0 1 0.05634335879420104 1180591620717415497728
0.1 -0.1 0 2 0.062081551613286545 0
0.1 -0.1 0 3 0.058122633344260155 784637716923335095479473677900958302012794430575184183296
0.1 -0.1 0 4 0.06049156720024008 37778931862957161709568

=== beta=-0.1, alphasc=0.5 ===
0.5 -0.1 0 0 0.0005124129143889093 39382647025631967519698852861210869160423170120620760659788320
0.5 -0.1 0 1 0.00030918581935535864 117306514216122715290700875647836407810974255305192112519118855
0.5 -0.1 0 2 0.0005377523628464698 969819882465759947362997032327984524398685742207044734156872
0.5 -0.1 0 3 0.00035496780516255314 241085529864623267704044791308442025574820975670353472600051977
0.5 -0.1 0 4 0.0006758355383148011 424333652814505803322839432100275650787771831869630086294972052

=== beta=-0.1, alphasc=1.0 ===
1.0 -0.1 0 0 0.0004587208754208998 270806842629697403528210867833480546651198625740741920276775890
1.0 -0.1 0 1 0.0003079543260129991 1351463191424011606762280184126137900044545900275677909169081354
1.0 -0.1 0 2 0.00044440213914962606 1362824702647078697541633589041523390783514294724014461784425537
1.0 -0.1 0 3 0.0009923657954240776 1043029926938062187712094055686083383035968170381466603204027622
1.0 -0.1 0 4 0.0004290673570651853 425942258309273317154007490922863900358502462209688473723643605

=== beta=-0.1, alphasc=1.5 ===
1.5 -0.1 0 0 0.00021550304198542612 39420315415786709312980346147486171088241085551388743435846256
1.5 -0.1 0 1 0.00024416469299860046 1351460029980650125331904033372390458879201467642509075002048584
1.5 -0.1 0 2 0.0003108154057690944 135215097521821949515009369111832652475575234571162323783803489
1.5 -0.1 0 3 0.0005103638347346722 957843489634294298201432350815202904934988781578529258699097156
1.5 -0.1 0 4 0.0005755114864104232 630021115611071614379300988057167494910458796407110414202742468

=== beta=-0.1, alphasc=2.0 ===
2.0 -0.1 0 0 0.0006676027156642927 65884576284327413416651244998629980328281997768538549856142416
2.0 -0.1 0 1 0.0002066912303720243 168753666474628376247106514254824639319010312327582175802834968
2.0 -0.1 0 2 0.0002692219887141394 26037471635731904121331337729731471080439463385732471897745249
2.0 -0.1 0 3 0.0006535099062749891 1123458517294818594483232319232664781008542399474125780489471300
2.0 -0.1 0 4 0.0005236636397013515 1251808101839880121804166863780719280437971075500449660261115588

=== beta=-0.1, alphasc=2.5 ===
2.5 -0.1 0 0 0.0003555634923830113 482083106110591247966264695994920702364902592206266751522227713
2.5 -0.1 0 1 0.0007283362585236016 107892407987195511060377468071749660501603786838725505176449418
2.5 -0.1 0 2 0.0003947183227323194 125603526139175776811033793663746046362364909700043392951201
2.5 -0.1 0 3 0.0006520859466850831 667792031603308691588076597535291257752355431718568367695209796
2.5 -0.1 0 4 0.0003403706093007808 16074186349354347021895304846125945419221891654898226856865365

=== beta=-0.1, alphasc=3.0 ===
3.0 -0.1 0 0 0.0003821455199125141 864131049795796786362625836084481448880753454811629147366527504
3.0 -0.1 0 1 0.00019017121407222167 527104564070490515847981349496449831390892823321610186794342792
3.0 -0.1 0 2 0.000361466099499727 1104981584421686147230437306479769759940409337343761757516645
3.0 -0.1 0 3 0.0006585065052134682 242848736754924737183073678916344694382210629719511770066986000
3.0 -0.1 0 4 0.0003070808667867528 15790847148136789985565152815445750637905324437553722435220

=== beta=0.0, alphasc=0.1 ===
0.1 0.0 0 0 0.04715958384797097 696898287454715798473252884673599328223232
0.1 0.0 0 1 0.05634335879420104 1180591620717415497728
0.1 0.0 0 2 0.062081551613286545 0
0.1 0.0 0 3 0.058122633344260155 784637716923335095479473677900958302012794430575184183296
0.1 0.0 0 4 0.06049156720024008 37778931862957161709568

=== beta=0.0, alphasc=0.5 ===
0.5 0.0 0 0 0.0009378563089221636 39370092822161194163746388848346967956985709798145574126617120
0.5 0.0 0 1 0.000298654075638434 120570607118436189820227123427122195013605605774261656751308803
0.5 0.0 0 2 0.0007025746559189912 258029714681922391921005685143110203663999152758595847482507328
0.5 0.0 0 3 0.00035197092255338856 241085529864623267704044791308442025574820975634324675581088009
0.5 0.0 0 4 0.0010590822091249667 424333652814505803322839515841639365430431196243425669942781588

=== beta=0.0, alphasc=1.0 ===
1.0 0.0 0 0 0.00037169741591728915 66725707943813095300966634487838710038923895265881137794941520
1.0 0.0 0 1 0.00034994067735078427 528710863723554200979278336378336001966101889410693003967859722
1.0 0.0 0 2 0.000597357512895969 1362824800736895212278540679225968063468441696022995602702861377
1.0 0.0 0 3 0.0005820025740394969 1132991779356269295889833528890868328501037736126089037714440261
1.0 0.0 0 4 0.0015574542020756058 425939021678691008395344840148450229273917286068752038127904709

=== beta=0.0, alphasc=1.5 ===
1.5 0.0 0 0 0.00037501728227523254 476482355047337285768182809365331594768187030478495377958404720
1.5 0.0 0 1 0.00023002167978801387 965794899382391119517667767221395071471856990076676831227035664
1.5 0.0 0 2 0.0002603139635936433 232252764210083792744088939562092206454607774683680896721761
1.5 0.0 0 3 0.0005465282371439574 1576639272237600865749928001280303907261635367011755942425535749
1.5 0.0 0 4 0.00024817114116490246 476597715327791537225028596249178876508357167824582245501544020

=== beta=0.0, alphasc=2.0 ===
2.0 0.0 0 0 0.0005622586796031341 65922238894745624287494817734135165264354934984139723463361616
2.0 0.0 0 1 0.0002878808897454762 170360592270939319501139165999124040443432348464208406948217345
2.0 0.0 0 2 0.00023022358735552272 326460054155994711835093007856997414189324873240041887377249
2.0 0.0 0 3 0.0007346628628298159 1174704680853778952593414818416516395498898255082320795353613604
2.0 0.0 0 4 0.0006361569733557581 425838686132557107972180363932981730844776388174439859487944388

=== beta=0.0, alphasc=2.5 ===
2.5 0.0 0 0 0.00040916969174222033 38567395781148273261934139896884863238589867938476082146182768
2.5 0.0 0 1 0.0003039821073343415 940096504529054804977974486137884923876894646179468567216521346
2.5 0.0 0 2 0.0021909302294453644 201124714784426727182652216005232102300643094073528405226273
2.5 0.0 0 3 0.0005160456219140756 1103478420873915626906055582909079312705063331861972824491590284
2.5 0.0 0 4 0.0003281639841176993 1030072394969276282477726189621585142511613344331934376198899585

=== beta=0.0, alphasc=3.0 ===
3.0 0.0 0 0 0.0002950852051052309 231399470884463669641998194007705717082595456746941163835003528
3.0 0.0 0 1 0.00030834871018470424 514245455081080815436582840210323448791832478484547833503748226
3.0 0.0 0 2 0.00021571260674132015 301658194212010692388237614307173160795964382299777600595713
3.0 0.0 0 3 0.0004509446515781 12862570123072049670216310352748101244219529677699969932470020
3.0 0.0 0 4 0.0003302348097590365 827774744878986425538727022103587596944751043828748673212393412

=== beta=0.1, alphasc=0.1 ===
0.1 0.1 0 0 0.04715958384797097 696898287454715798473252884673599328223232
0.1 0.1 0 1 0.05634335879420104 1180591620717415497728
0.1 0.1 0 2 0.062081551613286545 0
0.1 0.1 0 3 0.058122633344260155 784637716923335095479473677900958302012794430575184183296
0.1 0.1 0 4 0.06049156720024008 37778931862957161709568

=== beta=0.1, alphasc=0.5 ===
0.5 0.1 0 0 0.002120063959563461 13659084137962593294728355135707417168357716045536875654545952
0.5 0.1 0 1 0.00027007390217006984 120571391756153113155322602900799462146612226820474336049233923
0.5 0.1 0 2 0.0007788502589192554 258029690160508852581661715632907810678669469947322624310247488
0.5 0.1 0 3 0.000339294839758324 241085529864623267704044791308442025574820975634324675580956937
0.5 0.1 0 4 0.0010590822091249667 424333652814505803322839515841639365430431196243425669942781588

=== beta=0.1, alphasc=1.0 ===
1.0 0.1 0 0 0.0004261050741909532 296517848272842858708068432820112986335693263076769402080363090
1.0 0.1 0 1 0.0006520378564257611 528710890159099352203938715055992453472344136511550424289905674
1.0 0.1 0 2 0.0014777869117265615 1018940059265471630321422231659817311054954956160973902025066048
1.0 0.1 0 3 0.0006859837516026338 1132994133915950393904738569668924821524396777963081925315690565
1.0 0.1 0 4 0.0006944891964561579 424332182288084173944750418677228189059376564555932257201989573

=== beta=0.1, alphasc=1.5 ===
1.5 0.1 0 0 0.00038810449224599045 476482355047337285768171920329602167456743996898039913646687824
1.5 0.1 0 1 0.0003196631846410959 1377171832522891932572082885960464890568786287942953172289601560
1.5 0.1 0 2 0.0003841266880883374 232301804067756876594847413541697636168350135875715723699041
1.5 0.1 0 3 0.0004946736215656666 1549898033440117237613540176265043036117019130078274078781022340
1.5 0.1 0 4 0.0005515509051439857 16172327364048623565687964667348083393292564007337151993915092

=== beta=0.1, alphasc=2.0 ===
2.0 0.1 0 0 0.0005238925615499744 503813055179740741444721586712767309857324635672059763406571088
2.0 0.1 0 1 0.00032317597272212863 723161400890548814736754903859277612439724679488352980159311107
2.0 0.1 0 2 0.00015431841933275122 102053667117747751628434312593842327624522815099392759964513
2.0 0.1 0 3 0.0005517756036458162 927211098299227815982933149131354880835756448400548349679969568
2.0 0.1 0 4 0.001138334889354521 1251905268377965553925541645097912100780101904475402825276498628

=== beta=0.1, alphasc=2.5 ===
2.5 0.1 0 0 0.0006208409807328464 38593291889309128273900037725647392212413735766034999190004296
2.5 0.1 0 1 0.0002952288340499932 115699596486123611813408421492645025973311752445453174152626432
2.5 0.1 0 2 0.00044180788173664264 26627526861341446350653281258817888493451615667201479008584545
2.5 0.1 0 3 0.0009809410312114953 1618697459583312257889794819421931495362888602897463694447914356
2.5 0.1 0 4 0.0010328307355677037 207295301951593515206804635413436871752649495703872939570637845

=== beta=0.1, alphasc=3.0 ===
3.0 0.1 0 0 0.0004802214861089004 1093546548669942812429442472752188318522735036976195123114346250
3.0 0.1 0 1 0.000276651940606517 932024115479314794526859371280946680430081096568156354051704960
3.0 0.1 0 2 0.00044243094267193986 634238618622559544628518645346946809596099581608451703316680801
3.0 0.1 0 3 0.0006515025132016841 351952386866706415724427368476360600598722734500160301582918676
3.0 0.1 0 4 0.0006254248349827622 835611019646005586555602637150344478009915707180464909617145412

=== beta=0.2, alphasc=0.1 ===
0.1 0.2 0 0 0.04715958384797097 696898287454715798473252884673599328223232
0.1 0.2 0 1 0.05634335879420104 1180591620717415497728
0.1 0.2 0 2 0.062081551613286545 0
0.1 0.2 0 3 0.058122633344260155 784637716923335095479473677900958302012794430575184183296
0.1 0.2 0 4 0.06049156720024008 37778931862957161709568

=== beta=0.2, alphasc=0.5 ===
0.5 0.2 0 0 0.0035767975384998424 219372268340037064462488643551266961136728175118349252149084928
0.5 0.2 0 1 0.0002838912744415468 120521248744513256895393990527419527856773041004583281105043458
0.5 0.2 0 2 0.002650116921627262 52341620495358096955391532350817266725452954102986722444312640
0.5 0.2 0 3 0.0003175194513611781 241085529864623450391749457671306801035425065169702132572524809
0.5 0.2 0 4 0.0010590822091249667 424333652814505803322839515841639365430431196243425669942781588

=== beta=0.2, alphasc=1.0 ===
1.0 0.2 0 0 0.00036517521432995214 90829778607692103438697284999795136105534426419005607120634450
1.0 0.2 0 1 0.0002658118536399991 734395797524776412291974854484171311870345395239904005257691738
1.0 0.2 0 2 0.0005812823730193366 157608609177381632729625812286969402580668258656024725909677664
1.0 0.2 0 3 0.0006514020605995299 1441431297028442626405146294240798121059399907725572925488006278
1.0 0.2 0 4 0.00048470876086878723 413083520197299936477631148483092688843069776020514011037214677

=== beta=0.2, alphasc=1.5 ===
1.5 0.2 0 0 0.0003238888638645101 90817224377289133985998626610012005460419324775406704397026906
1.5 0.2 0 1 0.0002495506273131182 966046768067027711143810132842403130142005598896410792432910360
1.5 0.2 0 2 0.0004968778487074077 38792930280960652125747034408478610201866613770587156108026721
1.5 0.2 0 3 0.0007785636999152115 1060586968239484321604748833024555452863265903276339868649725956
1.5 0.2 0 4 0.0004206781534906421 13760375541967873112910934050483286747535180387746968436975172

=== beta=0.2, alphasc=2.0 ===
2.0 0.2 0 0 0.0005766805687685513 14085932763875029897568159188961205543937156361652857695273552
2.0 0.2 0 1 0.00039616985564461395 580180379320990719962256608455065972953988794485917147306524802
2.0 0.2 0 2 0.00022585138650695887 102944517691807582899256754712046377821152222721730334647919457
2.0 0.2 0 3 0.000713910083445521 1181119866567382750682695759927911069207189693061015111178257700
2.0 0.2 0 4 0.0007030870565157195 477389387316530062242403344213679312097710422219649921746404932

=== beta=0.2, alphasc=2.5 ===
2.5 0.2 0 0 0.00041035563419451044 16069493850254025952085028151952701267380890488301177834996434
2.5 0.2 0 1 0.00024769306341720465 107890851066858113790046729567119550094291711324654383102296064
2.5 0.2 0 2 0.002562578657981101 301349923156964514667033025216513415626881499198550587224865
2.5 0.2 0 3 0.0005952704516612801 351940626109816078913407972236665448688069495570416324384924964
2.5 0.2 0 4 0.00040136612699048454 427095577577714814537276696025586867437563843784504458059884748

=== beta=0.2, alphasc=3.0 ===
3.0 0.2 0 0 0.000622056506412549 446829209932537980616129142139056343249812115096386450978052609
3.0 0.2 0 1 0.000492313968893064 308670252098508262973271433308590611389225465650834079630952576
3.0 0.2 0 2 0.0010423541315988639 307578176643388772208093549772337996786221781358138714825505
3.0 0.2 0 3 0.0006366016604062055 422658641611289064241573956501693474715967622805233218301207848
3.0 0.2 0 4 0.00044752354332581405 1811042121940005643254381058086735863222708101431309464045654
