
=== beta=-0.1, alphasc=4.0 ===
4.0 -0.1 0 0 8.337473844750835e-05 514224882946988932213101706468254289039276699224355180153702720
4.0 -0.1 0 1 0.0002831054315059995 129371092070482646930084587153104541182457345434522933341978752
4.0 -0.1 0 2 4.146276149285944e-05 51673395988246147732097115940163357319509193205476227861759312
4.0 -0.1 0 3 0.00019278960655384246 25736117737662595570653892724127447382136117779569249534608000
4.0 -0.1 0 4 0.0002371168542683679 26113772655129275719744302831792519131845726907887863956568

=== beta=-0.1, alphasc=5.0 ===
5.0 -0.1 0 0 9.322155942234105e-05 1673485646176675817782290263820925402705913692474044334080
5.0 -0.1 0 1 0.00013041344267636384 103697782854436939392583106961351323640492132327327321661899904
5.0 -0.1 0 2 9.2458705207629e-05 803469022504370310882582042473767704189964099571353032594944
5.0 -0.1 0 3 0.00019157908434439086 56475311124186637669475489161293761671745837719392931224617224
5.0 -0.1 0 4 0.00014021597032328213 520649521670764046376665224116412403985035936470129110427893888

=== beta=-0.1, alphasc=6.0 ===
6.0 -0.1 0 0 8.741045635527248e-05 261930928799325191430336989610170454532912489309812018468946178
6.0 -0.1 0 1 6.0612277627044904e-05 6754330041795984442574999173036323640499943925449571348514816
6.0 -0.1 0 2 0.0008526070703098972 6628619719917825913860961966227743077971341282246203082276864
6.0 -0.1 0 3 6.204474032446763e-05 3251540237415076638585530144327179856607879786314633082045569
6.0 -0.1 0 4 0.00020019357895796665 112799568757258365902578001806827778570719841497227312851781124

=== beta=-0.1, alphasc=7.0 ===
7.0 -0.1 0 0 0.00021949181371761414 849266860217460992151360562093188560424060043115275941037736450
7.0 -0.1 0 1 8.40466835642608e-05 213458238902704865908118049490819888112009962401791478206503
7.0 -0.1 0 2 0.00010747920413658858 1720030468363839398036070298927888591541426019937208332464144
7.0 -0.1 0 3 0.00027259338250254885 879196275537865624187783345222473365027849702120994456377360384
7.0 -0.1 0 4 0.0001449342773800854 51522475564076066739010883191551100728252484355851645077372945

=== beta=-0.1, alphasc=8.0 ===
8.0 -0.1 0 0 0.0001459882061609325 680339415863237660842352843039098377775068278848963038352015488
8.0 -0.1 0 1 0.00010248314353568338 1234354502700072789384049077788960089855354130834286117723980804
8.0 -0.1 0 2 0.0003360676895265391 803469025122650493994750820735925683308744337761713535333280
8.0 -0.1 0 3 0.0001498203855747887 133375870322570767279396212497373915801119459022135063996433600
8.0 -0.1 0 4 5.972448406115833e-05 824359216705610494297984418824175075142769897185760359446085668

=== beta=-0.1, alphasc=9.0 ===
9.0 -0.1 0 0 0.0002402954001755561 154330446178996171743185683298135038860204126529230940043117632
9.0 -0.1 0 1 0.0004219339788807075 208901945754136440630086707374584200456862127323932147090194944
9.0 -0.1 0 2 5.536749567735438e-05 751211841936533285242551039433503564226105224205057
9.0 -0.1 0 3 0.00017969180707260585 464418268122517474253439204703342450161603950579151342611268721
9.0 -0.1 0 4 0.00010657369940797374 102847173383492764885232234256520509018774084360469177199575188

=== beta=-0.1, alphasc=10.0 ===
10.0 -0.1 0 0 4.692355665983508e-05 3214268790524079780409047348315577749269015710266664060715008
10.0 -0.1 0 1 0.0001477036528417426 234638093518664956416547719605742555622717814662630739480150212
10.0 -0.1 0 2 0.003852881650495314 428652292582571789559401041886051184212136726810751838145689216
10.0 -0.1 0 3 0.00016820910803671117 25108407327400282294079241145471873948647247686737077354757
10.0 -0.1 0 4 0.00010116773500088743 437614449104894784534169309375780911635780457240950599709687936

=== beta=0.0, alphasc=4.0 ===
4.0 0.0 0 0 5.083887171613301e-05 823205900406491310778376723006302661311272781935111518191353860
4.0 0.0 0 1 4.990174727096929e-05 25711045500018587104936507349367465796881927080946990735167488
4.0 0.0 0 2 7.64300034758562e-05 16069386633183462300811780705393462774319162654223686195740704
4.0 0.0 0 3 5.876224860564644e-05 842450228487314080424523271375862740656300961121336515725893632
4.0 0.0 0 4 8.934245236454426e-05 771764247389375328858990941622906832162708221755552

=== beta=0.0, alphasc=5.0 ===
5.0 0.0 0 0 9.638214303870162e-05 128559162888733434928017666385105831373702267213470015648956672
5.0 0.0 0 1 0.00012755439867354924 567450070753025407517820148066995806984411599432111124547502482
5.0 0.0 0 2 8.54017628327404e-05 247469419691423514578721693565837752567022951892000513544430984
5.0 0.0 0 3 0.00011129678483987182 440401457754729522748274085799474466286238130971684430755661440
5.0 0.0 0 4 0.00043652384486900274 617064307075166881225000378393378594721468573899106078086539349

=== beta=0.0, alphasc=6.0 ===
6.0 0.0 0 0 6.643722435773417e-05 803518121850275286871813297832842309926027613952937772990980
6.0 0.0 0 1 8.195043681334882e-05 102969663588731688759363131788922018884777246652520369729175808
6.0 0.0 0 2 0.00011530364332038702 218573411719381855130260109943204920356655510902100075766874625
6.0 0.0 0 3 0.00014166259347379214 106663660628847971971202744276010846210422125201308622167999584
6.0 0.0 0 4 0.0001663835620847288 470029478351153904754295729736889410117880594006922027783094596

=== beta=0.0, alphasc=7.0 ===
7.0 0.0 0 0 0.00012379959876102873 28925009742938896897759632465379180831877665974772383719915648
7.0 0.0 0 1 7.360664429983164e-05 62808680730545898424245604036501949359666254430833077799250444
7.0 0.0 0 2 4.8172678248045555e-05 12857086128922524062128659316000120429920231318198117367554410
7.0 0.0 0 3 0.01227502764455532 0
7.0 0.0 0 4 0.00018421243447363977 848464366245679248831244577101100607723905111876822394671824897

=== beta=0.0, alphasc=8.0 ===
8.0 0.0 0 0 0.00023776088509828988 1608519627550595368323140545682961165383407314334382903314128
8.0 0.0 0 1 6.263946719023196e-05 308536027687083244584363012706901325162960951640075909147394048
8.0 0.0 0 2 7.10341546522761e-05 5986493428930718319558119555724991997324701328867329
8.0 0.0 0 3 0.00026565054176315683 861525963862554538483688895342991896513697531383886016386565492
8.0 0.0 0 4 8.768451193931425e-05 257110087274496964372273870018282211112703130307426335163744304

=== beta=0.0, alphasc=9.0 ===
9.0 0.0 0 0 0.0004577823057507724 51437845091601109342860064381587496364997472471603911682164224
9.0 0.0 0 1 0.0001724813191439368 1165369244860200644305939633010875533150466595815298087933576336
9.0 0.0 0 2 8.377974908557441e-05 778968772028496636047564417945289122490702151366607360
9.0 0.0 0 3 0.00014733103149720266 1131309715333945176732515593965367442123903220430241508449165980
9.0 0.0 0 4 0.00012236954549166518 257210618842799034987629360257079359229248155193532995321471104

=== beta=0.0, alphasc=10.0 ===
10.0 0.0 0 0 0.00015870139783087298 861331543833770205462823827622410945481009662961028696180261120
10.0 0.0 0 1 0.0004378993048441955 25913445622631501405783009333707942448992166287484677911478272
10.0 0.0 0 2 4.6158186850210076e-05 205688075795132918733623609827350362736555495655171719929405472
10.0 0.0 0 3 9.847649155751652e-05 77158334528214604397537680303036685701903818376838572832596128
10.0 0.0 0 4 0.00012041630854951415 28926515563480071024856564731444531311897408559424113483972608

=== beta=0.1, alphasc=4.0 ===
4.0 0.1 0 0 7.221838399243226e-05 3065751154729879966263651534061831773768326320964501504
4.0 0.1 0 1 8.2798737497843e-05 823078715057615068827853166118290355077360017807672728222701760
4.0 0.1 0 2 0.00016899453646240103 401735277452823586348491374298048792261269678894472658681856
4.0 0.1 0 3 0.0002999006922557912 751234677551167405699389605497653327890006265053189
4.0 0.1 0 4 0.00014498324804871623 1079888258786699935223220471668890513795204940598951286581822468

=== beta=0.1, alphasc=5.0 ===
5.0 0.1 0 0 7.924812418848523e-05 411388702728757403796414784030975205700235069571275527428243520
5.0 0.1 0 1 9.407482924968211e-05 29728353818814704213100798520988780163420347206923410002223111
5.0 0.1 0 2 0.00011134945361302183 822753064830815485702879999614716712677171009039143285634893312
5.0 0.1 0 3 0.00025058451143120336 32973615416009640914590125181519347946029251702117319833550852
5.0 0.1 0 4 5.724867435126484e-05 429052457817153377953895489838534544496881959392440763701038977

=== beta=0.1, alphasc=6.0 ===
6.0 0.1 0 0 0.0001408878096587105 27518822448642257412067578686372610755947878525127182824505608
6.0 0.1 0 1 6.155176971800736e-05 6448843003258872982572257351745393094382464740756251738112
6.0 0.1 0 2 4.525203953034559e-05 1777694851519208791297394759519607531743852343920248791040
6.0 0.1 0 3 7.61505259376681e-05 515829306740753324794802932776947199535477438909151553418953253
6.0 0.1 0 4 0.0001001719048991093 1234228952763399845712050018139149907666203917393307327310890001

=== beta=0.1, alphasc=7.0 ===
7.0 0.1 0 0 0.00014682397761701216 12463498897103423212303401762276931297020978243420951552
7.0 0.1 0 1 7.380379466361257e-05 25924485360978473605064813565191834584944314195401190393536512
7.0 0.1 0 2 8.778053374376039e-05 25711793562209789742785331698896540012223825381177298295717888
7.0 0.1 0 3 0.00013640631634989823 851677972614957562363400815261086059890187048029085141852882241
7.0 0.1 0 4 0.00012369707005730623 103647604999433954304152223776912837690079384025508750381026140

=== beta=0.1, alphasc=8.0 ===
8.0 0.1 0 0 8.981086240912e-05 26539586137216539026039712958155782202226346143803694492155968
8.0 0.1 0 1 7.145490280055844e-05 38568085402688377222480733059730337558723562399497925242791049
8.0 0.1 0 2 0.00019215013210281773 411376140098794147844223704378525747602375369128315222400958496
8.0 0.1 0 3 3.842690785780291e-05 1606938427382969690372792286552407079467034858488003957900690
8.0 0.1 0 4 4.626130385691432e-05 6428536817746587876987997816498961603181475061433033569764353

=== beta=0.1, alphasc=9.0 ===
9.0 0.1 0 0 5.111417072458007e-05 39244145816522471091924050479018155821859533681983935882432
9.0 0.1 0 1 0.00013638787045305338 313353801355476175233362402919491720469144213638268468274136140
9.0 0.1 0 2 0.00019950673046105905 53330257134791291925563564217818709557882861598001991870726228
9.0 0.1 0 3 6.6561932339382e-05 1232085037535042925002717145850926439083399804980810261725232
9.0 0.1 0 4 0.00022905490262570039 205689639132152413390375955206663061153532726475337432661229640

=== beta=0.1, alphasc=10.0 ===
10.0 0.1 0 0 7.694036149160735e-05 76158898773029213549076217605754193886801730928374148235908
10.0 0.1 0 1 0.00010286789245290107 932827534699828436051357959484141907867825610314885107330073664
10.0 0.1 0 2 7.249027440923605e-05 14123504346449276354240007724402052478895172349856808435746
10.0 0.1 0 3 7.453023459429847e-05 212141727529945098436233862035195200296015687320631908460135425
10.0 0.1 0 4 9.800997302232657e-05 200867258575220371772008321585064381751266883847797235950741

=== beta=0.2, alphasc=4.0 ===
4.0 0.2 0 0 0.00012781508299559456 784637716923346768960467912743801121899185274896525689088
4.0 0.2 0 1 0.0002009199656847982 218647152335380069975304951437399421485015652169462486608658432
4.0 0.2 0 2 9.352200115131855e-05 8235557489174821747937172917942104950898041246060291794403328
4.0 0.2 0 3 0.0001406257331198567 218556128414255393443470665977800778648351514385816729460278016
4.0 0.2 0 4 0.00018274956594223278 424231937924265756234672653234511633784029137839664941325485461

=== beta=0.2, alphasc=5.0 ===
5.0 0.2 0 0 0.0001200402190241779 25110131747320462741423810926081803804594951283350320464200
5.0 0.2 0 1 4.2131017950813227e-05 805038327513898073091442084765518218215017910702422278291456
5.0 0.2 0 2 4.164260885550987e-05 6553307430271869709178902224268150513974570434743521075933402
5.0 0.2 0 3 7.69779435386341e-05 411376923968018434230650613546057368021585133926943451079131941
5.0 0.2 0 4 0.00028823763389030553 5576909062356420438292698371650312426489860

=== beta=0.2, alphasc=6.0 ===
6.0 0.2 0 0 0.00012805028609690468 952539406474425472965871503935465307381010331928661083964837397
6.0 0.2 0 1 0.00014353763685650008 825966154749121196450666194879470179025177913300712355342581896
6.0 0.2 0 2 0.0001199994619239426 803873600963975746922032777268845457641763511348527219492888
6.0 0.2 0 3 8.528996045861217e-05 1606947382909538467064884288196341923779008977142782559389201
6.0 0.2 0 4 5.882860123806224e-05 102845604108757513143189987055378543656325931581558490834060817

=== beta=0.2, alphasc=7.0 ===
7.0 0.2 0 0 0.00019656468980131092 3515256853152957316392445512460781054427505375402843673985024
7.0 0.2 0 1 6.997366523822863e-05 515525815155078362367891180056770629348953187212722668652658883
7.0 0.2 0 2 4.671572233689911e-05 200867286212216177594144801407435669206019801446531253543204
7.0 0.2 0 3 0.00027483577727293446 861318992480494644809307279253825636581050120436846883917266949
7.0 0.2 0 4 0.00023304391676514508 214218550497052554988465627264205442300316798397376690127888

=== beta=0.2, alphasc=8.0 ===
8.0 0.2 0 0 0.0001415221900294795 464407547562127621776926099890535401128329731027382304180799520
8.0 0.2 0 1 8.225262769258978e-05 107063841916035886496908719395970838289714255520266472470347784
8.0 0.2 0 2 8.774154148032171e-05 993057116327839151646757178038706989013205184678415323712
8.0 0.2 0 3 5.802448197993499e-05 206519791775445798353292917895365568173272232870252565481422848
8.0 0.2 0 4 0.0003075946857743333 102844040963305829936728676146661205709416577366587737207120384

=== beta=0.2, alphasc=9.0 ===
9.0 0.2 0 0 0.00012556686042275098 1619500679497354235975907058105728603176298118986270142107652
9.0 0.2 0 1 0.0006388102269990399 12855506269691348287589721148896654547134481612759274381905920
9.0 0.2 0 2 0.00012348457651398148 3214072439532538220008802253199156981097107946949023358779392
9.0 0.2 0 3 5.0280370198084115e-05 6503077433790157523490427745887306622692572182332700266348800
9.0 0.2 0 4 5.108437030158627e-05 464408245601680209899141629161090485690959560807464515546392064

=== beta=0.2, alphasc=10.0 ===
10.0 0.2 0 0 3.387746396858538e-05 16075768075566357432935678401783920976627267784600729977881608
10.0 0.2 0 1 0.0006698779979641991 135291943376499712129274156516693580856433341122587229346071043
10.0 0.2 0 2 8.390536358163163e-05 3064991264776642756729006372098502384794834559853265760
10.0 0.2 0 3 0.00011408405832840652 208908222904060486392505139657852831703356385618534902981328944
10.0 0.2 0 4 0.00011842846208708292 310955065793027223778094675768432053015214275713239547270660096
