
=== beta=-0.1, alphasc=4.0 ===
4.0 -0.1 0 0 0.00011890941304666149 102972721548179738960789618156401314244634691316910937528829280
4.0 -0.1 0 1 0.0002031315130141852 978662932426969440323079158028899906481296079487465897292005376
4.0 -0.1 0 2 8.308921588148018e-05 6131478752558512780898607638423079131351176737408025600
4.0 -0.1 0 3 0.0002222719207763474 666879288367481101365692768114582752869268339691074439547716868
4.0 -0.1 0 4 0.00026660815057602544 218556155808361475260941525738886394452339525158065936937452112

=== beta=-0.1, alphasc=5.0 ===
5.0 -0.1 0 0 0.00016912739623045972 520647938600652502888300078444521544776924436940586770099085392
5.0 -0.1 0 1 0.00013301265236660015 69098398184731496449684228036512999258049728337048739787836289
5.0 -0.1 0 2 0.00012123732252669271 25712774382459350174150929747892543063233308098152476457447681
5.0 -0.1 0 3 9.740403254389364e-05 4220173961980838553683511430744170685729855032410532407934980
5.0 -0.1 0 4 5.2336541499531414e-05 98103662872645795646622405777528351824336640453799616725

=== beta=-0.1, alphasc=6.0 ===
6.0 -0.1 0 0 0.0001349432247620735 803469046083609741089751896869967965230483569357880035377408
6.0 -0.1 0 1 5.100603525063802e-05 231474417386583498924546850992332487500044881789831514423429120
6.0 -0.1 0 2 0.00023523139978910433 30773379550093670553999106839660585569493946267074568
6.0 -0.1 0 3 8.957969743048628e-05 27958408055855104257954681511826645161280676684289377615529217
6.0 -0.1 0 4 0.0003160013060414931 193045991367570344243202854056467033159279573002151665030725829

=== beta=-0.1, alphasc=7.0 ===
7.0 -0.1 0 0 0.0002347959075833389 142316020013212271484973851693219921465575159215240487094485376
7.0 -0.1 0 1 0.00032524850787404115 822954715203730402410115224462791986826003066985830970193707014
7.0 -0.1 0 2 0.00020317460368855287 1861175223249840475758951901354433599311800077146820578377728
7.0 -0.1 0 3 0.00012708010140585307 506212186146903986396134587965994695567985067418170857030304260
7.0 -0.1 0 4 7.82592596286152e-05 321387658274779248033657913503325977480845475145574669827080914

=== beta=-0.1, alphasc=8.0 ===
8.0 -0.1 0 0 0.00012923108737603265 6427752201004587954830255542104731256774420872659636313129032
8.0 -0.1 0 1 0.00017859339995479045 1031657387533017106961331707170215879427343190281766909000024068
8.0 -0.1 0 2 9.643308172151972e-05 411530026405526267859308265867791142773921099235921242563281713
8.0 -0.1 0 3 0.0001484083165718235 237826830556319800199003723955429209377385921769372817277453316
8.0 -0.1 0 4 0.0005591252067255184 3213876088517980574082928927682588691936345744320836159964689

=== beta=-0.1, alphasc=9.0 ===
9.0 -0.1 0 0 0.00016934465077552555 1002729340096517711512226292669782943752312581094119609045457936
9.0 -0.1 0 1 0.0009907725086796297 8085939177805751851523007204245981891079860763530142209277953
9.0 -0.1 0 2 0.0008120882935771159 412393032122173843706600763389383318125315212088036491133980673
9.0 -0.1 0 3 0.00022338919727769437 25711894491314765327176867638808754095884344278077947064222752
9.0 -0.1 0 4 0.00017176454735878805 6829584768753699839777883217009719895757181108589571443696708

=== beta=-0.1, alphasc=10.0 ===
10.0 -0.1 0 0 0.0001681915884369878 1530332294681094131294014759660371486269595714161811854985855048
10.0 -0.1 0 1 0.0003175955247285483 25136015830195773594936605793365396426909785884354520563842
10.0 -0.1 0 2 0.00014620364582184148 6427948360410446180095822181737052029073634041379236861707264
10.0 -0.1 0 3 0.0006863734522511984 14463230131023086235149904026401799802140048721367306156000257
10.0 -0.1 0 4 0.00138002518400214 437087258390120668830807455343337346581240100691100570260512788

=== beta=0.0, alphasc=4.0 ===
4.0 0.0 0 0 5.083887171613301e-05 823205900406491310778376723006302661311272781935111518191353860
4.0 0.0 0 1 5.3410265117688726e-05 180793127858731932695254372979698224172172734459227321613685536
4.0 0.0 0 2 0.00010549337190430451 249075403050766282287142899494850140239956208294175091695026208
4.0 0.0 0 3 7.99017146357144e-05 19699617181859521433593817884533902027850802599830604564406336
4.0 0.0 0 4 8.672537380357964e-05 748380221192080882167731984298265712227495889772704

=== beta=0.0, alphasc=5.0 ===
5.0 0.0 0 0 7.352412486364363e-05 3947708513270529721006878173099001355852028601865320038656
5.0 0.0 0 1 0.00018409146972827326 156074127366645942384161287889067761070674837132410240519766418
5.0 0.0 0 2 8.6218959767652e-05 247469407430635990431770939572649475458337018634807279179817992
5.0 0.0 0 3 0.00012457335514818766 440426566161671069114528394815123257804728625570126319960721024
5.0 0.0 0 4 0.0001088932216358615 231399274556715841485018681893761724353086503369379643662575705

=== beta=0.0, alphasc=6.0 ===
6.0 0.0 0 0 5.6567577995599376e-05 411376202162642800911979700394194814459254740660083570222563328
6.0 0.0 0 1 5.567991635512397e-05 7061745441589400355117903965151365210714331320038720815105
6.0 0.0 0 2 9.917841232310256e-05 298965911912403510143159525218112770935365320361702936736727553
6.0 0.0 0 3 0.0001843611649301491 128759055480108503875507112160343311928969087688617678774206657
6.0 0.0 0 4 0.00010617337076095816 437300577159936448898662747996537503254943586949841132232320833

=== beta=0.0, alphasc=7.0 ===
7.0 0.0 0 0 0.00013791928283185924 27318829661396333529615386580533034973302334801697825026506753
7.0 0.0 0 1 7.261163847299474e-05 53367968786552747514895520215229573306402032055436304852741260
7.0 0.0 0 2 5.6303221592613555e-05 46602780412984942706218847341027718109665242070971644205212074
7.0 0.0 0 3 7.239408675219836e-05 1496577676626865857186584993749313888519276267508998
7.0 0.0 0 4 0.00012898780431853176 3214072247948672887197576882666377592079139960607654010748928

=== beta=0.0, alphasc=8.0 ===
8.0 0.0 0 0 0.00015570667071140179 102920978585133718887651050831114741512615824754559093796508032
8.0 0.0 0 1 0.00014970743982288564 205691404376219627815276775658531524063390887934036148492438528
8.0 0.0 0 2 6.271587466014215e-05 822764832864073794462207295382215780754356936475812538381107200
8.0 0.0 0 3 0.00022818148594297647 38773657617031780393000734330969111152321710254926930410209472
8.0 0.0 0 4 8.454745309579733e-05 51422031211743634967921655134775195693464458225406987035820080

=== beta=0.0, alphasc=9.0 ===
9.0 0.0 0 0 0.002549923184829477 349129874614382336628496757137135401697280
9.0 0.0 0 1 0.007889056905159385 1039928501953560968437143220254615272704912111536720094955572420
9.0 0.0 0 2 9.85736625709889e-05 748380210397050781384458017147512919135652726047232
9.0 0.0 0 3 8.308798038489692e-05 313367829812145147264291718804396007605017085958049367954358916
9.0 0.0 0 4 0.005765555358051112 617089418553883811745743301738742254265793381577009124895367392

=== beta=0.0, alphasc=10.0 ===
10.0 0.0 0 0 0.0002466896023582773 848578144853944426226907439362212472230480734481254080139305600
10.0 0.0 0 1 0.00012950176268148016 55682624956143832298902594063724923824678822525422098482078208
10.0 0.0 0 2 7.294996785802324e-05 822752278660603021259897845650365514986760576119902027727250464
10.0 0.0 0 3 0.0010154545020387674 231424411297579231907217976529868095161518548046209965413826913
10.0 0.0 0 4 0.00016785887389432505 929013619361522651010137796492992863238606552889140802423522456

=== beta=0.1, alphasc=4.0 ===
4.0 0.1 0 0 0.00010047431760584148 25122199408051931885665883053631167324574103050970534153302
4.0 0.1 0 1 6.474159299583017e-05 360255453447275862310614560595284072176165208822434571172712577
4.0 0.1 0 2 0.00015956856977845718 1532495541223747579496473639444245312761993183419760768
4.0 0.1 0 3 9.519485449860432e-05 927240914363383202963280520685058426665841778541354493951221864
4.0 0.1 0 4 9.80721210046761e-05 205688069665152216771008480221865903836107633494962747429880848

=== beta=0.1, alphasc=5.0 ===
5.0 0.1 0 0 0.00010179428791697751 106109795102144674469496012301290237918602297767726198817301578
5.0 0.1 0 1 6.46390703884883e-05 424335215863024899700157107612143213707641857694543219257315714
5.0 0.1 0 2 6.060552702118342e-05 977220033422961641879544930996571529614562814519343385459818496
5.0 0.1 0 3 0.00012203525810885741 835614456266519335807963546137532804369443283974296396126905728
5.0 0.1 0 4 