
=== beta=-0.1, alphasc=0.1 ===
0.1 -0.1 0 0 0.04715958384797097 696898287454715798473252884673599328223232
0.1 -0.1 0 1 0.05634335879420104 1180591620717415497728
0.1 -0.1 0 2 0.062081551613286545 0
0.1 -0.1 0 3 0.058122633344260155 784637716923335095479473677900958302012794430575184183296
0.1 -0.1 0 4 0.06049156720024008 37778931862957161709568

=== beta=-0.1, alphasc=0.5 ===
0.5 -0.1 0 0 0.0005124129143889093 39382647025631967519698852861210869160423170120620760659788320
0.5 -0.1 0 1 0.0003287856468555519 117306514216122715291049324791563448797560750903202243167649799
0.5 -0.1 0 2 0.0007437262457675189 258029714681922391926580871442742859449383082326757937858478144
0.5 -0.1 0 3 0.00035496780516255314 241085529864623267704044791308442025574820975670353472600051977
0.5 -0.1 0 4 0.0010590822091249667 424333652814505803322839515841639365430431196243425669942781588

=== beta=-0.1, alphasc=1.0 ===
1.0 -0.1 0 0 0.0004587208754208998 270806842629697403528210867833480546651198625740741920276775890
1.0 -0.1 0 1 0.0003079543260129991 1351463191424011606762280184126137900044545900275677909169081354
1.0 -0.1 0 2 0.0004480073326285229 1362824702647078697541633589041525926084714751182817455190836289
1.0 -0.1 0 3 0.0006599600300894309 1030149712253989791274035308782105852120257596282490678605120742
1.0 -0.1 0 4 0.0003977145008208417 425942258309273328571989032570542948824790217805649564785616597

=== beta=-0.1, alphasc=1.5 ===
1.5 -0.1 0 0 0.00024544172413303625 39420315415833477365374935040868689002888006608017733277221488
1.5 -0.1 0 1 0.00024416469299860046 1351460029980650125331904033372390458879201467642509075002048584
1.5 -0.1 0 2 0.0003108154057690944 135215097521821949515009369111832652475575234571162323783803489
1.5 -0.1 0 3 0.0005981554726311699 1163556667706386598766611149128792000412642164972482150503940164
1.5 -0.1 0 4 0.0005368614198475145 630021311771997423246513625690317828118717211943114922576750276

=== beta=-0.1, alphasc=2.0 ===
2.0 -0.1 0 0 0.0005324167772536449 14462558868039724599134233471849256554279434760104831214061136
2.0 -0.1 0 1 0.00016225339027052538 168753666474628373392611128842904877202438373428591903037341720
2.0 -0.1 0 2 0.0002692219887141394 26037471635731904121331337729731471080439463385732471897745249
2.0 -0.1 0 3 0.0006100085383744088 1174679673585556073694697270842827223494178062499642212067444048
2.0 -0.1 0 4 0.00043388142334817835 416225403095340494392391126763433076756843124521222621890619084

=== beta=-0.1, alphasc=2.5 ===
2.5 -0.1 0 0 0.0004673545301195014 643578800896709190808236018952959806294381377813165781063795457
2.5 -0.1 0 1 0.0006311697866171261 107867299580251040620423616755239848111826123644985947078136194
2.5 -0.1 0 2 0.00028322970955901644 100495119199455908492421857240431442839145264504603968808867
2.5 -0.1 0 3 0.0005385556306570757 1078262490587369711579598105128144463969545391641493630895007044
2.5 -0.1 0 4 0.00029641015972770425 16069380442589902755426875185203184012805687285011952442026533

=== beta=-0.1, alphasc=3.0 ===
3.0 -0.1 0 0 0.0004062557348609108 2812258442637618794238453712384312217794766634909921103746768
3.0 -0.1 0 1 0.0001550958812602773 552865789592517453702763429289283794624083505612914840739912072
3.0 -0.1 0 2 0.00040796835806147807 830285107481681440966966888337934854988061529562671804129096481
3.0 -0.1 0 3 0.0005022821824979116 1078463556880996330240709520959790228051305387452313120802874384
3.0 -0.1 0 4 0.0007501676570900621 3229666923693496284866315538657169277706637268761679469094596

=== beta=0.0, alphasc=0.1 ===
0.1 0.0 0 0 0.04715958384797097 696898287454715798473252884673599328223232
0.1 0.0 0 1 0.05634335879420104 1180591620717415497728
0.1 0.0 0 2 0.062081551613286545 0
0.1 0.0 0 3 0.058122633344260155 784637716923335095479473677900958302012794430575184183296
0.1 0.0 0 4 0.06049156720024008 37778931862957161709568

=== beta=0.0, alphasc=0.5 ===
0.5 0.0 0 0 0.0009378563089221636 39370092822161194163746388848346967956985709798145574126617120
0.5 0.0 0 1 0.000298654075638434 120570607118436189820227123427122195013605605774261656751308803
0.5 0.0 0 2 0.0007025746559189912 258029714681922391921005685143110203663999152758595847482507328
0.5 0.0 0 3 0.00035197092255338856 241085529864623267704044791308442025574820975634324675581088009
0.5 0.0 0 4 0.0010590822091249667 424333652814505803322839515841639365430431196243425669942781588

=== beta=0.0, alphasc=1.0 ===
1.0 0.0 0 0 0.00037169741591728915 66725707943813095300966634487838710038923895265881137794941520
1.0 0.0 0 1 0.00034994067735078427 528710863723554200979278336378336001966101889410693003967859722
1.0 0.0 0 2 0.000597357512895969 1362824800736895212278540679225968063468441696022995602702861377
1.0 0.0 0 3 0.0005820025740394969 1132991779356269295889833528890868328501037736126089037714440261
1.0 0.0 0 4 0.0015574542020756058 425939021678691008395344840148450229273917286068752038127904709

=== beta=0.0, alphasc=1.5 ===
1.5 0.0 0 0 0.00037501728227523254 476482355047337285768182809365331594768187030478495377958404720
1.5 0.0 0 1 0.00023002167978801387 965794899382391119517667767221395071471856990076676831227035664
1.5 0.0 0 2 0.0002603139635936433 232252764210083792744088939562092206454607774683680896721761
1.5 0.0 0 3 0.0005465282371439574 1576639272237600865749928001280303907261635367011755942425535749
1.5 0.0 0 4 0.00024817114116490246 476597715327791537225028596249178876508357167824582245501544020

=== beta=0.0, alphasc=2.0 ===
2.0 0.0 0 0 0.0005622586796031341 65922238894745624287494817734135165264354934984139723463361616
2.0 0.0 0 1 0.0002878808897454762 170360592270939319501139165999124040443432348464208406948217345
2.0 0.0 0 2 0.00023022358735552272 326460054155994711835093007856997414189324873240041887377249
2.0 0.0 0 3 0.0007346628628298159 1174704680853778952593414818416516395498898255082320795353613604
2.0 0.0 0 4 0.0006361569733557581 425838686132557107972180363932981730844776388174439859487944388

=== beta=0.0, alphasc=2.5 ===
2.5 0.0 0 0 0.00040916969174222033 38567395781148273261934139896884863238589867938476082146182768
2.5 0.0 0 1 0.0003039821073343415 940096504529054804977974486137884923876894646179468567216521346
2.5 0.0 0 2 0.0021909302294453644 201124714784426727182652216005232102300643094073528405226273
2.5 0.0 0 3 0.0005869052770571011 1040806267866394848783222085136923559969141938205427447963878024
2.5 0.0 0 4 0.0003281639841176993 1030072394969276282477726189621585142511613344331934376198899585

=== beta=0.0, alphasc=3.0 ===
3.0 0.0 0 0 0.0002950852051052309 231399470884463669641998194007705717082595456746941163835003528
3.0 0.0 0 1 0.00030834871018470424 514245455081080815436582840210323448791832478484547833503748226
3.0 0.0 0 2 0.00021571260674132015 301658194212010692388237614307173160795964382299777600595713
3.0 0.0 0 3 0.0004509446515781 12862570123072049670216310352748101244219529677699969932470020
3.0 0.0 0 4 0.0003302348097590365 827774744878986425538727022103587596944751043828748673212393412

=== beta=0.1, alphasc=0.1 ===
0.1 0.1 0 0 0.04715958384797097 696898287454715798473252884673599328223232
0.1 0.1 0 1 0.05634335879420104 1180591620717415497728
0.1 0.1 0 2 0.062081551613286545 0
0.1 0.1 0 3 0.058122633344260155 784637716923335095479473677900958302012794430575184183296
0.1 0.1 0 4 0.06049156720024008 37778931862957161709568

=== beta=0.1, alphasc=0.5 ===
0.5 0.1 0 0 0.001041655290692361 13658986034255771689490847894854144718925391362479418776879648
0.5 0.1 0 1 0.0002870124465698878 120571391756153113155328047418670197162027640814193244340617219
0.5 0.1 0 2 0.0007007829274670071 258029714680437506435883449366460245006245155391812312066687048
0.5 0.1 0 3 0.000339294839758324 241085529864623267704044791308442025574820975634324675580956937
0.5 0.1 0 4 0.0010590822091249667 424333652814505803322839515841639365430431196243425669942781588

=== beta=0.1, alphasc=1.0 ===
1.0 0.1 0 0 0.0004261050741909532 296517848272842858708068432820112986335693263076769402080363090
1.0 0.1 0 1 0.0005926569775175647 528710890159099352203938715055992453472344136511550424289905690
1.0 0.1 0 2 0.0018514566551195576 1006084456831684727324790267302687096562060022568896796242740800
1.0 0.1 0 3 0.0008128541541881735 1132994525803794485417378914345458611146666320415646431249875013
1.0 0.1 0 4 0.00041879519325300156 425135651310215130584158731290930971937928318792250430729791429

=== beta=0.1, alphasc=1.5 ===
1.5 0.1 0 0 0.00038810449224599045 476482355047337285768171920329602167456743996898039913646687824
1.5 0.1 0 1 0.0002403530108772687 965795690127599163322849318991619692667270344498182921086189640
1.5 0.1 0 2 0.0003841266880883374 232301804067756876594847413541697636168350135875715723699041
1.5 0.1 0 3 0.0008599373987330648 1564406757298078739184244521441818753480527933107115021887086742
1.5 0.1 0 4 0.0005457689996662466 16172327363300334716224169771366336754075573166650644388554324

=== beta=0.1, alphasc=2.0 ===
2.0 0.1 0 0 0.0004757119099758258 66926771331784064491018124600022870330518594477404275147965520
2.0 0.1 0 1 0.00023639378207426144 720047959962292561943781114948913386430707583502391531861585155
2.0 0.1 0 2 0.00012860269677424476 102946086967945873358738572160473098634458885778926328560493409
2.0 0.1 0 3 0.0007627983266765031 933638850474804479118207654185178073589469947098378766547223840
2.0 0.1 0 4 0.0005974644757575625 1303327285794253060055179765687368382646810940486812189452312780

=== beta=0.1, alphasc=2.5 ===
2.5 0.1 0 0 0.00043684430595900496 96491721281034288798909847878426016654098783664761266234753616
2.5 0.1 0 1 0.0003132183619264347 938451868250490807275497559284042915602331068813326685216178176
2.5 0.1 0 2 0.0003678137055213871 903963949727375929944368855050507636377273648771121285710689
2.5 0.1 0 3 0.0005718599844890406 453265593125967579884681126418856100919966794924420825210168580
2.5 0.1 0 4 0.0006934721501988026 28937538663279056059463754854489446164869485080860491134839175

=== beta=0.1, alphasc=3.0 ===
3.0 0.1 0 0 0.0008021033075612812 850095343015063906698119438978691991481165277212905123974154060
3.0 0.1 0 1 0.00029519516332951283 952914335433645909952072171825894191666478808436981409318575238
3.0 0.1 0 2 0.00033569401202913684 222862479197225351621359370707936694749773520354988899514749025
3.0 0.1 0 3 0.0003817777502584325 17682599235011330470144473768712408459968892248363478104024340
3.0 0.1 0 4 0.0009573158967249489 835811886901537960340045552220763505630071509749901030472222292

=== beta=0.2, alphasc=0.1 ===
0.1 0.2 0 0 0.04715958384797097 696898287454715798473252884673599328223232
0.1 0.2 0 1 0.05634335879420104 1180591620717415497728
0.1 0.2 0 2 0.062081551613286545 0
0.1 0.2 0 3 0.058122633344260155 784637716923335095479473677900958302012794430575184183296
0.1 0.2 0 4 0.06049156720024008 37778931862957161709568

=== beta=0.2, alphasc=0.5 ===
0.5 0.2 0 0 0.0030459090595874564 219347055723398733147212568010781898954342292393439914908353280
0.5 0.2 0 1 0.0005460042323495789 120521150230779423246411070929913607830743033613326432123092995
0.5 0.2 0 2 0.0006615811863800271 52379283093786012108415264444539656463676738459804983023894616
0.5 0.2 0 3 0.0003175194513611781 241085529864623450391749457671306801035425065169702132572524809
0.5 0.2 0 4 0.0010590822091249667 424333652814505803322839515841639365430431196243425669942781588

=== beta=0.2, alphasc=1.0 ===
1.0 0.2 0 0 0.00036517521432995214 90829778607692103438697284999795136105534426419005607120634450
1.0 0.2 0 1 0.0002921522331720383 734395795992280871426085996125824284720036211621164883074089562
1.0 0.2 0 2 0.0005812823730193366 157608609177381632729625812286969402580668258656024725909677664
1.0 0.2 0 3 0.0005804879702774274 1030149412255994584519456713129948287964023381404295734445909126
1.0 0.2 0 4 0.000471624635113951 425939024551371858681966845221821989663247399970776353719625685

=== beta=0.2, alphasc=1.5 ===
1.5 0.2 0 0 0.0003435144424493187 887858494329748322073490264509432359654768357896902649507907162
1.5 0.2 0 1 0.0002495506273131182 966046768067027711143810132842403130142005598896410792432910360
1.5 0.2 0 2 0.00034529658184785346 628936367526556238316313729952079418180708418630471970202465
1.5 0.2 0 3 0.0008952602167469141 1060586968239507717071054189787209832140612361125395517046857860
1.5 0.2 0 4 0.0004216260795972346 13760375541219584274597511756363000113184443499697529483929156

=== beta=0.2, alphasc=2.0 ===
2.0 0.2 0 0 0.0003404772717915694 13784631880571194110295768076898065800502338204413582206731858
2.0 0.2 0 1 0.00034533805980496387 580181948596424566632447567402421774870588097708295393669941378
2.0 0.2 0 2 0.0003236806978847629 302919391695094739678618262912644794704757024226643574023009
2.0 0.2 0 3 0.000550266629378176 1171905078172802954422753085729046902121429627685695855910323488
2.0 0.2 0 4 0.0003110733328877955 310167492869736347729486305501014496404658146953787577267782656

=== beta=0.2, alphasc=2.5 ===
2.5 0.2 0 0 0.00036584635967600645 16069493850254025952085198313905349170733034000422818138997974
2.5 0.2 0 1 0.00017402689705339275 107740248321134270601364842920371728041604004251512271679914572
2.5 0.2 0 2 0.00019681799878736988 617152481938893636556153070546919163764023379438058683999871365
2.5 0.2 0 3 0.0006196030899566805 351928066156504102819794598186584337705805137761337796289242404
2.5 0.2 0 4 0.000572084971329933 1261597229926702168754093181463460106796016188506473668735569108

=== beta=0.2, alphasc=3.0 ===
3.0 0.2 0 0 0.00085451435769385 38566568244029146402701361593746951292210898818732617635465872
3.0 0.2 0 1 0.0004953395113503333 102881723136290326756091615245089805955285489330204139248353408
3.0 0.2 0 2 0.0003372373617207366 301301122798579800979461460001276317305961651614295553286945
3.0 0.2 0 3 0.0018368848412221208 11557125481863575963451837891773480924267347527579678758478152
3.0 0.2 0 4 0.0008162507437263973 25714245531083152664891623745284809640340381246311084834040021
