
=== beta=-0.1, alphasc=0.1 ===
0.1 -0.1 0 0 0.00014987513045351547 579948403187004386
0.1 -0.1 0 1 0.0006816119460837046 583344794622107780
0.1 -0.1 0 2 0.0004802790112913 577605556611647778
0.1 -0.1 0 3 0.00016688698785287788 145544553192638757
0.1 -0.1 0 4 0.0004982779226914767 21746140974819780

=== beta=-0.1, alphasc=0.5 ===
0.5 -0.1 0 0 0.00019376270472220978 3386495813952450
0.5 -0.1 0 1 0.0022008342284328473 674085
0.5 -0.1 0 2 0.00045156937514392 576460977858455842
0.5 -0.1 0 3 0.00029260727776362906 146705637471570213
0.5 -0.1 0 4 0.0004870902458382085 78619479433158661

=== beta=-0.1, alphasc=1.0 ===
1.0 -0.1 0 0 0.00036476621236196616 3456864558211969
1.0 -0.1 0 1 0.00017374291958669594 751112676817502208
1.0 -0.1 0 2 0.00033744432417526145 19629689122
1.0 -0.1 0 3 0.0002782823237784539 723113613216860453
1.0 -0.1 0 4 0.00022022654445931603 438063024692662405

=== beta=-0.1, alphasc=1.5 ===
1.5 -0.1 0 0 0.0005960385947593545 660973614061200034
1.5 -0.1 0 1 0.0004722103792520851 601499930603028608
1.5 -0.1 0 2 0.00030828974175329686 578712760498858282
1.5 -0.1 0 3 0.0003135652396657203 721143288379885861
1.5 -0.1 0 4 0.00020728343236993605 303801659824807940

=== beta=-0.1, alphasc=2.0 ===
2.0 -0.1 0 0 0.0007089171912205236 92323792361435328
2.0 -0.1 0 1 0.000257020073523304 749969184741654528
2.0 -0.1 0 2 0.0005083341456539702 85908080938
2.0 -0.1 0 3 0.0003500067644125737 578150701676022052
2.0 -0.1 0 4 0.00011808704968906739 303456413173819396

=== beta=-0.1, alphasc=2.5 ===
2.5 -0.1 0 0 0.0005267353137654489 675823618105618560
2.5 -0.1 0 1 0.0002202624763444805 746581726906288132
2.5 -0.1 0 2 0.000168201950302684 720576011322071338
2.5 -0.1 0 3 0.00042642185614197114 19726338181712260
2.5 -0.1 0 4 0.00020645160443785794 293859946586972932

=== beta=-0.1, alphasc=3.0 ===
3.0 -0.1 0 0 0.0005918584404654014 676672441082187776
3.0 -0.1 0 1 0.00015094299717323566 722938825295003648
3.0 -0.1 0 2 0.0002328080909808594 585609790706225442
3.0 -0.1 0 3 0.00012643564060039518 577164439745858308
3.0 -0.1 0 4 6.694180263262807e-05 293932443487445124

=== beta=0.0, alphasc=0.1 ===
0.1 0.0 0 0 0.00014987513045351547 579948403187004386
0.1 0.0 0 1 0.0006816119460837046 583344794622107780
0.1 0.0 0 2 0.0004802790112913 577605556611647778
0.1 0.0 0 3 0.00016688698785287788 145544553192638757
0.1 0.0 0 4 0.0004982779226914767 21746140974819780

=== beta=0.0, alphasc=0.5 ===
0.5 0.0 0 0 0.0001926853911476321 3412884093019106
0.5 0.0 0 1 0.0022008342284328473 674085
0.5 0.0 0 2 0.00045156937514392 576460977858455842
0.5 0.0 0 3 0.0003148845673438475 155712836726311205
0.5 0.0 0 4 0.0004870902458382085 78619479433158661

=== beta=0.0, alphasc=1.0 ===
1.0 0.0 0 0 0.00013425431526230245 588977592674362022
1.0 0.0 0 1 0.0001065936720673102 584478391093434534
1.0 0.0 0 2 0.00014463056651493 88357751076
1.0 0.0 0 3 0.00013791203921684436 722880516751771941
1.0 0.0 0 4 8.639593489507595e-05 579900024675512518

=== beta=0.0, alphasc=1.5 ===
1.5 0.0 0 0 0.00039212556406602377 107892877010747648
1.5 0.0 0 1 0.00011118763331960512 579905522233510054
1.5 0.0 0 2 6.43211122327863e-05 19336072106
1.5 0.0 0 3 0.00013828249522028247 153122387331434917
1.5 0.0 0 4 7.804227265732643e-05 876539465756977316

=== beta=0.0, alphasc=2.0 ===
2.0 0.0 0 0 0.00035245630910465107 101964310313513284
2.0 0.0 0 1 0.00010891084003978196 731902009665650820
2.0 0.0 0 2 0.00013750438508527507 585467970927806890
2.0 0.0 0 3 8.089657433144226e-05 587156805724707206
2.0 0.0 0 4 0.00010854326935171825 593375639185926311

=== beta=0.0, alphasc=2.5 ===
2.5 0.0 0 0 0.00037793779953114757 92893339384360960
2.5 0.0 0 1 0.00010437804962200369 738084563582845062
2.5 0.0 0 2 7.080693356085633e-05 155391781520611750
2.5 0.0 0 3 0.00014409335391935008 586621339256375462
2.5 0.0 0 4 6.381046706763011e-05 302867074983135653

=== beta=0.0, alphasc=3.0 ===
3.0 0.0 0 0 0.00034130509601129557 102250187631636488
3.0 0.0 0 1 5.0526842175750745e-05 123147488329792
3.0 0.0 0 2 0.0001136364190989964 585609788558938402
3.0 0.0 0 3 0.00018415552633947857 10151790859930246
3.0 0.0 0 4 3.8658162947819424e-05 298998993068621828

=== beta=0.1, alphasc=0.1 ===
0.1 0.1 0 0 0.00014987513045351547 579948403187004386
0.1 0.1 0 1 0.0006816119460837046 583344794622107780
0.1 0.1 0 2 0.0004802790112913 577605556611647778
0.1 0.1 0 3 0.00016688698785287788 145544553192638757
0.1 0.1 0 4 0.0004982779226914767 21746140974819780

=== beta=0.1, alphasc=0.5 ===
0.5 0.1 0 0 0.00030438761540979673 8000046604100544
0.5 0.1 0 1 0.0022254575770523474 745406211486392452
0.5 0.1 0 2 0.00045156937514392 576460977858455842
0.5 0.1 0 3 0.0003148845673438475 155712836726311205
0.5 0.1 0 4 0.0004870902458382085 78619479433158661

=== beta=0.1, alphasc=1.0 ===
1.0 0.1 0 0 0.00036476621236196616 3456864558211969
1.0 0.1 0 1 0.0007322540349805409 754393619515048064
1.0 0.1 0 2 0.00048181585944956427 581052469696866594
1.0 0.1 0 3 0.0002264890128765728 721459947728685349
1.0 0.1 0 4 0.00022022654445931603 438063024692662405

=== beta=0.1, alphasc=1.5 ===
1.5 0.1 0 0 0.0007744739799950093 661184720293470880
1.5 0.1 0 1 0.00022337438785921716 586655441340860580
1.5 0.1 0 2 8.578583860979508e-05 19403180842
1.5 0.1 0 3 0.0008608488474416219 581069905080797476
1.5 0.1 0 4 0.0009958052829317301 303801659824803845

=== beta=0.1, alphasc=2.0 ===
2.0 0.1 0 0 0.0003687272181183529 678359096214171968
2.0 0.1 0 1 0.00015224855703616598 10194689028266150
2.0 0.1 0 2 0.0003074729047069846 576460977789536682
2.0 0.1 0 3 0.00017199007819770679 578180392786630912
2.0 0.1 0 4 8.171362329490436e-05 154265952547248550

=== beta=0.1, alphasc=2.5 ===
2.5 0.1 0 0 9.320520762038082e-05 578173808599961734
2.5 0.1 0 1 0.0001604649042513424 751032412578652292
2.5 0.1 0 2 0.0001503790339387379 577026109653977378
2.5 0.1 0 3 0.00021880823332488762 16950071254730914
2.5 0.1 0 4 4.524988801849335e-05 298381067533813925

=== beta=0.1, alphasc=3.0 ===
3.0 0.1 0 0 0.0004275118665508186 801926610990346624
3.0 0.1 0 1 0.00011280941638897419 578840095470911552
3.0 0.1 0 2 0.00014189280936185113 577217218451738880
3.0 0.1 0 3 0.00021143899617645783 585485548106750530
3.0 0.1 0 4 0.00010911061778033053 293932443487576196

=== beta=0.2, alphasc=0.1 ===
0.1 0.2 0 0 0.00014987513045351547 579948403187004386
0.1 0.2 0 1 0.0006816119460837046 583344794622107780
0.1 0.2 0 2 0.0004802790112913 577605556611647778
0.1 0.2 0 3 0.00016688698785287788 145544553192638757
0.1 0.2 0 4 0.0004982779226914767 21746140974819780

=== beta=0.2, alphasc=0.5 ===
0.5 0.2 0 0 0.00037327890509470074 3487650883662784
0.5 0.2 0 1 0.0019091228516255614 745406211486392324
0.5 0.2 0 2 0.00045156937514392 576460977858455842
0.5 0.2 0 3 0.0002406822640251661 146388978122770725
0.5 0.2 0 4 0.0005006958045204185 92957111059358148

=== beta=0.2, alphasc=1.0 ===
1.0 0.2 0 0 0.00038030551048924305 3456864558212001
1.0 0.2 0 1 0.0007322540349805409 754393619515048064
1.0 0.2 0 2 0.00048181585944956427 581052469696866594
1.0 0.2 0 3 0.0003321564018309527 721455549682157861
1.0 0.2 0 4 0.00022022654445931603 438063024692662405

=== beta=0.2, alphasc=1.5 ===
1.5 0.2 0 0 0.000837224146242133 657815816666030720
1.5 0.2 0 1 0.0016199662574785194 601359193114812416
1.5 0.2 0 2 8.578583860979508e-05 19403180842
1.5 0.2 0 3 0.0006582328642075357 581597670628575621
1.5 0.2 0 4 0.0012890491067282723 303801659824934917

=== beta=0.2, alphasc=2.0 ===
2.0 0.2 0 0 0.0011396141358971925 668786743688114496
2.0 0.2 0 1 0.000626727753641227 601367989224472576
2.0 0.2 0 2 0.0006592336327703436 576460821031635242
2.0 0.2 0 3 0.00035061103133506163 578453067373648166
2.0 0.2 0 4 0.00013866553804536258 145540155187923207

=== beta=0.2, alphasc=2.5 ===
2.5 0.2 0 0 0.0005129819973925263 676758202989490464
2.5 0.2 0 1 0.00019368747964474745 724292289748959238
2.5 0.2 0 2 0.00016718023745304503 146384648871446914
2.5 0.2 0 3 0.0006227202486358572 1971424416385412
2.5 0.2 0 4 0.00021775977312352306 307441112032360453

=== beta=0.2, alphasc=3.0 ===
3.0 0.2 0 0 0.0005087580779523185 819954203639165058
3.0 0.2 0 1 0.00011378478690034594 578822503284867136
3.0 0.2 0 2 0.00011577717630940424 826834925654274
3.0 0.2 0 3 0.00012995373334643667 865258476455988100
3.0 0.2 0 4 0.00011925922628077777 290024850037936260
