
=== beta=-0.1, alphasc=0.1 ===
0.1 -0.1 0 0 0.002474601223300867 1535170893656328067753027981469225004833466264872909886144795256
0.1 -0.1 0 1 0.0018012198006080395 219505628274402375883287094760892679438471538523353688189582727
0.1 -0.1 0 2 0.0020913518747106234 531227063844823704717437098710170148972578632165505996261217186
0.1 -0.1 0 3 0.0021884081914699213 34007788024512702733369060228965184677383213418751431982265022
0.1 -0.1 0 4 0.002359574222151562 219834886509551304596985697973309021754875660443904737308873166

=== beta=-0.1, alphasc=0.5 ===
0.5 -0.1 0 0 0.0027125191090627255 1044120618035670927649380850376686930893107435913328969048265707
0.5 -0.1 0 1 0.0022753695202546507 578522831493503180096680718460106587052548141271052719242751111
0.5 -0.1 0 2 0.002293022922212735 528011624659113013053988051086060179856365771013825921026627427
0.5 -0.1 0 3 0.002733776135483279 413898810972806797899201156101074695884217318199622382518337710
0.5 -0.1 0 4 0.002747126301039885 277693675649601969347597299287818501306770917880604994718840413

=== beta=-0.1, alphasc=1.0 ===
1.0 -0.1 0 0 0.0032512741109536713 1070032493795450123706195290367172788804356281888656142089720779
1.0 -0.1 0 1 0.0020809558998326943 732790513530421864239743348362521959623547086286364852811344903
1.0 -0.1 0 2 0.0022824084224217565 117040456470458557414141517057038015444074369871119673341777699
1.0 -0.1 0 3 0.002633458268415987 516742845806133341658947327253897364577528726867756291299017390
1.0 -0.1 0 4 0.002631914513666823 277797247828259050829490407244188878583474669101554733349254861

=== beta=-0.1, alphasc=1.5 ===
1.5 -0.1 0 0 0.0031654489088109067 1069831626539917749921752545105543943276911113106771974725440459
1.5 -0.1 0 1 0.0022505622698745383 784212530949702708410339824452381934573386631050181151284145159
1.5 -0.1 0 2 0.0020994132925580464 104081281857637682402521974305580178118063411256414496025491299
1.5 -0.1 0 3 0.002765224815270331 413898810973557964024087528855276187104629224603460692166443710
1.5 -0.1 0 4 0.0030871097292708817 277784693624975349632939600841811286150203075637398577512101597

=== beta=-0.1, alphasc=2.0 ===
2.0 -0.1 0 0 0.003026543558120544 1121253643956205438739095332060476358364824347498228227151631051
2.0 -0.1 0 1 0.002262485366957819 784212530949702708410339824452381934573386631050181151015709703
2.0 -0.1 0 2 0.0023460667442877906 104181715673972656549725722519692386083128645021801477900351331
2.0 -0.1 0 3 0.0029615901636897276 417112687062075944575171453039958512387044883334592916841431742
2.0 -0.1 0 4 0.003427905635950801 277684211723950020616399306428408317595715741927825523701757005

=== beta=-0.1, alphasc=2.5 ===
2.5 -0.1 0 0 0.002264031786102365 1121253644941316003034633708518453409530158065400235430992452307
2.5 -0.1 0 1 0.002419408016574559 580131387068846616489399771858278068069190644954887838986537991
2.5 -0.1 0 2 0.002666264269183463 104181709543990493086535061150133618019774844778648635492022123
2.5 -0.1 0 3 0.002797717077878513 417112687062073021928622282689414156757488741069967185583932094
2.5 -0.1 0 4 0.0038158948749399827 277781561970687985340237662074047533338731887057247884868891469

=== beta=-0.1, alphasc=3.0 ===
3.0 -0.1 0 0 0.0022263057058194632 1121253647240059314333466996388280790745525780525603100063997651
3.0 -0.1 0 1 0.002431623149338319 786221191245062119327656411530260162675818894813932168873643015
3.0 -0.1 0 2 0.002833283214595847 129892718252134291867881778433937272078050506840625679620913003
3.0 -0.1 0 3 0.002786608948747359 417112687062061375587798251200592891768979135469360221488284350
3.0 -0.1 0 4 0.0036671132391756095 271353809792154030731731804803589995075086910307492668683105101

=== beta=0.0, alphasc=0.1 ===
0.1 0.0 0 0 0.0012596484268463624 439365112749404301311629279269585952197039755580821465617028247
0.1 0.0 0 1 0.0014308487789328548 18756956266654408783147476887796753049170275523565568839265671
0.1 0.0 0 2 0.0015175669829989382 533535443536020012823555666616072876185929718057607381983172262
0.1 0.0 0 3 0.001278602375258338 628374830801369600483079626341929373376092554992738505368423310
0.1 0.0 0 4 0.000671348110253601 517628023608671953569980589746002590136976429018715007493886498

=== beta=0.0, alphasc=0.5 ===
0.5 0.0 0 0 0.0014812800139776187 5727133362497555183472659083085315720949494380785481927260035
0.5 0.0 0 1 0.000976353883735574 414918082424849155747172807242280340015404480452044979271297935
0.5 0.0 0 2 0.0011257954077270602 106592116373555061119999761152913687358449706313179112698992551
0.5 0.0 0 3 0.001221384733806313 517571425722807912448974634755907356138802668863273383692755886
0.5 0.0 0 4 0.0011918193110037167 710829263055667052052280208209192882063173458050689784086426397

=== beta=0.0, alphasc=1.0 ===
1.0 0.0 0 0 0.0018884220079866331 27054376509596281575913142732120372343965823092868542413861763
1.0 0.0 0 1 0.0013578407766107084 427572694040043282136760469182962144872858087915103262853982343
1.0 0.0 0 2 0.0011787824076832756 106607809163811397762626960847891977024530939136079596706125607
1.0 0.0 0 3 0.0015628480103787466 557945743128877150889677079129819837645203845402868220063286190
1.0 0.0 0 4 0.001186356263242392 567209224567969813327216660976034353155091836713470991833952541

=== beta=0.0, alphasc=1.5 ===
1.5 0.0 0 0 0.00222596504860025 234223843717168663869487607836130019265525318334866208260535179
1.5 0.0 0 1 0.0014209865045696339 582039638256677600537764543913878558866201553299991976417060999
1.5 0.0 0 2 0.0015367419191291874 517969825240816659492079090304899327812897550676223774836701091
1.5 0.0 0 3 0.0016473981399465322 545692840541402348611427370029492061722504292711256498814976958
1.5 0.0 0 4 0.0014422297586278718 171714181747108287628533054634548042064014358636682010649621340

=== beta=0.0, alphasc=2.0 ===
2.0 0.0 0 0 0.0015375576044483114 81577283575355597905535448105697552095279993109176127233776323
2.0 0.0 0 1 0.0016374924215458776 582039613736374806546129155841959398634728064557105696537209991
2.0 0.0 0 2 0.0016625475307248318 104182492460643042628468325491957846937001145571259651271178083
2.0 0.0 0 3 0.0017368255600635977 442848805708838662989677105106886868359351190197210426818560942
2.0 0.0 0 4 0.0017356797207218099 270942607524936323652476377358011521109616502096329361642550046

=== beta=0.0, alphasc=2.5 ===
2.5 0.0 0 0 0.0016473478286874574 1124480075062694901808997768313569013137074398042640552809781971
2.5 0.0 0 1 0.001778295285244646 581838771000818582564277586700039912905402967858737843004402695
2.5 0.0 0 2 0.001433368704902646 104383361461192340539228123683480658511651393917925033688070123
2.5 0.0 0 3 0.0019513496130520672 519981929912984767432675631698824285086542103940914890852434606
2.5 0.0 0 4 0.0018470272546182486 399908798164343252994772905983547210240830192045157640828416861

=== beta=0.0, alphasc=3.0 ===
3.0 0.0 0 0 0.0017120049316021303 1119671815124409238286229180950582220807390185185346215477148627
3.0 0.0 0 1 0.0017827203776848862 581738338139253398144945054845930628759107220674346158560275463
3.0 0.0 0 2 0.0016718583220754779 129290924112183784781858358233237858691927666595215256108955499
3.0 0.0 0 3 0.002086144970291905 519956723426328650697045133338938112434756812529617323924783790
3.0 0.0 0 4 0.0016615330569837083 271353684128829973209613122862562191470058645070484148020113757

=== beta=0.1, alphasc=0.1 ===
0.1 0.1 0 0 0.0014424621236158374 954413105084835795228602559487638633709828658769569391668573067
0.1 0.1 0 1 0.000796789471227605 1263333578440497324858415873466164798157644979366034568202569639
0.1 0.1 0 2 0.0010597293233503477 1250784531817226152582628863453179978504329844124439526580837438
0.1 0.1 0 3 0.0009764474575621886 18351955189625670024673319092875229533594256815293828390406635
0.1 0.1 0 4 0.00187004487407609 545161033973619216502848594761949356485378423224820990364186554

=== beta=0.1, alphasc=0.5 ===
0.5 0.1 0 0 0.0011871370525666036 216991649207411363378582748750277787302622329308041701886025454
0.5 0.1 0 1 0.001023224361056842 106653513619022780588868464719790003022394688442791563623195303
0.5 0.1 0 2 0.001204513443309854 2135698797107649966331844838739929050189898788884301480654650
0.5 0.1 0 3 0.0009664010261223061 1176044080449065515264365071221897556309715149589745113478687626
0.5 0.1 0 4 0.0015797804260350246 1456058593286703884305945184076535333761148954852511970905085810

=== beta=0.1, alphasc=1.0 ===
1.0 0.1 0 0 0.0011132107535904436 853202072217432705164416636305947497958237191851435538639248019
1.0 0.1 0 1 0.0008993513805618928 414972198000181144464027266208246880713148590089723637216864675
1.0 0.1 0 2 0.0013563985737838741 938884905814165130675422735270944844897261387700098760767762983
1.0 0.1 0 3 0.0012873850049875785 1008249278440632440110690854969309417133225031881681263004633534
1.0 0.1 0 4 0.0007393969586156884 543604138920971942684908018666998295105308732918020120025953190

=== beta=0.1, alphasc=1.5 ===
1.5 0.1 0 0 0.000669404556524976 1482682094968080856785648078917713638780172783624405144290393059
1.5 0.1 0 1 0.0008366186625101765 530444190910231949135072014173691915708771683969428389423639683
1.5 0.1 0 2 0.0014117973781144599 236759394159479575797216543690740968707235270429613198781207987
1.5 0.1 0 3 0.0014116762270611157 866402480402455871870430288557938645929440762443483463059762062
1.5 0.1 0 4 0.0008896258764281131 758343786596207000713728042919221854190101182502295529196540399

=== beta=0.1, alphasc=2.0 ===
2.0 0.1 0 0 0.001297216326939602 656700982302287510412837582351391283209083069779779536012761701
2.0 0.1 0 1 0.0012993555558569224 519134424390994494228411525894436394769643974439235955952086403
2.0 0.1 0 2 0.0015436781201938398 129893525877284362679050532799780391430935151140789064863332203
2.0 0.1 0 3 0.0015841759288290976 108480369567630340248145267595642812881500753106626747402430014
2.0 0.1 0 4 0.001107579015091405 779952838060376342353048736492049288538296106371393125942777766

=== beta=0.1, alphasc=2.5 ===
2.5 0.1 0 0 0.0016773745157401343 904342068119419461707628400690682183944599180582012622732549987
2.5 0.1 0 1 0.001364358773242024 581888964448961056451320401614003661728499936840034217192746119
2.5 0.1 0 2 0.0016526522466472212 104182524457473940102076180904281086642230654287050156125468651
2.5 0.1 0 3 0.0015566487297525244 724841324116889641126260638367377944171628667199014637647298618
2.5 0.1 0 4 0.001797690528484395 251583926402878453656309187441263289579594678816156431372972639

=== beta=0.1, alphasc=3.0 ===
3.0 0.1 0 0 0.0017830605373129736 1108021513496876242468310891975345759656916626302646402020023235
3.0 0.1 0 1 0.0015790934040021591 170914583384527564488632944862564091394534519861720179635547207
3.0 0.1 0 2 0.0013136219410308588 541268857609375887882205957128967211808565166927439802590312363
3.0 0.1 0 3 0.0017452162919102416 622800758255606880682432012892347975017449002435750644040469166
3.0 0.1 0 4 0.0016729022546808062 322474499513767569374177007184593480390912534407526926987850191

=== beta=0.2, alphasc=0.1 ===
0.1 0.2 0 0 0.0013556710394770552 1444117377662420690354390322743072032311760313597765159824760649
0.1 0.2 0 1 0.001265678100099293 1342562334263423741907228399403864025247241460574716913123811490
0.1 0.2 0 2 0.0009715169696480335 751232368812223163158166695203900246197563754197795703391443494
0.1 0.2 0 3 0.0015000858620957806 530871383713056917256737134470442140356325275099607058782153996
0.1 0.2 0 4 0.0017276149586442102 313815361743230325281624358446053352566383563674533486867805443

=== beta=0.2, alphasc=0.5 ===
0.5 0.2 0 0 0.0013735038121961253 231930317745056991406640045298999210178691822294303433383375478
0.5 0.2 0 1 0.0014231747632361463 479060649344714101055183294495319125739050219973646012526513601
0.5 0.2 0 2 0.0010472937913878833 839391371839413861633643733914616645042389206459705645580186339
0.5 0.2 0 3 0.0012586168833310365 473385311852005269617444730924035614633289812307363612712134923
0.5 0.2 0 4 0.00153769550799372 768178341407902888311213808443373111948486521241436061377011390

=== beta=0.2, alphasc=1.0 ===
1.0 0.2 0 0 0.0013710443505108064 1096174214208044364215024643589997493563880189252576479179707051
1.0 0.2 0 1 0.0018180904468671018 381034335915099390668991611630443874343508628637230425578302471
1.0 0.2 0 2 0.0007049532113885497 836290187696757207482602211227275827192396111813928285162992522
1.0 0.2 0 3 0.001461049576055344 1128859622580100348688844155771879735729638932735280488769187716
1.0 0.2 0 4 0.001692726083280637 820007607700122742166212701329808034403675105909383651829372734

=== beta=0.2, alphasc=1.5 ===
1.5 0.2 0 0 0.0014121891970635368 222626996393844473453218793795817751947386552401831922220596131
1.5 0.2 0 1 0.0008082136875659581 443280454292361206967604027714015934163363737635758651132233987
1.5 0.2 0 2 0.001430984165116001 107274802965496607239004783106886509066459558176324393519343153
1.5 0.2 0 3 0.001301362906492221 1638404850685504088634583599781381210120897601653115104424256959
1.5 0.2 0 4 0.0011424337772180874 517902886306915845802039068281131791696494549924718144496005606

=== beta=0.2, alphasc=2.0 ===
2.0 0.2 0 0 0.001654503445376464 1106580943175262766319310998117560851387622475083246598442473067
2.0 0.2 0 1 0.001641296487779372 789987563781639778695176217174581588854826129048114032423365639
2.0 0.2 0 2 0.0017242042699109445 541268880557194801662894670887162674939573880185930400800748451
2.0 0.2 0 3 0.0018069269086830179 1239061498180992398003804299097381178955120716998339004613438127
2.0 0.2 0 4 0.0010332143387347353 620633588641929359492080284145592804006959960835306932058780459

=== beta=0.2, alphasc=2.5 ===
2.5 0.2 0 0 0.0012876962164983657 852898123762546645877576299056241388043234038092213158053567459
2.5 0.2 0 1 0.001589359231719868 169412001963977025784645013555513907102529313835626191452794119
2.5 0.2 0 2 0.0012692401784125378 129516683715235365788431302437167629752752754828582988376749867
2.5 0.2 0 3 0.0015302961641372001 185832850630124105617813351613203585927337087099100539240909354
2.5 0.2 0 4 0.002103656039137846 271231351121452455475973127825751879795756716113071271749416524

=== beta=0.2, alphasc=3.0 ===
3.0 0.2 0 0 0.0017063980564075308 902710064573622513180092402412164655208597513748467239643536067
3.0 0.2 0 1 0.0016148100163724296 179463950739505768145249842073902881178520850090955416483818759
3.0 0.2 0 2 0.0013674605975776421 420743039395137405143361886464613000922647097850909820831225827
3.0 0.2 0 3 0.001320905559743919 519956723375117724527978229104681457671554366640721817516255918
3.0 0.2 0 4 0.0019159206907590886 328776638729912253397928745397314628811269570151624703718650606
