
=== beta=-0.1, alphasc=4.0 ===
4.0 -0.1 0 0 0.00024966294957597536 444519349947363970284332019658251457763946101209885106916828757
4.0 -0.1 0 1 0.000567049012565318 580344868782199688498908832357651829993938444130913577166967238
4.0 -0.1 0 2 0.00031986717765561856 1004336517862586022087453976493028128845018130961564946805673
4.0 -0.1 0 3 0.00034093797058105317 1476902021578572604010189237561575665140561737027217603311436308
4.0 -0.1 0 4 0.0005821939549797966 827573117317061828349092969202527647500985724478966074324527025

=== beta=-0.1, alphasc=5.0 ===
5.0 -0.1 0 0 0.0009475848953087906 822777399375416930979967085732396807706541976233377748413425297
5.0 -0.1 0 1 0.0006464594438623161 1383021421568073339159272416730148077193486706102679726544924038
5.0 -0.1 0 2 0.00036462173285905277 1606993261991961469425505189062192203169193366298829743727279
5.0 -0.1 0 3 0.0007932985917189797 692610529465663327115475254905172992139744663723645949180511493
5.0 -0.1 0 4 0.0005439286355903613 848479082803279725555894671123542814994215937370955693069927960

=== beta=-0.1, alphasc=6.0 ===
6.0 -0.1 0 0 0.00042130743933157876 862122309808881092908195221088970093222050202847473532482929554
6.0 -0.1 0 1 0.0006351471483057343 1375740105261515994067391924822826985113715442963295491156085121
6.0 -0.1 0 2 0.00028011934621363215 643006014788706209538064405893163543299432161043564893758292640
6.0 -0.1 0 3 0.0002956725266568318 159131350323548104655249540953924722704410648911239798656931144
6.0 -0.1 0 4 0.0005277478382059846 1341796505311699082736915190290503159457498648251554094940071109

=== beta=-0.1, alphasc=7.0 ===
7.0 -0.1 0 0 0.0005410287905360462 4820865483883677004305641126243608943539805065904886834594944
7.0 -0.1 0 1 0.00035666594899993857 117557611324927189570856126222480540409129145125040970565087574
7.0 -0.1 0 2 0.0003242473845260306 414791817496656279291333000250470367001761958638840366177010185
7.0 -0.1 0 3 0.00033235175809474 415196564893954747412069527344066952268446314731707499500143795
7.0 -0.1 0 4 0.000453955030072637 1341806000467341713784069379281491413272528795022253895539918556

=== beta=-0.1, alphasc=8.0 ===
8.0 -0.1 0 0 0.00028418759481414426 945133792891506403557655670815452591827153791196495518722688068
8.0 -0.1 0 1 0.00020145384562024135 329487143587062035324573009268353135995090285694223056782757424
8.0 -0.1 0 2 0.000296892036720818 327328788314011951585610945395006887761114061321051272917537
8.0 -0.1 0 3 0.0003284384514344632 1006759338186634272421690042530367891111245931534350845059679381
8.0 -0.1 0 4 0.0006718639668301599 416225985828655979708666613599208124046422839542799602843047512

=== beta=-0.1, alphasc=9.0 ===
9.0 -0.1 0 0 0.0017336253687267164 6757300451296369132490717630425567043138414700346023440548504
9.0 -0.1 0 1 0.0005656935068638625 1288162674435852690405775248507145187049761026971682932965535175
9.0 -0.1 0 2 0.00047422076654766716 502194382817071856879280106488725504636977238894916479366945
9.0 -0.1 0 3 0.00030335146846890087 663780361704515653543502007790246526979640594071290481862377783
9.0 -0.1 0 4 0.0005292010853433008 103605896531880841240314056862999862019108012849177289449588

=== beta=-0.1, alphasc=10.0 ===
10.0 -0.1 0 0 0.0005349971746870564 868250458796335417539459546067893055049557617533811432158862341
10.0 -0.1 0 1 0.0009933361137370825 412584611883980391354001431279903479612724269729759094844573067
10.0 -0.1 0 2 0.0004335012595950577 7031138677134311329476640926298318423178652513507519261970465
10.0 -0.1 0 3 0.003323756107842025 1479019247000702991100602697224016511898959827338534612041859975
10.0 -0.1 0 4 0.0011034742802088226 437117186687918621574699144448763029025812610989819149568123989

=== beta=0.0, alphasc=4.0 ===
4.0 0.0 0 0 0.00021569230153536175 12855602481777321677649939083630323318456917603871679254105345
4.0 0.0 0 1 0.00034672549084084235 120106912865358486275772570211960380620097643508566854878630100
4.0 0.0 0 2 0.00012528827044652974 1532589076971029294169666384516010147265211977219187108
4.0 0.0 0 3 0.0003620696844550009 1071962243960927483237626380086757146683952000005502282913940740
4.0 0.0 0 4 0.0005266279865173452 46768057971584286273325532208454901634451899591169

=== beta=0.0, alphasc=5.0 ===
5.0 0.0 0 0 0.0003537602133742496 53028981524967244728243104501881887502982231849170053707072265
5.0 0.0 0 1 0.0003285634738938549 157580411006501900207942888388637872327553640761556154916674951
5.0 0.0 0 2 0.00014985928994328126 15768166005382772297222232176089310790982645168663397950034216
5.0 0.0 0 3 0.0006889872621705778 1483225003524266967915497730525514299228430753525952058883711236
5.0 0.0 0 4 0.000356851649881319 432468096333200135217696112375340762486758193437273078370313741

=== beta=0.0, alphasc=6.0 ===
6.0 0.0 0 0 0.00021675694785132574 404580424594863075022642641361319163640870367253670036617
6.0 0.0 0 1 0.00023433097929943063 186533496977697588679907207628258167759714255065215183561434496
6.0 0.0 0 2 0.00020186686728606535 437088819991174524714921796815132736464095311196126091937845280
6.0 0.0 0 3 0.0001891814606875077 461224765802705070306833154551891675369030496606311176299226389
6.0 0.0 0 4 0.0006925771922941759 1336972483473595339654502398268044009916911283681761119493951069

=== beta=0.0, alphasc=7.0 ===
7.0 0.0 0 0 0.00020842709197143756 443552576620021899568435798573994878421214915690687665768777856
7.0 0.0 0 1 0.00022380865299101435 104565591285206303620165144818749920858720555623594546583052170
7.0 0.0 0 2 0.0004797666182794788 10746411819867621021662061308826858364741916171358761251779592
7.0 0.0 0 3 0.00025762887936734287 1588672073607117159012748717212874297624955320040014742233941289
7.0 0.0 0 4 0.00036208700054254765 114557107419096475964386460660623335286031036113243303192144

=== beta=0.0, alphasc=8.0 ===
8.0 0.0 0 0 0.00028686715295930625 848476466832287303086140608147501470644014119004097827490714257
8.0 0.0 0 1 0.0002530708099521852 82859312182725841663272732260190017442609516819976311491710978
8.0 0.0 0 2 0.00014306103630164696 12260806517269143203276753720434858109306705263677018665
8.0 0.0 0 3 0.00035249165643945203 437377464193159055797456741770277104414416967748131172215113217
8.0 0.0 0 4 0.00031596083548150923 205863830237799431721979245695319946546796858653051002220138588

=== beta=0.0, alphasc=9.0 ===
9.0 0.0 0 0 0.0005210776018076943 212129960673286593796076014828874187009496522706614905429738576
9.0 0.0 0 1 0.00030691020674675066 221763742555387104723667781308406989252352614283823667332929538
9.0 0.0 0 2 0.00033559749233308595 238429642460384980446138676214234821767436753571917255439708836
9.0 0.0 0 3 0.0003883059350169732 282834459919193584595675564568235641431104044836925509535941153
9.0 0.0 0 4 0.00029365161470052683 1812513607990915945294442540609335288498349727348138535264490

=== beta=0.0, alphasc=10.0 ===
10.0 0.0 0 0 0.0006995888357677055 948210480199400154248955660390476359569581515676608022273360096
10.0 0.0 0 1 0.00035100029317785577 64292258355292985230591624521960686495018107663254058841547336
10.0 0.0 0 2 0.0005442742486499271 212530896848534699220145933833606649150188604301237017890652672
10.0 0.0 0 3 0.0003569624198777965 1483251711858423893742350507530684968733318030624550426216366101
10.0 0.0 0 4 0.00027893579777305005 231443427309665599842133381804775775782191239654669572783809675

=== beta=0.1, alphasc=4.0 ===
4.0 0.1 0 0 0.0002530512851136042 463225787418241582549029804477717009574812181432806341688300580
4.0 0.1 0 1 0.00015042542680329492 168970212870132646809412063797806875985882734418996535876393410
4.0 0.1 0 2 0.00023393395767576874 643679120353960660241851056657202177331712165846522823761330272
4.0 0.1 0 3 0.00022056380932612425 1071853988667503126902100140235941770883162786538148913958397703
4.0 0.1 0 4 0.00046738718501308037 440313682543895944688961690145787181192222592045225117007644241

=== beta=0.1, alphasc=5.0 ===
5.0 0.1 0 0 0.00044718607981793695 445951990331039076628890139071138594915549940450238581839498373
5.0 0.1 0 1 0.00019927491810816078 104605706689150189204111186839977969642454859511828068517813637
5.0 0.1 0 2 0.000147668330690135 29026169729537096368518459636171436695879339025257940067557792
5.0 0.1 0 3 0.00036284282696331585 1068647738270813101958735335374824469998609647891642758283296821
5.0 0.1 0 4 0.0003955803674383666 462798255021607613336526697521816779489035066717457788343289921

=== beta=0.1, alphasc=6.0 ===
6.0 0.1 0 0 0.0004570183816124172 450796548576831375357413399239226996575184684813025661967582352
6.0 0.1 0 1 0.000367871543929242 568380103023608957818133073222350815630635040408371376553002180
6.0 0.1 0 2 0.00021023227473024813 719908305175833665211656663154232280088565933330889914171667240
6.0 0.1 0 3 0.00021933196315983706 6504254354454365302655297215887573558661933634179710901208630
6.0 0.1 0 4 0.00036018145689813575 514220272243339792428635574794729116139466276093726275780586629

=== beta=0.1, alphasc=7.0 ===
7.0 0.1 0 0 0.0005274313512836638 827598201391977433191400511368630527660126894204354044427805760
7.0 0.1 0 1 0.00030220938232884437 953658196442260673017206814826372280111096860724620178783082245
7.0 0.1 0 2 0.00028841800586140807 309335654742119670753461842571129208179517286761725972690645929
7.0 0.1 0 3 0.00035327408756936375 450169627273161224988187656890383698851297727316613908324680981
7.0 0.1 0 4 0.00037330048985617393 1234128516070619147033120967806927933721572604506966252236343509

=== beta=0.1, alphasc=8.0 ===
8.0 0.1 0 0 0.00022707070756355522 1372727045011576491184595261396933514410458964237653600799838353
8.0 0.1 0 1 0.0001923197801219619 181726105213081423522940295240219670214237487385779378234467456
8.0 0.1 0 2 0.00016420488697483555 8336052646861826477633989818561479263790968093683207176192801
8.0 0.1 0 3 0.00035051781254922913 1042187789611297762099373521936604347388983355187011774002626821
8.0 0.1 0 4 0.000257067806441892 1243933582929422706432741390150269644044911562686142015160221873

=== beta=0.1, alphasc=9.0 ===
9.0 0.1 0 0 0.00033949796924854787 874977875450701741169912850235755965582800054085874925803642469
9.0 0.1 0 1 0.0002600230569333625 1295586914241552737129147280139404370618607818233364742891786369
9.0 0.1 0 2 0.0004306939190873565 1028565893428638712391098715836210647881238395295410471777232544
9.0 0.1 0 3 0.00030004218542529804 1590003824504068026272435948330268151805985493624210661136549301
9.0 0.1 0 4 0.0004983877088574968 445234925991454418378205988499338153730086605268097404578817109

=== beta=0.1, alphasc=10.0 ===
10.0 0.1 0 0 0.000285666151054221 13673194960263587037882912883755145916512104495932703855517184
10.0 0.1 0 1 0.000319488011057088 1422341512398568608151968438211037711266237103491987622930170331
10.0 0.1 0 2 0.0024321039277559937 212181745729669378164731017881162037826805005704194546628952067
10.0 0.1 0 3 0.00028175415915998185 504585240610839528197393014677880829812284508673900688641246261
10.0 0.1 0 4 0.00044208171163720135 5624307867194813967479002589533127126043123067466228902900241

=== beta=0.2, alphasc=4.0 ===
4.0 0.2 0 0 0.00029507629717870934 102851158255412582850547846221042367219979985080909787375338384
4.0 0.2 0 1 0.00034241443455106877 951558708605681623207904082320892913643975673658677084375028032
4.0 0.2 0 2 0.000334702423704573 26213193704432716199607892929944059821657727375683927356227586
4.0 0.2 0 3 0.0002258273734065318 837321444048402768479436427273572119466869845975259495557104522
4.0 0.2 0 4 0.000542589248117803 824560083960394387992489080567829371398386674881730795405477753

=== beta=0.2, alphasc=5.0 ===
5.0 0.2 0 0 0.000377700447429785 26527049978000169867032704565613222479893726666405893686562176
5.0 0.2 0 1 0.0005505329359338057 1351761369847403108142491560450746072000041140928921704281421188
5.0 0.2 0 2 0.00016469536591879843 101235122944119016802910623476370359944791984607405466792452
5.0 0.2 0 3 0.0003240061107357191 666315431734620327576834683811303832983070768567450295014662455
5.0 0.2 0 4 0.00047366513334778465 419410958297029507778818205054818842344557861352072091190012612

=== beta=0.2, alphasc=6.0 ===
6.0 0.2 0 0 0.0002602512306724265 51058253595159836344337630580932552005117403755964213783843346
6.0 0.2 0 1 0.00019462953668514604 1202366320013709720174900413423818446665845448394959163786534212
6.0 0.2 0 2 0.0005236627901886167 4018132861433038617632353131232022731988979059717502612275334
6.0 0.2 0 3 0.00029018790590024085 1274321721629242640415282731752111288734894285210105289688875445
6.0 0.2 0 4 0.0006114368627697166 160693916489822898453591526187388940660585408871399712539296148

=== beta=0.2, alphasc=7.0 ===
7.0 0.2 0 0 0.000293119529469404 38930686173987448656210439964507646075133208048124556025544714
7.0 0.2 0 1 0.0002832388948891454 565899996862800042751035888286662570565320864511926800142565634
7.0 0.2 0 2 0.00015726907638247966 419411712269776669202379010810795030314162511801618171743973537
7.0 0.2 0 3 0.00045739527936142877 247506518371299048015233930151936651311559481331023318486747141
7.0 0.2 0 4 0.00056948663062746 233006169667125220630758044558929820016792472595982427057465041

=== beta=0.2, alphasc=8.0 ===
8.0 0.2 0 0 0.00020669766326193977 1606953590713741439285532544438627077771675178374833148021569
8.0 0.2 0 1 0.0003727234527708634 132071840390456963085223685286087150693262384386918788429775702
8.0 0.2 0 2 0.0009147682581416476 206491600610432887159144261251669692326395740270627729397256864
8.0 0.2 0 3 0.0002868599987955344 1481609945977453128007353656101826397448856762372948535093624981
8.0 0.2 0 4 0.00032602561511275286 414991848010382218964408935752786001207397444541606395916117204

=== beta=0.2, alphasc=9.0 ===
9.0 0.2 0 0 0.00044067668318063265 1000847810590763755182890217520042966878775130939422326972902352
9.0 0.2 0 1 0.0003948709266166134 488611593727410528529364056206348426587356235547449214690690580
9.0 0.2 0 2 0.0003353138561652457 416200546399763730584291353845367335124762564660356827690041376
9.0 0.2 0 3 0.0004370026162200277 744021929570234380251715172039470400768599390710178474059531313
9.0 0.2 0 4 0.0004916499531899904 440414134558778937983010156106019432300353061101972911364900565

=== beta=0.2, alphasc=10.0 ===
10.0 0.2 0 0 0.00024042625202749378 208299344370294881910209932996267737209465277835288957176939725
10.0 0.2 0 1 0.00022098705002920123 154593322204463517103827466817688803348901711232043377699204555
10.0 0.2 0 2 0.0004291946877899668 135384769501764908743404703676679259220605024459625742284825890
10.0 0.2 0 3 0.0008100213740544376 1067021705182622301878845284148891037175112825170894806752232074
10.0 0.2 0 4 0.00038591269861912514 37760690138630369789741417224601144645189624092848775308448
