
=== beta=-0.1, alphasc=0.1 ===
0.1 -0.1 0 0 0.00011538078581379035 95780971304467184025663886792697642779429638024200193
0.1 -0.1 0 1 8.296755770246673e-05 27225259512642376885856803585002599088128
0.1 -0.1 0 2 9.210795032724531e-05 401796205983072302157555097740807446322432869128597061763072
0.1 -0.1 0 3 5.3262968732639597e-05 25108819997356558032914490805071612727073438660066252163072
0.1 -0.1 0 4 7.824156863418267e-05 9841490584203507521299472

=== beta=-0.1, alphasc=0.5 ===
0.5 -0.1 0 0 0.00017904668033404277 14864195323527821435172836810210762623808168310295889793155346
0.5 -0.1 0 1 0.00012946657538816345 540737839687415641838110306813039583958148815203601115649146880
0.5 -0.1 0 2 0.00015251929866809193 824359265951252890152222551655712480101337340514170601520234496
0.5 -0.1 0 3 7.271294324607905e-05 8763716763979511380586599634992089356036170867949484609014017
0.5 -0.1 0 4 9.934577758897862e-05 839807977318441228713290445850269844953741108076413584896

=== beta=-0.1, alphasc=1.0 ===
1.0 -0.1 0 0 0.00010149704875911268 38566617271914189682803876156773430785397111899678953020982672
1.0 -0.1 0 1 8.818504239064907e-05 528707726704429186719560928429808216071597239805386147688875018
1.0 -0.1 0 2 8.184585980783978e-05 128580151947666797464598880034090760056847006791591902444520448
1.0 -0.1 0 3 0.0002978100105407935 1028441917601187637669334574176084860216167776340740597701279750
1.0 -0.1 0 4 0.00012122167091861163 411476582919289443810756896422663187288091099857563227062050880

=== beta=-0.1, alphasc=1.5 ===
1.5 -0.1 0 0 0.00014448218254647897 12855614741642132332228171272076075608997807436994432383091344
1.5 -0.1 0 1 0.00010375989743973618 143042614569263733360395852837066349605002899826520633848775681
1.5 -0.1 0 2 0.00018154130003099873 437112287098340566296004936275951893468911302959328963575440929
1.5 -0.1 0 3 0.00016927158847657042 411376139330301510541617128712289350943570567931722097490543248
1.5 -0.1 0 4 0.0001265311623002422 100433627766186892221374084614443052410554389543407614600708

=== beta=-0.1, alphasc=2.0 ===
2.0 -0.1 0 0 0.00010442336998058543 25120666905874185558319405854273155023392770473609549480172
2.0 -0.1 0 1 0.00013397061216132577 154291242585970348121254385614467498861876825956797232382607424
2.0 -0.1 0 2 7.645095528111951e-05 125592607061312940779006125929416647721571258093460841825825
2.0 -0.1 0 3 0.00021626787110378063 1234130772674804497097436957272562670542716995277644414318673920
2.0 -0.1 0 4 0.00016238508073589214 102844034833370434882554045229761091191786124874581432402052436

=== beta=-0.1, alphasc=2.5 ===
2.5 -0.1 0 0 0.00010371725516729669 174269786384653784940876322158302473650304
2.5 -0.1 0 1 0.00012866507974716805 104552243645267225863710737555940140250918390730777827003728000
2.5 -0.1 0 2 6.109412698066174e-05 822752389001033266607700717122096115843355963023598290724914032
2.5 -0.1 0 3 0.00017669655610678703 104450976139421202117125619231047916665237203565747206046744856
2.5 -0.1 0 4 0.00022553405373972485 6315662008085225243890704152668277515094544

=== beta=-0.1, alphasc=3.0 ===
3.0 -0.1 0 0 8.564860544303387e-05 229116591798650255484221870475234137902137225219751468314167368
3.0 -0.1 0 1 0.00013412987498940225 130402129867984276998451643040248632562924214601972395647436866
3.0 -0.1 0 2 0.0001233541639083423 206491550947992866175354968370071633561464113010558389002608928
3.0 -0.1 0 3 0.0002211549982929781 482083178719294771129355830719562640616351556895940221148987668
3.0 -0.1 0 4 0.0002393061187071977 100634385430335233398122533732658235445210009733965182779532

=== beta=0.0, alphasc=0.1 ===
0.1 0.0 0 0 4.032337019433371e-05 401746772526028966014076367087590891946549304338831160599337
0.1 0.0 0 1 7.517874763557997e-05 251096329409115537097634656184623201697294665671864303484928
0.1 0.0 0 2 6.298707843837468e-05 784709928257745852640971791155918278494263495494897500160
0.1 0.0 0 3 6.748675174499859e-05 170311394729378786036013704979406692387
0.1 0.0 0 4 6.796113650522765e-05 713623846352979940529747527375933464818393429

=== beta=0.0, alphasc=0.5 ===
0.5 0.0 0 0 6.65566004558872e-05 308933852059141192842963866806182690184832317459768959023350530
0.5 0.0 0 1 3.6060070330166126e-05 544052149427645050136266800976064162910647325247521961977840128
0.5 0.0 0 2 4.7377193273901295e-05 822866100375950718600405077857225291652276836436754466085011458
0.5 0.0 0 3 3.4488315157004625e-05 34185880713335087902095996641098815865410628715567230677551897
0.5 0.0 0 4 5.661550882693865e-05 414691331764392834429617535835241708348569498232878981306778120

=== beta=0.0, alphasc=1.0 ===
1.0 0.0 0 0 4.8889509959786935e-05 401832590781012884105384956408895323840131610224005611733140
1.0 0.0 0 1 8.317142773274352e-05 515952655978122538013524762883808278255187108367152618372350986
1.0 0.0 0 2 4.419717076585672e-05 131768919629245971604363335568594099419379539418671115793334784
1.0 0.0 0 3 0.00014587954888877275 205688854302867680767638911717619695390540679419134357036220928
1.0 0.0 0 4 5.541729476554609e-05 514320613920631278686738960141678550087190493847019416981766912

=== beta=0.0, alphasc=1.5 ===
1.5 0.0 0 0 4.8228047143128885e-05 39395200878862086401381631901839710940453184725777654785507984
1.5 0.0 0 1 9.367193447844072e-05 965797253271503110408153175235192238427815404028123631012954760
1.5 0.0 0 2 5.00318774959242e-05 5846007085718995895229522973938446723276815360801
1.5 0.0 0 3 9.771873245919487e-05 1362683474366278306831980103459059201314654362412688438410215940
1.5 0.0 0 4 4.8327765823221644e-05 101230525447438581675413092096990862716365181823093079320196

=== beta=0.0, alphasc=2.0 ===
2.0 0.0 0 0 0.00010110970007970353 1234129999718617344000953318332959716189368051569334405742739968
2.0 0.0 0 1 7.34450819935904e-05 102869218547323520661164234954234935775350396843243778517107081
2.0 0.0 0 2 4.9160860892042736e-05 3213876088520903554927665767200472893716471301944369978933793
2.0 0.0 0 3 0.0001301500187633839 25717285811399194577018626165834845876787232812854666521477124
2.0 0.0 0 4 0.0001736923982352677 7665096715620701663450894122360085959349339645253247680

=== beta=0.0, alphasc=2.5 ===
2.5 0.0 0 0 4.076086434133189e-05 2435712399008495088721397688915497407739879939341399257907200
2.5 0.0 0 1 0.00010741378650004083 109271861339388531669623173385943017398269475906713840724869120
2.5 0.0 0 2 4.8237350258844503e-05 527423716228046073031086818741733081821016137125327471248896
2.5 0.0 0 3 6.535309969101388e-05 343910662873987509648995022813779644168904268646493710675231512
2.5 0.0 0 4 6.0092522930938914e-05 276479433937906687713850713645156280845

=== beta=0.0, alphasc=3.0 ===
3.0 0.0 0 0 7.522084883307379e-05 1230509728964742113801511939989660491090619236967127506366466
3.0 0.0 0 1 0.00019835912773874455 565642378582543300329267460829209607588202416774519038228309504
3.0 0.0 0 2 5.4133283999299424e-05 25711011773134926140539031139874150381172385589688884927661056
3.0 0.0 0 3 9.888010376212789e-05 430860263883939301616831537645482178912969856088566895582127488
3.0 0.0 0 4 0.00010242310139633227 46816584407745820910859456293402579353853545702056

=== beta=0.1, alphasc=0.1 ===
0.1 0.1 0 0 0.0067821533091253165 696898287454715798473252884673599328223232
0.1 0.1 0 1 0.009134116163564217 200879539441943537583125540168034827050104250041582519058432
0.1 0.1 0 2 0.010168657878432187 3064991081731777716716694054300618368390399748976148992
0.1 0.1 0 3 0.009685635333823907 12259967249930385528672612624572138901515952293629394944
0.1 0.1 0 4 0.008384199180188666 12554203470784779509213226525463819067237492420104375238656

=== beta=0.1, alphasc=0.5 ===
0.5 0.1 0 0 0.00012336789306777987 207696760610427567844086257970963223493717329090894090048013074
0.5 0.1 0 1 0.0002537691194983528 415595138058311304065022798563714788943320089141225885583343616
0.5 0.1 0 2 8.502705750034528e-05 824459895736197595356728373677437978836035394948117817618596866
0.5 0.1 0 3 0.00012591238558649489 8474185446431877727080012374337507252880558552587158704752896
0.5 0.1 0 4 0.00012115455738382577 101224395887664791381678969074518529902529202241838192788484

=== beta=0.1, alphasc=1.0 ===
1.0 0.1 0 0 9.04950520846988e-05 13458210333361352731870633209604141066305965228457022584783232
1.0 0.1 0 1 0.0001002980679157119 104476106007447580439076895195118396556902080390960862543742466
1.0 0.1 0 2 5.4744738888180685e-05 128555043541094280793165074823678861012069566337921497220252672
1.0 0.1 0 3 8.564479367780926e-05 835708222772423293994409123627690787699891733811794575863988230
1.0 0.1 0 4 6.871147327442845e-05 1234228855449911032175504719719438331493530454710481942875242816

=== beta=0.1, alphasc=1.5 ===
1.5 0.1 0 0 7.569787390890915e-05 12855614693751595656051305793133844849709246775645824285705280
1.5 0.1 0 1 8.32442687825829e-05 940085470557324035777731619557140137592324200858268975516091416
1.5 0.1 0 2 6.795638133465706e-05 649228108937487449707957538090532571991904791711895292286624545
1.5 0.1 0 3 0.0001793267088506832 1057391923257846007971489035823738006752849898176398100285891604
1.5 0.1 0 4 6.892769742778836e-05 100544159008533346092635226436058750326791893446219821581960

=== beta=0.1, alphasc=2.0 ===
2.0 0.1 0 0 0.00010001444779879179 425838888227740782831328192684136966768883497538636296956323538
2.0 0.1 0 1 5.0881930342878775e-05 310139441398113371232672409659645286097581738125123954143166468
2.0 0.1 0 2 0.00015461573047620178 411476579303566912892432954317460329903411447032986709776286240
2.0 0.1 0 3 0.00017341758859188675 930417152145910330422491187651836349499710431690330049001555748
2.0 0.1 0 4 7.752251067194064e-05 412983175670577361768155943587954904847945820311926530527200384

=== beta=0.1, alphasc=2.5 ===
2.5 0.1 0 0 0.0001258751057994492 437225244277442307125828299238813544915470725308953205830451280
2.5 0.1 0 1 8.820286338273635e-05 157680848082468502252722225065957130635045873965323838363287568
2.5 0.1 0 2 7.921364789490705e-05 13282347272084062503366350039632668609350294987346367001789856
2.5 0.1 0 3 7.665108800289716e-05 437094213800699190487060812083801530484151498131177377217651584
2.5 0.1 0 4 6.252547466125991e-05 1028542351229023964128731918429741514040584837201751187287312221

=== beta=0.1, alphasc=3.0 ===
3.0 0.1 0 0 7.732350694266857e-05 803567104837269141563237852393356636905723945848261054588426
3.0 0.1 0 1 7.304474674421006e-05 981839197341719620853655691102661554254398092954451841898326144
3.0 0.1 0 2 0.00010191957935834634 903914909863023326536831930305093205759642922283593518596098
3.0 0.1 0 3 0.00010216331472140525 630051535551893808178415705336565041992634999396522531185887104
3.0 0.1 0 4 9.332043951461464e-05 748471526019790463850017432983695150568163421423312

=== beta=0.2, alphasc=0.1 ===
0.1 0.2 0 0 0.0067821533091253165 696898287454715798473252884673599328223232
0.1 0.2 0 1 0.010062958929250233 1180591620717415497728
0.1 0.2 0 2 0.011272842715090731 6440306380506734463695519948211065781606642913688233000828928
0.1 0.2 0 3 0.010736485559040504 784637716923335095479473677900958302012794430575184183296
0.1 0.2 0 4 0.010462927040940031 12554203470784779509213226526097643762896758756871132676096

=== beta=0.2, alphasc=0.5 ===
0.5 0.2 0 0 0.0004205574712127655 6129988747714692486235853380705894999412530821143233306
0.5 0.2 0 1 0.0003769208614716901 634138736597459712211313884251590933574380838209889062745276416
0.5 0.2 0 2 0.00012360398179234216 8135911744079380493401171385417518112531917346560827917337610
0.5 0.2 0 3 0.0001035639515611322 8675837339681174846616875980090369782643993222810838740502784
0.5 0.2 0 4 0.0002904274010674215 414690449046961296034447044604574206804998979535237061055382556

=== beta=0.2, alphasc=1.0 ===
1.0 0.2 0 0 8.584618001628205e-05 12855608563770351005412110096722993425771945086461732882122308
1.0 0.2 0 1 0.0001486660648484437 515852442263471946855621153820366431888434375137839870839358986
1.0 0.2 0 2 6.648042596985204e-05 128580151948035643936487326074478736545308027667530926908245504
1.0 0.2 0 3 0.00014774015842537375 882336097799895030889382764393268827652611509471392924430893636
1.0 0.2 0 4 0.00014339194707015088 43686503701623638231440458881219392807188

=== beta=0.2, alphasc=1.5 ===
1.5 0.2 0 0 9.461483135373158e-05 116503897247805841815237130886655191824917515241104116987986432
1.5 0.2 0 1 0.0001046073231997646 554418735891266155273809405693753365972919743433694995319752196
1.5 0.2 0 2 0.00011165252409149874 6427782826949792946349180083348449828149634234871164285641505
1.5 0.2 0 3 8.488714260176045e-05 334657512460660209200778694704852400703437180021196066117689364
1.5 0.2 0 4 8.93015922780887e-05 916555699377072222631024468318876523130682644912928015877768

=== beta=0.2, alphasc=2.0 ===
2.0 0.2 0 0 0.00016546056018974749 14463227802296588195070603615713563833719497155137446609043473
2.0 0.2 0 1 6.731095443257565e-05 106159958458293341316405157046421232732247000172706975847550976
2.0 0.2 0 2 8.350954290458685e-05 528894861087019589388782459298387852646389433926970402538016
2.0 0.2 0 3 0.00010784486589092628 28924884796661830668746088486223839993788322672939337767389456
2.0 0.2 0 4 0.00016931753498083163 411376237410021972319339011783721631279592527428435674843340888

=== beta=0.2, alphasc=2.5 ===
2.5 0.2 0 0 6.536179431131259e-05 439498339767244478054141798571870096627322479655063584810074456
2.5 0.2 0 1 6.038682216391516e-05 102845653150865729313055052574542637512479871765396532867645600
2.5 0.2 0 2 4.646842426458045e-05 102944468699796916510043365189298015408327715483416588386844992
2.5 0.2 0 3 0.00011189076624864762 106058696325063909378351182317411079571721877442758145749286952
2.5 0.2 0 4 9.427333891522122e-05 46768052394934492672197022885318459946621208759937

=== beta=0.2, alphasc=3.0 ===
3.0 0.2 0 0 8.382971426715863e-05 828589689035385920491495616989606418805903123120495406424324
3.0 0.2 0 1 4.374279821280593e-05 1234140972194375307163239839449915863631863198588939678251155585
3.0 0.2 0 2 9.287031674331133e-05 3317546586318904463673977805021483463616109891127206253568256
3.0 0.2 0 3 0.00017979223239104807 723329265231816027137341097633017699428064837068464784539206272
3.0 0.2 0 4 0.00018395711695012542 951309676881469072754197856859950103794708879419613817705923670
