
=== beta=-0.1, alphasc=4.0 ===
4.0 -0.1 0 0 4.609599881561381e-05 12359087016534282733401230165998263914680714397058130243287316246062893745943792518956324966332082638024648716820863867027171968275740117153451452207690706828231806442782314650087374709734068899315844750656650482397255300250034379217050584379827388648515289611179559276965611856651436493835760918616561726461878916090385312787084238840860150442522938781012853779769623301882168478409196159098930821888513334623859491258937656551797476008217270612499937123283339055928359057113605240352190937886282683899541455035555485936848194749439268800623718891031153228717739569691157787283220649541631891516083031022428999503534856238491720167148072495650136222023683893124053116215615205799492745443109882414514408361624713362158035768642534331947486609645463883252585359422443228048647840973152281286630859655611479799070142389678199229382666
4.0 -0.1 0 1 5.994914233197465e-05 7249584159701699247536186933357039589773855410405854483996359206713666168287246711151749136082333360934967929865266507515709535839765029540652636448127339005776852563264248566233741487649351269227985308743814841526933960512293786136091291567220205798849288183392486182505933646414074640982214043716526127308107799680383931634743064693953585883669546312587556675733874035567090802643651740602265093655424028439430362612790839274346941003887509359074170752816637841823454236627241310793033677233784582691629948356195910345634675560448224144986120418417945525785598311666241101375029664935489396476949704883755261258468534601599843248723801553890805824665202272161008801235309209719488292443948218916457576601735458531201188139160790782097973371356223958998067936380463208970166859068579944463010874730130041112559616
4.0 -0.1 0 2 0.012269549982688217 0
4.0 -0.1 0 3 0.012269549982688217 0
4.0 -0.1 0 4 5.707502254743017e-05 94738579573554946668362851990491368021949771036807486149784477139989559769849236018856581270900588187502795124348692845099245109028314618460905177936389504344979944221647425340607278275780962294120844379862472262455118086080009236151770874949948177685122768150068703238067078783518679362466531458467789135190385827844334425303834677378918505830091451991487261409923573044802038967648785365396721013075944411820017470781739456665041293589883938317938445819614720901636256989302862303063231667602254386636912828906694436036821868363474181689140985273330376704631306147946728304803861910031090844117967929366031090691695494598004274054535424327611179876026030287848318307651550184996837405278903738747284140036360733105613802467479981496375124979229802282697330652474890206288105289166235277493734181960315581372876405739073716827160594

=== beta=-0.1, alphasc=5.0 ===
5.0 -0.1 0 0 0.012205406950373346 36893488147419103232
5.0 -0.1 0 1 0.012269549982688217 0
5.0 -0.1 0 2 0.012176629326772217 29326237612518360273324834748083034614499060912302748190148044495166529541481373859169571088204419456439664137440255713356182385415243137741255706666562129531405183291370713192723013743149649830761762722563651226197029593862251080198448315637187808854016
5.0 -0.1 0 3 5.002984583546527e-05 870443236699683432535889245564959622306347948587067864821153714397856684595274135376001824246002197771845007794612284413785972292528569953763595989943974260107635378935405798944593824568478452846750605824477252492314404947472872243476855599950988176122419132635563488800661798838945341150944101323066200989853115183080308509322022983507104864908358022461285812705275994451849611363363852741602501137797441497721366172153847923276972642350825310645803054169688332281353715138072404343700282104368326447721103607432355137621548868905607241073452189097938629045715798521249114616783660918064099984502224407550686898882554239201439288905612788069353416554070960919052829597390092897770663361434345038772201746460578137305499794983618202436300618768944112760443321572574710579250461672362133043682717022476592229807945095564524928503824
5.0 -0.1 0 4 0.012269549982688217 0

=== beta=-0.1, alphasc=6.0 ===
6.0 -0.1 0 0 0.012269549982688217 0
6.0 -0.1 0 1 0.012269549982688217 0
6.0 -0.1 0 2 0.01124285766227628 178249367673907220947210449981766978971098360716587741793945383143137706968871438954174239379713907238759872082109730512286313986952687319194842984747627896006494924226998035927158677960250605936622358017529636989052056192601148834694317814111669945278145850870039419202523954123315934237376540559367282380058499101851066662562884371143425423775307539685333016171894549536886752057890027562066290652313164732201801527473203538613754922451291378391736487522342124653963889077600640722904116703582429672103957935380196300710276807863040340911015388407628173584857826756486679006161633981363838919881068156584251847360304550803997708613353872324068102840052359561023293349144508828929018412822894128634441632487345217769964334901510494742123836518177653250986136485716483479275003397119364788510277840149877703724750033121417460713521152
6.0 -0.1 0 3 0.012269549982688217 0
6.0 -0.1 0 4 0.012269549982688217 0

=== beta=-0.1, alphasc=7.0 ===
7.0 -0.1 0 0 0.012269549982688217 0
7.0 -0.1 0 1 0.012269549982688217 0
7.0 -0.1 0 2 0.012269549982688217 0
7.0 -0.1 0 3 0.012269549982688217 0
7.0 -0.1 0 4 0.011803689551584983 23748582873882636251111452121706587039298526134662165728470185430078578263952249193500269226800022415238071986806979592759050277559505243159266480592909990802341190382175825331912412753873643961198303855112913671447747692493568582500239630022537403560306297637868775133360327567409454529070894478057245973773311494366183085638116348855520538284179518732685757300947756019454333763897706199972764656611263344472959508556432626426243238747713813545525940930120361473740405952268651934866637915084159536007772636364025756824693959117767597591106623661363780504492986298743300030464

=== beta=-0.1, alphasc=8.0 ===
8.0 -0.1 0 0 5.4603929271011376e-05 980374242741988555421891599884468333870007785193071609783816182333359182021981751592441238801807117991276075076987387862215837054802933922528711676660186875338426046295802869243425499358714394948822483896367103202006859684858891929306268804237947357443670250464178205624495970431539073452245167510612815281413870013465745997911288230659551314478155045439745673123218713703562976234220648373000085488792105037637820076643129622141908966693197279877040567436229677887310105745772944491120693484962839331555569806762337414866345085099007666910628881163289171274599511477816565000882739990143572278272296227888486353900341442514877418436590169852746551665450789112436995303951459910307018624029147938178505704058226148181105925089076996720978096745724292867918107000570080505964910631365896780233026676784494635705686110786082028537254032
8.0 -0.1 0 1 0.012269549982688217 0
8.0 -0.1 0 2 0.010752231278859952 268199839665053195506211539301094815150183494938698951856089012505729192127245624956228763874963519950415800107095614219361379554120892575653279035956134005795316482424104583674392736091034257658073606813478686341916640881008487777851487940679736225647251164465388915913238453673378862442015550297694902892808795311520495687869802192133395532828962739715172913021639216093079701184988967886344018139482752767401422357574149542758656902364571781755561735393628406403845230091191894205730797094524315177522992869779169050098404878608739727677522069917688610286890068890893050379908701077898765975401669143513236930672074266155445529769018557399429374576738999109641775609404057985901112207803317710139946495458633495676941645763873140841214384411379244871664684910711228969504614174313044885354053632
8.0 -0.1 0 3 0.012269549982688217 0
8.0 -0.1 0 4 0.01224379323239977 90854840536950861318665475986000566794205170085914757535186274897579911014174740415773881339220445695095315200783272241691825203576832

=== beta=-0.1, alphasc=9.0 ===
9.0 -0.1 0 0 0.008550702729112864 3553061730867650268661794662163895935481015323943409873378857665020027623822548385925286978030254237710232669787135026682924682507016997270737639763630685275746790763618886244017581485917178845531688996682744033712539123201824147335384645158021480933144972938493113283146203872031328293780846091162180695393670914060117799938829869604504647209373696555290275080647535965475054198291554182704423728617185429691367468806866419996363295766407477748417090884707622165156749365085386106246020616352340577223776768054076922784562986661126772070762423332791592136313932610253599356465737725333351823812112197476264562866143767358778943026268819984366003831477574075617222021957186946418086231035893299229500065110605006613204688680528612952130637506457358047800569294469881296846848
9.0 -0.1 0 1 0.012269549982688217 0
9.0 -0.1 0 2 6.413987781248277e-05 67974979925095802878991355679698254987353909835025464290017635596582935671746168265736251822830671328790156135682971874777207161713102107138163394264071127011442215288774695399261575983039145259516854530115694581672733306339169372962105489809145386532365302942793988801384363354064382817284470270115230212495150599655052171716973372430940020038730262175664804768780418300765802479353257276230861913245010235180848313712031822223838509582167152365277175483259865697197600863606285335098911619054529106293568386362662983688077368385978787363606941001347488878988468069206420823570522508042141188396185550515541349834187412862224913123810750154492272996918593525836563099026223757917427279567942018176044071626054682911768019421829386673835012561091677454301048989093103289914451743523580201228935818958174147404329598164277815767203968
9.0 -0.1 0 3 0.012269549982688217 0
9.0 -0.1 0 4 0.012269549982688217 0

=== beta=-0.1, alphasc=10.0 ===
10.0 -0.1 0 0 0.012269549982688217 0
10.0 -0.1 0 1 0.012269549982688217 0
10.0 -0.1 0 2 0.012269549982688217 0
10.0 -0.1 0 3 0.012269549982688217 0
10.0 -0.1 0 4 0.011385228739589241 1096083190951063710863369377028899212122273178244031036881994019005800118402725154349981961919744564802827609363492118396193952709607608366036736669176053155600568333989076576245754750542964252594393862849239030844127750019321962984811202523273661189998857722395242631716201462074207353244514508696427867589555629158318944872434276911263749241700051640202511293437047277179225588384914969808148110382644056535756040976381032556294859486478884203921408

=== beta=0.0, alphasc=4.0 ===
4.0 0.0 0 0 4.816194697073166e-05 133688045872506339451331571362085029130025089831531983389151230764593038745820426418243489744757804006808027271272590765696340618510840892929597562191536985188184162622378469524310408066034880593520946096920441845116976167880928186368091256458944192952693840129740352100635176803451123187271408807793631011118021662770109413112028617482285012334483410508537438077255039753997018897792560129189503435370584434724127768967100237145580937879750456828904603861941223127427875301250059212138278631118636115773500909758268988381765852926696234215627182464056391929944414806759025631388912096085453990306037228886023038453018503108678020327636408266403229887913174911448197696757683595102896610037732205427572685480701122749411230664742367859684447034400194802792579423468389861465284124493654702905556938233894576621733748188429180695740420
4.0 0.0 0 1 0.012269549982688217 0
4.0 0.0 0 2 0.012269549982688217 0
4.0 0.0 0 3 4.529965778516783e-05 142260054425294106643310640425125484701382232015712872293828689509021758041621373618741404304298463480851415390938000896057869461800443839384444697039374622725550533683307163009891188027400503227309238068338167104873364759217497414868198552049111832413605111459291694527322021429031257087427597651467127938302206359423355578086574120792132254979597419722076211994394480212234095635032893146271714564942495883939946187469856281389145629058848361913664266881106445671736160259735880885633078244689845766797240560574913491090085996877861606701750595367774412132303750962478229732154430516057986710031622439235040536355265767755508994056398222746174397755473710607109512288483844846044193814759961971326960674389808441846445460215028167980903108943526290980234406088947822050569217074524209243336658379060813167342834373641045484022797572
4.0 0.0 0 4 0.012269549982688217 0

=== beta=0.0, alphasc=5.0 ===
5.0 0.0 0 0 4.4930471662992664e-05 89388256356916593827940305714329926312668690307491036121426852109977392926235918227795938181774802345685586683066926037570455898747975911155972629668188447745277597352073952737624271998286700580057274216442791376984404785042565029910073418675630116418782848914471752815950484196774493751580025528433071255994962236482239253425717891055554540150557124948638942098609243304150887748397333659223145838516027722885893817342881410729590813651137108435885205892601845068499404002572021681254333965258205271741928035118424710162307204078371847193575555861730981564337441527373536648908859663417648379393644864993136714033703672370583247529629256241228269709483510115104889244728751953145316273644470075533681203655060870036672191377392021566637167578891469971027929158459815953581802083489751038688378553536897443828332621059380887722918020
5.0 0.0 0 1 0.012269549982688217 0
5.0 0.0 0 2 0.011501707711432102 1552518092300708935148979488462502555256886017116962180135460421575395746790511220352059531601882731517517966306631584733433094528608608673707970531295931665174783443863051816894589365594589803921481500912345619362496328261231968256
5.0 0.0 0 3 0.012269549982688217 0
5.0 0.0 0 4 0.012269549982688217 0

=== beta=0.0, alphasc=6.0 ===
6.0 0.0 0 0 0.00846988191427524 332015320051288643753548102490525414621827548294626762167584161325319052915492287815967435798804838759523415115235028719468473919006206173288741735126071150632756370760705741234941898463142636224376116616604488919912725163409163679995681883793373219042645726696651375794005869649819957022788912472996326093109754048185837419069015247444310979399305710205600573752748126497247467370544248734467171993206453683424006265452680705956872427572989188579505441241478667031176033556700364427443161813762439679236918505949088348052405049789847695323197833041966217252590687845969802144321654539673398243311916111914112415434962338829836526867873625245016560043847940708603750754431436780241413392140579751127138408279158421941244851892662650693678658321647636137683491168836008374063827789990942599713361050680194396891131561916760064
6.0 0.0 0 1 0.012269549982688217 0
6.0 0.0 0 2 0.012269549982688217 0
6.0 0.0 0 3 0.012269549982688217 0
6.0 0.0 0 4 4.540900868617292e-05 783322416697841947546964502830902380793959805972117394042799077949573739416492764579455149824951100768718741941335334890623732353702156101493382470019003511881294406521375971971086587971757025923944950416425710025356327626897551709629130989460188521067086505670726723833344299105866488804341605313504305791495354902147211521029435437785242705188467777580572851502739312699286980944097105651303709424561359048435273066453772593045356294316079203033195045237617105024082395512121970074585315308760626908166453243614349880637523912834442962174699784431444052919799041654087391287680891235152409406588355647803072691341196968476173372691429213475833198722309099131333614800036320935955554862235954623791675311256143029178685138840351345221610799213543539943536377177052328601137395011215763123265496284990948247084342913712598282665984

=== beta=0.0, alphasc=7.0 ===
7.0 0.0 0 0 0.012269549982688217 0
7.0 0.0 0 1 0.011533853553433598 4190622494766456179784555301579606486721809532365179981309490298070465998052389552044571384626790798102963958087622412633697059460558890594415851883219829066755941696330790138781488418621594367829921858876515253791491410953488099990454541531298680023085291869356449712796625160068637107082134092556128419703367453457142960292493906011432410460378027539417755553205327287242942868360833348335802614931493618856023217847316179084124356609189840707212209777086225975016921378893697444713764873722202677999954025646370786930504182330804713538356008007561684685295562715755286206807229344202281098481714926263612389164183001092738345791608266280770635079741679459548191436528540312150395346649628460666543687678057202566006388631043717567588387116136845170954831037535501549132949394949529120528138240
7.0 0.0 0 2 0.0002680776504030189 174071658576853795716977727351926372165337647795860986888672312635100645446760774153844350007160371441545654709181674724972044436820721386843445758842171762406663271995634183330637559252029928365652729277336855606680939969018616468956566207676780231363261795610343571006205762779515957058641460641769833538154334006070988155042221214180401890632899607479574712688136078654128173250648133750710591357286215834798242521083371710644139853796513958721006874845618448784310182205752113099063402313253018886266346124990844687694799457331421038992187624549158979307255165405112049661964031430375127395039524329725708087243855484096048215078035224092238784662288705938293215051205228674932746799148422151399873259426268766374124490555189353491392796102025745017871771161116874019700245179202403911178386549882758091251335949934637478855680
7.0 0.0 0 3 0.012269549982688217 0
7.0 0.0 0 4 0.011767681015830221 67654718393561130610996625576603175494002898676114097445585488602725371907631504041114286897099495704395435729575968732573403103806157401390783217602305585148501347089623066155849055180572123307246702791515363624907268112981789674438092991634445255148402838063513568542720

=== beta=0.0, alphasc=8.0 ===
8.0 0.0 0 0 0.012269549982688217 0
8.0 0.0 0 1 5.227185146309325e-05 22304635499351817213315863104225733756439106067790077887881330669520392788214547699600834550441237727385160966728768235607304635587734493652179686476595799805887378289582860499060909657933707705017264541236057184207772194772425352211270656941920427975849647903289760923887326574226785375070851443091268278595511354772474262231294154909387753554335404259734553675338651740911729217867168066958882891451605066436446541819346439746809463528562146040399719518722821440052834085953166443216844955240181086889622466815235031490648788541952235539449346399735542035321175953519991271440956485613588479607667383113881604953129097443773466421811983529636964654059001714367736133452157718145355565658198145569976060860478353421497600350313562295901319611432184905958751073054112991000782649680468765666299517296033346744127029526281227218190336
8.0 0.0 0 2 0.012269549982688217 0
8.0 0.0 0 3 0.012269549982688217 0
8.0 0.0 0 4 0.012269549982688217 0

=== beta=0.0, alphasc=9.0 ===
9.0 0.0 0 0 0.012269549982688217 0
9.0 0.0 0 1 0.012269549982688217 0
9.0 0.0 0 2 0.012269549982688217 0
9.0 0.0 0 3 0.012269549982688217 0
9.0 0.0 0 4 0.012269549982688217 0

=== beta=0.0, alphasc=10.0 ===
10.0 0.0 0 0 0.012269549982688217 0
10.0 0.0 0 1 0.0015603497329082588 10900811288688804175931321326598002999241684896154306340319209960917845363898653834113658412666081874100416218701730873496534022293143930008084400321611717333231803832625345410167688652887237426441964020923686100465903315256648058148912716386227318654144149774711446487181067443565625223971928294435934984781796535269385360480585137516757474235267697514780187220917951537109130598627888047529855288457194326774013326437799889989111394964848438931092031589831846733793159311355628420184922284370511945950047276715254264316170712941133363860676162827645235014349976432194576957355703137532732165735395249603646491287904686981127850810161373036060911583282644305159973088489114173527411645220003645183761707941546415767814086317505022770467644114243275033116390497188069810901624025457423844534049345516551348834114876690781955948672
10.0 0.0 0 2 0.012269549982688217 0
10.0 0.0 0 3 7.61765734471645e-05 10879649205393052684665504854461468600604687147562816672043184752290545035291202304404786370477973531799120004664578301568899701504637325634473089752487999986387879757963663728627002285533824933576818867257061173939988110258265780839983857861232537098861010934762993514965306718155782719354697334381891839818287488880679242335705338074708968153005244902727853420383617852152952913044724186574281954424195025831531613018016166450243170690026074223530889893225238303724157628842035198722574458952961045986837163928776242282303787421253028142838496578094987516444402966482401947090823088754025574695334540506252023694358169584650587343730377180228773085381765310894019805606013302940457762135754569391979685320592441771269239867592017720247266097099317578858833403080867819360818930060630175947111660310303911840198173731298352578816
10.0 0.0 0 4 0.012269549982688217 0

=== beta=0.1, alphasc=4.0 ===
4.0 0.1 0 0 0.012217932028657784 339983687732519571203633213008436162893482896264243587100878492628360189378493192585323790320804419019241089023799382216359404788811087868701404180257106916128003946123876252418602250369079660578843687511423852980677312842927965074499514683279267367365632328742329160314082095269308939573858933801141220847670039847700547805865016225799011224722215883586141718466233460639633075165286170106617237704392651259228252958139296102866032917355435756647282182568610811840223267283869530187858788470127306054878808468608342158303788390380608313379446477342099184743229008036745567349914166931738616578718945610608171625440352495645547984035247883910170040381415837332995859149673104307263796336116215126085803384095637229667951182372317207725925399656290966898042655606822881126593806617988827292773695420887120662628021270504970125312
4.0 0.1 0 1 0.012269549982688217 0
4.0 0.1 0 2 0.010591445321522982 4441615493789255046444404249552327384767966258431071597595909132942203930623111818972845311717049306605222766476190446988703771315108532248003769025778194015627579838316777549196207375947747789984012053898145432299938593614434376811002815527656530750214442352989897950499716132764995424101246972320319905937636080224814443849884902090635765405813739353433369681881944804729472679578446386870575896459029524959903741305053060576170013324340753421414992139561740781997034288975333052086607313797196326700872322586472542932230416264891097101719987945165796232518516273397755307737502619447124751432611339189652796163044872848146432
4.0 0.1 0 3 0.012269549982688217 0
4.0 0.1 0 4 0.012269549982688217 0

=== beta=0.1, alphasc=5.0 ===
5.0 0.1 0 0 0.012269549982688217 0
5.0 0.1 0 1 5.1033546883695126e-05 41588074527002178074338927530099954950996083550654852653585647584213766569482475118548419166958325559647603760067091154706272574154446755148479287100424765326229465320349213030779075895109513606545252182031343500508910691788785478003578406499356437508771130523224806917147182198366350933646384015286968263016210171515908724253054706241071014477295084540643076009096484899867240037953611165268606151577725026036125518419392172673783423588074327920053474957002089573972662508593982223902037763736476564172561292020029253773783208163242726959402228526819746234048848186028082580344653152719376701344276200206524836763876569588705728673253784197146887167501415993603456804031214308445028283741199189226767044017606140566796611464888622923637546304331617204918142844428775331789194564059857204592780864601993653783690866279333888
5.0 0.1 0 2 4.741519845684349e-05 178249388922887704229702559991851440252622181517409066607631879371104306206159041396365186187924353026671277464326075441015981443769763709001693447592901887526945240821965798455914354724684339638618926418110784677741468413345690208930523724208348962162821796385527812532181327480234786849875849343705905471091478229737663593429497543517541718416561294419785027219096933557979181572472373131647222100713777215707126240558895476404304372087377914082217282739642328701960234620755232630512932568790765394937667913820980446140838180937118703865556829926397964709507682114416310905908999286217181280068430575504799081130969039355271323672509853692110358574419572500480215795590946202921815147470420274823668551837573391029339719635621370621371508418376817183177134369450281227278693360498959665062754722148311558772904720800903133734638720
5.0 0.1 0 3 0.010555451541970181 822203467649550385035453287187594920503054318654714222264716842766686455854771150513070793190032031876245097915378492258964365432945330717640475728062412478531291084565238132628651960484312739667094020001943225338593069330189646664190253234313979257699196276054671734509025628358103909795569779209374865929130953684585937550599261010683009825758603946940133367333705144731914388471257248030178481765764531607346862182146753014040199456586288876211364376680994346993387242098869581289834519013830322224259296831518477122070593083147557340985308075063700889319569098332661273563773692987082111806949784093871125309420100521654829241485584459664188026611587456981583003648
5.0 0.1 0 4 4.664322634764581e-05 66843512877715524644595952573636852302683715893502828207355854757492355584664721164659324928079160099499110763159434294304615016603814287546927202883711189627712452541521091439546944824258190120628412229214296972902605730356440196823040165707573820886782418138698808621878168330765900319304266468052685911889439901167605573082629919463533314578809068970265348870461225857114952367802214187262966467733620307783978587315479993802611109275795915457556512974342678488788257506464963217877171344850451103084111534733667374828196706956208310027118089761964211671670492092152016910113064839484877948163404554623312001916990418329240515416109405497403633050887498981009723389027528055873308166734799487228982178287956041914550414003411492250053859447683235259903728949176664039260148665831040563333698317711488471460529991377275967535841792

=== beta=0.1, alphasc=6.0 ===
6.0 0.1 0 0 5.189243831683664e-05 1075069261193233431527182887949198072225151900469719021856265605353001281708466881171601599183673395046484584589905312412745732823490472928294932631518331172450513442941788465580360877900023416672049004647848469082214462768130322755762292555266198691610587944406338014733039999432779837524726296758487659585143390522492616048500820494097452098694397386174751048134449620272217239958780151723953780896674204017739779224581782669954671872256731078022204460382059894407855179120063977269200543759813317081939970697727765574697012029546369986129501145056787658029809497560764347981188593270615862794534864397528713906916464978730302907974270852935514272165643790296041117455633220403003004344257027912560115563674123116417294378354293302394889379363941589744003513201214854807465758825092295392144631516441327008032105063818062957187170560
6.0 0.1 0 1 0.012269549982688217 0
6.0 0.1 0 2 0.012269549982688217 0
6.0 0.1 0 3 4.901003754795723e-05 45258798917857184130346722978736664501211244790788664152366796019412301619032989373813810733885918688973919437153618047662677343463038230679073789748811947202259214539039737885109117722997630913765074559179174672541656876962794970397017100791216019564712649656033827791532055675335407466486544980072017664572331079690733036434087557055822732342027863912603705706053704811581129209594563802916821971929696907737377074788675970007555136256845028944680454677651370005627712650941915609769442687692035016826877347461038725949346980113149487573564819622121781556269693381381614841442350058311857315103201368873143943170530951745803416067089750892800424954395565156383518414730458229275785103919430494054271068082353782423067416765586633907289349911063161354988817135216223410991773200100250484831255381728338385223987006801602560447742976
6.0 0.1 0 4 0.012269549982688217 0

=== beta=0.1, alphasc=7.0 ===
7.0 0.1 0 0 0.012269549982688217 0
7.0 0.1 0 1 0.012269549982688217 0
7.0 0.1 0 2 0.012269549982688217 0
7.0 0.1 0 3 4.3174219006865076e-05 84996084050067521393707774336731764194693306711419253522261811557881750297452416502432169268108968999311980816116574589516953975475879169163898969554848370694796620853593156758002437785782491711488414314549457017232315154519449052008427465793482452657952960080033464176671614433504104214604484397994922717918422071644441951403317761998237391481173479503607964061671787339485907092011736481876115087255900118889281109000273343743587184164784381088699995876136139552962952599861188783891913598066805770037539216712360951551866868586522016037167679741365622945578612579635747640536046621307841515156790335987354557234390235449566721662915590858933223039774014188752712269456421224014577249697052973812843221262523700600610243425153712367307481447509034799853149423076678326629345782729724207218647809713029345535839043870898784272
7.0 0.1 0 4 0.012269549982688217 0

=== beta=0.1, alphasc=8.0 ===
8.0 0.1 0 0 0.012269549982688217 0
8.0 0.1 0 1 0.012269549982688217 0
8.0 0.1 0 2 0.012269549982688217 0
8.0 0.1 0 3 0.012269549982688217 0
8.0 0.1 0 4 0.012269549982688217 0

=== beta=0.1, alphasc=9.0 ===
9.0 0.1 0 0 0.012269549982688217 0
9.0 0.1 0 1 0.012269549982688217 0
9.0 0.1 0 2 0.012269549982688217 0
9.0 0.1 0 3 0.012269549982688217 0
9.0 0.1 0 4 0.012269549982688217 0

=== beta=0.1, alphasc=10.0 ===
10.0 0.1 0 0 0.012269549982688217 0
10.0 0.1 0 1 0.010075666616287423 62506122880376898454839380925391693728883656674990203476338874183596185942048297324648611486699703380890258191236091376002739948633060909605369892920724491570668953091993337167035521987499140533068803299588484571794636038325660745590659372325026966964770884817205372292224303902350940210783315379849366105152542636680962313968338131403482466847032242717176601043479935141064952394996494980239104460545447859572567909668109488578710805952356058089672074260215055483842151675427666905773408970933756621860226811015947227835313051103961564086753392166512941010318156254706752466978705741967438984831087526769071056242799751238582467047200189359216755520620378758268086402981848780502961252746533697889611264040804396500077479411138166274598094828817269382927352379080682788920875905842151424
10.0 0.1 0 2 0.000800006443681941 11326049237582390925292560727614993806859221788394765243624773121920265174417695015607515919858405457675915800187597160145463507487606783509160764903617878698715155238729091447581878165785498848072253466518055892363995817150045950020967867844935584941829042868897859172723889033786624835238186062499578100392776832745800637446722415981663630645038067850046016381092487117194567008988082395788627542578538791569982563482018493910166493349623890031705196275497321692911208763046834850964462428378114260406789950017502628897926137572385622742619383663701063399995856768563077417463352638517993829014161895588571455232104882518274511575334439123250540530212458332157083586776949490643835663972343605504855302767353626021185485340099248909698279946956093235873916739858062580151313515350057222504505941433615377635132854105629631293949568
10.0 0.1 0 3 0.012269549982688217 0
10.0 0.1 0 4 0.012269549982688217 0

=== beta=0.2, alphasc=4.0 ===
4.0 0.2 0 0 6.23300743583344e-05 178271487862611236923552240042908227537467444171004986271543775372894632294284727790246770815151548909167658228642686367186914108098793328236335975339015090456723709180281985183960760570871225310161717605690240849945390238793640107065754332184393881695083505254008094481786698388618579916874181438305701325741866894427724690592324827228878137458917202471066278327679556170183612866496648622727042853862045497270930099600491053525755341160381011181392111081497153854230117643829211329329212853695181136723807466187952946718859087959632914806705917149637392009748983197831969842479824680110709075297859314273277858839611473237284739880314547215187243429826443599562510415153108803456123827677219322690130366394150829962795578322328487117544769118511761124916489425073857660036657006985324431959140937987577399622483781095364167632683264
4.0 0.2 0 1 0.01223677420050924 168324348849547952231711676252164117297610873690341563503944988898199428937506586307637329160882830439263455003397702966816621832005881723620090072660860187198567157476110227142133240252298326952681384055545004032
4.0 0.2 0 2 0.012269549982688217 0
4.0 0.2 0 3 4.405219204668015e-05 222985783899229717764826319563186255980201143442550479922815850582706061584182424758922260433577424564951403085060961213769621366811283692721973986851516888382190642771758523707346849081374316917866456572111685569700822019226703042493133589912558909678385450874861556721000873989529482649938958396622951775650901120638838933418873084450807108941768046637307825196016535049838921875033376210384909435980085153001364942628688684187425260807634198951349913362146057578858391628775345550318902387071734965834826145686103669875043385617037983924102288378529658323891484168168901090337260514101773295553632671783183658173513223621250113637779149490792944598040900748932748459955447988801076041685338935816912185970146972357481548439423539732295551334257710741387784733488269220249836653093585277442254862395510044329273491729927932185935872
4.0 0.2 0 4 4.9259608855303594e-05 5616530521341223316284058872743739882238470420184215389677917257754684474640699361315250031765796943870482897797262032957620198925189252313011660072706024884480379511706425556513276577308731310415609144664576458022045266646381763781451809432702899376791383569835986355125724767872895508956596494286290584559552291005724126745063864838256043946940610829805941289064279641288088313625617119219686426448688205164557758554025232890823195231523651394419224916343336895938028636841193296338512578573547257201947791108769594165094168438375716613874600023483549508280481879339562312164179316052651580245542753083430673796021593116474945572898662955131737585775391774501858531422868763939703670891600598347940684530235642675973397505193054832281622045068168635987550725059055334008783934713653256401350864023359850236867365182467566756430464

=== beta=0.2, alphasc=5.0 ===
5.0 0.2 0 0 0.012269549982688217 0
5.0 0.2 0 1 0.012269549982688217 0
5.0 0.2 0 2 0.012269549982688217