
=== beta=-0.1, alphasc=0.1 ===
0.1 -0.1 0 0 0.0038730958652335493 796336798851704827
0.1 -0.1 0 1 0.005020929399667638 294592905303540373
0.1 -0.1 0 2 0.001686623929881312 516228418245053141
0.1 -0.1 0 3 0.004204245200898521 452688213956829070
0.1 -0.1 0 4 0.002788997750584373 781610849625938333

=== beta=-0.1, alphasc=0.5 ===
0.5 -0.1 0 0 0.003891501505050254 796336798885324795
0.5 -0.1 0 1 0.003400118140867698 1063784143272731285
0.5 -0.1 0 2 0.002640514049559996 524647498525911959
0.5 -0.1 0 3 0.0034980793286990123 462852116489641870
0.5 -0.1 0 4 0.002636879566430638 480389704668912029

=== beta=-0.1, alphasc=1.0 ===
1.0 -0.1 0 0 0.0036958361668466204 796407167595948027
1.0 -0.1 0 1 0.004382364302015303 1063823727839339157
1.0 -0.1 0 2 0.001875486290192039 539847147276028629
1.0 -0.1 0 3 0.004659061127633948 1110811912008310670
1.0 -0.1 0 4 0.0024778941239516844 192154930739124637

=== beta=-0.1, alphasc=1.5 ===
1.5 -0.1 0 0 0.0036958361668466204 796407167595948027
1.5 -0.1 0 1 0.00414319683801673 1063823727838814869
1.5 -0.1 0 2 0.002640514049559996 524647498525911959
1.5 -0.1 0 3 0.004859863682707148 1111902077789347726
1.5 -0.1 0 4 0.0027614676496438236 1061635531592808751

=== beta=-0.1, alphasc=2.0 ===
2.0 -0.1 0 0 0.0036958361668466204 796407167595948027
2.0 -0.1 0 1 0.0050989653388803695 1077334525647708821
2.0 -0.1 0 2 0.0018583686993396032 537595313388465047
2.0 -0.1 0 3 0.004847155816590631 972290489340895118
2.0 -0.1 0 4 0.003464588774022283 1061635531525699599

=== beta=-0.1, alphasc=2.5 ===
2.5 -0.1 0 0 0.0036958361668466204 796407167595948027
2.5 -0.1 0 1 0.0050989653388803695 1077334525647708821
2.5 -0.1 0 2 0.0018583686993396032 537595313388465047
2.5 -0.1 0 3 0.004847155816590631 972290489340895118
2.5 -0.1 0 4 0.0031174658229071585 1061634432014071839

=== beta=-0.1, alphasc=3.0 ===
3.0 -0.1 0 0 0.0036958361668466204 796407167595948027
3.0 -0.1 0 1 0.004720323083293574 1077334525647712917
3.0 -0.1 0 2 0.001820731865415231 539847113202150295
3.0 -0.1 0 3 0.004742585858038997 971164660300943247
3.0 -0.1 0 4 0.0018718066524027375 1062760366280390671

=== beta=0.0, alphasc=0.1 ===
0.1 0.0 0 0 0.0013367032016540533 167762852594322297
0.1 0.0 0 1 0.002854232635136601 536088952017242261
0.1 0.0 0 2 0.001632373520295215 739737554457466989
0.1 0.0 0 3 0.0007578064512900305 433827074330110061
0.1 0.0 0 4 0.0018839133295172508 585488717531460409

=== beta=0.0, alphasc=0.5 ===
0.5 0.0 0 0 0.003891501505050254 796336798885324795
0.5 0.0 0 1 0.003159238518203726 567592172236845367
0.5 0.0 0 2 0.001859947290099473 388924818296494805
0.5 0.0 0 3 0.0033979306468919428 1010307275337179022
0.5 0.0 0 4 0.0017989601001946658 253789193199690013

=== beta=0.0, alphasc=1.0 ===
1.0 0.0 0 0 0.003628532191140467 219915555952766969
1.0 0.0 0 1 0.002227239953510644 1055023303341984405
1.0 0.0 0 2 0.0012617901601275387 391769371051379669
1.0 0.0 0 3 0.003068942147801419 1116124896049577740
1.0 0.0 0 4 0.001737972295821324 1059958638907201949

=== beta=0.0, alphasc=1.5 ===
1.5 0.0 0 0 0.0028903173531172007 246932774997829467
1.5 0.0 0 1 0.0020960683805688798 1057275034469745589
1.5 0.0 0 2 0.0016166354323940404 375971609449941717
1.5 0.0 0 3 0.003058868929687664 963002508721340174
1.5 0.0 0 4 0.0016320241756154655 1055437449190939037

=== beta=0.0, alphasc=2.0 ===
2.0 0.0 0 0 0.003000061136818711 229481313623975771
2.0 0.0 0 1 0.0020498449386163104 1055023251835929525
2.0 0.0 0 2 0.0013692246832552768 521727131510983317
2.0 0.0 0 3 0.0033261704575153835 396111355954282382
2.0 0.0 0 4 0.0017232970769857922 1057425501570439613

=== beta=0.0, alphasc=2.5 ===
2.5 0.0 0 0 0.0029091820957408187 246932762112927611
2.5 0.0 0 1 0.0021824883743985653 1075289432953995959
2.5 0.0 0 2 0.0014199790758095568 521846011642337975
2.5 0.0 0 3 0.0035477822707688732 395266791404060431
2.5 0.0 0 4 0.0017232970769857922 1057425501570439613

=== beta=0.0, alphasc=3.0 ===
3.0 0.0 0 0 0.003000061136818711 229481313623975771
3.0 0.0 0 1 0.0023320736314281086 1073037633123697335
3.0 0.0 0 2 0.0014199790758095568 521846011642337975
3.0 0.0 0 3 0.0035646613705783347 396111218515218219
3.0 0.0 0 4 0.0013163972985497463 1057429800832317743

=== beta=0.1, alphasc=0.1 ===
0.1 0.1 0 0 0.0019298696848163875 36031973976721500
0.1 0.1 0 1 0.0022297424697087813 585630571658486025
0.1 0.1 0 2 0.0014018335844187095 87822683637629213
0.1 0.1 0 3 0.0023505003773615007 895757180812302486
0.1 0.1 0 4 0.0016618769781903658 37157870391861597

=== beta=0.1, alphasc=0.5 ===
0.5 0.1 0 0 0.003891501505050254 796336798885324795
0.5 0.1 0 1 0.0014169943246973144 932093851198226727
0.5 0.1 0 2 0.001213716616588168 64708228126163181
0.5 0.1 0 3 0.0021172323556395193 727124276803351629
0.5 0.1 0 4 0.0022262648832220237 857305436709141343

=== beta=0.1, alphasc=1.0 ===
1.0 0.1 0 0 0.002892384407746701 444954249856820813
1.0 0.1 0 1 0.002541459729209318 568416861649946870
1.0 0.1 0 2 0.0023595227664819597 436432014744527528
1.0 0.1 0 3 0.0027509735556890676 441076291988031463
1.0 0.1 0 4 0.0017825098713397582 440433417731600942

=== beta=0.1, alphasc=1.5 ===
1.5 0.1 0 0 0.003108954541699964 161499604895446093
1.5 0.1 0 1 0.0043876180818122985 644918610929574613
1.5 0.1 0 2 0.0016358838491773047 447801072282768097
1.5 0.1 0 3 0.0035732440740978634 103031515006701337
1.5 0.1 0 4 0.002219130482063363 431108481065167199

=== beta=0.1, alphasc=2.0 ===
2.0 0.1 0 0 0.0036958361668466204 796407167595948027
2.0 0.1 0 1 0.003758835211038194 429852001963010740
2.0 0.1 0 2 0.001840293973657644 938979303615714273
2.0 0.1 0 3 0.0030262149440893906 172296486983239580
2.0 0.1 0 4 0.0018183006977933916 664540183408163671

=== beta=0.1, alphasc=2.5 ===
2.5 0.1 0 0 0.0034176192900083704 1112156051863832447
2.5 0.1 0 1 0.0031344446913408024 503973379326091923
2.5 0.1 0 2 0.0015235508741003334 380211820551484405
2.5 0.1 0 3 0.0034696664295778214 247981363430168377
2.5 0.1 0 4 0.0019635731089534558 532228263368768285

=== beta=0.1, alphasc=3.0 ===
3.0 0.1 0 0 0.003253402961074822 823397996315871225
3.0 0.1 0 1 0.0034162394815785333 1077246565849393813
3.0 0.1 0 2 0.0022292392937065066 1112332134245802647
3.0 0.1 0 3 0.003332910980825374 390794094058016605
3.0 0.1 0 4 0.0019232123710810896 534180996020286237

=== beta=0.2, alphasc=0.1 ===
0.1 0.2 0 0 0.001945763282416896 317664778754720101
0.1 0.2 0 1 0.0036600175699260363 352205802854336598
0.1 0.2 0 2 0.0023086259787425583 1028453845835254455
0.1 0.2 0 3 0.005202309696027981 964444443084492749
0.1 0.2 0 4 0.0036640360291823777 1109507193815642901

=== beta=0.2, alphasc=0.5 ===
0.5 0.2 0 0 0.003891501505050254 796336798885324795
0.5 0.2 0 1 0.004379884019044826 644918610912801493
0.5 0.2 0 2 0.0032157010812659385 524647498525911703
0.5 0.2 0 3 0.0034950630641284986 893437982162718681
0.5 0.2 0 4 0.004021776073298699 1152269374515034631

=== beta=0.2, alphasc=1.0 ===
1.0 0.2 0 0 0.0037034471498088467 796336798851770363
1.0 0.2 0 1 0.004028529247638229 142826626088233685
1.0 0.2 0 2 0.002277628379133263 1104732824742482659
1.0 0.2 0 3 0.005202309696027981 964444443084492749
1.0 0.2 0 4 0.0034359921488061056 1147836126451970583

=== beta=0.2, alphasc=1.5 ===
1.5 0.2 0 0 0.0033530716832569462 478524798704813233
1.5 0.2 0 1 0.004748659914720151 68519431260005077
1.5 0.2 0 2 0.001406930846787838 172500166961467565
1.5 0.2 0 3 0.005202309696027981 964444443084492749
1.5 0.2 0 4 0.002187934661923822 571064074944590615

=== beta=0.2, alphasc=2.0 ===
2.0 0.2 0 0 0.003216419222943928 466451042528136476
2.0 0.2 0 1 0.002550098482793881 786214168435267794
2.0 0.2 0 2 0.002640514049559996 524647498525911959
2.0 0.2 0 3 0.0037603178885248765 968064155656331033
2.0 0.2 0 4 0.0024151461761864057 571099396730401559

=== beta=0.2, alphasc=2.5 ===
2.5 0.2 0 0 0.003631667020050227 517645731936183545
2.5 0.2 0 1 0.0032249919510055733 479204137607567538
2.5 0.2 0 2 0.002640514049559996 524647498525911959
2.5 0.2 0 3 0.003925939731741094 105031502983466973
2.5 0.2 0 4 0.0030067281064882915 570539745311863615

=== beta=0.2, alphasc=3.0 ===
3.0 0.2 0 0 0.003369928469080154 1009097201362249438
3.0 0.2 0 1 0.0035026533939252684 1069996525989153492
3.0 0.2 0 2 0.0023323705847641363 520109303411905233
3.0 0.2 0 3 0.0034994484559100064 893473097882509273
3.0 0.2 0 4 0.002791449188645745 799501955742036001
