
=== beta=-0.1, alphasc=0.1 ===
0.1 -0.1 0 0 0.0038730958652335493 796336798851704827
0.1 -0.1 0 1 0.0033296062496074664 877949795039699841
0.1 -0.1 0 2 0.0024115920936327285 533091833977588439
0.1 -0.1 0 3 0.004262960374045907 308573026952617870
0.1 -0.1 0 4 0.0030306222390411946 203214956857629085

=== beta=-0.1, alphasc=0.5 ===
0.5 -0.1 0 0 0.003891501505050254 796336798885324795
0.5 -0.1 0 1 0.0033788497763692694 1063784143273255573
0.5 -0.1 0 2 0.002640514049559996 524647498525911959
0.5 -0.1 0 3 0.0044877184663915685 453844917201346446
0.5 -0.1 0 4 0.0038803011971299166 1061634432014072335

=== beta=-0.1, alphasc=1.0 ===
1.0 -0.1 0 0 0.0029977313881080444 147858236792416251
1.0 -0.1 0 1 0.004407227068737731 919708541910966933
1.0 -0.1 0 2 0.0019564087427972983 539847147276028631
1.0 -0.1 0 3 0.004768085414315351 966696723934551950
1.0 -0.1 0 4 0.00249673000059868 192154964830427549

=== beta=-0.1, alphasc=1.5 ===
1.5 -0.1 0 0 0.0036958361668466204 796407167595948027
1.5 -0.1 0 1 0.00414319683801673 1063823727838814869
1.5 -0.1 0 2 0.002640514049559996 524647498525911959
1.5 -0.1 0 3 0.00423311882853479 1111902079936831374
1.5 -0.1 0 4 0.002751816894455462 1057131931965438255

=== beta=-0.1, alphasc=2.0 ===
2.0 -0.1 0 0 0.0036958361668466204 796407167595948027
2.0 -0.1 0 1 0.0050989653388803695 1077334525647708821
2.0 -0.1 0 2 0.001882263123326145 537595450827418519
2.0 -0.1 0 3 0.005202309696027981 964444443084492749
2.0 -0.1 0 4 0.003464588774022283 1061635531525699599

=== beta=-0.1, alphasc=2.5 ===
2.5 -0.1 0 0 0.0036958361668466204 796407167595948027
2.5 -0.1 0 1 0.0050989653388803695 1077334525647708821
2.5 -0.1 0 2 0.001882263123326145 537595450827418519
2.5 -0.1 0 3 0.004847155816590631 972290489340895118
2.5 -0.1 0 4 0.0040185331857062224 1061635531525437455

=== beta=-0.1, alphasc=3.0 ===
3.0 -0.1 0 0 0.0036958361668466204 796407167595948027
3.0 -0.1 0 1 0.004720323083293574 1077334525647712917
3.0 -0.1 0 2 0.001882263123326145 537595450827418519
3.0 -0.1 0 3 0.005034509568841889 971164591581466511
3.0 -0.1 0 4 0.0027024143853691695 1061634466373548047

=== beta=0.0, alphasc=0.1 ===
0.1 0.0 0 0 0.0013367032016540533 167762852594322297
0.1 0.0 0 1 0.002854232635136601 536088952017242261
0.1 0.0 0 2 0.002032340488901653 162151452003014764
0.1 0.0 0 3 0.0007578064512900305 433827074330110061
0.1 0.0 0 4 0.0018839133295172508 585488717531460409

=== beta=0.0, alphasc=0.5 ===
0.5 0.0 0 0 0.003891501505050254 796336798885324795
0.5 0.0 0 1 0.003159238518203726 567592172236845367
0.5 0.0 0 2 0.001859947290099473 388924818296494805
0.5 0.0 0 3 0.0033979306468919428 1010307275337179022
0.5 0.0 0 4 0.0017989601001946658 253789193199690013

=== beta=0.0, alphasc=1.0 ===
1.0 0.0 0 0 0.003628532191140467 219915555952766969
1.0 0.0 0 1 0.002227239953510644 1055023303341984405
1.0 0.0 0 2 0.0012617901601275387 391769371051379669
1.0 0.0 0 3 0.003068942147801419 1116124896049577740
1.0 0.0 0 4 0.001737972295821324 1059958638907201949

=== beta=0.0, alphasc=1.5 ===
1.5 0.0 0 0 0.0028903173531172007 246932774997829467
1.5 0.0 0 1 0.0020960683805688798 1057275034469745589
1.5 0.0 0 2 0.0016166354323940404 375971609449941717
1.5 0.0 0 3 0.003058868929687664 963002508721340174
1.5 0.0 0 4 0.0016320241756154655 1055437449190939037

=== beta=0.0, alphasc=2.0 ===
2.0 0.0 0 0 0.003000061136818711 229481313623975771
2.0 0.0 0 1 0.0020498449386163104 1055023251835929525
2.0 0.0 0 2 0.0013692246832552768 521727131510983317
2.0 0.0 0 3 0.0033261704575153835 396111355954282382
2.0 0.0 0 4 0.0017232970769857922 1057425501570439613

=== beta=0.0, alphasc=2.5 ===
2.5 0.0 0 0 0.0029091820957408187 246932762112927611
2.5 0.0 0 1 0.0021824883743985653 1075289432953995959
2.5 0.0 0 2 0.0014199790758095568 521846011642337975
2.5 0.0 0 3 0.0035477822707688732 395266791404060431
2.5 0.0 0 4 0.0017232970769857922 1057425501570439613

=== beta=0.0, alphasc=3.0 ===
3.0 0.0 0 0 0.003000061136818711 229481313623975771
3.0 0.0 0 1 0.0023320736314281086 1073037633123697335
3.0 0.0 0 2 0.0014199790758095568 521846011642337975
3.0 0.0 0 3 0.0035646613705783347 396111218515218219
3.0 0.0 0 4 0.0013163972985497463 1057429800832317743

=== beta=0.1, alphasc=0.1 ===
0.1 0.1 0 0 0.0019775930866225565 182400147008782413
0.1 0.1 0 1 0.0018128602740537163 47290991299330195
0.1 0.1 0 2 0.0017389853121760567 231942265465163795
0.1 0.1 0 3 0.0014024308689120455 929740903366492602
0.1 0.1 0 4 0.002311853982151332 38283843650715726

=== beta=0.1, alphasc=0.5 ===
0.5 0.1 0 0 0.0036899697373313205 102900167953814557
0.5 0.1 0 1 0.001126357869316474 1059812986669236637
0.5 0.1 0 2 0.0010107700262660915 623143661141704746
0.5 0.1 0 3 0.002126054090934299 729093914427928559
0.5 0.1 0 4 0.002630188190070522 903532762657204279

=== beta=0.1, alphasc=1.0 ===
1.0 0.1 0 0 0.0029568030287723856 159783267285968205
1.0 0.1 0 1 0.0016188470381154265 424836517284094271
1.0 0.1 0 2 0.001319921440684659 1073176721042000143
1.0 0.1 0 3 0.002236379060053271 1014511330036156135
1.0 0.1 0 4 0.0038540692048815166 51486634256631927

=== beta=0.1, alphasc=1.5 ===
1.5 0.1 0 0 0.0030590907738999983 158960849458476525
1.5 0.1 0 1 0.0016347661449386834 424590225840611647
1.5 0.1 0 2 0.0013887761875262465 733181973865497449
1.5 0.1 0 3 0.0035139642535149873 598427607210528157
1.5 0.1 0 4 0.0021528260570727433 483194459174404463

=== beta=0.1, alphasc=2.0 ===
2.0 0.1 0 0 0.0036401916720928008 519371462453241782
2.0 0.1 0 1 0.0016003846705626107 555071534997504339
2.0 0.1 0 2 0.0015149275103194073 679068413929546509
2.0 0.1 0 3 0.0031495162950566148 105072133200479575
2.0 0.1 0 4 0.0017590989392944536 82709060102728477

=== beta=0.1, alphasc=2.5 ===
2.5 0.1 0 0 0.0027678422551794656 107321199534876445
2.5 0.1 0 1 0.0014110350893643355 501362657903011969
2.5 0.1 0 2 0.0014180062841661811 377432122012926961
2.5 0.1 0 3 0.0034222052689017084 952800683388655389
2.5 0.1 0 4 0.0013170416969799147 627644110396465645

=== beta=0.1, alphasc=3.0 ===
3.0 0.1 0 0 0.0033986808181818043 946642256752848157
3.0 0.1 0 1 0.00136723003408788 552894557003796533
3.0 0.1 0 2 0.0016524789802488682 659155107047635733
3.0 0.1 0 3 0.0032898567604648875 251430451896553233
3.0 0.1 0 4 0.0016350827928693554 666219134721399577

=== beta=0.2, alphasc=0.1 ===
0.1 0.2 0 0 0.001961493101327051 317739545555894533
0.1 0.2 0 1 0.0027620353167533227 338698847934269558
0.1 0.2 0 2 0.0021890425030644347 1028453983307498167
0.1 0.2 0 3 0.0029580155156619906 877140554607083574
0.1 0.2 0 4 0.002899515898080218 195937196714295577

=== beta=0.2, alphasc=0.5 ===
0.5 0.2 0 0 0.003891501505050254 796336798885324795
0.5 0.2 0 1 0.0040259090308681425 460504928681787757
0.5 0.2 0 2 0.0032157010812659385 524647498525911703
0.5 0.2 0 3 0.005202309696027981 964444443084492749
0.5 0.2 0 4 0.000681205896553777 589227160193990991

=== beta=0.2, alphasc=1.0 ===
1.0 0.2 0 0 0.003891501505050254 796336798885324795
1.0 0.2 0 1 0.0005407398267523591 15053203014377775
1.0 0.2 0 2 0.002467994670520006 1101108234182926999
1.0 0.2 0 3 0.0051050612179727155 224411081031585757
1.0 0.2 0 4 0.0006085183126252577 28282509823648079

=== beta=0.2, alphasc=1.5 ===
1.5 0.2 0 0 0.0027862950159554395 446999601313777077
1.5 0.2 0 1 0.000728584778136039 316494206088985327
1.5 0.2 0 2 0.00042883556813495463 154630702324064623
1.5 0.2 0 3 0.004128969169979313 224975130498731991
1.5 0.2 0 4 0.0002616254712020964 875206621228503405

=== beta=0.2, alphasc=2.0 ===
2.0 0.2 0 0 0.002994241319131725 456915193678038319
2.0 0.2 0 1 0.001188071441800388 879585943637731685
2.0 0.2 0 2 0.0010121643221086384 890643781653895531
2.0 0.2 0 3 0.002541714902195348 292222896982656873
2.0 0.2 0 4 0.0007266528504064726 893219928883396877

=== beta=0.2, alphasc=2.5 ===
2.5 0.2 0 0 0.002941333575985466 33230058401563919
2.5 0.2 0 1 0.00055803557837032 298482003314426157
2.5 0.2 0 2 0.0008372987301121918 467840311983604591
2.5 0.2 0 3 0.0026456833135975696 460602088096241615
2.5 0.2 0 4 0.0006141736704395472 445709912835033421

=== beta=0.2, alphasc=3.0 ===
3.0 0.2 0 0 0.002690363888235813 445378259553969609
3.0 0.2 0 1 0.0008449204083383785 32664076478144879
3.0 0.2 0 2 0.0006262875245466186 1019074423483089197
3.0 0.2 0 3 0.0025163663225961762 462782419923080559
3.0 0.2 0 4 0.0008957902261754557 897439326163030827
