Traceback (most recent call last):
  File "<frozen runpy>", line 198, in _run_module_as_main
  File "<frozen runpy>", line 88, in _run_code
  File "/home/yoshioka/git/qulacs-biased-pce/src/app/main.py", line 35, in <module>
    main()
    ~~~~^^
  File "/home/yoshioka/git/qulacs-biased-pce/src/app/main.py", line 31, in main
    run(config, args)
    ~~~^^^^^^^^^^^^^^
  File "/home/yoshioka/git/qulacs-biased-pce/src/app/runner.py", line 33, in run
    run_batch(config, params)
    ~~~~~~~~~^^^^^^^^^^^^^^^^
  File "/home/yoshioka/git/qulacs-biased-pce/src/app/runner.py", line 49, in run_batch
    run_single(config, params, alphasc, beta)
    ~~~~~~~~~~^^^^^^^^^^^^^^^^^^^^^^^^^^^^^^^
  File "/home/yoshioka/git/qulacs-biased-pce/src/app/runner.py", line 159, in run_single
    mineng, minnum = save_results_fast(
                     ~~~~~~~~~~~~~~~~~^
        output_dir,
        ^^^^^^^^^^^
    ...<12 lines>...
        config,
        ^^^^^^^
    )
    ^
  File "/home/yoshioka/git/qulacs-biased-pce/src/infra/result_handler.py", line 18, in save_results_fast
    get_binary_solution(n_nodes, h[0], ansatz, hamiltonian, n_qubits, USE_BIAS)
    ~~~~~~~~~~~~~~~~~~~^^^^^^^^^^^^^^^^^^^^^^^^^^^^^^^^^^^^^^^^^^^^^^^^^^^^^^^^
  File "/home/yoshioka/git/qulacs-biased-pce/src/core/utils.py", line 37, in get_binary_solution
    z = alpha * exp_value + (bias if bias is not None else 0.0)
        ^^^^^
NameError: name 'alpha' is not defined

=== beta=-0.1, alphasc=0.1 ===
