
=== beta=-0.1, alphasc=0.1 ===
0.1 -0.1 0 0 0.0010510620917527688 823960824010842761
0.1 -0.1 0 1 0.0010787837157738448 746602480137560708
0.1 -0.1 0 2 0.0015891187739378618 892087838028683554
0.1 -0.1 0 3 0.003418058461846244 619866381368314245
0.1 -0.1 0 4 0.0017156074854378807 512636322901987333

=== beta=-0.1, alphasc=0.5 ===
0.5 -0.1 0 0 0.0007712967899106994 587276648186229705
0.5 -0.1 0 1 0.0009863423108238598 755521855884133008
0.5 -0.1 0 2 0.0011800481246768946 885903046467992483
0.5 -0.1 0 3 0.0008220369575095747 512408702428006693
0.5 -0.1 0 4 0.0007528967542795821 510958450885918757

=== beta=-0.1, alphasc=1.0 ===
1.0 -0.1 0 0 0.0014613366369944547 83959807408677833
1.0 -0.1 0 1 0.00022285345331169806 728596912348856320
1.0 -0.1 0 2 0.0003398218167390425 672265354158
1.0 -0.1 0 3 0.0006305307845604154 1022043337018460453
1.0 -0.1 0 4 0.0006391317524108899 510958446591279111

=== beta=-0.1, alphasc=1.5 ===
1.5 -0.1 0 0 0.000534608600170961 805935430385083273
1.5 -0.1 0 1 0.0010613878596632252 787062309016862868
1.5 -0.1 0 2 0.0007146257796169912 579303078178945322
1.5 -0.1 0 3 0.0005184811969152382 289926922929064837
1.5 -0.1 0 4 0.0004828995264380514 456959231527628999

=== beta=-0.1, alphasc=2.0 ===
2.0 -0.1 0 0 0.000780176092819253 679206819679539649
2.0 -0.1 0 1 0.001122695252060782 646544722969755664
2.0 -0.1 0 2 0.0008513971652646086 579364650939144490
2.0 -0.1 0 3 0.00044632342754187554 289944583566674916
2.0 -0.1 0 4 0.00033931415025300064 438048199547957380

=== beta=-0.1, alphasc=2.5 ===
2.5 -0.1 0 0 0.000624986781598938 819938965095527304
2.5 -0.1 0 1 0.001034771095307548 641821233985618066
2.5 -0.1 0 2 0.0006534141718753006 723409452814654254
2.5 -0.1 0 3 0.000902083987872335 78255565077891876
2.5 -0.1 0 4 0.00026735491486814937 438048198524549252

=== beta=-0.1, alphasc=3.0 ===
3.0 -0.1 0 0 0.0007902802491539496 810944959980778376
3.0 -0.1 0 1 0.0005012343829432353 619356042466037762
3.0 -0.1 0 2 0.0012403833955586343 577535132016646566
3.0 -0.1 0 3 0.0007631706629041437 579417339543030534
3.0 -0.1 0 4 0.0002347465038379554 438049280839524996

=== beta=0.0, alphasc=0.1 ===
0.1 0.0 0 0 0.0010510620917527688 823960824010842761
0.1 0.0 0 1 0.0010787837157738448 746602480137560708
0.1 0.0 0 2 0.0015891187739378618 892087838028683554
0.1 0.0 0 3 0.003418058461846244 619866381368314245
0.1 0.0 0 4 0.0017156074854378807 512636322901987333

=== beta=0.0, alphasc=0.5 ===
0.5 0.0 0 0 0.0004944326402672538 899061861939714665
0.5 0.0 0 1 0.0007198936742783065 899061861940374189
0.5 0.0 0 2 0.0011372321724355426 899061861939587755
0.5 0.0 0 3 0.00112688307908971 450141159923796261
0.5 0.0 0 4 0.0007528967542795821 510958450885918757

=== beta=0.0, alphasc=1.0 ===
1.0 0.0 0 0 0.0002426207659881176 877770918779458159
1.0 0.0 0 1 0.000268639951129998 746888404708622468
1.0 0.0 0 2 0.0003290021197864321 586718130640956075
1.0 0.0 0 3 0.0003903508089772145 735629354075965863
1.0 0.0 0 4 0.0001589182366834843 1021325355925123271

=== beta=0.0, alphasc=1.5 ===
1.5 0.0 0 0 0.000456898029635948 247491271319450185
1.5 0.0 0 1 0.0006141544216736324 627182323205149110
1.5 0.0 0 2 0.00029465598319839174 582179398458055338
1.5 0.0 0 3 0.0002706842664555517 1019558440739948965
1.5 0.0 0 4 0.0001425688585257915 447872867435942119

=== beta=0.0, alphasc=2.0 ===
2.0 0.0 0 0 0.0005931185423261398 103141887267123267
2.0 0.0 0 1 0.0004990365921788796 622826058135896246
2.0 0.0 0 2 0.00030464796393336153 586612631522302378
2.0 0.0 0 3 0.00028207975356906736 586623555736587174
2.0 0.0 0 4 0.0002420074092207319 447055381656383620

=== beta=0.0, alphasc=2.5 ===
2.5 0.0 0 0 0.00040444924411909004 245241692003971848
2.5 0.0 0 1 0.0005314052474741463 624928358755205302
2.5 0.0 0 2 0.00026246687421736505 730727750577249198
2.5 0.0 0 3 0.0006656677010420788 82847123384912677
2.5 0.0 0 4 0.00018531412830071294 447055382740666500

=== beta=0.0, alphasc=3.0 ===
3.0 0.0 0 0 0.0004577260867490258 820506315242942984
3.0 0.0 0 1 0.0003281077143679743 641887251852431526
3.0 0.0 0 2 0.0003212170661423522 587703258742332326
3.0 0.0 0 3 0.00025634980936527007 589585622883765030
3.0 0.0 0 4 0.00022753447386897747 447074072288561316

=== beta=0.1, alphasc=0.1 ===
0.1 0.1 0 0 0.0010510620917527688 823960824010842761
0.1 0.1 0 1 0.0011469939300423402 746532111393383044
0.1 0.1 0 2 0.0015891187739378618 892087838028683554
0.1 0.1 0 3 0.0053109901142350925 678377787979614501
0.1 0.1 0 4 0.0017156074854378807 512636322901987333

=== beta=0.1, alphasc=0.5 ===
0.5 0.1 0 0 0.001052147294138191 587276648186225609
0.5 0.1 0 1 0.0009863423108238598 755521855884133008
0.5 0.1 0 2 0.0012993683724057785 865062460693240098
0.5 0.1 0 3 0.0026793646300255847 678696644205234469
0.5 0.1 0 4 0.001653967843355251 510958450885918756

=== beta=0.1, alphasc=1.0 ===
1.0 0.1 0 0 0.00029083806329279757 730823405955478249
1.0 0.1 0 1 0.0012279492633299977 745529391131394192
1.0 0.1 0 2 0.00047496221804262275 580986361837046443
1.0 0.1 0 3 0.0004628459805115256 722627631258474700
1.0 0.1 0 4 0.0004551185165729215 447346274413983876

=== beta=0.1, alphasc=1.5 ===
1.5 0.1 0 0 0.00048318337535996656 823120797127178825
1.5 0.1 0 1 0.0010256709149528912 647452919591207056
1.5 0.1 0 2 0.0002907023637018417 730757435545397550
1.5 0.1 0 3 0.00029148374418986 751958269990177190
1.5 0.1 0 4 0.0006417049951781516 294152571575677060

=== beta=0.1, alphasc=2.0 ===
2.0 0.1 0 0 0.0007793730121715197 676774699992195904
2.0 0.1 0 1 0.0011048369630303225 769323905132398742
2.0 0.1 0 2 0.00021588100710675105 727895406778259948
2.0 0.1 0 3 0.0005164950677929124 588658820472785793
2.0 0.1 0 4 0.00033931415025300064 438048199547957380

=== beta=0.1, alphasc=2.5 ===
2.5 0.1 0 0 0.0004951968704816524 814696339136148228
2.5 0.1 0 1 0.0006267057717615724 758641136054960276
2.5 0.1 0 2 0.00032869567568164073 434061919102831586
2.5 0.1 0 3 0.000500422615142404 1111909740302186560
2.5 0.1 0 4 0.00020530982975055294 289473597444790436

=== beta=0.1, alphasc=3.0 ===
3.0 0.1 0 0 0.0005041351516000759 668575712684628488
3.0 0.1 0 1 0.0005454334958462013 619356042482286594
3.0 0.1 0 2 0.0006990646494230588 586766491972606122
3.0 0.1 0 3 0.00016988187729934773 145601747436734826
3.0 0.1 0 4 0.00017193468316080107 442586965335349796

=== beta=0.2, alphasc=0.1 ===
0.1 0.2 0 0 0.0020086802115725946 823952027917820553
0.1 0.2 0 1 0.0006574671923980833 746532145753121412
0.1 0.2 0 2 0.0015891187739378618 892087838028683554
0.1 0.2 0 3 0.0053109901142350925 678377787979614501
0.1 0.2 0 4 0.0017156074854378807 512636322901987333

=== beta=0.2, alphasc=0.5 ===
0.5 0.2 0 0 0.0020938106875933115 101128681476698761
0.5 0.2 0 1 0.0009863423108238598 755521855884133008
0.5 0.2 0 2 0.0014579466641981243 885904145979618211
0.5 0.2 0 3 0.0026793646300255847 678696644205234469
0.5 0.2 0 4 0.001653967843355251 510958450885918756

=== beta=0.2, alphasc=1.0 ===
1.0 0.2 0 0 0.0006060151977521664 661820792065303177
1.0 0.2 0 1 0.001255790896342786 750032990758764690
1.0 0.2 0 2 0.0009200856055144513 617082933162879266
1.0 0.2 0 3 0.004593196269707701 865558731277617445
1.0 0.2 0 4 0.002112175060203623 511231829874389125

=== beta=0.2, alphasc=1.5 ===
1.5 0.2 0 0 0.0011390031057924917 729891707316933220
1.5 0.2 0 1 0.0014861583034733053 786200326326976528
1.5 0.2 0 2 0.0003755706233905576 157353379218495688
1.5 0.2 0 3 0.0005473291830364526 722630945129515399
1.5 0.2 0 4 0.001596857838008983 438663360264409221

=== beta=0.2, alphasc=2.0 ===
2.0 0.2 0 0 0.0003530548762866407 1019225310251735776
2.0 0.2 0 1 0.001621907883015296 640677939446682130
2.0 0.2 0 2 0.00030311737643953134 576478516559461038
2.0 0.2 0 3 0.0005348113077037414 736073561171446178
2.0 0.2 0 4 0.00036261341875613303 438048182368088196

=== beta=0.2, alphasc=2.5 ===
2.5 0.2 0 0 0.0007409742009406882 819957519354246020
2.5 0.2 0 1 0.0006596120261440554 784857793663893654
2.5 0.2 0 2 0.00039800289933128295 154890591109978892
2.5 0.2 0 3 0.0005430693351601307 731272715656888516
2.5 0.2 0 4 0.000347063278627904 456071517664258180

=== beta=0.2, alphasc=3.0 ===
3.0 0.2 0 0 0.0005918453413063468 810936166035239816
3.0 0.2 0 1 0.00026136682197865123 723443511845980740
3.0 0.2 0 2 0.0006314050339558805 28588421197151138
3.0 0.2 0 3 0.00029690909177142996 33231710685367242
3.0 0.2 0 4 0.0003547197986825083 438056994617565316
