
=== beta=-0.1, alphasc=4.0 ===
4.0 -0.1 0 0 0.0005095012956256583 667665243974930432
4.0 -0.1 0 1 0.00015564424346411188 603589003770069128
4.0 -0.1 0 2 0.00021625074461308465 6848310363951270
4.0 -0.1 0 3 0.00013356377355177934 906887460
4.0 -0.1 0 4 0.00018296257858842514 141837033611776

=== beta=-0.1, alphasc=5.0 ===
5.0 -0.1 0 0 0.0005607252894835499 666539359100539008
5.0 -0.1 0 1 0.00024294094310818985 603870478008090752
5.0 -0.1 0 2 0.0001256530284880425 11399876179726464
5.0 -0.1 0 3 0.0005413962641117558 77269279153848320
5.0 -0.1 0 4 0.0002510391308933488 18841231253712902

=== beta=-0.1, alphasc=6.0 ===
6.0 -0.1 0 0 0.0001792563926870618 590266220402713256
6.0 -0.1 0 1 0.00023000876501868528 611482431099011200
6.0 -0.1 0 2 0.0001256530284880425 11399876179726464
6.0 -0.1 0 3 0.0010698957952894857 525824
6.0 -0.1 0 4 0.00012112965862722318 432418131995402244

=== beta=-0.1, alphasc=7.0 ===
7.0 -0.1 0 0 0.00022585517311457282 588568576495985608
7.0 -0.1 0 1 0.00015774280156693844 25804410880
7.0 -0.1 0 2 0.0002260882553633937 29695749663821826
7.0 -0.1 0 3 9.308844811407052e-05 18014398531277186
7.0 -0.1 0 4 0.0002227905548253966 451837706365186182

=== beta=-0.1, alphasc=8.0 ===
8.0 -0.1 0 0 0.0006090118729245043 586312513927250934
8.0 -0.1 0 1 0.00046100649786616173 639600207797288960
8.0 -0.1 0 2 0.00023074332630752416 20547812931408000
8.0 -0.1 0 3 0.00035948716423624615 583779106800279552
8.0 -0.1 0 4 0.00017233691936502376 306634001777434756

=== beta=-0.1, alphasc=9.0 ===
9.0 -0.1 0 0 0.0003341807641990882 592320127887221024
9.0 -0.1 0 1 0.0003083377180663719 639533137587863554
9.0 -0.1 0 2 0.00016063696950807866 2691741906768002
9.0 -0.1 0 3 0.002474603856220552 562949954209281
9.0 -0.1 0 4 8.949668361848841e-05 288584487615332868

=== beta=-0.1, alphasc=10.0 ===
10.0 -0.1 0 0 0.0007865316088127345 660058820386751112
10.0 -0.1 0 1 0.0003960676574848456 598997450736273472
10.0 -0.1 0 2 0.00013431599605656517 2973216947837186
10.0 -0.1 0 3 0.0002347124620526244 579275502341865729
10.0 -0.1 0 4 0.0004002879278755587 306598817405337732

=== beta=0.0, alphasc=4.0 ===
4.0 0.0 0 0 0.00037913534174034854 91767445987000320
4.0 0.0 0 1 0.00018132415093528883 585521844824838818
4.0 0.0 0 2 0.00010252925253898127 588863245657198758
4.0 0.0 0 3 4.4215073785621455e-05 576460753142415652
4.0 0.0 0 4 9.885138857466078e-05 9184220627075584

=== beta=0.0, alphasc=5.0 ===
5.0 0.0 0 0 0.0003660915962220757 90360064593912064
5.0 0.0 0 1 0.00020173286633307308 604714902653515936
5.0 0.0 0 2 6.73296454775696e-05 11399876179136640
5.0 0.0 0 3 0.000611702970849801 281474976719872
5.0 0.0 0 4 9.340152894332804e-05 577217216337162374

=== beta=0.0, alphasc=6.0 ===
6.0 0.0 0 0 0.00021483158208480743 592309112906195584
6.0 0.0 0 1 0.00015102642696927942 751015919795077248
6.0 0.0 0 2 6.546253411471436e-05 587860628482560128
6.0 0.0 0 3 0.0003785417732325136 578765328944201808
6.0 0.0 0 4 4.9274202846041284e-05 436921731655925764

=== beta=0.0, alphasc=7.0 ===
7.0 0.0 0 0 9.424916956984994e-05 588568574348763848
7.0 0.0 0 1 0.00035631080188419206 63086678667233440
7.0 0.0 0 2 0.00016804246638854882 11610980265496738
7.0 0.0 0 3 0.0001994595647538915 153122387339516081
7.0 0.0 0 4 0.0003928021744763299 378372737477259270

=== beta=0.0, alphasc=8.0 ===
8.0 0.0 0 0 0.0002748548502297508 621496748577128658
8.0 0.0 0 1 0.0004919605370748532 622711708926246914
8.0 0.0 0 2 0.00015038218990310597 3659314295476352
8.0 0.0 0 3 0.0001297114691939227 9658659897344130
8.0 0.0 0 4 9.034835746270795e-05 307724717312966788

=== beta=0.0, alphasc=9.0 ===
9.0 0.0 0 0 0.0004059268806392028 585806601173074512
9.0 0.0 0 1 0.00010656127593162012 594476259183165440
9.0 0.0 0 2 0.00022142848959055535 153421454596640944
9.0 0.0 0 3 0.00011818161926572908 577586720938672711
9.0 0.0 0 4 0.00012078563308595565 306317411148763140

=== beta=0.0, alphasc=10.0 ===
10.0 0.0 0 0 0.00041037535743298294 99647231291817985
10.0 0.0 0 1 9.249016132868392e-05 36438815539232
10.0 0.0 0 2 6.554530668296456e-05 9447143494652032
10.0 0.0 0 3 5.88969866081917e-05 577393138795020288
10.0 0.0 0 4 0.00040993612349580116 288302943919145108

=== beta=0.1, alphasc=4.0 ===
4.0 0.1 0 0 0.00022003681798651268 6212309417402498
4.0 0.1 0 1 0.0003484096695711301 641803628839698560
4.0 0.1 0 2 6.967298465899699e-05 576610288033077250
4.0 0.1 0 3 4.200197988108902e-05 576460753210188032
4.0 0.1 0 4 0.00012264660762006252 9253492040933888

=== beta=0.1, alphasc=5.0 ===
5.0 0.1 0 0 5.2645123029121614e-05 607196500380618882
5.0 0.1 0 1 0.0006501826867033989 633318697862144
5.0 0.1 0 2 8.605403268837317e-05 11399876179202176
5.0 0.1 0 3 0.0006704826268495005 70368744440832
5.0 0.1 0 4 4.823359080776661e-05 10258443538010246

=== beta=0.1, alphasc=6.0 ===
6.0 0.1 0 0 0.00012120295628948676 12417884326203392
6.0 0.1 0 1 7.046693663520127e-05 604652247686875328
6.0 0.1 0 2 8.734160326921165e-05 140877117593600
6.0 0.1 0 3 0.0006263589554995778 4294968324
6.0 0.1 0 4 6.375441752546628e-05 436921731622895620

=== beta=0.1, alphasc=7.0 ===
7.0 0.1 0 0 6.622003109703882e-05 589131524301923016
7.0 0.1 0 1 8.162687361101454e-05 18014544874700836
7.0 0.1 0 2 0.00025347835695599966 11549270175776800
7.0 0.1 0 3 0.0006248118991630128 67118080
7.0 0.1 0 4 0.0003816618636062308 383157812148183044

=== beta=0.1, alphasc=8.0 ===
8.0 0.1 0 0 0.00013950043954185222 735252376208032128
8.0 0.1 0 1 0.00035280418925732744 37176687225503936
8.0 0.1 0 2 5.145900593246316e-05 1189809028730914
8.0 0.1 0 3 4.493327341198067e-05 580506955631165732
8.0 0.1 0 4 0.00015107245811594102 307441115261566980

=== beta=0.1, alphasc=9.0 ===
9.0 0.1 0 0 0.00019269483340044445 9297470360125592
9.0 0.1 0 1 0.00012584236947771 27039414631268356
9.0 0.1 0 2 0.00019816888357229056 579847248119662740
9.0 0.1 0 3 0.012232238771135287 0
9.0 0.1 0 4 0.00012148023672295226 306598817406128258

=== beta=0.1, alphasc=10.0 ===
10.0 0.1 0 0 0.0003219102385063268 586602647592122512
10.0 0.1 0 1 0.00031039332757201 639638707615662208
10.0 0.1 0 2 8.474660282719507e-05 422350007570434
10.0 0.1 0 3 0.000399422394830964 237569284933943300
10.0 0.1 0 4 4.61238843773579e-05 288302943927533703

=== beta=0.2, alphasc=4.0 ===
4.0 0.2 0 0 0.00041147136310040066 666539346215768064
4.0 0.2 0 1 0.00012286525145773484 9710886755643396
4.0 0.2 0 2 8.452609030620792e-05 2392676924199040
4.0 0.2 0 3 0.00011083037359083928 35185278198048
4.0 0.2 0 4 0.00014192363726745966 703756195406340

=== beta=0.2, alphasc=5.0 ===
5.0 0.2 0 0 0.00010637644305550494 577648242142883971
5.0 0.2 0 1 0.00010478877644130914 18612534995091490
5.0 0.2 0 2 0.00010199991637688933 2410269108408480
5.0 0.2 0 3 0.0006446954253546406 351843721421824
5.0 0.2 0 4 5.435355869917263e-05 289428843859554308

=== beta=0.2, alphasc=6.0 ===
6.0 0.2 0 0 0.00017452924561679452 27037010254889600
6.0 0.2 0 1 0.00011082314846824684 597984791940040707
6.0 0.2 0 2 0.0001235835556180815 2270081387008034
6.0 0.2 0 3 0.0006766580659487722 1125899906974720
6.0 0.2 0 4 5.549166661039293e-05 316984804267001860

=== beta=0.2, alphasc=7.0 ===
7.0 0.2 0 0 0.0002822360798674602 577357953826078760
7.0 0.2 0 1 7.973544109470856e-05 748794906309036192
7.0 0.2 0 2 0.00016014537825062553 10414715875624966
7.0 0.2 0 3 4.93734711958894e-05 144115188149661696
7.0 0.2 0 4 7.23834950198277e-05 432345564227701286

=== beta=0.2, alphasc=8.0 ===
8.0 0.2 0 0 0.00012174284491315722 1442559307022528
8.0 0.2 0 1 0.0002368761959374674 627179041849680032
8.0 0.2 0 2 0.00021519854551108877 1477883217576066
8.0 0.2 0 3 0.0006688250330843048 562950020531200
8.0 0.2 0 4 0.00017232264575398854 306455880893993092

=== beta=0.2, alphasc=9.0 ===
9.0 0.2 0 0 5.702720162792301e-05 729864614610796745
9.0 0.2 0 1 0.00018052485742184663 585557029275174914
9.0 0.2 0 2 7.220964983500892e-05 22028965118598
9.0 0.2 0 3 0.0005114013472711657 83338583341613091
9.0 0.2 0 4 7.020229233182235e-05 116565455147044

=== beta=0.2, alphasc=10.0 ===
10.0 0.2 0 0 0.0001688883356338723 592522435341855456
10.0 0.2 0 1 3.811865257521356e-05 586613659905314816
10.0 0.2 0 2 8.134236345303162e-05 585679195232538882
10.0 0.2 0 3 0.0006733757435330675 525568
10.0 0.2 0 4 4.507972957688661e-05 288593214989140100
