
=== beta=-0.1, alphasc=4.0 ===
4.0 -0.1 0 0 0.0007422913035147997 810962414727476104
4.0 -0.1 0 1 0.0012049198080563833 639547432044888296
4.0 -0.1 0 2 0.0003849833055954557 2955626883354754
4.0 -0.1 0 3 0.00021861431697107377 729583759032715557
4.0 -0.1 0 4 0.0007082030618362744 526994291156590596

=== beta=-0.1, alphasc=5.0 ===
5.0 -0.1 0 0 0.0005391396506120468 648824027754345372
5.0 -0.1 0 1 0.001642993013841134 639547431239681152
5.0 -0.1 0 2 0.0004677129648545497 308998091401138338
5.0 -0.1 0 3 0.0012310459376754029 7322747978647042
5.0 -0.1 0 4 0.000583165742950403 346850306061250566

=== beta=-0.1, alphasc=6.0 ===
6.0 -0.1 0 0 0.0005804741369599683 657840010217202332
6.0 -0.1 0 1 0.0013873762202011033 603483449581143169
6.0 -0.1 0 2 0.0005352207110504878 30259249376202881
6.0 -0.1 0 3 0.0013737943882080978 2819286328837638
6.0 -0.1 0 4 0.00033389599165758516 472951095585681540

=== beta=-0.1, alphasc=7.0 ===
7.0 -0.1 0 0 0.0010066411911497477 588075993139390154
7.0 -0.1 0 1 0.0007897305918995749 639512272756441218
7.0 -0.1 0 2 0.0005579818487695794 29774914504167617
7.0 -0.1 0 3 0.0012103837831461343 7318349933840134
7.0 -0.1 0 4 0.0009400543443892007 491253566191968260

=== beta=-0.1, alphasc=8.0 ===
8.0 -0.1 0 0 0.0022446650429242434 588005624395081722
8.0 -0.1 0 1 0.0007649330431398197 645143955893551232
8.0 -0.1 0 2 0.0005565399225767848 309561041354559650
8.0 -0.1 0 3 0.0011311606263828718 8444253059417222
8.0 -0.1 0 4 0.0008469653829254797 342945940238053380

=== beta=-0.1, alphasc=9.0 ===
9.0 -0.1 0 0 0.0006383576860794437 606593980860477952
9.0 -0.1 0 1 0.0010380331268579714 639600233653076482
9.0 -0.1 0 2 0.0008950932659685714 318005221936484514
9.0 -0.1 0 3 0.0013493967004960241 2814751179015686
9.0 -0.1 0 4 0.0005420918509817733 468728481300086790

=== beta=-0.1, alphasc=10.0 ===
10.0 -0.1 0 0 0.0005733590051643157 822751356925354712
10.0 -0.1 0 1 0.0007664908166876687 63086687529894016
10.0 -0.1 0 2 0.00047930230314618044 605893237654051746
10.0 -0.1 0 3 0.0009163767948124412 19707646419077006
10.0 -0.1 0 4 0.0008259545561979439 288734089941942324

=== beta=0.0, alphasc=4.0 ===
4.0 0.0 0 0 0.00045090948840399215 244063015539258120
4.0 0.0 0 1 0.00047954793136344896 642999898556104936
4.0 0.0 0 2 0.00020175405196067302 587878220690200706
4.0 0.0 0 3 0.00013561927141382026 586638451261720868
4.0 0.0 0 4 0.000569454280189031 528124571912974340

=== beta=0.0, alphasc=5.0 ===
5.0 0.0 0 0 0.0004910137567248543 104442630997619470
5.0 0.0 0 1 0.0013332314935854258 54149848424784898
5.0 0.0 0 2 0.00035595006987932857 877498377371981986
5.0 0.0 0 3 0.0012137164113161167 2326570902750854
5.0 0.0 0 4 0.00028962391082200444 441496249800863748

=== beta=0.0, alphasc=6.0 ===
6.0 0.0 0 0 0.0004914132259229677 657822418030633884
6.0 0.0 0 1 0.0006499281089743345 624932773962825895
6.0 0.0 0 2 0.0003056615104590002 589004670332899492
6.0 0.0 0 3 0.0008673226870562844 563573002732838
6.0 0.0 0 4 0.0002570917016606086 483084332177956996

=== beta=0.0, alphasc=7.0 ===
7.0 0.0 0 0 0.00039453051378098215 661747670246820703
7.0 0.0 0 1 0.00045989391001982036 63051520334561410
7.0 0.0 0 2 0.00037851981385708205 877515971705508002
7.0 0.0 0 3 0.0010878617722727825 1688850131584775
7.0 0.0 0 4 0.0004909561620348494 477454678058344468

=== beta=0.0, alphasc=8.0 ===
8.0 0.0 0 0 0.001097227958408177 281474976712410
8.0 0.0 0 1 0.0005694023167792445 639512272662135170
8.0 0.0 0 2 0.0003493017799344506 607027315179589795
8.0 0.0 0 3 0.0009785105838778494 351844258555651
8.0 0.0 0 4 0.0002866137826207698 333374691526717574

=== beta=0.0, alphasc=9.0 ===
9.0 0.0 0 0 0.001525830885082622 576742227280471770
9.0 0.0 0 1 0.000413134146706359 639635417958056066
9.0 0.0 0 2 0.0004909787998643752 586734588957300917
9.0 0.0 0 3 0.0010223191620304317 70369015637767
9.0 0.0 0 4 0.00029986037385637044 442560027300726965

=== beta=0.0, alphasc=10.0 ===
10.0 0.0 0 0 0.0004249565432894169 9218890694787204
10.0 0.0 0 1 0.00030838641840316846 67555102785142914
10.0 0.0 0 2 0.0004711089815501153 585617693482963111
10.0 0.0 0 3 0.0010483430884141007 1688850397923075
10.0 0.0 0 4 0.00040600634335342766 298375174838552629

=== beta=0.1, alphasc=4.0 ===
4.0 0.1 0 0 0.0004944564154296131 819956422023405709
4.0 0.1 0 1 0.0005132386755535667 623802425534841048
4.0 0.1 0 2 0.0003494865042017451 583427395424129152
4.0 0.1 0 3 0.0008583908727023493 11258999975380224
4.0 0.1 0 4 0.0002554712582089399 146620425420417668

=== beta=0.1, alphasc=5.0 ===
5.0 0.1 0 0 0.0005107821114717244 676953939681616842
5.0 0.1 0 1 0.001265041065090656 624702945967809666
5.0 0.1 0 2 0.00041402416313247886 579249253490954464
5.0 0.1 0 3 0.0009187877944019554 862034851931174
5.0 0.1 0 4 0.000310193638970827 492091393994207236

=== beta=0.1, alphasc=6.0 ===
6.0 0.1 0 0 0.0004984962695292832 649096695900283548
6.0 0.1 0 1 0.0014015416674388347 60588588249007138
6.0 0.1 0 2 0.0003757474663578892 742152896185964704
6.0 0.1 0 3 0.0009363438389031499 1266637429212423
6.0 0.1 0 4 0.00044318897778807773 478580028175820980

=== beta=0.1, alphasc=7.0 ===
7.0 0.1 0 0 0.0004438457592441438 679768740988257098
7.0 0.1 0 1 0.0015050270449406536 63121863039362434
7.0 0.1 0 2 0.0003340425060203961 580093693377976454
7.0 0.1 0 3 0.0002534050001372508 300800010556551430
7.0 0.1 0 4 0.0004968019489985466 352479238611540116

=== beta=0.1, alphasc=8.0 ===
8.0 0.1 0 0 0.0011243545636689294 576742227280135898
8.0 0.1 0 1 0.0002262419099409397 23705513664446886
8.0 0.1 0 2 0.0003763620307974663 607379158908866722
8.0 0.1 0 3 0.0009263206035246104 576465168069559685
8.0 0.1 0 4 0.00039438491271858003 640639815102238870

=== beta=0.1, alphasc=9.0 ===
9.0 0.1 0 0 0.0010706483181322575 578994027093821144
9.0 0.1 0 1 0.0002941736393346871 595602161257026242
9.0 0.1 0 2 0.0005965107111416526 669787436743989302
9.0 0.1 0 3 0.0008045769840054984 3377790194353411
9.0 0.1 0 4 0.00039439329746903626 605147087990620288

=== beta=0.1, alphasc=10.0 ===
10.0 0.1 0 0 0.0009482302288171 587794672781502056
10.0 0.1 0 1 0.0002599690094654946 730810744719694498
10.0 0.1 0 2 0.00023098339552104417 893287366501666983
10.0 0.1 0 3 0.0008239407320323973 3940666856783271
10.0 0.1 0 4 0.00025038237788778584 18254661138909350

=== beta=0.2, alphasc=4.0 ===
4.0 0.2 0 0 0.0004788494884031181 667665314875926831
4.0 0.2 0 1 0.00027592296458370003 721751371202429090
4.0 0.2 0 2 0.0004412128805690955 586497165353947146
4.0 0.2 0 3 0.0003628737783026855 587722088673841860
4.0 0.2 0 4 0.0003235435638517824 343472606340788356

=== beta=0.2, alphasc=5.0 ===
5.0 0.2 0 0 0.0006136321011204937 681756589292331720
5.0 0.2 0 1 0.001377844698184142 585583417526467744
5.0 0.2 0 2 0.0008135535254289891 21832042505113761
5.0 0.2 0 3 0.0005000400735698844 730709113104384801
5.0 0.2 0 4 0.00013939999136227324 10215236428640484

=== beta=0.2, alphasc=6.0 ===
6.0 0.2 0 0 0.0002891906514505308 605485716124476040
6.0 0.2 0 1 0.0012229361996744079 607463683886722178
6.0 0.2 0 2 0.00038298987283971964 751485550891176096
6.0 0.2 0 3 0.000940445554560949 586598335704598278
6.0 0.2 0 4 0.00015975776571260992 307734063439952004

=== beta=0.2, alphasc=7.0 ===
7.0 0.2 0 0 0.0005306242765588904 658388269268214684
7.0 0.2 0 1 0.00018990909037949652 144458453147062278
7.0 0.2 0 2 0.00039231048008282147 290983692900044930
7.0 0.2 0 3 0.0008548683220963438 70574980212073
7.0 0.2 0 4 0.00012032921916808481 442560577016039463

=== beta=0.2, alphasc=8.0 ===
8.0 0.2 0 0 0.0011243545636689294 576742227280135898
8.0 0.2 0 1 0.0005274441432348556 639635418056626178
8.0 0.2 0 2 0.0004677129648545497 308998091401138338
8.0 0.2 0 3 0.00022285007814368206 596199190156938052
8.0 0.2 0 4 0.00015297816655389246 302386077293877414

=== beta=0.2, alphasc=9.0 ===
9.0 0.2 0 0 0.001229799142056798 576742227280209496
9.0 0.2 0 1 0.0004629779421619793 174883930069438976
9.0 0.2 0 2 0.0003848484113039869 290983690811019430
9.0 0.2 0 3 0.0008844637969005766 7318354296309026
9.0 0.2 0 4 0.00019068777859784664 294223281493317797

=== beta=0.2, alphasc=10.0 ===
10.0 0.2 0 0 0.0005274897107731344 678781325859172936
10.0 0.2 0 1 0.0005672077416736222 190278209622214786
10.0 0.2 0 2 0.0001787971772008599 732072605794570407
10.0 0.2 0 3 0.0009261917445475657 584060594391889282
10.0 0.2 0 4 0.0001249467351679239 298445389225525381
