
=== beta=-0.1, alphasc=4.0 ===
4.0 -0.1 0 0 0.0004843426719068227 667665241827717120
4.0 -0.1 0 1 0.00012248220074341737 603518635025891520
4.0 -0.1 0 2 0.0004018400890684352 578730146493501622
4.0 -0.1 0 3 4.478230277808647e-05 576460753210048800
4.0 -0.1 0 4 0.00013831686435416602 175921894072836

=== beta=-0.1, alphasc=5.0 ===
5.0 -0.1 0 0 0.0006304457759979897 666548138013757440
5.0 -0.1 0 1 0.0004603340683800987 603593400742355136
5.0 -0.1 0 2 6.128732688968153e-05 9148076365516928
5.0 -0.1 0 3 0.0007289206883275615 39582418600960
5.0 -0.1 0 4 0.0002510391308933488 18841231253712902

=== beta=-0.1, alphasc=6.0 ===
6.0 -0.1 0 0 0.00029514330149084286 585762620674679464
6.0 -0.1 0 1 7.496611880428168e-05 604727031657955456
6.0 -0.1 0 2 7.986366559900719e-05 11470244923314304
6.0 -0.1 0 3 0.0007800306622604313 525313
6.0 -0.1 0 4 0.00012112965862722318 432418131995402244

=== beta=-0.1, alphasc=7.0 ===
7.0 -0.1 0 0 0.00011170204762813013 588005626542826184
7.0 -0.1 0 1 0.00016622514085178172 9015999912415232
7.0 -0.1 0 2 0.00014661697688251089 11685749168865408
7.0 -0.1 0 3 0.0005884283875331175 18031990696063798
7.0 -0.1 0 4 0.00020788782179677491 307722519362805894

=== beta=-0.1, alphasc=8.0 ===
8.0 -0.1 0 0 0.0004020056587496436 586312376488297462
8.0 -0.1 0 1 0.00046100649786616173 639600207797288960
8.0 -0.1 0 2 0.0003473640629086811 2608181179060224
8.0 -0.1 0 3 0.0001315921184847819 576460760358584320
8.0 -0.1 0 4 0.00021722933792929486 306634001777500292

=== beta=-0.1, alphasc=9.0 ===
9.0 -0.1 0 0 0.0006528056678675445 588001226348601560
9.0 -0.1 0 1 0.00011386494721285246 603482376139702274
9.0 -0.1 0 2 5.221753225767902e-05 2551148299026592
9.0 -0.1 0 3 0.00030552817472148636 28710449774985989
9.0 -0.1 0 4 0.00047271661163350603 288584487615332356

=== beta=-0.1, alphasc=10.0 ===
10.0 -0.1 0 0 0.0006247893693334233 660058820386816524
10.0 -0.1 0 1 0.0004167139457131375 63051494299009024
10.0 -0.1 0 2 0.0001858095867656767 158467217035426
10.0 -0.1 0 3 0.0003429263217848134 579297492314439943
10.0 -0.1 0 4 0.0004002879278755587 306598817405337732

=== beta=0.0, alphasc=4.0 ===
4.0 0.0 0 0 0.00037913534174034854 91767445987000320
4.0 0.0 0 1 0.00018132415093528883 585521844824838818
4.0 0.0 0 2 0.00010252925253898127 588863245657198758
4.0 0.0 0 3 4.4215073785621455e-05 576460753142415652
4.0 0.0 0 4 9.885138857466078e-05 9184220627075584

=== beta=0.0, alphasc=5.0 ===
5.0 0.0 0 0 0.0003660915962220757 90360064593912064
5.0 0.0 0 1 0.00020173286633307308 604714902653515936
5.0 0.0 0 2 6.73296454775696e-05 11399876179136640
5.0 0.0 0 3 0.000611702970849801 281474976719872
5.0 0.0 0 4 9.340152894332804e-05 577217216337162374

=== beta=0.0, alphasc=6.0 ===
6.0 0.0 0 0 0.00021483158208480743 592309112906195584
6.0 0.0 0 1 0.00015102642696927942 751015919795077248
6.0 0.0 0 2 6.546253411471436e-05 587860628482560128
6.0 0.0 0 3 0.0003785417732325136 578765328944201808
6.0 0.0 0 4 4.9274202846041284e-05 436921731655925764

=== beta=0.0, alphasc=7.0 ===
7.0 0.0 0 0 9.424916956984994e-05 588568574348763848
7.0 0.0 0 1 0.00035631080188419206 63086678667233440
7.0 0.0 0 2 0.00016804246638854882 11610980265496738
7.0 0.0 0 3 0.0001994595647538915 153122387339516081
7.0 0.0 0 4 0.0003928021744763299 378372737477259270

=== beta=0.0, alphasc=8.0 ===
8.0 0.0 0 0 0.0002748548502297508 621496748577128658
8.0 0.0 0 1 0.0004919605370748532 622711708926246914
8.0 0.0 0 2 0.00015038218990310597 3659314295476352
8.0 0.0 0 3 0.0001297114691939227 9658659897344130
8.0 0.0 0 4 9.034835746270795e-05 307724717312966788

=== beta=0.0, alphasc=9.0 ===
9.0 0.0 0 0 0.0004059268806392028 585806601173074512
9.0 0.0 0 1 0.00010656127593162012 594476259183165440
9.0 0.0 0 2 0.00022142848959055535 153421454596640944
9.0 0.0 0 3 0.00011818161926572908 577586720938672711
9.0 0.0 0 4 0.00012078563308595565 306317411148763140

=== beta=0.0, alphasc=10.0 ===
10.0 0.0 0 0 0.00041037535743298294 99647231291817985
10.0 0.0 0 1 0.00011384337068119323 594511589594890272
10.0 0.0 0 2 6.554530668296456e-05 9447143494652032
10.0 0.0 0 3 5.88969866081917e-05 577393138795020288
10.0 0.0 0 4 0.00040993612349580116 288302943919145108

=== beta=0.1, alphasc=4.0 ===
4.0 0.1 0 0 0.0005034752508215328 666539344068218880
4.0 0.1 0 1 0.00038361173920960093 632866798320746624
4.0 0.1 0 2 8.254298141805226e-05 2392676924723328
4.0 0.1 0 3 8.026422763135821e-05 839516448
4.0 0.1 0 4 0.00021295839700810417 310820942089957380

=== beta=0.1, alphasc=5.0 ===
5.0 0.1 0 0 0.0006802733477594505 648806435567702144
5.0 0.1 0 1 0.0006948919311301795 4398046512128
5.0 0.1 0 2 0.00012287464615517302 11399876177236128
5.0 0.1 0 3 0.0006163665035742797 281479271678976
5.0 0.1 0 4 0.0004002458764742825 20057291114164230

=== beta=0.1, alphasc=6.0 ===
6.0 0.1 0 0 0.00019558774167324276 578727945279922816
6.0 0.1 0 1 0.00024159379972707578 602410326233481216
6.0 0.1 0 2 0.0002583220040599732 2393226678177792
6.0 0.1 0 3 0.0007167488458570569 70368744178688
6.0 0.1 0 4 9.94154602877847e-05 288338128293330948

=== beta=0.1, alphasc=7.0 ===
7.0 0.1 0 0 9.549888347995083e-05 578998425140339404
7.0 0.1 0 1 0.00010656127593162012 594476259183165440
7.0 0.1 0 2 0.0002217167737132212 2674151915786240
7.0 0.1 0 3 0.0005179623395470195 590543314554593952
7.0 0.1 0 4 0.0004620345090572699 378372806162776582

=== beta=0.1, alphasc=8.0 ===
8.0 0.1 0 0 8.465297471446738e-05 585753962020340682
8.0 0.1 0 1 0.000535501527676375 639529838785233024
8.0 0.1 0 2 0.00018632971889000462 20618179486945442
8.0 0.1 0 3 6.29069756670448e-05 10133118760386565
8.0 0.1 0 4 0.00018577794450241005 307441250544648196

=== beta=0.1, alphasc=9.0 ===
9.0 0.1 0 0 0.0004911168358704138 281474976711262
9.0 0.1 0 1 0.00017137085611071076 27031523433644032
9.0 0.1 0 2 6.631209141810274e-05 448600746299520
9.0 0.1 0 3 0.0002653046665784872 105621854177312
9.0 0.1 0 4 0.00012148023672295226 306598817406128258

=== beta=0.1, alphasc=10.0 ===
10.0 0.1 0 0 0.0003250948625555756 664285343083659792
10.0 0.1 0 1 0.0005464826331706902 9008453519737728
10.0 0.1 0 2 0.00013851107461504265 595178838257586178
10.0 0.1 0 3 0.00020411025052699801 24347606961094657
10.0 0.1 0 4 5.9747411741550416e-05 292806543554904197

=== beta=0.2, alphasc=4.0 ===
4.0 0.2 0 0 0.0005034752508215328 666539344068218880
4.0 0.2 0 1 0.0002483220719228154 740896014772601344
4.0 0.2 0 2 0.00034889930404724225 576602591484447232
4.0 0.2 0 3 5.333575634389179e-05 839516452
4.0 0.2 0 4 0.00032582697288220273 310820942089957382

=== beta=0.2, alphasc=5.0 ===
5.0 0.2 0 0 0.0006377757197349328 657532142665994496
5.0 0.2 0 1 0.0007504423754682109 33792
5.0 0.2 0 2 8.605403268837317e-05 11399876179202176
5.0 0.2 0 3 0.0006882730453926237 4398046512256
5.0 0.2 0 4 0.0001778484652693397 306317342429032454

=== beta=0.2, alphasc=6.0 ===
6.0 0.2 0 0 0.0007446875384793268 657548085584461832
6.0 0.2 0 1 0.00034348008429183 30734648532041733
6.0 0.2 0 2 0.00016429085156184333 11259688455049346
6.0 0.2 0 3 0.0006434752404540473 2147615744
6.0 0.2 0 4 0.00014876586101358874 289373868345532966

=== beta=0.2, alphasc=7.0 ===
7.0 0.2 0 0 0.00043538479680144284 576742227296911832
7.0 0.2 0 1 0.0005051427724736076 739787707253002368
7.0 0.2 0 2 0.00018927473246161018 274881052672
7.0 0.2 0 3 0.0006868809341755663 2251799813686400
7.0 0.2 0 4 7.912328020690707e-05 432418132028686342

=== beta=0.2, alphasc=8.0 ===
8.0 0.2 0 0 0.00020769407240622844 17354
8.0 0.2 0 1 0.00039318866977421243 54132256239124480
8.0 0.2 0 2 0.0002838893695467757 281631744856202
8.0 0.2 0 3 0.0006788732387006187 17179870208
8.0 0.2 0 4 0.00019335947192129988 288441482386350080

=== beta=0.2, alphasc=9.0 ===
9.0 0.2 0 0 6.301774846174908e-05 729864616791779400
9.0 0.2 0 1 6.925700089397847e-05 144186664923693056
9.0 0.2 0 2 9.93855396590143e-05 422212465070147
9.0 0.2 0 3 0.0005701211280449368 18014415689589637
9.0 0.2 0 4 5.545061584331241e-05 306326155702042628

=== beta=0.2, alphasc=10.0 ===
10.0 0.2 0 0 0.00026222616388694157 589764860179522240
10.0 0.2 0 1 0.0006450155686979456 281474976842752
10.0 0.2 0 2 0.0001255568643832005 576601695986651136
10.0 0.2 0 3 0.0006804299446049406 590848
10.0 0.2 0 4 0.0001332315079828527 293088087243227268
