
=== beta=-0.1, alphasc=4.0 ===
4.0 -0.1 0 0 0.0006144184462499957 666548138013896704
4.0 -0.1 0 1 0.0004046427143184262 639639789947846656
4.0 -0.1 0 2 0.00018500372470002922 605892619176316962
4.0 -0.1 0 3 5.097265847175383e-05 585467952397680928
4.0 -0.1 0 4 0.0004461435478276522 378302368699392518

=== beta=-0.1, alphasc=5.0 ===
5.0 -0.1 0 0 0.000600636817801647 668791141734287360
5.0 -0.1 0 1 0.0006804261583680439 639635391901499520
5.0 -0.1 0 2 0.0003006326313866003 2480637855207552
5.0 -0.1 0 3 0.0006937344486961711 578783058300240896
5.0 -0.1 0 4 0.00011074051768952386 436921731622379524

=== beta=-0.1, alphasc=6.0 ===
6.0 -0.1 0 0 0.00011199703617527003 586906112768090760
6.0 -0.1 0 1 0.0003202655379328243 606988692666220672
6.0 -0.1 0 2 0.0006174401424589106 11769312084300070
6.0 -0.1 0 3 0.0007255769373579267 576460752304079872
6.0 -0.1 0 4 0.00011294315621544537 432418131995271204

=== beta=-0.1, alphasc=7.0 ===
7.0 -0.1 0 0 8.003549242170648e-05 585756023604650632
7.0 -0.1 0 1 0.00038559382576794783 352407770353762432
7.0 -0.1 0 2 0.00033253381230806964 2397074968875008
7.0 -0.1 0 3 0.00014253934639633846 595603249743921669
7.0 -0.1 0 4 0.0004589341922765433 54395042470830214

=== beta=-0.1, alphasc=8.0 ===
8.0 -0.1 0 0 0.00034935981713113374 606020040352862976
8.0 -0.1 0 1 0.001059443645295681 63051520065011714
8.0 -0.1 0 2 0.00017138281331719046 29695749663821952
8.0 -0.1 0 3 0.0006788732387006187 17179870208
8.0 -0.1 0 4 0.00027447908030182617 306598886125211782

=== beta=-0.1, alphasc=9.0 ===
9.0 -0.1 0 0 0.0005576180243655116 67568309536555040
9.0 -0.1 0 1 0.00047622465924784915 54629235293292672
9.0 -0.1 0 2 0.0005624037571887653 2674151900577792
9.0 -0.1 0 3 0.0014239754153702495 525984
9.0 -0.1 0 4 0.0004766109706798712 437203275318689798

=== beta=-0.1, alphasc=10.0 ===
10.0 -0.1 0 0 0.0005191022131415689 682295343546638412
10.0 -0.1 0 1 0.00011704224204361877 576742785693385120
10.0 -0.1 0 2 0.00021750454280259845 19202077237444608
10.0 -0.1 0 3 0.0006536982504702486 72624944196616962
10.0 -0.1 0 4 0.0001412040694940523 308006329744621572

=== beta=0.0, alphasc=4.0 ===
4.0 0.0 0 0 0.00047395995663609736 92620660500602880
4.0 0.0 0 1 0.000322324050943309 641799230793187458
4.0 0.0 0 2 6.525065672087262e-05 579152356804661250
4.0 0.0 0 3 4.417716013619053e-05 9007200161366304
4.0 0.0 0 4 0.00039708612145089643 378306766745707012

=== beta=0.0, alphasc=5.0 ===
5.0 0.0 0 0 0.00045335739586046305 92330526869882880
5.0 0.0 0 1 0.00033065401813654917 639635391900942466
5.0 0.0 0 2 6.651683507449034e-05 578853429227819136
5.0 0.0 0 3 0.0006163665035742797 281479271678976
5.0 0.0 0 4 4.1973289993016206e-05 432418132028686340

=== beta=0.0, alphasc=6.0 ===
6.0 0.0 0 0 0.00011831193598513955 9319479884653192
6.0 0.0 0 1 0.00017945410166110196 604662145414365344
6.0 0.0 0 2 6.942000477887296e-05 589285455963361570
6.0 0.0 0 3 0.0006401600397747667 4294968322
6.0 0.0 0 4 4.524480683045479e-05 432418132028817412

=== beta=0.0, alphasc=7.0 ===
7.0 0.0 0 0 0.00031461811330822653 585520728158777908
7.0 0.0 0 1 0.0002958816786016692 586594950977264160
7.0 0.0 0 2 0.0001692164989530626 578853289606516736
7.0 0.0 0 3 3.1464164114222106e-05 153197154159165604
7.0 0.0 0 4 0.00017172211926609355 351562245911879814

=== beta=0.0, alphasc=8.0 ===
8.0 0.0 0 0 0.00010409401194911827 579557115560200360
8.0 0.0 0 1 0.00011417426415851309 586612545578861058
8.0 0.0 0 2 8.294364886114619e-05 588141966018811904
8.0 0.0 0 3 0.0021748522633260182 787969
8.0 0.0 0 4 8.888568093296469e-05 301565253174302852

=== beta=0.0, alphasc=9.0 ===
9.0 0.0 0 0 5.271721142735213e-05 589978148288856259
9.0 0.0 0 1 9.598401729373079e-05 603482358928375810
9.0 0.0 0 2 0.00016478700352856568 4398058197158
9.0 0.0 0 3 0.00017316714225001846 576496005414783397
9.0 0.0 0 4 9.53149988614632e-05 307724717320831108

=== beta=0.0, alphasc=10.0 ===
10.0 0.0 0 0 0.0005035839614243134 662394183084019776
10.0 0.0 0 1 0.00013360145008198612 18055080710639776
10.0 0.0 0 2 7.590094281032948e-05 576671995977797922
10.0 0.0 0 3 0.0006711345135296921 787712
10.0 0.0 0 4 6.851426732070377e-05 436921731622371460

=== beta=0.1, alphasc=4.0 ===
4.0 0.1 0 0 9.021144413992301e-05 5688890376327332
4.0 0.1 0 1 0.00032196211041147994 642929528738152448
4.0 0.1 0 2 9.899090385323489e-05 589285455930462498
4.0 0.1 0 3 4.5546232002210006e-05 9007200094527744
4.0 0.1 0 4 0.00010242238454092599 315251973950026308

=== beta=0.1, alphasc=5.0 ===
5.0 0.1 0 0 0.0003956258665172627 93174951799947520
5.0 0.1 0 1 0.0001243557855477696 739822891457974432
5.0 0.1 0 2 7.564734295799175e-05 579134902057570432
5.0 0.1 0 3 0.0006426921157520827 2251799813817344
5.0 0.1 0 4 6.969988738731649e-05 432418131995787268

=== beta=0.1, alphasc=6.0 ===
6.0 0.1 0 0 0.00015137785207564063 577602045373457024
6.0 0.1 0 1 0.00012136374874207073 19185378395427234
6.0 0.1 0 2 7.868805713424322e-05 587860628446910596
6.0 0.1 0 3 0.0006296228295164916 2256197860197376
6.0 0.1 0 4 2.9204774988539048e-05 144134981534220326

=== beta=0.1, alphasc=7.0 ===
7.0 0.1 0 0 7.328841702479491e-05 588885250877952648
7.0 0.1 0 1 0.00013950956096047082 576460771933819008
7.0 0.1 0 2 9.546844324884622e-05 589268003363754112
7.0 0.1 0 3 9.937937653232734e-05 578791785684799846
7.0 0.1 0 4 0.0004017163270948944 378654212420415492

=== beta=0.1, alphasc=8.0 ===
8.0 0.1 0 0 9.972443141628603e-05 576742229463286218
8.0 0.1 0 1 0.00010656127593162012 594476259183165440
8.0 0.1 0 2 0.00014398358110155523 153210348264493092
8.0 0.1 0 3 0.0009550368729130362 1536
8.0 0.1 0 4 0.00013441744362396732 306634139216904196

=== beta=0.1, alphasc=9.0 ===
9.0 0.1 0 0 0.000440786807883503 669628969594728898
9.0 0.1 0 1 7.669689846584247e-05 27021606691930114
9.0 0.1 0 2 8.180933463784246e-05 587526237437434022
9.0 0.1 0 3 0.0007800306622604313 525313
9.0 0.1 0 4 8.767486750003459e-05 307161767359025284

=== beta=0.1, alphasc=10.0 ===
10.0 0.1 0 0 0.000372276307295446 102250733193404416
10.0 0.1 0 1 0.0001046761268548638 9052279533928834
10.0 0.1 0 2 9.237677189529962e-05 576619081978812706
10.0 0.1 0 3 0.000238312291668829 865852212734341258
10.0 0.1 0 4 0.00042130429933506477 876029361088626832

=== beta=0.2, alphasc=4.0 ===
4.0 0.2 0 0 0.00018872390457849264 579864857518807204
4.0 0.2 0 1 7.16264365545736e-05 731395134855581860
4.0 0.2 0 2 8.340458030021626e-05 12543228650328358
4.0 0.2 0 3 5.3071109629955945e-05 9007200161374464
4.0 0.2 0 4 0.00013001402758527046 292839528929702406

=== beta=0.2, alphasc=5.0 ===
5.0 0.2 0 0 0.0001809269396906875 586646628065876196
5.0 0.2 0 1 0.00020200963417704672 605488959073816704
5.0 0.2 0 2 6.65030275931567e-05 12525773936662560
5.0 0.2 0 3 0.0006270507268550944 140288
5.0 0.2 0 4 7.467737819442229e-05 289428843860467844

=== beta=0.2, alphasc=6.0 ===
6.0 0.2 0 0 0.00017777788110973512 9022613926457348
6.0 0.2 0 1 0.00010618456278657092 606904030364768290
6.0 0.2 0 2 0.00014823100361210586 579134904269672608
6.0 0.2 0 3 0.0006239847816190486 2322168557995008
6.0 0.2 0 4 9.819147753544722e-05 731016902805821574

=== beta=0.2, alphasc=7.0 ===
7.0 0.2 0 0 0.00011761541698608928 2627970230196352
7.0 0.2 0 1 0.00031131656100779524 640642544552050848
7.0 0.2 0 2 0.00022765391372247336 11545011723178112
7.0 0.2 0 3 0.0006703753665746959 16778240
7.0 0.2 0 4 0.0001622084127427006 307722587109333124

=== beta=0.2, alphasc=8.0 ===
8.0 0.2 0 0 7.300973535276932e-05 586030901511603148
8.0 0.2 0 1 0.0001706203863593935 27163452045131808
8.0 0.2 0 2 8.740915659846476e-05 598288946444586
8.0 0.2 0 3 0.00011114601846314 12727968078764448
8.0 0.2 0 4 0.00012703654840759843 315324558863368193

=== beta=0.2, alphasc=9.0 ===
9.0 0.2 0 0 0.00040638306531141466 76913041681162312
9.0 0.2 0 1 9.368517390132671e-05 748732234213359812
9.0 0.2 0 2 9.99370977464426e-05 510173428914466
9.0 0.2 0 3 6.124636180995004e-05 10696049755422754
9.0 0.2 0 4 0.00013873010941441117 307161836086890624

=== beta=0.2, alphasc=10.0 ===
10.0 0.2 0 0 0.00033802210782079314 100851608841380096
10.0 0.2 0 1 0.00017833134776560364 595602176001327104
10.0 0.2 0 2 0.0001034030262426441 585903358196715776
10.0 0.2 0 3 0.0001004884349318197 145135535390791
10.0 0.2 0 4 6.224921426025447e-05 307443242335998084
