
=== beta=-0.1, alphasc=4.0 ===
4.0 -0.1 0 0 0.0004683929213755482 234492866331046664
4.0 -0.1 0 1 0.00043701468738764485 640743700695982312
4.0 -0.1 0 2 0.00030904079033051106 140877116313730
4.0 -0.1 0 3 0.00010483369816532121 585468570893289764
4.0 -0.1 0 4 0.0007690300748796224 526994291139948676

=== beta=-0.1, alphasc=5.0 ===
5.0 -0.1 0 0 0.0005391396506120468 648824027754345372
5.0 -0.1 0 1 0.0015515522576111758 639547431239156864
5.0 -0.1 0 2 0.0004677129648545497 308998091401138338
5.0 -0.1 0 3 0.0011262439970504332 7322747980875266
5.0 -0.1 0 4 0.000583165742950403 346850306061250566

=== beta=-0.1, alphasc=6.0 ===
6.0 -0.1 0 0 0.0005804741369599683 657840010217202332
6.0 -0.1 0 1 0.0013734402843928876 603553818325320833
6.0 -0.1 0 2 0.0005352207110504878 30259249376202881
6.0 -0.1 0 3 0.0012887048703006225 2819148889884166
6.0 -0.1 0 4 0.0002882890257532319 472951095585812612

=== beta=-0.1, alphasc=7.0 ===
7.0 -0.1 0 0 0.0012318350632161816 588005624395081418
7.0 -0.1 0 1 0.0006029636772185245 639512272655843458
7.0 -0.1 0 2 0.0005579818487695794 29774914504167617
7.0 -0.1 0 3 0.0010409935721308217 1691048884438791
7.0 -0.1 0 4 0.0004054460925904199 491246969122201604

=== beta=-0.1, alphasc=8.0 ===
8.0 -0.1 0 0 0.0022446650429242434 588005624395081722
8.0 -0.1 0 1 0.0011100565053903588 645141756955230336
8.0 -0.1 0 2 0.0005565399225767848 309561041354559650
8.0 -0.1 0 3 0.0008421696589924651 8448667748926606
8.0 -0.1 0 4 0.0014974719751611255 307198618195800068

=== beta=-0.1, alphasc=9.0 ===
9.0 -0.1 0 0 0.0012663679564276881 589140322542692040
9.0 -0.1 0 1 0.0005739945846498068 639600233653075970
9.0 -0.1 0 2 0.0007480887719622829 318014018029506722
9.0 -0.1 0 3 0.001180080530776691 12112220362909190
9.0 -0.1 0 4 0.00048792082419700674 324613293224230934

=== beta=-0.1, alphasc=10.0 ===
10.0 -0.1 0 0 0.000577054099469065 660622320095830744
10.0 -0.1 0 1 0.001802182893954616 63069223920108674
10.0 -0.1 0 2 0.0004644190481012948 605893237654100770
10.0 -0.1 0 3 0.0006300160240736006 23123833676530570
10.0 -0.1 0 4 0.0007516686946100145 288734089941876788

=== beta=0.0, alphasc=4.0 ===
4.0 0.0 0 0 0.00045090948840399215 244063015539258120
4.0 0.0 0 1 0.00047954793136344896 642999898556104936
4.0 0.0 0 2 0.00020175405196067302 587878220690200706
4.0 0.0 0 3 0.00013561927141382026 586638451261720868
4.0 0.0 0 4 0.000569454280189031 528124571912974340

=== beta=0.0, alphasc=5.0 ===
5.0 0.0 0 0 0.0004910137567248543 104442630997619470
5.0 0.0 0 1 0.0013332314935854258 54149848424784898
5.0 0.0 0 2 0.00035595006987932857 877498377371981986
5.0 0.0 0 3 0.0012137164113161167 2326570902750854
5.0 0.0 0 4 0.00028962391082200444 441496249800863748

=== beta=0.0, alphasc=6.0 ===
6.0 0.0 0 0 0.0004914132259229677 657822418030633884
6.0 0.0 0 1 0.0006499281089743345 624932773962825895
6.0 0.0 0 2 0.0003056615104590002 589004670332899492
6.0 0.0 0 3 0.0008673226870562844 563573002732838
6.0 0.0 0 4 0.0002570917016606086 483084332177956996

=== beta=0.0, alphasc=7.0 ===
7.0 0.0 0 0 0.00039453051378098215 661747670246820703
7.0 0.0 0 1 0.00045989391001982036 63051520334561410
7.0 0.0 0 2 0.00037851981385708205 877515971705508002
7.0 0.0 0 3 0.0010878617722727825 1688850131584775
7.0 0.0 0 4 0.0004909561620348494 477454678058344468

=== beta=0.0, alphasc=8.0 ===
8.0 0.0 0 0 0.001097227958408177 281474976712410
8.0 0.0 0 1 0.0005694023167792445 639512272662135170
8.0 0.0 0 2 0.0003493017799344506 607027315179589795
8.0 0.0 0 3 0.0009785105838778494 351844258555651
8.0 0.0 0 4 0.0002866137826207698 333374691526717574

=== beta=0.0, alphasc=9.0 ===
9.0 0.0 0 0 0.001525830885082622 576742227280471770
9.0 0.0 0 1 0.000413134146706359 639635417958056066
9.0 0.0 0 2 0.0004909787998643752 586734588957300917
9.0 0.0 0 3 0.0010223191620304317 70369015637767
9.0 0.0 0 4 0.00029986037385637044 442560027300726965

=== beta=0.0, alphasc=10.0 ===
10.0 0.0 0 0 0.0004249565432894169 9218890694787204
10.0 0.0 0 1 0.00030838641840316846 67555102785142914
10.0 0.0 0 2 0.0004711089815501153 585617693482963111
10.0 0.0 0 3 0.0010483430884141007 1688850397923075
10.0 0.0 0 4 0.00040600634335342766 298375174838552629

=== beta=0.1, alphasc=4.0 ===
4.0 0.1 0 0 0.0008300065628963287 810953618667676552
4.0 0.1 0 1 0.001066927421847129 612525902999626448
4.0 0.1 0 2 0.0003810456732852584 2955626883420288
4.0 0.1 0 3 0.0001026127921517483 585468502174206244
4.0 0.1 0 4 0.00044004266066855944 432559419239178756

=== beta=0.1, alphasc=5.0 ===
5.0 0.1 0 0 0.0006951744140212111 675854425906291400
5.0 0.1 0 1 0.0014212359435049348 639903672737997986
5.0 0.1 0 2 0.0008566566928987128 308989295308116098
5.0 0.1 0 3 0.0010517913404603104 848827811235362
5.0 0.1 0 4 0.00031021779905977327 492091376813879300

=== beta=0.1, alphasc=6.0 ===
6.0 0.1 0 0 0.0005756226981072239 676118291517285020
6.0 0.1 0 1 0.0004284047778893573 642925130964451456
6.0 0.1 0 2 0.0005299387632505314 603904702164840645
6.0 0.1 0 3 0.0009691767755958952 8022036838499334
6.0 0.1 0 4 0.0007039757396915592 468446929014237334

=== beta=0.1, alphasc=7.0 ===
7.0 0.1 0 0 0.0004133432019256936 650772349473260377
7.0 0.1 0 1 0.0006848287041511789 639582641399955584
7.0 0.1 0 2 0.0004677129648545497 308998091401138338
7.0 0.1 0 3 0.000517538445841734 720962081907540130
7.0 0.1 0 4 0.0006327974696834576 351353888475193492

=== beta=0.1, alphasc=8.0 ===
8.0 0.1 0 0 0.0013350002890775837 588001226348562394
8.0 0.1 0 1 0.0005990032658468675 595610989275513346
8.0 0.1 0 2 0.0004677129648545497 308998091401138338
8.0 0.1 0 3 0.0009009446639968128 1125969166075141
8.0 0.1 0 4 0.0006864043909022838 351358288652533908

=== beta=0.1, alphasc=9.0 ===
9.0 0.1 0 0 0.0010989701992364042 576742227280660184
9.0 0.1 0 1 0.0004305196557723277 603483647436079266
9.0 0.1 0 2 0.0013346195153974881 607933310612869174
9.0 0.1 0 3 0.00043800077093370085 11276730575295270
9.0 0.1 0 4 0.0003724971365717998 307346639931584645

=== beta=0.1, alphasc=10.0 ===
10.0 0.1 0 0 0.0009641618318930292 587724304037721704
10.0 0.1 0 1 0.0009488631224019269 598698394604938370
10.0 0.1 0 2 0.0008489958843758609 315683122096967829
10.0 0.1 0 3 0.0010133582527748933 578220127943525891
10.0 0.1 0 4 0.00033866215683897436 288453044462297124

=== beta=0.2, alphasc=4.0 ===
4.0 0.2 0 0 0.0013522778766732841 812079638833529480
4.0 0.2 0 1 0.0013085253360587482 639547501099500160
4.0 0.2 0 2 0.00039016530848769187 20970025392869504
4.0 0.2 0 3 0.0012509358837663497 578994027951950145
4.0 0.2 0 4 0.00026072197407342977 432559419239444996

=== beta=0.2, alphasc=5.0 ===
5.0 0.2 0 0 0.0007102419737911405 676408564734888904
5.0 0.2 0 1 0.0016004156697552597 639622197761287298
5.0 0.2 0 2 0.0016500999680265894 30610543341279360
5.0 0.2 0 3 0.001181573472740049 562955592795654
5.0 0.2 0 4 0.0003362651464183039 472951078422587524

=== beta=0.2, alphasc=6.0 ===
6.0 0.2 0 0 0.0009555479377135347 577056831520637656
6.0 0.2 0 1 0.0016970549746226648 639617804010292352
6.0 0.2 0 2 0.000553633820057788 309015683587182754
6.0 0.2 0 3 0.0011684234919524007 598688379831332
6.0 0.2 0 4 0.000569835367071982 339249914704574612

=== beta=0.2, alphasc=7.0 ===
7.0 0.2 0 0 0.0005359540793018629 658369970544649116
7.0 0.2 0 1 0.0003856088235465951 747633899692359680
7.0 0.2 0 2 0.00039333118956353416 290702217914945698
7.0 0.2 0 3 0.0006998318344326745 9570425632334598
7.0 0.2 0 4 0.00013217364683678132 441425915384432645

=== beta=0.2, alphasc=8.0 ===
8.0 0.2 0 0 0.0011243545636689294 576742227280135898
8.0 0.2 0 1 0.00048454676243264456 783733013862557698
8.0 0.2 0 2 0.0004677129648545497 308998091401138338
8.0 0.2 0 3 0.0007833193792659179 150677241178165920
8.0 0.2 0 4 0.0009485671172813439 289438189725427732

=== beta=0.2, alphasc=9.0 ===
9.0 0.2 0 0 0.001164590287143371 281474976712282
9.0 0.2 0 1 0.0006048968950149911 63403621502812288
9.0 0.2 0 2 0.00041444328102601075 290983759463649442
9.0 0.2 0 3 0.0016108370932742862 617279571728929824
9.0 0.2 0 4 0.0001788258517294617 289438209053300901

=== beta=0.2, alphasc=10.0 ===
10.0 0.2 0 0 0.0006513615230307009 678776923517723363
10.0 0.2 0 1 0.0005476927385961766 22606380093860096
10.0 0.2 0 2 0.0008175451255359919 588221300509397170
10.0 0.2 0 3 0.0001857315165174631 18221938582278
10.0 0.2 0 4 0.0002505617826931161 288347491348197413
