
=== beta=-0.1, alphasc=0.1 ===
0.1 -0.1 0 0 0.061858335851732234 0
0.1 -0.1 0 1 0.061858335851732234 0
0.1 -0.1 0 2 0.061858335851732234 0
0.1 -0.1 0 3 0.061858335851732234 0
0.1 -0.1 0 4 0.05186504875258771 1061071207182481415

=== beta=-0.1, alphasc=0.5 ===
0.5 -0.1 0 0 0.05934023090121543 281474976710656
0.5 -0.1 0 1 0.05958499447939323 262144
0.5 -0.1 0 2 0.05007470118209876 2149580800
0.5 -0.1 0 3 0.05960082259679148 131072
0.5 -0.1 0 4 0.05186504875258771 1061071207182481415

=== beta=-0.1, alphasc=1.0 ===
1.0 -0.1 0 0 0.016022504400079057 351848015930008
1.0 -0.1 0 1 0.0121260103742621 630510544918691968
1.0 -0.1 0 2 0.01862989541702432 288582222022250627
1.0 -0.1 0 3 0.002573092330158292 1100059118476
1.0 -0.1 0 4 0.002208972580921121 288233142672687108

=== beta=-0.1, alphasc=1.5 ===
1.5 -0.1 0 0 0.002074030987762211 792985382433137594
1.5 -0.1 0 1 0.011038050639591025 632798641504272528
1.5 -0.1 0 2 0.0035576803497404342 308298681744953987
1.5 -0.1 0 3 0.003975861716371624 813959948
1.5 -0.1 0 4 0.0008572868302440741 436931232115732484

=== beta=-0.1, alphasc=2.0 ===
2.0 -0.1 0 0 0.0007655693044159069 216524630129640409
2.0 -0.1 0 1 0.000758584931860148 54079492298375316
2.0 -0.1 0 2 0.0029384044965370267 310569250566247043
2.0 -0.1 0 3 0.0007791663603886782 577032516505062148
2.0 -0.1 0 4 0.00032647378852103376 436931232115994629

=== beta=-0.1, alphasc=2.5 ===
2.5 -0.1 0 0 0.0021810418194338427 667946785691406984
2.5 -0.1 0 1 0.0007653642781859303 869306912722681922
2.5 -0.1 0 2 0.0009665934674173781 866200987803663010
2.5 -0.1 0 3 0.001011149633392164 72628240910535556
2.5 -0.1 0 4 0.0003567477618335929 447055535427432580

=== beta=-0.1, alphasc=3.0 ===
3.0 -0.1 0 0 0.0006178119064482757 812079518541230728
3.0 -0.1 0 1 0.0013099068243672463 871556522103046146
3.0 -0.1 0 2 0.0015190105155660236 92905434354096426
3.0 -0.1 0 3 0.0011700340026400125 586036400045574918
3.0 -0.1 0 4 0.0001948383876693111 438056994617567364

=== beta=0.0, alphasc=0.1 ===
0.1 0.0 0 0 0.061858335851732234 0
0.1 0.0 0 1 0.061858335851732234 0
0.1 0.0 0 2 0.061858335851732234 0
0.1 0.0 0 3 0.061858335851732234 0
0.1 0.0 0 4 0.05186504875258771 1061071207182481415

=== beta=0.0, alphasc=0.5 ===
0.5 0.0 0 0 0.05934023090121543 281474976710656
0.5 0.0 0 1 0.05958499447939323 262144
0.5 0.0 0 2 0.05007470118209876 2149580800
0.5 0.0 0 3 0.05960082259679148 131072
0.5 0.0 0 4 0.05186504875258771 1061071207182481415

=== beta=0.0, alphasc=1.0 ===
1.0 0.0 0 0 0.016022504400079057 351848015930008
1.0 0.0 0 1 0.0121260103742621 630510544918691968
1.0 0.0 0 2 0.01862989541702432 288582222022250627
1.0 0.0 0 3 0.002573092330158292 1100059118476
1.0 0.0 0 4 0.002208972580921121 288233142672687108

=== beta=0.0, alphasc=1.5 ===
1.5 0.0 0 0 0.001638922247101007 795237182246822842
1.5 0.0 0 1 0.011038050639591025 632798641504272528
1.5 0.0 0 2 0.0035576803497404342 308298681744953987
1.5 0.0 0 3 0.0022330960545036012 815926028
1.5 0.0 0 4 0.0008572868302440741 436931232115732484

=== beta=0.0, alphasc=2.0 ===
2.0 0.0 0 0 0.0010968581797783897 216454261385462617
2.0 0.0 0 1 0.0007591206905003572 630540244601798800
2.0 0.0 0 2 0.0012425887361433305 902198775158735410
2.0 0.0 0 3 0.00155137458940576 577033616016689924
2.0 0.0 0 4 0.00032647378852103376 436931232115994629

=== beta=0.0, alphasc=2.5 ===
2.5 0.0 0 0 0.002202888608113273 667946785691406856
2.5 0.0 0 1 0.0007653642781859303 869306912722681922
2.5 0.0 0 2 0.0018831947120151518 875199369423698866
2.5 0.0 0 3 0.0009289760610440934 36599443822349192
2.5 0.0 0 4 0.0014706995916858923 159036248330477700

=== beta=0.0, alphasc=3.0 ===
3.0 0.0 0 0 0.000873383469014432 812062458931131016
3.0 0.0 0 1 0.0013099068243672463 871556522103046146
3.0 0.0 0 2 0.0007764763137657061 74891035775408424
3.0 0.0 0 3 0.0005797870144375655 586171639839460102
3.0 0.0 0 4 0.0003547197986825083 438056994617565316

=== beta=0.1, alphasc=0.1 ===
0.1 0.1 0 0 0.061858335851732234 0
0.1 0.1 0 1 0.061858335851732234 0
0.1 0.1 0 2 0.061858335851732234 0
0.1 0.1 0 3 0.061858335851732234 0
0.1 0.1 0 4 0.05186504875258771 1061071207182481415

=== beta=0.1, alphasc=0.5 ===
0.5 0.1 0 0 0.05934023090121543 281474976710656
0.5 0.1 0 1 0.05958499447939323 262144
0.5 0.1 0 2 0.05007470118209876 2149580800
0.5 0.1 0 3 0.05960082259679148 131072
0.5 0.1 0 4 0.05186504875258771 1061071207182481415

=== beta=0.1, alphasc=1.0 ===
1.0 0.1 0 0 0.016022504400079057 351848015930008
1.0 0.1 0 1 0.0121260103742621 630510544918691968
1.0 0.1 0 2 0.01862989541702432 288582222022250627
1.0 0.1 0 3 0.002573092330158292 1100059118476
1.0 0.1 0 4 0.002208972580921121 288233142672687108

=== beta=0.1, alphasc=1.5 ===
1.5 0.1 0 0 0.001638922247101007 795237182246822842
1.5 0.1 0 1 0.011038050639591025 632798641504272528
1.5 0.1 0 2 0.0035576803497404342 308298681744953987
1.5 0.1 0 3 0.0021194408882140646 564050314529540
1.5 0.1 0 4 0.0008572868302440741 436931232115732484

=== beta=0.1, alphasc=2.0 ===
2.0 0.1 0 0 0.0026853453386963817 804253315319276474
2.0 0.1 0 1 0.0007327351772203648 630540240306831504
2.0 0.1 0 2 0.0015341688739484098 911223562304557874
2.0 0.1 0 3 0.002180315690015406 572863176395524
2.0 0.1 0 4 0.00032647378852103376 436931232115994629

=== beta=0.1, alphasc=2.5 ===
2.5 0.1 0 0 0.0026264365894720894 667942323220386312
2.5 0.1 0 1 0.000266094323651493 869267338877239362
2.5 0.1 0 2 0.0018831947120151518 875199369423698866
2.5 0.1 0 3 0.0010829050563115868 36599443889458060
2.5 0.1 0 4 0.002670627037929757 438048198474211460

=== beta=0.1, alphasc=3.0 ===
3.0 0.1 0 0 0.0010735915001458853 667964863041249928
3.0 0.1 0 1 0.00047013571383950075 871565318196068354
3.0 0.1 0 2 0.0008513609364851143 74873443589361736
3.0 0.1 0 3 0.0011700340026400125 586036400045574918
3.0 0.1 0 4 0.0008892785694315828 438056994600788100

=== beta=0.2, alphasc=0.1 ===
0.1 0.2 0 0 0.061858335851732234 0
0.1 0.2 0 1 0.061858335851732234 0
0.1 0.2 0 2 0.061858335851732234 0
0.1 0.2 0 3 0.061858335851732234 0
0.1 0.2 0 4 0.05186504875258771 1061071207182481415

=== beta=0.2, alphasc=0.5 ===
0.5 0.2 0 0 0.05934023090121543 281474976710656
0.5 0.2 0 1 0.05958499447939323 262144
0.5 0.2 0 2 0.05007470118209876 2149580800
0.5 0.2 0 3 0.05960082259679148 131072
0.5 0.2 0 4 0.05186504875258771 1061071207182481415

=== beta=0.2, alphasc=1.0 ===
1.0 0.2 0 0 0.016022504400079057 351848015930008
1.0 0.2 0 1 0.0121260103742621 630510544918691968
1.0 0.2 0 2 0.01862989541702432 288582222022250627
1.0 0.2 0 3 0.002573092330158292 1100059118476
1.0 0.2 0 4 0.003484964836334027 288233125484429316

=== beta=0.2, alphasc=1.5 ===
1.5 0.2 0 0 0.001638922247101007 795237182246822842
1.5 0.2 0 1 0.004441241204994015 632796442481016976
1.5 0.2 0 2 0.0035576803497404342 308298681744953987
1.5 0.2 0 3 0.0017368913460386525 564050314529668
1.5 0.2 0 4 0.0008572868302440741 436931232115732484

=== beta=0.2, alphasc=2.0 ===
2.0 0.2 0 0 0.0013314482564283146 9009408080084992
2.0 0.2 0 1 0.0008196647834301933 54079488003407892
2.0 0.2 0 2 0.000833914710947784 901882111414309426
2.0 0.2 0 3 0.0009811877612187193 571746988215044
2.0 0.2 0 4 0.00032647378852103376 436931232115994629

=== beta=0.2, alphasc=2.5 ===
2.5 0.2 0 0 0.0029646066372231027 667942323186831880
2.5 0.2 0 1 0.000266094323651493 869267338877239362
2.5 0.2 0 2 0.0018831947120151518 875199369423698866
2.5 0.2 0 3 0.0026441519517097964 581607584388762372
2.5 0.2 0 4 0.0016501077532333935 442551803738730628

=== beta=0.2, alphasc=3.0 ===
3.0 0.2 0 0 0.0010735915001458853 667964863041249928
3.0 0.2 0 1 0.0006768032049508684 301859965333700610
3.0 0.2 0 2 0.000836871204493691 74873443589363784
3.0 0.2 0 3 0.0011700340026400125 586036400045574918
3.0 0.2 0 4 0.0005086795423736478 483092990865449092
