
=== beta=-0.1, alphasc=0.1 ===
0.1 -0.1 0 0 0.06200531754336294 0
0.1 -0.1 0 1 0.05698249248777618 1140610154405548804660292901425072831223307126812139982644798129474818791802169346626478202829342849944660577393398601884213007690044543756840694797938886457725264958975757481866791121828446208
0.1 -0.1 0 2 0.06200531754336294 0
0.1 -0.1 0 3 0.059115402001048 6135968474170062811786350401676042629723467188430438400
0.1 -0.1 0 4 0.061387224358247346 431359146674410236714672241392314090778194310761239455508016469639168

=== beta=-0.1, alphasc=0.5 ===
0.5 -0.1 0 0 0.0013965034469068855 23701113809940906369888031879959582744696245364279948622285082470547109982391330435566490538271997226453821482431766389140632001413521446302762383739669132118843919319078690015387808211931271406541418813322616654868454773489664
0.5 -0.1 0 1 0.002407465852611469 189516391281163053351239190261300019781314972942351852519969726169667493072753056508360004411414166396709481902618753109467104508275023821218184944617480264432286265762064539627730555059421458628634157878742233692926379948048388
0.5 -0.1 0 2 0.0030268744666434545 94767256670005653607888113151875346887615889030241169008516153896117632018708097079720145685121421124698869209545808598486102968204339485267307885396699895837011595378591775267566583880287605332891539847737992081167229250961408
0.5 -0.1 0 3 0.005747892047812829 116054220500002237763795007478131109311119648801447453602703992846258177296555129445870200135656183329481503957743139973678316744229446393266074585029146726693451709568295877889159467732965979344800641137089140056150558154686505
0.5 -0.1 0 4 0.0023426755082854227 29889818427800226553102590373799345272537531538580890494221859911381719834672051719230353855712261513851860099689560253562189181231828085931942156338985276983455269868492307595683698981967869205998287595468090451487510292078593

=== beta=-0.1, alphasc=1.0 ===
1.0 -0.1 0 0 0.0007307597400266387 213298813659723674276025230043540190300638408882547238556302026500724929670597550609766198853785863220363305250766183545070915403421607024053904160650754254345845696086924181474920308076607782877981046720622563334344530387271680
1.0 -0.1 0 1 0.0005299269950426794 48171514763708564158929241366593071834183405418028390003504148481321621332539048141841736869926678838848027717914909982389218974687219948147470869866992110568540676570411745041319975235598322029482667680455683684251168509886724
1.0 -0.1 0 2 0.0003832259968478365 15976487460671899078348600195844820245810357837360654276047187952767613781347777658861668397984743409044374394506301160261063545888885397113470565840244125523057699118050013319669928734690098960267044566299801646093395118785536
1.0 -0.1 0 3 0.0008206820238164374 20741072907130210107225131747135820534622683429392786869349614758658090833214055557229686563589501693860390168163977889101328779354292139085905739349823647024547370519712777067503514536064501818092027922860107309736805972068416
1.0 -0.1 0 4 0.000989957198904939 27483758537740004535700864839504992743114384259315329361372423150065838978932843681392846634520321658251739471244140988043201882362794964416225467695401488267970026763322720844872600440536477054517564109297686996317696200811276

=== beta=-0.1, alphasc=1.5 ===
1.5 -0.1 0 0 0.0004253872186665698 278471456602544613661954368498412524515018029336333341037529048726993778125939900995436606900435296825476773097281083179669677301232707665357317361864297373315258211419572489872234584459503257772770340346959381541345678115996448
1.5 -0.1 0 1 0.0005094972065637049 795246831567718046230622923532632908967366664543463783406922215085337719689129138857337982454611742904920075299300919305837229930395506655136132823649874837361489569920405307728981960404414206121939844063851856619336695858180
1.5 -0.1 0 2 0.000361797324851285 15550717337876444990457802637789887505021697382240597227427688618753709936815230264488220000379020219927571073805407368665138764512325828069771364002192463111928859309103151236376903531625914422425686430051222275029293366348816
1.5 -0.1 0 3 0.0004468108976034408 2977956607628099260906682083774151238738617991439222584777854550943207702821938261252393126514380085561375849344213933217379913322167081510482731898585023495193791987880690775041700804141560997335747805179612716100074145319008
1.5 -0.1 0 4 0.00025822837795813104 14991231526151961003594607679396425509337810518716891960872025161788052971751510794003020256868254518661357995687267808754492237504243871798099010917240563618847086601300936548959716125849628373454350214062343893303400782401794

=== beta=-0.1, alphasc=2.0 ===
2.0 -0.1 0 0 0.0004037090118557385 23716298037812249521461550687748724635573329205490767713312288552967752521413857629573278142933961524235862619643005261760059177357437870331907144283404997630208597173515942948387009661679620568862746809787929382921560244928544
2.0 -0.1 0 1 0.0005091149613208919 24476123840158436404900627388562491645761727670371382049084524940159766255352080329390901432427431774495007350305776004668499998386507472438869310144684823022529625128010331662582055381205125314114791081761484846871344487007500
2.0 -0.1 0 2 0.00031974326349103443 190356470204916295500207414598571747597514436366625670849183671406062653649068393554328621054594094799348348165709133240581384442627786038273988134664962969594814175942500052750975939986805669570231402682256377407614151655489024
2.0 -0.1 0 3 0.0003513138799621604 3378492161277205151917365873477355305081641800792046989804660680282036579069698304948991637180373066045292203030125185675872088579792242602209420221846734582943640149862146943538935004753629669087933294515125999669214956228673
2.0 -0.1 0 4 0.00026739589924150805 14436105201523266356143248461645925196202242966280324565055134870585368043515348229809063778969409158905174309861520037540812003581872626968712676546360535886842411480847138124720902657275311429955250164231222438886440939028899

=== beta=-0.1, alphasc=2.5 ===
2.5 -0.1 0 0 0.0003191841201297122 269492497678904674786172242392427639046142540591312389329735299074811137895778881279126012733007189291925072131111429834530760026683692328307104153319418773012416123251994672669715706715044643036035924820583956120461267125456683
2.5 -0.1 0 1 0.0009342069900471841 226039773644508262651449863554152887597205733999564548126828822901404722347462060404854101217477599901250127472823834150192788088009770570820073554124550834128795945667948575444041014445033399219511078997669410757166179835004164
2.5 -0.1 0 2 0.00031156509619218966 17121320633478943413961931243814083183084359075220723029798447631529205645912858873779472473658754583895105517031496053796093082908277703285479895971183558459630420231223555639501411555683104773467383428597407133922737854957312
2.5 -0.1 0 3 0.00032727747423127323 10052631589907094567902663196845425435712448836452580913054821820944881555630268581061448789509383385285929942276664989272414334761808521200592601004957480260616402078909086309907226401544731229671957494778218449251522620688417
2.5 -0.1 0 4 0.00023971855971004102 195068888465763264280998631863774504661844874024108966806069567733577882519566894789033324403082808477828009228576227276242135021878779147203075735985337667610087086564167835832786362921491899147413252969556506516350338196570498

=== beta=-0.1, alphasc=3.0 ===
3.0 -0.1 0 0 0.0003808702310695991 268382005024820326331075038026742802149171590504146549652747131276295749626229153394819738605160994904163108491878512537789620892775740671279058786531074789930166898126290515195805226413873538205144609491934758531665095809040928
3.0 -0.1 0 1 0.000476136037723841 71115000128649389396028342357641231850740336880026892172659786865518502050530665184218105609603919188615148614956173802652613745718006246721943036414942244352829735849500292782846667219431989581752992196474950251486804785579264
3.0 -0.1 0 2 0.0008250426401042401 64693813285419766471411524327669898865177983202908726506005661867222408186495941808263677849113361845470460366660620894729276125594301489804770072263337097361490647010743079490980261862450510288558804233641163178285002520284944
3.0 -0.1 0 3 0.00037378429551549635 27761956409018137101153684029984929059041742045183460884565781040117832988894890646292399789977240833943933857111998722070107344154466418475444225643933468610267049520209672869481758539997127680134149030791954653798641143202064
3.0 -0.1 0 4 0.00026008622518642076 52191676745729776515073486323281522204670528069294636770126355670223503908525550305986022798419190839594023910554410590819295126807886609939218248444147391258989752282207937533314030201558538287641475941184510530216414205444370

=== beta=0.0, alphasc=0.1 ===
0.1 0.0 0 0 0.06200531754336294 0
0.1 0.0 0 1 0.05698249248777618 1140610154405548804660292901425072831223307126812139982644798129474818791802169346626478202829342849944660577393398601884213007690044543756840694797938886457725264958975757481866791121828446208
0.1 0.0 0 2 0.06200531754336294 0
0.1 0.0 0 3 0.059115402001048 6135968474170062811786350401676042629723467188430438400
0.1 0.0 0 4 0.061387224358247346 431359146674410236714672241392314090778194310761239455508016469639168

=== beta=0.0, alphasc=0.5 ===
0.5 0.0 0 0 0.0013965034469068855 23701113809940906369888031879959582744696245364279948622285082470547109982391330435566490538271997226453821482431766389140632001413521446302762383739669132118843919319078690015387808211931271406541418813322616654868454773489664
0.5 0.0 0 1 0.0023917846151163243 22592111669666061030048592170079295908567255473665848240132900270564490286506932976329428460284168416415685191506509904387680513778194087321842412641472143111861477175921445284348188387939156178240032680728559885057327108
0.5 0.0 0 2 0.003279945144629726 344619390765356773862221026970217966391103274118301888106909366067076640387468297153852969967822878487842940619948502006460437309587797163448008953319790655812922096049613647401627668941562554921816641594097867202132542415586322
0.5 0.0 0 3 0.005903790835886067 116054226148030155180230001376348793720375375504155277305859042213062039021942790168267199947404025319941497899538870970246309900476040125022856480282252903667343922429888060854591708878230124330208330409903973128520367237759017
0.5 0.0 0 4 0.001440492102309229 29889818427800226553102590373799345272537531538580890494221859911381719834672051719230353855712272604530636582948998567218925762315644730812291357095294867372263189766401253674018759935928400580603820495218576584082884128940033

=== beta=0.0, alphasc=1.0 ===
1.0 0.0 0 0 0.00043520269126760326 219221200095763919938106245185267789045898447330021227766875843236929956394752076173310194848827282459724414276107063905120337825439133059701960597746953672830017840361502318190778613557959193553514337848406135669605478011244544
1.0 0.0 0 1 0.000466130817542659 48171876237495280125482125819115593722883500278073871036275954641355040186642246996076762260933753923907506122846003175493925684402853031487518959218558618425172907955000325014324218046752552317813117156704709619194210945697028
1.0 0.0 0 2 0.00035302154996641813 15930218815972423642878664378707110140376200420475300456116447451240881355486519517288020467306696980496691397627543141133903723054013435147300231469640245942535821927593991928793667988549416861250888064523041891927630388397056
1.0 0.0 0 3 0.0006004311168668211 20741072907130210107225131747131148595430238301488898309625377660341400167222633031860773470451172836089168482520195834387126228336713407933071502527282644525097700951109107867765139739530089466971877850398974981921526274607168
1.0 0.0 0 4 0.0006906341281751927 27483758537740004535700864839504992707470316934141929215738269980532313003204495568929657736423374495319206813901062972598998163031869274708067034484371250859408992773844383424234218317136973647295133396081594828316307755377420

=== beta=0.0, alphasc=1.5 ===
1.5 0.0 0 0 0.0005042387606759065 278376072707075285236535909243734964781202333302233252523230165518325438600875951710368016740707347834750167215517884101992305242268682994436056829760396279036420392474860534298709518542106133524637333953022465127578724061938464
1.5 0.0 0 1 0.0005273281360361349 190308719229551796521631160363471447242186452001927440878865308363605153197144291126753794742977390951637118727940292720990025080803369298816183841656399399640933795902163127166008184564265092317429574527817745423326033192995972
1.5 0.0 0 2 0.00030084125507526266 15550728633932269303066096185582984404154582286856321700142957747720172155695630119060729661958769686585388442902116821469095219445149284702671386238489679294228062476180564115603130744572156294617420887979061319141673715141648
1.5 0.0 0 3 0.0003317817569490507 2977956607628099260906682083774151238738617858654724380706861878868182520144734582678429099379693691378531528164807478365147006980647273780778587294528238064181782711576864842317279013339882291340971337020891745457145913542752
1.5 0.0 0 4 0.00036899946224331037 38682217870434970745055643729841451388491404095140813688150088984274699163115019817586017166136054275462316572801141573413600016150876415307631634519220305434088832137375754932561934026587573413688205341078923175858013284372738

=== beta=0.0, alphasc=2.0 ===
2.0 0.0 0 0 0.000361693407275151 266623791095580013757146086369333866482816231948546978640501070943330508360651360025699227991133765165610368027174405684886548708602934706799801133883229006607631823411554770230589140565785558188531531937901754487582564057907489
2.0 0.0 0 1 0.00039120679443071024 213257968682745374874490921550301436547898133420855919048803707861229386587500765894260631388150854816304731532095716125652779207707119349385623525348414759785681245516308675555256352613389464891777469446993706145094072558748941
2.0 0.0 0 2 0.00040050474849379997 1583291552404246059623100848417765413566320161620075709666780916362791609476741107002514879809509748206133468762780343960573473631403764051723075481360511023798555067344308189036924665602528081602876126871440353511256467762688
2.0 0.0 0 3 0.00037672894968848904 3332234867812053831483740293342036809521466363271682054132451096046058394158003897601814251799481557431924247128467393931544954435721589260261155351119972075846331930997373432809193634101730861459598428783026161892417426493473
2.0 0.0 0 4 0.0003236342507361564 14436105201523266330458990937195985383798612119245336107625757257514444123698165362771662708508470845674977303408048934225856799682897023513041498910421342077226128624270573955116619050769663563929598021343172821459335794135459

=== beta=0.0, alphasc=2.5 ===
2.5 0.0 0 0 0.0003344095683855754 266623887642231198033578208355856370080416796991623891372589132389846918038388576756972868823179308934179533155637034348055519182066741297779134718888865123578532117342922995739834344441081267339335044896150946321400494053955617
2.5 0.0 0 1 0.0005522202842518257 220059556634210053694376436359601703261987647556847599958210821699377170637158902637489063008491544321421197307418622375986855811851942180918285451939710856526766109805888998779384396197839492153714726222869132636991432654652692
2.5 0.0 0 2 0.00030392859843073966 206643111429331024849910132009433192903901102021080283439942721427305990142258991662451799910056347792438188320694910643049861234923455145872013211038448547478734910433632365316983738904111145215894623116142157038202717536043777
2.5 0.0 0 3 0.00036101670076650784 10052631236908042590349068694269828464869415952196903841174921873062385124543797237063125235467448643326067977430974939319550535972349401497575329311417258144348988737963167783556698229929597021723540006642854725962754483816489
2.5 0.0 0 4 0.0002550502137132479 1858257676488118041530577450172443952654611901860689865981507780279923080831589812119656475422079390250467622679821307159429439641755747896252217824174535025543990932350243438830861780411334012533517169043271156599757559835008

=== beta=0.0, alphasc=3.0 ===
3.0 0.0 0 0 0.0003872222253874991 268381688729396654972094911975992477830700193894650752236642276298528418633945229102107809035232209718243850795633645335632704866183227190242302002599050536814548348460097969299335748099364955796211791262249903941918182420512801
3.0 0.0 0 1 0.0006332284383108269 12631349887007669336542993728459854850252418783784625270823932705242055208003866586545570185817144155465971623796157773046621600606651592377523294538960975077598657660544996874818708558028046575139150368361554665739459932784388
3.0 0.0 0 2 0.0009211145396557974 61732608766862341261701881184875624987209721224466898037912066029367801636588375229453245382923533966977523354752185475316104829865843304060734062110892216501719700473526798258302298047440626667500321278748347860619050403811072
3.0 0.0 0 3 0.0004369881984015164 27021665109735480928068150457651940686542404714810666785928735972963389900266152943035573537425662698526814267933555406631211659885341745875348615119629095751855911167960355181294344146665256243813703352521196075704521834184705
3.0 0.0 0 4 0.0002996779225321493 191367765517049429682413665933035508411288440289019780367064227878029032210868315183769113423515496799744253454087987881428470018759719571008372810592353473973380663506276514945677155005414129440420606943418033259877474557231522

=== beta=0.1, alphasc=0.1 ===
0.1 0.1 0 0 0.06200531754336294 0
0.1 0.1 0 1 0.05698249248777618 1140610154405548804660292901425072831223307126812139982644798129474818791802169346626478202829342849944660577393398601884213007690044543756840694797938886457725264958975757481866791121828446208
0.1 0.1 0 2 0.06200531754336294 0
0.1 0.1 0 3 0.059115402001048 6135968474170062811786350401676042629723467188430438400
0.1 0.1 0 4 0.061387224358247346 431359146674410236714672241392314090778194310761239455508016469639168

=== beta=0.1, alphasc=0.5 ===
0.5 0.1 0 0 0.001345324186356189 23701113809943599559469624647195290202804414640503510687532434274630225053670397052188239558952802515896570095354378768575574041494918633793360564934659667789517504353565085812605259096225142229822872373432999402058252747407360
0.5 0.1 0 1 0.0027190794652074877 22592111669666061030048592170079295908567255473665848269616981714482782100894078140300279170572615450919126038195328057233772553313370809170108785963509304210969617119925572192364354681087272564693275321461425343351029764
0.5 0.1 0 2 0.0032349096268002387 344619390765356773862221026970217966391103274118301888106909366067076640387468297153852969967822878487842940619948501856153712012062470578521250758802220903769238965917141922135005490880184947586876259917361970576935548371747858
0.5 0.1 0 3 0.005332622757319229 163433318320293001101524541429525751583439523975734149420931384452289974787739639105708985826606348329412158477933631723825143622117130194621214868894545678112549561250419919854280251938948510358053314331179340807016506475937833
0.5 0.1 0 4 0.0014690183251713917 29889818427800226553102590373799345272537531671365388698413634583328880093334888913347579436701655218504701421219696869121910889845086539052463987285723170323499357888053997023843480275987568666701228512284987507810411791785985

=== beta=0.1, alphasc=1.0 ===
1.0 0.1 0 0 0.0004773922371217013 219221200095763919938126938068371713664152587229622755257582639293497845826531490987050769059434922932298386649983663125764886967240134716654892063180509853866476786394105701710448016574860030431211914152177440448247889878061056
1.0 0.1 0 1 0.0004940720292190633 48171514763708565473642477142119643390894889522764041797799517254668186837139195999065042931979464754306556467397472048501012016743613592581788665489471044186726132702923089534812465953985582191442045456309830493303650274345220
1.0 0.1 0 2 0.00039752085599054494 15976487460671899078348678577977790763289349135751574910337172503890445714015666116840745081685190965103746548531414414943804911450306559194823158001009435003702062654536333152281115633386924478399016665218744812935809906508800
1.0 0.1 0 3 0.0005230321762162548 20741072896098905581021157149673692178340656502449326667795267091805212230635507114571252877951227932012295021987939202093351768994073103828797047687936686628805559450142538535899091025023717918626373692484670470040281734465600
1.0 0.1 0 4 0.0003110359989141229 27483758537739988590913913270997871882269616398501621102813951481166716248242169260273246530722299636945865685413005979619473084568263909045337775347239153350820221546356274873794425424756504975884472033869771785746029965746956

=== beta=0.1, alphasc=1.5 ===
1.5 0.1 0 0 0.0005764597032235522 278471501786767869160017132192110693359582446343479051483403220339723689913411195097598730789411471431931042089434097399953306893567567328990396673893701304841064294759402117199065631599331557333216191629954620705320497001267488
1.5 0.1 0 1 0.0004651505158346073 213214684927055353389789453028778185079474861569217163231211326248713702988398301508376588282457845691279468654031207812170074276050893092121228064403357838615939433642734161007346916969970844665764607662259709225468088084381956
1.5 0.1 0 2 0.00037326603439125474 15550717337876434490733366214204800614875837221704151875133109391734761535426906112427976665561373799371611169792936507615721571676228773710852139556248557989548266002636747864453289275679789293461266546388546510643978325240848
1.5 0.1 0 3 0.0003969266252854913 16763346867057682663738051000364874040698915707148026781998953668721306856032385791501917716259037915561517243898574879607458809810109022786249475712902668700468661684663078105932711444388028368065375869740828513217399490656
1.5 0.1 0 4 0.0003488266417671299 28316595606730832964425776044878200472482725183364459002986793510579302697984573318444363985307909849114472562873372531354270362172012545509544896330740728584591250573762443751933805912896760847769503780016101638977675264823562

=== beta=0.1, alphasc=2.0 ===
2.0 0.1 0 0 0.0002729776446560425 23712818808496617466602123795129585706306236897503700264403132606698294816146234704930190269399629349880974297207853705685579289638333460420897190460678921032434171833893360126863896580659639605601345062798577129879483990442528
2.0 0.1 0 1 0.0004914196120009361 77783376759992579853637141669291497304868296411441076887678562761385559809238905471365489743805146089467589039090019178999031848398575719614994074056875331593693583136712717120224357337759207181953979052229034078003244837700877
2.0 0.1 0 2 0.0005693799521218995 2323587749585383995980517628732897210188518837265008659217405128871263913450711623893995508509299961606429371788576502031982719181284035608518714454148004945724311243706162898468793381151392315943264065279283126747768833244672
2.0 0.1 0 3 0.000625259054849271 2962085698818271944151803037002817055936971593203462487419649966131280607404193865097684876690110514892554892810450028438704407648823897899846721276355096668855140540225802411757333179969468589308820020476300349752858890993761
2.0 0.1 0 4 0.0002571671918083721 13695807768836021484940910648310035603559988775966211732336981214070887352572975810502642786343514351367198254962258512126741368246239182273422354801495913517032091481547548792069305407853473483798352279699014734191790045270435

=== beta=0.1, alphasc=2.5 ===
2.5 0.1 0 0 0.0003442124696012465 268011850216438780527026405014535388148826667653755915668885199951626061819236647178271734536335981727331096276578570793347875733601010297832857033678641758788298480479137358346287439964013515149103887683021909826953781698399008
2.5 0.1 0 1 0.00046966025930354527 213213153192155786641619041905214793422134278178148666103861798194251698273043212342710726400907807317017675663518969078569228834597395976462803727079691122475222785867335729214968823764207004559147726918177175960612042497920269
2.5 0.1 0 2 0.00029886608212433734 61729728236772750401748994750538859204988316988594422593830186453018755610677816030722963888092674968336017714826615383325000961928861254074078250383160987139929852308622261522118628319984502613858140291905160536324598789850881
2.5 0.1 0 3 0.0003308316265670097 9505000215108705713755268927194870905026012056521382705455459412796111799716663723649815811929533210070674159121848567069032066730702043679555304178027794480449553016410127500350052510459398357456260104510845924768331862116617
2.5 0.1 0 4 0.0002167792183781519 1851028730256442344718463492879518759769691072981570368888989905858605240021509319934589915098237629713936460574490491952937643998936887855125499153404157977837054541806518492704946490960942401043420986588491887183181293562130

=== beta=0.1, alphasc=3.0 ===
3.0 0.1 0 0 0.00039834784331358055 262620881001901195267301610189261267238671891903742170705340169831670058529757773591270225444181776071704470273220689441399769153279648772940234339681350809175676180308568600159616354117960487019883302323466979929809648949953056
3.0 0.1 0 1 0.0004358488424134716 201362682253796231681662066223628979550178711453225706363834262702609305903832103685303333147357283693035126913568386882090237683549915108673829583000056210262852444365045995345606007103938795630596899873908501117649747188385028
3.0 0.1 0 2 0.0011769535992424336 40911627539038661755276241536353416100439149355186572628640224144181696113352820667658574071356309330887548885525542483903950595245094831367313587866818154826532884396819075562650842587729395850141956286402414602240360622870272
3.0 0.1 0 3 0.0007475878832165949 3332116245094306085338472256286486922078437281223348689773199323715201987088026070015507664792356890410517170697309253726238932467501331118834111136076335921898688135946738165854495854714078932036483407934158630232689601498408
3.0 0.1 0 4 0.0003586371054655712 195120940867550836604749829684964670859559212550615125779445672279204969425335063670630120185137651898639228986820731922139909701563374204738717636708727207105882317691468717202911073121711378434878099831695226648937058380546834

=== beta=0.2, alphasc=0.1 ===
0.1 0.2 0 0 0.06200531754336294 0
0.1 0.2 0 1 0.05698249248777618 1140610154405548804660292901425072831223307126812139982644798129474818791802169346626478202829342849944660577393398601884213007690044543756840694797938886457725264958975757481866791121828446208
0.1 0.2 0 2 0.06200531754336294 0
0.1 0.2 0 3 0.059115402001048 6135968474170062811786350401676042629723467188430438400
0.1 0.2 0 4 0.061387224358247346 431359146674410236714672241392314090778194310761239455508016469639168

=== beta=0.2, alphasc=0.5 ===
0.5 0.2 0 0 0.0012942527172757478 23701113809943599559469624647195290202804414640503510687532434274630225053670397053749113834110798631587368710250961921449873112827404209222939044747345537199400314413718137344351244676138607790526183821156987241983870377263104
0.5 0.2 0 1 0.0027190794652074877 22592111669666061030048592170079295908567255473665848269616981714482782100894078140300279170572615450919126038195328057233772553313370809170108785963509304210969617119925572192364354681087272564693275321461425343351029764
0.5 0.2 0 2 0.0032349096268002387 344619390765356773862221026970217966391103274118301888106909366067076640387468297153852969967822878487842940619948501856153712012062470578521250758802220903769238965917141922135005490880184947586876259917361970576935548371747858
0.5 0.2 0 3 0.005332622757319229 163433318320293001101524541429525751583439523975734149420931384452289974787739639105708985826606348329412158477933631723825143622117130194621214868894545678112549561250419919854280251938948510358053314331179340807016506475937833
0.5 0.2 0 4 0.0012808560711955969 29889818427800226553102590373799345272537531671365388698413634583328880093334888913347579436701655218504701421219696869121910889845086539052471757961292073239783034912929012438867028825860547075578667024409863806591028024320001

=== beta=0.2, alphasc=1.0 ===
1.0 0.2 0 0 0.0003939237622271764 231065973139519750728461916589068956520572731468180854289785342428277068758204942688148508568230761255338857784104033277929416901869550917935786136885289292889769167988593663819461234290750974675694278336624024785575266375172096
1.0 0.2 0 1 0.000685121906831346 71861060849839988434370010472860588338073518668075592159667032460616976438653613263792812300022090329072321728957982218358807417522257188435040360588085389243366696811672826803664194183211190611366098606964640028589407591842052
1.0 0.2 0 2 0.0003831269888100528 15930218815972423642878821142973051175334182884472643516640104358072235238006514319308010823745314056744407419928755772128535754647843920234917654049187109590197751714709664126800932780224788964503442365219780678838749873570816
1.0 0.2 0 3 0.0007000038908930395 20741072896098906217990738977797046570804275132464907261780784099317277046867151372987577668377736891156981442004540710784417436940841293577153404705270864628653839272597219574052497595542285383872065393766294582866690128758848
1.0 0.2 0 4 0.0003130980982003479 27483758537739988590913913270997871882269616400576378887254447960422920180087749786221711410577141413755549879541495292775316320497438245311145700974847493138414206365499219481170321015734755505056026566622547444223198148961036

=== beta=0.2, alphasc=1.5 ===
1.5 0.2 0 0 0.00042891585151926676 278468564812231957656721336626233751105582079580878365828505880379269770527757983999317710200000903379459395346575518655706265489243530432088963278555994324872637469967513328476776298039143001054239844034394311666913747126190369
1.5 0.2 0 1 0.0005275596383184431 261331180800202478017777717453859656687542917101186168330305278155401698976183669147944189123062065654458097530471430730732128139293020853471270518419815023968587155206900064628554590678166593630482629987787457848181367750347012
1.5 0.2 0 2 0.0002857928654931998 15551078811835513275794912805613908430257555490882428391005002928556455199523503675486451699178925584950317791454609748143498773329771539888546426894569486008581578512199057635860998110797125201931993920329099877953644659780624
1.5 0.2 0 3 0.0005474021091711773 6309299025990330609610852964916739462772463289026881613878084757817009580328344922765356372672010975285530596156071869912758548068000869188196251378747098906375815023063603314462214998773772590289753059466761989468773445273713
1.5 0.2 0 4 0.0003543863667010172 37213194049254564400682472924179470277556233111250002857959142780654534967531419991946699667026515261448495424735428746925467794886809368229566774389624463914452108895902101273625758571787322077066251203294419766683461143008002

=== beta=0.2, alphasc=2.0 ===
2.0 0.2 0 0 0.0002929695019896038 225073870172123945648572630825424243906420470839213865625081990070367956032507299349134873908137264263833338621771451030827595748316106680693269290084450291846551466685972543993127716216438168594412026397377129484647951931310624
2.0 0.2 0 1 0.0004640446442719276 30415851925750225175219273933642607515888128152369230319435311475649489572634861229800628630036023228263862618056198980126267425355729426176849230804582724874095209549728186866855434569547335849693404505164512360553456660450573
2.0 0.2 0 2 0.0003001377970703996 2323951335866915416041476794040346234977730470963152918153740472521064398884849099671936213356550139687465150458965220273904968972229194211897027128119056472483602571654807763476366030619447799869846558327938073717794679876096
2.0 0.2 0 3 0.00042223564856076675 3014476773035165429845065942965034679744911402014861525014610007203522751128224791563419078226724722808752407822050142118915873315876153501778924096084847574528185669101637182980748088245329034095250232768351089446076056342536
2.0 0.2 0 4 0.00025854604223333186 52931618512602084789622580552645808054281396333506282710359831024027182630487228786426282314009016821038711027864626089357185021103510220744086878653002816958070028740160664870910545253063617136364686884161960742860441048326561

=== beta=0.2, alphasc=2.5 ===
2.5 0.2 0 0 0.00027705882081174827 268012211698671350610467922071881596325782948499153705558075528411277008139146298577652125734846519941229547643890052614459400837560960505497464086792274001806923791691997055015212573541355521674414038260473386456332427650435104
2.5 0.2 0 1 0.0018849875402912534 214102463510283899036845008427534536585471517836353938827661657601386738024399661180792027677358317802889809389515724616753335119116268718946566924414526086948066489217096486901001483214161106271082777045646602740366021015192836
2.5 0.2 0 2 0.0002812768857443641 14067240612965761921391055220296214063845387931985370099256377216448605369359645570488478480400423740259817723321359354308724782237094831124607735117309055533662400036839963770916976778536087340348929903597374186787076225910016
2.5 0.2 0 3 0.00042004615730867524 9312334333724761489548482248334691295336366006736394227739468152080357472423280867998783418902259679728187123389192214907014946376179616721345455072859383283092515596214828693884678743696115777232647417404600900897869192560921
2.5 0.2 0 4 0.0002777504846142241 1852474625403300890434385008415064191067238120294167609486937383533224128058465114996388772932684031343437308254566369524963502309043804296077297257361107252228624905042269369695276826081963634166032822151948297082031510135202

=== beta=0.2, alphasc=3.0 ===
3.0 0.2 0 0 0.00035397925181794576 263292996318181052551314271626610645294954283409896276959621836397218930781182165595273587682809156132084426672705565726851040495712403175565541650906790453916287219071126708382461567874005401883201068603047473040903935977849632
3.0 0.2 0 1 0.0005542958798087958 189522245484205158232433543071741635487919173395106827758128104040640885233793676467075062385270878374419869190322517824346259635951530381005315386668788318518858398113992723322146900958922047945908477753337105126302887954679053
3.0 0.2 0 2 0.0006196967733015303 23049501877744658788167648128731496628825563164412607559935883335721393160857317780278285130714777252818803396758878856224870530126598008687275579520351558717240294089134860565947570910893875898030871672574519816627522041613832
3.0 0.2 0 3 0.00045912703055985075 3381278411142510224625435530835582285883725527374874177953995094285011123566723159162038258607482150515340598266080677953871199887311173841258506755560154870129430415294060749698050462272564525306796908978682056519916946806024
3.0 0.2 0 4 0.0003402822965816044 5604625217022387677202420723333459819958745728302107297599312052817498478268958402851585070885598228768765783204394278083113186758740596905650846486485715812192564131139121618426261501146871287208584944408753482802195304022803
