
=== beta=-0.1, alphasc=0.1 ===
0.1 -0.1 0 0 4.104362366782457e-05 290393991712770036406052332038379622573673030992546474416239607202718481108406035652688220569164782658600974226742645439032646077845754901536933658398617399549607715240994088634677095115404995373837625245595592331115614902943744
0.1 -0.1 0 1 3.7265150273504574e-05 4580551560001299082818452046658792921441226032865827415678682937252195041920
0.1 -0.1 0 2 2.9469488588293903e-05 3852086462586739321996742767172473602676659245880107271040195105736178178576
0.1 -0.1 0 3 3.484165906290632e-05 135771269648946714656699940031335171418820492454885950315591490860278760464
0.1 -0.1 0 4 4.4092495599170614e-05 4650900971111354586816700838731048327031770558977896070406625678166634661000

=== beta=-0.1, alphasc=0.5 ===
0.5 -0.1 0 0 0.00011667172908705731 284552164903152846466659250649155243748879790571423367397811363116195863330247472237545984007376505362936282572422626643582096907906897482341932340598132102468583389803180370705040939247348846291289118745011786015471897208160256
0.5 -0.1 0 1 3.216162332725801e-05 740298316581293120380598726505210965839735602400689502448245159922794029182629451638078915796971002699120886698650702809826300818796483921907294177128762956725440712231909848032712123201230589071252966416894596869520050131136
0.5 -0.1 0 2 7.54758744665605e-05 94758195640581697631170135437153106894674005304234425284252432125248488870931828975068489265653066296523520583611556901536801550781792719296392754603435933870387383935460910886189066757919653448548521530987201685535483074969600
0.5 -0.1 0 3 6.993526928220434e-05 213205915503259678134095704814173981102165601471545231611667768588464981924733750019155162839183320685793615242337512416444440627422827873568947852938048415187530855993467348540389222751966522345841179602459473041001615605104641
0.5 -0.1 0 4 9.503711957048399e-05 374500963367413171251902807346450138978306581543302609812680275972823067333640218011334198386494321563285228088320245533157034189185531357891208612978141721466557334781693595119229432650550195123319473437822556902507612733589

=== beta=-0.1, alphasc=1.0 ===
1.0 -0.1 0 0 2.5629940249690452e-05 148529985621947888694148933254026269083593985385461740251908311918672100179743033378069411659079550718864195691813133194405606912691263720856049721509053364750352247300635656124022040481702010768549919850705205803392909407420416
1.0 -0.1 0 1 2.949121070631284e-05 30401459222434865434201726305712271491714810649515882488130865037826424312328082366915933756558267491207972091400354619067064308699772759041754766797213871146325301816156694291076747946849905464008111512649479548487029286257408
1.0 -0.1 0 2 3.797331773930311e-05 237226691933681973672903492388858510958641607000841805935691731852942542836550286561442872855309238072702357522695777066313048844954186730528135633188782546695771349743597072012819925831786545587640958920361472996192134653280256
1.0 -0.1 0 3 3.271371183403353e-05 740298320707343392957165907669547201172518411488852029197525306149994556934847098764842253873393661225472865199085707522790555774970895654477149624430807528974330908914634503515611229214797973116815834509844078842149667356752
1.0 -0.1 0 4 3.232953498260449e-05 189750604066875527474503478825251381830755867414511584929711031262202509185575302029356831606049124252542588620142178852569317511267665695257761245914824193198312584838236155258072763824176473513731053237393873677655948115836944

=== beta=-0.1, alphasc=1.5 ===
1.5 -0.1 0 0 4.1688916824460465e-05 35907055801002192387688687810843132479948234408407818136923890181030159708617967237712306631199545616013202636047927067859126930533694667100619214043363039081841764932453085371692673292772110463983131029257470601001845305507840
1.5 -0.1 0 1 3.8648096580184185e-05 189519264009363227842698216977811713695316928049728194087611292059605058976676193945169929372574473219118619371431792623318736194977531746208107003979523099553458577661402598497242949805724037249517177090938310969289513570961556
1.5 -0.1 0 2 3.721091975646697e-05 6669283597622470689743612477202504210306811291547503502831538025894127227128206510432997867610687851424534500536408859040727926281645486683917886515233042562068193063062772742760166625439998181757775880352056484447315871190032
1.5 -0.1 0 3 3.8034277725425965e-05 45184223424192266214575186776697452295425662681664909250468811990894149768677289733334193746178716806020781480336996212409609730283048504459126856453654379397764109217209025136216417343223767629737843687135645168580970498
1.5 -0.1 0 4 2.8871940303131116e-05 189516372925244983078570362478618736738988801046472307625020799162675137294694376243256967516542649677110839891549631368404554024422942214622138374883944452977508589092981321099271950734751811703814388948239596782693118759969026

=== beta=-0.1, alphasc=2.0 ===
2.0 -0.1 0 0 6.16084333655247e-05 581611412151676279853894436528607683243658020661596232301812804672721346672162041278125881040117495084466820419801289823523148835158428842811632248144678997928035416766249103519993110118994992810497343781568407948559992750112
2.0 -0.1 0 1 5.168587410042915e-05 23735814736346561179491080821633594353168680894982769858829933901155242288503749876665050552401839433086189975819612932829248280140939256127549308512083634991055863070977695763292044136720187519535157893665149336615252385595392
2.0 -0.1 0 2 3.3342216034600284e-05 1445895319233260852178143634247035163796004446545645957019607905662028221986744289369045506661475997132288957059156661538767440057808016342622861628980256653726914816775130176619039689595931532441966629229943200842892240896
2.0 -0.1 0 3 4.5746879642134075e-05 50832251256912314277428928870784780889049656593398671418652705923205492054012884763229937698334916305300326823249364582807855138531674668058547241790486064699157118773249110399657499206917753309853864650513968998196969474
2.0 -0.1 0 4 4.7270256560139886e-05 25170504896304891237133286884901519205352907791777458286527505276541534917529420804639272223818455611386908892950615244302469459629324149050230344875806658796685297871499670264464786054988575520435264356735971155194331200225536

=== beta=-0.1, alphasc=2.5 ===
2.5 -0.1 0 0 5.523371717031296e-05 189517092012249392722657173845580927215663943674223596003622432851633483334418198301261336160254286198555465973384468204896244191808773824904007873329424724265903505476711316763308105458711997426032639008608158677102343086932000
2.5 -0.1 0 1 3.672023305690007e-05 189516378220098578487586950986851734546496988310828898664054335430575714784600361817439773601567595082622640526961044473497685582942965429303916974132473605658142851141842834093892315768303171664265395004323821606004509691150596
2.5 -0.1 0 2 5.715613166443107e-05 2221014613166332998587949012970232022347590993405690018475665016354065820923344478754158974551972607424017527533886000591234105728912410880179271919656509652594100184549328608172343424681955209079682389889411142761093153705472
2.5 -0.1 0 3 9.062062622554868e-05 12643630470225183242120385214905610917342106127243736716414835240574045376499089619501279199862520578871878913423758898438845353617257735370318194236139432484381636328655886006770879456999325878998369080309507909674898695462912
2.5 -0.1 0 4 4.0805707170727656e-05 6292546975538903973385890019762984114345791007550373793710258203864107486631165263869029398725161010102225230733771155827852584214415242179975679295843835531266542384501082128905575718881447974779833869634030463535770768510592

=== beta=-0.1, alphasc=3.0 ===
3.0 -0.1 0 0 7.586543231096028e-05 32669097203015534913515065933896743682201932669187154885235094936162723612862069842978843761751758837869950693979747655963933954700515316587129574756503180505668369801717376169809488052028297867551037746832719683895643598751744
3.0 -0.1 0 1 6.251117441683811e-05 23689546097164158269500919068751644848068456468450364186828187955198670762754527887383843486536172308970134618524888872433295365101985549739314735939250467227094884683983341559985999341718409767186341496623102425454518462842112
3.0 -0.1 0 2 6.656537405100535e-05 925372899505919089749770217418435600532898438981670259428201192594865598094151548964086935104854752880665367276751072248592505581643615423809384643117619255860686355476702664240350416323517652241114108450920946617389915834368
3.0 -0.1 0 3 6.432901422821751e-05 2972806008810071398669594495415882686474585183095276388925088519308869419860977665497245249179865901766844634394650890363816969202928621428715582921293809355285401734472508684127056308523897887341301740121933601269008648176672
3.0 -0.1 0 4 3.7366735579461065e-05 1853744890846346336101139476536378651756086003539488053229875081023262067246276980510322689564902958880505421272049398171229924949125082912297735269396019593102714792716579280069267035708938969109181805128065394288103337754880

=== beta=0.0, alphasc=0.1 ===
0.1 0.0 0 0 4.72743468420636e-05 3514776401986872174070733209129673327241950874289028716428629028794858111464359041493704232488243623030863780430175012677768782941909441697366467440550269155329
0.1 0.0 0 1 0.0001070098793170264 556939083093827194042632332862167895839382762606859441498410893504676408603371417355125431016941060786018791414603488172403258745223882913843608010854194894816674379305982499573267806192258
0.1 0.0 0 2 2.8325882866540824e-05 5549708917680070766273999929906464455512612857964775060454004648988639660706
0.1 0.0 0 3 4.164537511174027e-05 3851907565233780803806097617603256145161363840372478490434482464195757851549
0.1 0.0 0 4 3.18730381579375e-05 532175371708987464865542084191558675165926885168495373578231190546589609820152370369475441204551622430077994724425087356911046374010846548722921025948553640861962521262296354762460762

=== beta=0.0, alphasc=0.5 ===
0.5 0.0 0 0 2.0533377557798568e-05 94943981871069387021530820926257030299233319923534876223495729994079346220555805395218186426471111685841726956896027536086199276583469851046509559866658666140534801140159401433924683890373763275990871564065360014568039588560896
0.5 0.0 0 1 2.862751923326677e-05 1389727905189404831707151603633789474083322036567549336314422111181101347711668246978581699146931374180754569528863937349031717839464639643748023732079267813528936986926866106393921551398630796746543787573988462467136
0.5 0.0 0 2 2.644291996798489e-05 2270055380741050983525434779731170715692833148078278836110230888144806707205378585233783498880727016697448196087012237624713310036732278239067420194783646854391504128795486941693400058801389773369069260416434721255963230748688
0.5 0.0 0 3 1.4778310306053208e-05 185075020061278989385751109500437484922717564810536460862155982978122478185248988249997365232012793566046105693607414048012664566145459393135567133310817791235846748188747534826883301146427441594500512002406565794248975712256
0.5 0.0 0 4 2.33136997919304e-05 1447307240020202733614281290522450620830739622323961120517326648189265430969217817652353993727715985502453150874215975303551543658176982422544555842648798637096189968916532028592805641491772557693116639665796361822115203092

=== beta=0.0, alphasc=1.0 ===
1.0 0.0 0 0 2.6690727721055674e-05 12307883182001180570365033451366689685428248937685965315334178101271933309562862145897435729182446238050501439952720922387271489297379800968931493826563524212305862827180401528738117058858976209858820345581511592550700609964032
1.0 0.0 0 1 3.313442900726849e-05 190306211593559056466942999868720113458152559853253550197588458475657738271402564607867098088186527413428276551555333145003974713729747185489563904041643657875913288658796529467675036675405465441692566678712684284294851679273216
1.0 0.0 0 2 3.121951908453698e-05 1342182265064702323769627782989219751772997680958856139624523165284683964068695567727330280352112280607696237383330057906198526284632790970331703474350800671058482873464038518966198685440855773944567030055798892698501675747328
1.0 0.0 0 3 3.281822348307191e-05 1295522051585312193401187721699642324091947885271877438701946993464107905271917943765732710912570074580371095168684008477448296093385479747108222414658199770836198759412714509019988694234973129433726260699682813333747988973648
1.0 0.0 0 4 2.8705320896923522e-05 425274296165446316874244835637963295941808512178951782867462495180074488330882851627234308828488876179743237521090296172846683523003399642946250507633684183372866397380564535426565617830391343445624269860634129836022327199760

=== beta=0.0, alphasc=1.5 ===
1.5 0.0 0 0 2.618099198509503e-05 189936911769234507062851262552803976620327367234267141936533111017110773884107012119271480387677514282216746063867187669073054047777446637492691858928711813270556745593785002609908533250317713776385253598294323853378410134896640
1.5 0.0 0 1 2.6204430690116663e-05 49160523308691480785257164058287465889814480921931535332759193497974985163079586060900934460435495729713911108783628741028961250145020067574132454418279166806471775340161761575335599834254048229375831516925414971247818211456
1.5 0.0 0 2 3.617133916651904e-05 15972896648325335461120882366298179499742305179661105617305879523295726520745029909615281220670647240777255620128271813938964378274359080336515119346225351061997715247378534577333463281294179527777693793680386767201608231061520
1.5 0.0 0 3 2.719876307048516e-05 6108230732385028473184283691129977040693358764965419336433716487854524455786857380779918037166171880573598130492372858563039810283227846473243244286403703575457188379663009923705536433480243197799115503335840850495684363683858
1.5 0.0 0 4 3.053484452044872e-05 12214924318672026076499627995843716483268046141230263869996517039777735655543875136866994067732346382648408054581312323627015178578518529754181803162769334646040141137391879363794111793506001083793969320762000971819328813177090

=== beta=0.0, alphasc=2.0 ===
2.0 0.0 0 0 3.485328695281421e-05 24082880486799624908842044907908929440585907175725600015332591974678622781540179973898668902623693218560951895282264328305072140457194043998614134143090928633484148682442273309394710488511622182231482045850622991858737411522560
2.0 0.0 0 1 4.211076888450838e-05 46270062222191235402895599625356453634313443259704932796277453099236652537305369728367513397563515497460576280249301352593985601547554831264283685145430998615586100365404946045606549982870396171191913853922788021546151608340
2.0 0.0 0 2 3.520934191886879e-05 361562037151190230215171872465395694192357614680506621020580974021356078239355720796624207708193975220614018579639332096864278463712087258966047520281651089268769278553144937793184274385343769027525321718125646455483984128
2.0 0.0 0 3 3.4894230173398626e-05 12220751759726298938417906427722545361559341165720789240696854098437617602404937820200302740465987197822207885802057435940295466863154065199270030361469791623072718064839468143489057391113289757618473480100169773014830473545728
2.0 0.0 0 4 2.8524844087339192e-05 370161865658746585323777402583248748273517045282430806353761806089514191065821670712872951241000610710540058971886306877407039898666613970259903648114492273940611051388536123119603093268022073025630635463567233669653491351682

=== beta=0.0, alphasc=2.5 ===
2.5 0.0 0 0 4.285949069809187e-05 190696947730909923890150949249410874406400349478600399956785771555755473437576600385403081163421522489545118523600324063744703505551710240215215466855583574798257723255951824223543466970007442077703141754023672424665243094894624
2.5 0.0 0 1 3.404062923191241e-05 370246674329249171448537954587860931083737492260760837455241502885464704485820458967468236446932660793683810628040553056441149758808888663388339363454553074825373960949208214791153824491558891829295517547536366235478124415241
2.5 0.0 0 2 3.6183907902153627e-05 201413489508287277301602130730906509259179177494653902264256838194430565612724591559167048648649956513915741237602123478149214622086475113373973861629493899266383062320671210887981342062953211830650058609847091654826787517517314
2.5 0.0 0 3 3.8398566926643814e-05 799265276590938250701722261051529543400404225092588539103898457592167430023490051122307865280216742317788644300249537559114449513128876097270467086946789911481463691287865902604603122705928614052249194825673562045778357133312
2.5 0.0 0 4 4.062281390496112e-05 96609302946472563670293648878408988601820244524618777040113212774363576136134886916775293258169379122071584870983518299006517614097403669579917496719008559865962892307409736300971481560762319179585102692076584444524949695113344

=== beta=0.0, alphasc=3.0 ===
3.0 0.0 0 0 4.717163883390633e-05 214531445505958791261454816162219011738444183307458130992837059105100936741129666157139937749614397375710527560993574947438751825622636289262644786405325612681921437664362641777097364150299994143318114512815512514336346708377600