
=== beta=-0.1, alphasc=4.0 ===
4.0 -0.1 0 0 0.0003220141363418161 29635078607174360771563765654355866600337641912936985022590002402649879262514314038460300314955121567577045850987535874876456046428399821317703128665979409176229813874266144867771186137060852408400156434120353034212788379355938
4.0 -0.1 0 1 0.00034548496850911586 62931143195941857058706277350648872940388141060985455998963205252332286878441510057737562499982341831930143422262443136207149241690312109009962115801640596195181949084746654089997669555095536171366302233353429294681633588888840
4.0 -0.1 0 2 0.000304065517774016 61729642156743002960584124409696761863999237795924501098944758092100072225094280120227662180373951752036797746418307164994074398292539130783054876538568072519755055231670902884066648518587543269251055776202300054027330471906336
4.0 -0.1 0 3 0.0004254856652124421 104064733685871158005509993248724167716685789557546754629696090056218837602235077361481925422965283884774446920657451608583891731289512185654324757129797386275123241587901553991475673917892075234786110780318799530413496453365865
4.0 -0.1 0 4 0.0002757396068803999 159002390971684234183234922635707094919638977442756882038302372189254444965761485791557495634813182778568942356368524864026530006941541322133605898776002221842953807171392989575434707309397389625165176513803306712855535835719939

=== beta=-0.1, alphasc=5.0 ===
5.0 -0.1 0 0 0.00031263931580481375 77200733267479505636639112111473177262590157047475830953834075436025858251924380826911159866562931108757292893542491046998888796846681917183998146928169782115513575638214298160228397478615973114542378863747803716430136449728768
5.0 -0.1 0 1 0.0003210484106271897 260590971353211897277430011826510470308507678985625455811494838542221870992992925637420769430852481595918314998757997100618982410345162070138479760855967603518805249629365866968437977571546730683520521920573173519531090375163396
5.0 -0.1 0 2 0.00031502702193831955 60902979972839481425288667150254266778007076814197456215172429967503446322480495848070022636337597587580802203853935566574942371886484706192974923676622776227948694785032122463759633197845607042620044939398472888972227446853122
5.0 -0.1 0 3 0.0003877708125604982 8933516126872989743015532715890237593135053556592548444295903180843125246037380748740273010585850499211125617881539547414151674524904745672461384000262365515148183939142600843667343791498766152628996562891969246348101443129600
5.0 -0.1 0 4 0.00028918565470316957 96238788117681574375465799590779722340931436528729164091321243952738189194070239344319665819314161635402135655667091657029916234427779498550023701423901735073519225164268861192217443133942463043632299486154714206721073594312609

=== beta=-0.1, alphasc=6.0 ===
6.0 -0.1 0 0 0.00025676853030200824 101345964600051728835104147820620461037087751986233856096083407143588067715533616400983240445711458787871533040239504106661880030425647005088028153759945418310495979549557811129243009726132902093664755032884039498469576913453056
6.0 -0.1 0 1 0.00028884819473701435 193223757292052392947734364258862201878784814079668675322232659791555256146239814421009347726662558306021746463373443663730304521526998080847464846372855664240223806843419043414665313740016560505493779170606973055209023572902212
6.0 -0.1 0 2 0.00030550644288208917 253739073865095385857148682109596115233156252891182704363008573757112369786257224670687026702064032594635989009271015664383660177922630372070718734616154029031198036800903886000797262042106514086292944918031836741174298694651426
6.0 -0.1 0 3 0.0003107812940344643 74401201577610489140944677761769082673910576950775502092154101358081929834502377914805762970983388226909584154667158238048563481075731240314124923798328491463497466293378811341851975264181274190575678699865166220812370901550097
6.0 -0.1 0 4 0.00036654053084466407 219182073900832025612077469918378736488939626788439713226711229933176712278355117812345231592590431659430370454210115112884908477083827523402207360409171604350326384500378611656306630178741083116707016724156756833293343788124212

=== beta=-0.1, alphasc=7.0 ===
7.0 -0.1 0 0 0.00033791552876947227 29658207176873404469973148906021258114689776602818721479941825521766011666583388147726860007253472829959558274179287428598676014209841676597791509977899603624625590493522024890838796604946933349679916329245989893044237594920978
7.0 -0.1 0 1 0.00037837188417066703 356095057239101653541926534597296097762514051778613353656018003261433992576238757811649482269149846913930755891416458881789071755689513231286923132132617789299754524339825658342839065854038679362509436876692925350792372080383169
7.0 -0.1 0 2 0.00028384645520736587 58308729200954420407985404954125656205421775027023524985565029255795105746668552180373112928916495234530979419220570358814865278426152749614917111203901214280568312297912181493582487424195681179666243464444579247249392781770752
7.0 -0.1 0 3 0.00031950321318038107 27391173920786323154745038381287067461683929724540184077429655428507249831242573640747943278475893999100832484729897762094377579630089405738934962781026896114278185903775817392093057916174770502332536763131281921463796175012192
7.0 -0.1 0 4 0.000349317858711812 71070539733146119567033024285098535714702317168872943729976357483034476446007554758219682690060784052952562437107718819691053572654942401490940882366541785686564013801626374518959315986112215101435040388755109824847959883522069

=== beta=-0.1, alphasc=8.0 ===
8.0 -0.1 0 0 0.00037086138454359694 195438848447170957594693728921355632945306234302746632995459385413884636356152236107368662538118651722007385687101533906078449113770452409089294418611255448277497600575076815183834718924146933244488822393203422144582770818680768
8.0 -0.1 0 1 0.0003080286617488521 11589863601013250105054565107414297742681926357305094521641829437187534618511159540527320416669414812035963193161052955373592165870370555791429440594510637665659691275071525102004017464962702875172750655576679142309403099138
8.0 -0.1 0 2 0.00025798985315750344 135291002727724926172524912453409996543397027493048923498113654011785452238606822193264271035479940052643583517062410533420404453091301262339871627326553118142772725284134731074164301372076062885157793634334323090173036859524642
8.0 -0.1 0 3 0.00033139945107924857 1124957263427446353795866908547358599292333410171008162736326129627484267819874497903485803057692338806144481157816567532649832124207278163658610610441353669834309208885339841324141584802267353786937926566803483895588108369984
8.0 -0.1 0 4 0.00034804860507685293 199698547303048522453117642252980237915534971729599532037901677890885167336307770750240719848563922805207916776513938254865799576993752941700337708322100725060556616428936857089412787512203186086947423260001601762137981742743552

=== beta=-0.1, alphasc=9.0 ===
9.0 -0.1 0 0 0.00024351223640998993 302493108775262894435406247282802343535384981656479583524245719803085540087617542072165882030891318853446333915129727345262361244201742381035180824706977246606965967381713818792710949624695656195545984934401244478487594541285633
9.0 -0.1 0 1 0.000377103634783282 197486323487570299211775092305148312044020620290728220932025718491686794913874594707826979120230800320491631875980455538232119244969565971922600536210805827672765940457700821809635493959979892603760875024971146801371213751947339
9.0 -0.1 0 2 0.00037477532210064985 181374896411402236329443167906709396499132884655653460628713860498376753611593441833421573471912199918604490730539794833103332904245297091154664880101643916053515037220460281799234435118882722233360906338818957757794246156471296
9.0 -0.1 0 3 0.000262329171627839 3564991495474825737104530627798818327133703021972202340603239120940534164431850392610634227271486781959465151409548457185013575099026905954939047596159781959135360407638685609839469716961264145516874216198373635437458714068737
9.0 -0.1 0 4 0.0003352804186130878 124756804452384013361609755796357291910086001294594225432709408480462620009034616727175244725968143180814692864012316963692015294946682123363473239444999736889118107741474452654576773833032631335120597396573957115915542508613651

=== beta=-0.1, alphasc=10.0 ===
10.0 -0.1 0 0 0.0003708141238006371 23701204173531753706124573247916509779616815430853381850561217160754759129241535611531788923051458644241736034690614032178487802285822744996066531633289659753260513750997128247880085823907047510815650997312362001432213831338416
10.0 -0.1 0 1 0.00030454537907926904 293343208823780661967954847173529565798272754428204359423844274006043854444953901261382816224564316574276481364998805979555836216601964938150669827809512489541943791162276354021257557536858992641407021174598004944480678643270016
10.0 -0.1 0 2 0.00035256406934135816 107927776472895959713188270777171847868892725728210803793852062192585578013381513243169688189713468029273860941656016964084541452671154714901411164303194000178231383526404794318016322249782355660441421997148572492112955485209184
10.0 -0.1 0 3 0.0004694079705618024 9254598739644366448485845418995383314486314570995725257350177320643363493407401335525433103601428791293321194171673573782271948623919543400545158751689522415818548397039767728850603526653527102653530852140233172434630677692993
10.0 -0.1 0 4 0.000411521276759923 228396583817893328635087514843729188175170358767614911123744421809037660880854861724441890681006050254741760219626017927120924914482978551621054032271282414705200671237930353061351952079231489026363535238079735567126671921557522

=== beta=0.0, alphasc=4.0 ===
4.0 0.0 0 0 0.00014689448336939917 213577393800682097068387291863082964911746049071029459957165919070050941177163610905982103038097207165317889357476250340093690598141312466878279583282369138993771858444240913145269621891278247079443602831759337527943013579916034
4.0 0.0 0 1 0.00017544516132510517 422202557942881224992559335234163059123283522928553697910038366214659695457598013212412778856577386686887550639754714938028588797883808549852928452203400394470884477264395357126526357817617320438020375123275293629800033830664
4.0 0.0 0 2 0.0001285283129367298 204146338218170372378394332607689122055740957603581074183955089112898396662251745891554929610987380892256622878008955365860155123906753199334228601175209585842880631976536469530561628566414934293433659884096420843179239434144944
4.0 0.0 0 3 0.00019058238432350592 3517275587079387354089769673156751786767883849365557435963220079285226260182757482345741950544299398111108884568061902381099712195350536025072981514708943376894234883960703055309977352631868372533882510624485511742520578556280
4.0 0.0 0 4 0.00013499708134817896 49229930540637547807650684626201585243860716116780508760803366465459229677448977966837316605918054061508494510004437409239518459573568301315506307538792103146946912098510845108102358158926764309828378203036540076748910102645377

=== beta=0.0, alphasc=5.0 ===
5.0 0.0 0 0 0.00019629845949803906 237853008477332232452195936524978857579329142399217566337283301887286899701182168080179161131287389766823643147036193254680932420553900556752996669291355164973481862060731975518544489660193646053190678775867912949737102573076992
5.0 0.0 0 1 0.0002967560071808176 196179214495093387665051621317690681371449977994801855914580953210638647955557847797404767349251155631234429867702007601325546435508835806087244790080522060922617065194098472630750826012329943344424747440292495236917364831929369
5.0 0.0 0 2 0.00025537879449270964 17311743497428860566862565192292921991125754597023572989219661211005884051921179544444763748064218551574869956355206569304641933079083864289491921253143393089801627900945774190473522948091011555242475297627876175211431041452544
5.0 0.0 0 3 0.0002517774024712277 2964864524439227616431113286332701247179008011740392791845318796185875072324628409552879484196463007833212052362752851386357861120088026866370373048943968385388874508982443066082068486740509478953523289930353619608126850859024
5.0 0.0 0 4 0.000173349455040167 109614492951474114236589797175355305792016847917837786031217961446110194786945127067102327461819202685702596990790626926452477581882199895110749346122542938355198272007741540181952944360967367039937713643213633375405763626869091

=== beta=0.0, alphasc=6.0 ===
6.0 0.0 0 0 0.0001722648125283501 269930039220620127290519355263445788974481797218948500422395669409588599051667786293284242207219176343884978021713752105435957280586950859965889660732337566262126467774940483438211500356263958376750954403404326034405442849865728
6.0 0.0 0 1 0.0002439957074888871 226161138490514227252901749189001178878345309356965505140550007042453121929622363327885751208564895714140338593682942809588895429978872618337365094276117835010243218418960516860709902182631419874441495698992666276846953355056456
6.0 0.0 0 2 0.00027248550479866347 1765472303920066375342405373648912337899847162375722174612847459116800660403125598047760303100204218088842026632060383709592089717259054647970237856260481539434424839252712335360700515309523944799962432226716456480048658024466
6.0 0.0 0 3 0.0002376053539952894 33001880728943789888770738456452802171449793619749992067411839733215351377619388800048654035405694341024544472603730938553251169209266758139443612976720716086049693789274414984079426632523994958885101165451089412704902345394240
6.0 0.0 0 4 0.00018195540067360186 237229375735664978344573471105032132318784600792787552036099874077080071017734020654163855701779946318721783389312356014698735666164425411620884436790674272516722256923141913222646393795039806733863757385375771262185617636761630

=== beta=0.0, alphasc=7.0 ===
7.0 0.0 0 0 0.0002854640968215636 255105160893054095192264579669856339869602320812357077342739190278201228740109198199600068002354278684937507539832170469610270765908430592102237912080862148252710597663354738215259670297417202286071210841104306746542009270404354
7.0 0.0 0 1 0.00031847770469713626 24085738301835367277611236136932374879060480306885792039347810992579160663313111139504156385777877880115453347746834710047854087044594671604613252802199760771642155647618415523967708881948125194410293519881746054130641699673424
7.0 0.0 0 2 0.0002487804229464814 66911712750055528220778533094089510235035796199784473893392327448447082119682985146114679527627254078555135490170149984873630787072931156250146427752217782329105315472030678080264527367430634519241412010248886803290628568383538
7.0 0.0 0 3 0.00025155868607522645 222691032828847887601060940355095955842611841184235101328960342795197973588855664440441885636897262363097430732151212291167727886711895380526766230262145350422532597333430758645375447789649870658326162926836946371882854087983568
7.0 0.0 0 4 0.00018806691180678575 118633079118980884572804456351071328003505692154799779205255511095226882838295090803183242212716829540180260790044151514692077811164821667228466290341020813664883911453175633008086528308916314211403325842132992409315512036633652

=== beta=0.0, alphasc=8.0 ===
8.0 0.0 0 0 0.0003218269835239622 198414441669897382100411211830053513142695622986777339876384251387049655659970960146638041435170757101600002262445587443743440832318320985741328414037870877798605957312302656606212017509279372504676498728417005603924285969187477
8.0 0.0 0 1 0.00022541689133686774 1382761843973189967043129854641430192819285725855220081036827216164757048795365238724580331504686225368051759261703865111228029955139545471514331698138230562500093701666932637775623494948230206034426877457965984698038301012624
8.0 0.0 0 2 0.00025906077715120047 75789855687906324399676380829102042147855210345108350670459437310227659453097725256975459043006431533709823973819373279856472478149223760819875788601759091537711449570808813176593725615440750796498287803265480473003871449433088
8.0 0.0 0 3 0.00025221928649643105 10087654796626842049245516560875469288661506010985421778883073463552695839719010312293894948253578735519752618405921279155473041869970977295979940372480236696056896286874923151290644422120756471857050295577424711054089916586017
8.0 0.0 0 4 0.0001632111555560872 53488067650253034375698226477770080553141520968366997750755150339737194990031920102345237355700367902543201071684004400849301392903683364263755066767664400351219574365599842073760506705825268658882969540932165637545257307471873

=== beta=0.0, alphasc=9.0 ===
9.0 0.0 0 0 0.00021448189219082532 9705125553534080984060044065261594230161876393650887226710342539908030917054706304353689067061022222152379120723233993718599929625234963478685865280334672018241332975774119324048334437975892486198979237504635169474910437263616
9.0 0.0 0 1 0.00021820521893718282 193752795810839429181993638644558697731848942669106224468973443100320821144859423111171344608623510116632407754090110448257568126079084083596859827611617473917214764441952394465892688673411092070495403651835556461919603818752
9.0 0.0 0 2 0.00023268404400436765 3888070311752736435047901027144518382143585985059129832252296150860133244282713693996166473419556173400976208787477387800931387476958262062719723720693326895023807584864459210679251278658897181308114258329504021806862779124258
9.0 0.0 0 3 0.00034561674248772287 9255944740145513812433718976064227046783553716877035355201245728388545104099585411158873506228871089814733215584648091934747484332651689506614346789172135487075939618987540142152909411045463708979819191964033440060551773356672
9.0 0.0 0 4 0.00028896635639478704 560197729547558729706005482055592865427887123510935803918251178262890540292594906329402820751338103489574147543292778307824628477435019091981423265421680647314747524091258245845581522072341983944745813859323606689592551710720

=== beta=0.0, alphasc=10.0 ===
10.0 0.0 0 0 0.00030843035340302435 103180659139719218742337684547813136192582290478738648504151663412747682059848607342475200595328316711733501486151738508264169473805852309851957644971242432489145740104252412034693760450621367985683411758874359186667667939393556
10.0 0.0 0 1 0.0003365371926240842 11849122377596527157769383858850101788452453133015965108543211965660790384712400559459338645878600044249204594836468576095808657136980903220993217855681260763251529639451201466146928781560535698254492003932270500093428682509456
10.0 0.0 0 2 0.00027134932964467505 294102682441535919263464450414698763628689411037647098530740241641734422827355561156861021166490254702650491315863555869117053621283190072953743671028490429175336117171020091791745185973124052672734673560539106916738780675195392
10.0 0.0 0 3 0.00024667621351525483 198773850746430624908090924416322358467422573762832176580251265520444484880104397412725111598232605320733491588078649995194146297975059642540263129776492055236857842298289027390875339113847375142524565044933379309558537988407360
10.0 0.0 0 4 0.00020152726153756362 96016701410731845299279522475700433236560295036681380173454821067030911227548482669449553584956318405363848542178452661695401591012888412185743840744043514042833226620899198248716945603722712134764563519144595731199001249253376

=== beta=0.1, alphasc=4.0 ===
4.0 0.1 0 0 0.0003715226589611355 269838916655308933469572179719829949775370207257713108881337191167126276616705505035784162779595751657483131823938271611028893477305544429164134173561372574349089699578914774530544520484445196607515043244500203206510988088836896
4.0 0.1 0 1 0.0002909146607340068 5783933643387619042402002597250680766516778465900840365126968275466058417604283089542766628453207413833759712023837055059001912774951845364798388294921124591739827809339535688448439997396709723583034667101364208604258304772
4.0 0.1 0 2 0.0003266186331115171 2507217133207191860194887169034421464561123855250803978749372868164875198143198554563696725027242023597764536874507093325250956554522192375026686272382738545220643215041550451137478399468068190110436755657677516554510295666224
4.0 0.1 0 3 0.0003414162081691358 14969126539891848266867848246731653499954273762548104870567480312598438602079655715225117566906993877164933349197933196934204850421914392232136764531620210971042055057940400013771279430157466290047699360853688471722948624122152
4.0 0.1 0 4 0.0003206725065696883 343134415563211426132989133855750692968987264308671430816374864359619388917310077157341772454733795519987752939262819709028982950603742955122365906284411998821317922558455696366832401397005540077644799378346781960709256828224784

=== beta=0.1, alphasc=5.0 ===
5.0 0.1 0 0 0.00029671825786018987 77755945876043463007847708099579232535435793399134064042558865937583349142764582805161627854313510041785485357253888079653332112747392226700527119782131595876599750467715018807646555043930437268019077547013105552389182536564992
5.0 0.1 0 1 0.0002682820106387408 24476203458638845374128378593503951218098267394205802717123547708443694531765459353374600845790198110519612622422432808286344580329436588037160423691525123073179170396745534584038703865876132518577384798669267950245213880452637
5.0 0.1 0 2 0.00024222834932575242 52846061674658802711750045240803991176219696814155376480352352685351526556922044141860028816156209766266469893799219569706521735264143088547327941542848576784328875447635556576827685531231535905671548757642225787587240695450624
5.0 0.1 0 3 0.0003061856015318683 26697787424972042312504878911772933900044377019065523539842280534899221330137452341199654764717653174547725191089872328326153551527683764355853328506642656925550560084068538279322934573738116209440220966466657551884362285908034
5.0 0.1 0 4 0.00029805921392729557 312591151491728526835324414156047123597136584284733377627523040898087656832230792301649352563400511413145391747158240025859250460178394870964554392497813005571696719977677376347298631648740463514282782594335379015145390849659649

=== beta=0.1, alphasc=6.0 ===
6.0 0.1 0 0 0.0002667972396380623 162935846965637174899258266122004262851379980301839574691894348490182257160862570099675384013551151305075227090467266798921720805433220660969077256417439192083663553613481226855902657523594158932975812092316351150519192559550465
6.0 0.1 0 1 0.0002828239380472922 23695332601058028383437296079924316023504351595310708726734786603857817139875985115963444603127081697512021060060148506704747362921317723944951875005407488660190311305172996191307128492843161819970719987064546622447818950313025
6.0 0.1 0 2 0.0002989311964875022 37959091997698191694691631240371785568082869629912917591585224450162428663220528098145259682856226371359371289982622762237076123095097256359027500423063881293260711864908347103155338409085776386442748887902816066457336099127810
6.0 0.1 0 3 0.0003543193351173773 6351141029025342334213429856063999496739886875161859800723386146357901459778408979644579258306214085054132387945919078415917057980975337710897000632166268813353825477462395921365594178812255864106597411501234575902577522638960
6.0 0.1 0 4 0.0002953757063362958 275768533245460087286164454990380371991121962997480724176187093979770822799194992676625294886809971991068952839745287480691678454231350171246526415555485136021508874074120829629732985707926530251740147720697628401744444452508674

=== beta=0.1, alphasc=7.0 ===
7.0 0.1 0 0 0.00031261176201294945 18394772094694052255991127742199463318457115418819750604525159726130902533832275287049646028985785040186313637108323220879163627178864181833410736660318099724415224041198031928994178413994278065397580143038251726862480492855554
7.0 0.1 0 1 0.00037881541660792455 35667356221101971599534800786210182952776095310760141241713592732216965308698829994278443140650140240704044734530557800770091813889984899616743259869560413021097559202889897515195141153490986662784564564360165420453693818996557
7.0 0.1 0 2 0.00025771188801048116 49693994710696143993341395606495864717258026262954879155711731424064503753963766009600506553081472242629145399454416697959389162071606350303761278162240968408791679380377879124421449524415949722172904931116504671619343149253648
7.0 0.1 0 3 0.0003242320173355485 239859276263511622281462632564814845150515109778809142330468960504129771039414313825255553300651599506718415150853945325023102106508723720010220301156706934576203118712176603748705148547881452731966350384669584019556468597461056
7.0 0.1 0 4 0.00026260587166517923 94809110695783330298457709032747187530573299780900706219059054644041333660593960522884953535788445697013434764479981336296780919313479227144400832987144717658947708295625834363071607698927903921230612904490581807811666783511732

=== beta=0.1, alphasc=8.0 ===
8.0 0.1 0 0 0.0002074315561583912 200320103525262434290296262856725019744977040928907686106293125379591609022385725480430852737584119748130463606859227948612633425726310853013741106271188277268079202317525057158671741599191798805661937769278697932625105098246658
8.0 0.1 0 1 0.0002392218276856229 118485423957158501888784230453076795872464961485021769114396758235852579369890980205236219551131164140314909524826923339480506367198450146407390191313970643881161500354331807312187137889669190742475433174177177330641365079987393
8.0 0.1 0 2 0.00039912548477041 180912238169728199765775750799520701567918050616295351765626217106950479449303314671246669937788069218506807639378429641933405823023614261912837252295882443422752485269229004570418255967168923362528279564143545370789424285106832
8.0 0.1 0 3 0.0002993011679284034 3702351135963860983316580151756819425181117749709415568024428003520015234796528069593395868855432889022872558755252570049491555988927693075546958108428427851094174210385517443195244622808505199122007435635981646224253650012257
8.0 0.1 0 4 0.0003201565663970646 99668625011384424463871085989543050909522307319507528498162206980500288203343104297903728726699402909316660479540357699167134150976355197100896818013323545798214865436234394039979978188417023770194008801731269335713068863201282

=== beta=0.1, alphasc=9.0 ===
9.0 0.1 0 0 0.000246219925412805 219128511012849125067940750119748553127441871775075988189918716313921247530863676663561678994322046948405997183172559588313960433720861874290447225940870799061990892528648117272309996838905420278897927252020223415501423903902018
9.0 0.1 0 1 0.0002603025734184644 94758276125219407442452342413124976758155291962594350904988838532443659281731366522878073692542798501271496023961540114948758953145345403720089797981378338786391407874923121024609332261169071360221194649039679631918665271645504
9.0 0.1 0 2 0.00031755079760343024 50533071522486143904196629549830668034422568270169974454344098745853251755434160984745661862831962009389528591014086755313791473954640842679873825258270422706188396615880845121246049790051166124004489069181046426885591216589328
9.0 0.1 0 3 0.00025753475426716535 74551308288774017694333786141687068021746715823394013834148231686408391583718543419295640774246763390284008889190225320170071170515617086538220637793321828429534534845175393295121642076216094399469508320123850513514954475242497
9.0 0.1 0 4 0.0002654259901691309 225467378226187565142727224819635654617991210652948781071446114237150087127207011458016874128841484855094933266827910045747876876645478440850897606746304342919414079361315356189462533102025271859882638147823391663493905415176576

=== beta=0.1, alphasc=10.0 ===
10.0 0.1 0 0 0.0004788114327740333 32824903684877968272351034937294285380656183469902120011393969093044247569707522023217209851705293375959079515204445346474051468215237942392579764429587900234006431472181284965331052626156061655881265910562959087167437147210016
10.0 0.1 0 1 0.0003607485274235054 239891766538267368125617683210359084470582566281529501114381798293951493658924689438013123464926697141998646478485311095814176178155813115544574431456072548123158652392139641741851347704936948550152314256373268917455007920455826
10.0 0.1 0 2 0.00024773749593312843 97719479275310285483199933373539071305941257918338611607320564991188628252074253228559004889375094472505614254908056606372576324173377288235520270895148586881227954638730610696082207353421197192568902749396682658209893661575218
10.0 0.1 0 3 0.00023747718780324273 103879494563893861385084974594496349717546016029570171048691038702253329125975923954891559432180608213035165068508655186103084411088953521467241236652651653455590929931990517350501189066752533439558541901528713526566687844872961
10.0 0.1 0 4 0.00033737325094410254 107086634307356865769662015692082585212085148611013495577610539225749732413242487818907341188697783574084599818524956263708476796027499948618756183676551822814189071082831139394831899327839565259597570064198918932728901533699

=== beta=0.2, alphasc=4.0 ===
4.0 0.2 0 0 0.0002628763344988819 268011144215189793566984535317932546812649011733430159334765904306930145950357935482995855533640694047224776967465515277042111117252417258037495448566164871912267742650449184481388979638002380024506523102229356961855370397221664
4.0 0.2 0 1 0.0003737066966156708 23692528266934475925510428195357221270294479026701619627708509916161716071534805537152460159425005327279048735925207713362555037541550270280031158797744115235436563817167393541987308646741314113781366654731331766067580923069764
4.0 0.2 0 2 0.0003818192545624687 85422074391348217070287766196208699239882247945742163751977680018565951405200408799346450917629799528658675772808206095091746527587182583163622064075795731618845884342628147770041032593984260859491837317391344590975572648938768
4.0 0.2 0 3 0.00037165988063197943 27808229289739497033169547515403150572693356871791631650119942379828964681455604877489481848530249070361053107954605133448558809621737119017212867311031275823466917546646426869771039324901496025116447585222622485281479661781000
4.0 0.2 0 4 0.00029635923594519334 5552239498497849867849023020119002755076822281737340624551494133559941398666146806053984144417050471930720743308887356922900890919200044345326600021270854153080366157617930243336341323429365146893961210778841913723627436515616

=== beta=0.2, alphasc=5.0 ===
5.0 0.2 0 0 0.0003383505192561185 266715667700788533854377833819217649470578336876735503598804454177610456542585144199858529778065631527912945212804619159707837877087429170803983633520496068302440755685666243917296156226496694857467891807718724483918972860760320
5.0 0.2 0 1 0.0003577932684037047 192484794249953887891187406701097883653050717292734511637703893207194364823312735041569790148558913668789040597644732955656728183273056281150490346524133929808105950127185707428813174275093584943635040928130409819237010010359636
5.0 0.2 0 2 0.0003181984663252966 61637098459203752030740734919709275099974453285300311917377935310696220550159258608011258591082854905096560713242077931861833507965419471746046373199388720420594738081474274515125953025751226178510553887811608020571522226474032
5.0 0.2 0 3 0.0003792065825610261 26697788176841898961915148921316823592832902123605680425909696180321086904953613542087617287726585888533125155773526406459826494179747613831691884360886711086130385443185347179178279159528647988194019366780417451071126252357888
5.0 0.2 0 4 0.0002665533866345831 147134884604829688699917487478587822359075286972240933571020552034033242974395430190157493757474884636339014878138260524314382717460361804373108132030135604155663849925681188300507553778483203954678893471105536776865644188533506

=== beta=0.2, alphasc=6.0 ===
6.0 0.2 0 0 0.00026522926142148116 317264111502814878869056342883288969731914479667344475087825275730670950456205945270538750772859349998366397914762483904779391580399334575185082812223410943685596166219213834626795754466812302500570444332085397653928947948191808
6.0 0.2 0 1 0.00037358567216513086 32590575450726020706123959214980359968850195227823738765690335786843578203694768060021501870247031969809001334518699171216394573246844183744323446213498424630481510306559491841591011611667973002848709610834992825048250566952192
6.0 0.2 0 2 0.00035589813275865157 100224063367304447754981316934717212906500217689818671161650391384999424352836424768383071371892827268073308869726132069931126794953092969131250283499640398334638188091208857053095637161910891225006520089564364823630506139060368
6.0 0.2 0 3 0.0004538283494084027 3332110903228570057496287022583219232058621493326505510341150516234618430958417543290344424370335615779991298594972381382604714835887778485941939490638327525392473669523936135243537135571364373123521078340116874039341791904104
6.0 0.2 0 4 0.00036964712018479963 156998417424422865389991189230928525850445765240021108901940063499750676890484596809580699244287899020687729404445144923313766647835214937277177935729510773186954478705358596920015466267803042152625359692216972853302620776880166

=== beta=0.2, alphasc=7.0 ===
7.0 0.2 0 0 0.0004297427297584615 27761458840971016131008410351248768662778619110767605963688585752691117779550711940994982579660237927028078827716158533297923324339896360119658537804509636953914767746533548644093423809866035990651813148447462171379837505505536
7.0 0.2 0 1 0.00039696942016346647 23868840377609143175528447038119512575439242354589006713306960091696652357174922994845143416963345901355873846142395953156251377908577528235172297133785353914386837723867618042834832466656507786037656915835810903540736966889541
7.0 0.2 0 2 0.0002857955251751593 52776653349840158260124927041688025140066130650966422216142048900707194750420838613121140314898044035366633348694930076966088037994379879325253486298738789306541399371888791180958071190225326225851614180581282784481085043622936
7.0 0.2 0 3 0.0002747807125376239 239857512622393223823580640623274902121604196937395845735729162659233515560050247633079536334716420752946412290733206958758159067143447702344655017935169768702995406130213906685967009409961137890923335513591642372447872269488192
7.0 0.2 0 4 0.0003066076064254706 127346301527945689916267610184071806975357930479507716531055298609111571055741542309489898913761896907221979945772960088145457057758570944401932051850316802658739052998589851993939561837753774275416992618767420154789779342417952

=== beta=0.2, alphasc=8.0 ===
8.0 0.2 0 0 0.0003090559173342798 5974529138412783512398309912380834439857052109994274308200337190819967409672137680158783718715611974136163102949448248755366199708382619488872776174039917711999675227795484926959529551531478240798662704981337440414149822644224
8.0 0.2 0 1 0.0003406210720056315 213486421661726800548970678936242876678091130806309863019183975575609959377069727162775360063334400650056607157271573286661080308927786398208096451828603482474523457761165559022165302438448282595469667500117388487382253129270352
8.0 0.2 0 2 0.00047352944526318633 226827733727518670499408550569688589029735930366488300794184032859210142875021691732419520103380743489084412392750032106706317781298356058617932849331253618950689070030349751231309080131929884587789581920707035895560619259665010
8.0 0.2 0 3 0.00028369420002881445 32991775391882178295450440017327971652858281751597393033220348652719256192476816604093305023258841871337162148535020456858719017691498853099351025720468823787531367544837242650196692722010306588505937868070590007812129231669033
8.0 0.2 0 4 0.00032838749444971785 48129707250785336606258963044985137241632619894112507311501264719548251797905566976425358944573666840499425062520571443290372463716011070195603188574860255007282956432860927964065893151562430841112097374297559667841969380401187

=== beta=0.2, alphasc=9.0 ===
9.0 0.2 0 0 0.0003513006343933798 77004128408820701534671734481949491848159144375156335272768315657248515780417503255187300871020104085339621313951362546848675772152369080636529398007110825757212773787058179965237982520199503492135282142848148479002530927348096
9.0 0.2 0 1 0.0002488025245724159 284559417074440178585826144381642098473136711518167080852756523668899315966197126315399825195941753810575800768057161528740047669027298471235610735634283571878496144980103107619743607809165340861976896977933517752076609581498368
9.0 0.2 0 2 0.0003632117508128511 96610856821543795449692173312763907341484374332067075430957148965354639089823029945335748631096296962330246761220240106076203152286826295878626552756911721649012354725892000793622354781011384341639857323585353663012241660301872
9.0 0.2 0 3 0.00028697274240369893 41693629888370335109260811539763231928856710933859096076298705026802170226279835104470460130904896326926290133210659931200671231525458188651058706265686419332436111732286494212957814838018736300725530890956878889075789174474849
9.0 0.2 0 4 0.00027419966115012156 213810482860699607661907070654665990054729167340423059090238009271299515693970784778427095295621273152925349442426166045121019379319530949733181274634466184848362301162394193479204480237488792104564492461443104399873681746044930

=== beta=0.2, alphasc=10.0 ===
10.0 0.2 0 0 0.00031906329455978647 192552754349572283386464933992705312897016270119601565818506705214046683449586016961780492501995315776707455261464704303755775130315004687493161816276873575951957627733784792706299678668100086287402036391849432336583322923835394
10.0 0.2 0 1 0.00022181110250025796 9164842042930670105183150676653961378959366722690259594062269043976216687831951878395595834444301480629548013115282609975499270570184840915711961508654628339012799351645860671422321339406486570969195866484408097859477133330546
10.0 0.2 0 2 0.0002359313336679621 164631109505705806293267314395952263148926869748549608853183901280750496193934550000436513891217569325890787405918244391050790316688498895149259518952602679280906649674241851471691592483502862571027837479094899964547603764628481
10.0 0.2 0 3 0.00023441910357480905 6524659750783736423399809630734570591469196766059546080318398500727903233151274984738016653156935391191726642704200407078521883500453996564539321280192480763633267062735044925833514031444454641379885764096197129287088096755744
10.0 0.2 0 4 0.0003974382965281645 149265770453943170473697326579151551258151058153553182073442560546821562161528297237980997994087806532042162159559858388030797498154348957714464422084866098494698033733344542597198951061411988850730533796415808261368302113435668
