
=== beta=-0.1, alphasc=4.0 ===
4.0 -0.1 0 0 0.000429687971038384 278572676850233534090924926421615216958739503478029909195224100808524951299446573137209045043338705713351825094997230948367361051203194209273251155464238402766082951129449898072854988850349714111807618447846147768742346213327618
4.0 -0.1 0 1 0.00031243126374431735 30404376340668077344657838513229297210528218614158753244852747367839849125967450776017812400455011878815218082117309214082981751073297839060648852326584648436346194765522388157411110601480887217471702908575723109946282646967588
4.0 -0.1 0 2 0.0005692788170130597 49884863465477020450875366457706810634997985699093590574644618768409027557673101352077304596066770998352629060933907729047853853216090265741802299954166888741612715662546570546565712415793995877008207596293464002738793103019568
4.0 -0.1 0 3 0.00048823478778633724 9300867430776211217193500943947644478856261988227334114130550029043339451629746121702417116307086358199297686251884756386921498431600669484174294676622896845988428890422612604547397187448506267685110889650155272589373956751464
4.0 -0.1 0 4 0.00040858402841145546 2990518037212169309010034248528522185610413067120345631478911899136358547830451145184046121365250532323483582821504956125158328115045821128896005772710414875693404186563610859774084740558468907414373333269933507807261563343155

=== beta=-0.1, alphasc=5.0 ===
5.0 -0.1 0 0 0.0003464904003681852 77199445515390651286427701213716131248508510571355558857875233439951994966126154665772176124099846791532097199857316788051078119910784284882723125236545892915094172721808059163183125331093003414816071491131667071132329096511744
5.0 -0.1 0 1 0.0003480006276593118 746273928784798427172672531112837843606056257292447095966758395115934471873867358405529361266437661848810992669365120083008950759526516457997726822601166174486061583733966540657753780399852510463414925216842421528935581355532
5.0 -0.1 0 2 0.0003267774100248737 192016363087340868808854542510044596329561464596425705676267862724373918405013774028364114022455345597909954469643116087635926521851826828872072768567412076365092281751900441879752628051008561629343416930324020989445637372118050
5.0 -0.1 0 3 0.00041022526702809463 216170013312034725845370381602579951198800213177784029314401216877577456527497208934470741047403733515062539667115565775610096198577074887477861613499185640340955669371008928379113993014375886388986560487548810212538365908160770
5.0 -0.1 0 4 0.00027678715816246876 2085485605644651348445218117312476698775691298470886058434029626301193448516287873917301475493588534348919570630304976796400345230211020795736242759239475835429204239844699227381791594853522339693893403154106483102997255627683

=== beta=-0.1, alphasc=6.0 ===
6.0 -0.1 0 0 0.00029129035831608105 56951019008484701536833831820249272644181346574284185268682161171258845370527653449530164129752441209324020699703885891410022960292370376482047943147951340558774553550343907623661682757011784989067846528713858983477921429061633
6.0 -0.1 0 1 0.0003066600665018444 1127798612247722317120547262025265702918812777416612330593063872526703222616146737598914390930778623458253920969348056947231961884321974328090202642843516412837075803242885285430712025703179865610294189133073143428485709595972
6.0 -0.1 0 2 0.0004016942820173161 5790884559808921668143620214060652094995485602526664850783843896167231114333310507441450200004661637763429237117410965579228229431845999902890731414864500395112114758389843127072973191742039597064535587491000069728856669952048
6.0 -0.1 0 3 0.00041839768743655574 80336150559771889046977514671507035600132040344956638583931382192302227034803185125756888333153934302797698780939001692755298965261217486982415927731604264119237157780723093002146546824882385062580644529151996161377469588375618
6.0 -0.1 0 4 0.0003279480279189875 59736254529314883337972048273297014864777182937905594471575557251927681740720242394134911464448256597582127583373410804983531261007009880340719268699540822180666467705777339132697237626952501149148965403723256648905696072438784

=== beta=-0.1, alphasc=7.0 ===
7.0 -0.1 0 0 0.00031388696900128317 30144072942950760936983827426319065136445778993303157390156221180979482342714039633333261664501319224342957962613025980935461212688679115329155113338237982974585815507502824228226728889137060315499468182074271845868788631341072
7.0 -0.1 0 1 0.0005219068418292977 786567318408521914555428059659158811937447007455285675808626503775032400288726032640120800328309461538065190420587979577629780805933991964142152347077658330424351301697821915016627062772349013565336717353109715753368234318917
7.0 -0.1 0 2 0.00042107657662651866 117251981150927008021788728728902299676624944367063576565288954263093555301662797536179059805408279557675727234577504247528870885719399144962242722051620746742886553722087655087297272795173422412096917977070803410228929137477136
7.0 -0.1 0 3 0.00036839808226022357 27391817118943781406543519527494287450055543268484441147917452551270627319874207463254151406816419465574026225907621802693592952911426127997459747629260362954896279250021707016254796057906644876959358043553038386873968286040384
7.0 -0.1 0 4 0.0003083275098151867 214183984478576090964142578266687839024197180916696843598711642673390494456045594151374349126104828556393683572181904219634671867513687037377166913912593178715638798956181380882249275834575166863542160014419289216677267376505089

=== beta=-0.1, alphasc=8.0 ===
8.0 -0.1 0 0 0.0003896866974527511 53326058933360463499273654639324237615158861546517471209462691241479865337062703126998164867624268865396937983400748655800448630269654571643482122536903638029445575026814068099714436624949279329473000193978283997782311037829408
8.0 -0.1 0 1 0.0003229357937832578 260019121528665973026546825802984951396513484388979905417342817360690093435803454765891322272712919373237286134545683160083868852467327852232261152235380285970113210212741900311305978379576022026082827188260213939129171548111940
8.0 -0.1 0 2 0.00030628392755423017 191183526075739196868478551243025820082629443053333479556873496153959450775982276962611553796211257563349303036872689092417413972734848581475230272691082947759717073217624205670362498720999124042810507485158496891476781297975842
8.0 -0.1 0 3 0.00027452083831043707 5926046443647265150625362873874205502331839958635343200594235362946261168515235162002219029128642467719555623106075522161817194264544991163240876504100987394592892681790652927223039795185958709584489238091884925472103386316865
8.0 -0.1 0 4 0.0003851731718050898 66076143262957452948909554327884005534966729298646685678949188628502797806287117341475426735533832882798562984151282266588604339141257910381154182984179262635240436179060472422263597631015299807660715344895660942825723550244866

=== beta=-0.1, alphasc=9.0 ===
9.0 -0.1 0 0 0.00027395054719585164 269539441692266150430030383172012418071973468393956518691808523336079513787588577784803247053340626783076893198095739705020300958603775504786439152676456512666093586294625092949997937630730159950885789073478650339964665521522704
9.0 -0.1 0 1 0.000388463596627253 189516550143228661194392499806745720718770290586928403498086997793790466432119517914529458590629650573843854179313671592447570468136641371491023657460280708640986195948000255849512927064070812670306027815139632090801345867580418
9.0 -0.1 0 2 0.00038365282328054005 360723781232757516447605315829137331327524414695234491153617809412277936736609929304036457986839574473827320730627977104978338830399715262525505675612632735914727846694712279876448226169365073104748263498817201533073685728479264
9.0 -0.1 0 3 0.0003917710700126877 27073710320144543015413925299960418172942701297670892647791769063248148855887103967445341211773568899117684233264429209669514633085606617124228382386319009582261098860767240817656256227433840653507196324324414434688921702040449
9.0 -0.1 0 4 0.00039061449626458553 72002960643472145993094458404903832674281745620686873375575583653228336696258581321076579253505843352552282668540280538406407243378123958351581551079861123910881992900581688431572637029357948532425652824554783191031786966130962

=== beta=-0.1, alphasc=10.0 ===
10.0 -0.1 0 0 0.0003032202674818218 3713115416257881514199102673327554847411279079786233027926904000878361193265738662343289503811059698145851367552454493684751415010556006572495426977316670441148904386292837924316452024200635182212553599283266032053483627612168
10.0 -0.1 0 1 0.00029954623455541446 14906097863175623109234749269760176523746843039232838542926820796433090203960299943407925705572367608998218798372230284142672285798184121311837646696022314200916002397897388122476455113178518672662167836355265403580890606013972
10.0 -0.1 0 2 0.0026493039998127348 96443037852619798581012480468667009122312041677421810419187965268947534175553942611749849538192394044186481871801672695529778066429321709050559187765003934899219744836773515395738781866727839650235045814146735363147660538955840
10.0 -0.1 0 3 0.00037038283530648283 151160430369809612145167692744743995874889708811802275949149055633450250391435288382914537799972140109160458065692356819554687697209483458118708310199190434283925298632199618665710055254994369773180374052230763810824574216437792
10.0 -0.1 0 4 0.00027914294109248337 308339221369160575273129083777221079804346913137033926558389417891846608620781308026625745552083827165997975800681519801988360849524598642690556736104129966541105444181148472598536385426476944934142638246426610025292172936376594

=== beta=0.0, alphasc=4.0 ===
4.0 0.0 0 0 0.00043165196120637043 262813678720038992731412422418980827439811382186822584417583801148116052195278240658192373947969986068327145244327673574032560041312142422844485449801384851570125564280340618524425666923008314350702126688804854338734785082458632
4.0 0.0 0 1 0.0004187625916033007 12955231833983700976101409637777838435909112631747196378333344857753968885867043717850011377594066318395341996542420695536171256638514698772918732439424713357556208141676977588956976479802915553814977990450692942939558427332365
4.0 0.0 0 2 0.000473857784870542 85143017283502641507930056415674003741445398111579505906471677494932502351721594215434287591910090095479928999333195682447851430579439049564040978893555049247068857002801360204796822151567429708154706659617308766967247373360656
4.0 0.0 0 3 0.00039713312636750655 8885794213267584727510727644968701813055028241551588727142067499129882591398232455035423685923763435068045307654771497231862108697180835341907266492329939747200809912019398806750917102412009415503376377554671308533390573110376
4.0 0.0 0 4 0.00040351336181538845 58953675390833627878509022975445909552934317940054375261436994134200483560889427824134368376218588700874070833963672255651983315229903638363944400898182118425738177169789535261123891667727338556674050753534845030879072128139561

=== beta=0.0, alphasc=5.0 ===
5.0 0.0 0 0 0.00034241697687209814 254888375659543804767818989949207202660253109330539791368481992182979981883261113167567447426732251555672559994298301143767289205973160779664373402343043376190282743670411329463705142871884140166830512113436264005966330993051400
5.0 0.0 0 1 0.00043089291604321697 202130358490837800029688027286005338095923584919787808775661666012683357160993246383962500644987115014877372373788153730995311135275844917243479017268525858900882699315253027181605203769625589114645903764074274465709780176012804
5.0 0.0 0 2 0.00041615290755201854 70659479451790341211308650922379824631310911826845024589284821616200913746709193026866116294347561899133801007107984145502728622172052246466735242406318494310988020305044248053438934282323859250443404339707598016904193113867296
5.0 0.0 0 3 0.0008935870432557971 3011133130528379755673932607161520588551695734883056437931108311527587678638564579824136016880531423920922200502980720126260429418950184099207176751076819738594666649687910920379422666528685426001080709930771798158333379674432
5.0 0.0 0 4 0.00025849895629247226 54782257478939638088040758586456863394150512925939112065560343585340374131725006215905103700816010317878305131039109948611276808600652297682892348583626575506406993010321418976331593410438900117956448239028631640682961267859747

=== beta=0.0, alphasc=6.0 ===
6.0 0.0 0 0 0.0003540075226694566 246187108471105646079034490236020609856924382373469763262724791054260442223208470112605173863953287322820090402875501011127651085094669368146053823317614644513581517798810997785569398294043167337344746065298844456349751694066688
6.0 0.0 0 1 0.00036784972971316143 264298164900704492311955390912497641854000739132865857256962143332376223354634948414753934807073009939544854997444685302062725171960349335840463972848141168483420222576415487308732426992866978580494085417127593195291640511108416
6.0 0.0 0 2 0.0010874563900535273 60064326722300901157281986854159676074530981551219821903360558162206361185656406922002428647273962345229716596663357029108765055316617471770588046214130145198929390962020585077896592028565752447631865884425224235313744725935616
6.0 0.0 0 3 0.0005428865716889529 27815455234097711859293750889619731432323315475110184258241456022820948519084570621680232080585256457707818295287717556726622249533293533794789219219385950435504055346201234934294348966880028498156811531178547453019501499521096
6.0 0.0 0 4 0.00046292160880552757 332450605094891991644947943719533140429771945745485441298214991049835559899833746140960562677384692158353221356097876026335514696352503333039314950524139400198197932590486935553255153534276513062772031023164688142142466542702592

=== beta=0.0, alphasc=7.0 ===
7.0 0.0 0 0 0.0003454345621613561 364316434149749202897237874480048412255196830735162289194435507685264898339145818445882659200143207058918594405200353387920290984396622021157457901526449449016094777456772228886060213086968985161805488795850704945067026295030784
7.0 0.0 0 1 0.0004686340087292719 104152459188180112053974523688671621449466303494254053188806878063120996547067275343529422489555665751430248980765954134091190233566031270390034158851324705880812195392730571648644143929435779084016763545059615066057037383000
7.0 0.0 0 2 0.0003682227698478135 165180532553337384263768059537658834595614941687542017554234018134905487610965737058452557380724975614859953669924086975513859811367346512970964395512330009486280583755709587883071244371029462206566253533780840846245837698761776
7.0 0.0 0 3 0.0004054276186330493 222091709996781907340698148131987018265304494583368900299882463800315556927525728626755643070975212900486403996688523283115676924995616690096896228797858570387942283803167998633601866988352410748934960176896978731923113583317312
7.0 0.0 0 4 0.00024309330459647722 166346263435679174842781640481114309721601310600246307403367768724218432013856305813156947295289873556478571725953866748767315935928756597849537628995479629063196104816547996176193106138901153973170533582121503536741798620965940

=== beta=0.0, alphasc=8.0 ===
8.0 0.0 0 0 0.00037555040591605093 195508158359652712886062307062180436042304340998122247897180299497960848517020174756023123305619416891872715743910392363307014087480125356521837414049447017994154853003680507021546999162053235839626855678583984272611045306400768
8.0 0.0 0 1 0.0005438067623268313 50411485532514976133249788562932950427553616465413734140933154458433419186513063071692081380891338548814131469635647472425102277790477851346232771284785852870734325618595786040783032064984610837747544845323586660513985321305088
8.0 0.0 0 2 0.0007515460340173509 99398080244469783059714932909991440976976434263811770431432727823577134311879962408345753816241533941720476006769591647899728665948112674980343265229865163344837976794706848328251158829241390575380543178878106371488994231847936
8.0 0.0 0 3 0.001109228825096872 47761955756077890705462384181816816284056627935255731994304956983363022705332350392151921630741335422612522985779566642575965085266170240264225775276763481515115267850913075657927226673690876438256717067432207379618540375244873
8.0 0.0 0 4 0.0006234832508728799 172410663805342535656158826515250220903292139380937016499933548634444292886562995677729854896340692907969632598365403650255048334904858162249669174832972771076561896187710982943657678133235861344095297722532619399057749690057219

=== beta=0.0, alphasc=9.0 ===
9.0 0.0 0 0 0.00040028086261072697 219671963608949350811152494505015953680946789285047172549683437575523532234810606210230865735956985038248498303107082846052417520429403794273937748839120768000662126514351563995448689412106288546736567705138201404831620931783040
9.0 0.0 0 1 0.0005451929360473658 196215204437276791794239902425704043026346322508305646124393999567013683679444233103854911806738153998401924330170986589399376137036117882913097131980548014258256369924144110332697239640993537436922890122968883080440886955969857