
=== beta=-0.1, alphasc=0.1 ===
0.1 -0.1 0 0 0.06200531754336294 0
0.1 -0.1 0 1 0.05698249248777618 1140610154405548804660292901425072831223307126812139982644798129474818791802169346626478202829342849944660577393398601884213007690044543756840694797938886457725264958975757481866791121828446208
0.1 -0.1 0 2 0.06200531754336294 0
0.1 -0.1 0 3 0.059115402001048 6135968474170062811786350401676042629723467188430438400
0.1 -0.1 0 4 0.061387224358247346 431359146674410236714672241392314090778194310761239455508016469639168

=== beta=-0.1, alphasc=0.5 ===
0.5 -0.1 0 0 0.0013965034469068855 23701113809940906369888031879959582744696245364279948622285082470547109982391330435566490538271997226453821482431766389140632001413521446302762383739669132118843919319078690015387808211931271406541418813322616654868454773489664
0.5 -0.1 0 1 0.002247862377477664 189516391281163053351239190261898027997947949314049588164672074754203898319655139755580880333120260191425857665022856113472095012386810026018615110772506854337526387171371512452229185117504024074591906526279496179052526798176260
0.5 -0.1 0 2 0.0023633464750774293 94767233898635285391333550369457205441343527756441320690723076907417519454562567063420876995836529364739387545836226286927810076462774716042961880352045830587268805901304383490000528787651995959820865930584895578037442623045632
0.5 -0.1 0 3 0.005747892047812829 116054220500002237763795007478131109311119648801447453602703992846258177296555129445870200135656183329481503957743139973678316744229446393266074585029146726693451709568295877889159467732965979344800641137089140056150558154686505
0.5 -0.1 0 4 0.0023426755082854227 29889818427800226553102590373799345272537531538580890494221859911381719834672051719230353855712261513851860099689560253562189181231828085931942156338985276983455269868492307595683698981967869205998287595468090451487510292078593

=== beta=-0.1, alphasc=1.0 ===
1.0 -0.1 0 0 0.0006449668633478363 213298813659723674276025230043540190300638408882547238556302026500724929670597550609766198853785863220363305250766183545070916523293978112956009439371894538567984756909672798799687758071158264773921707403496166690697153003651072
1.0 -0.1 0 1 0.0005447720920778745 48171876237495278810769203643884227351162539248585324340095533613297460292226442129059943470824104755295508246507763342537216446930867748680628253526051966430114733852285213225207101878760749600397082891123794974943157253866756
1.0 -0.1 0 2 0.0003827374139315061 15976487460671899078348600195844820245810357837360654276047187952767613781347777658861668397984743409044374394506301160261063545888885397113470565840244125523057699118050013319669928734690098960269579867500258104896388525196288
1.0 -0.1 0 3 0.000629656834654432 21481371222321817074745358935466710501233060815653455910076107810620686663738839992988151692613865666116846493267605031706834675283213747156141063093818154805484613297807513637561795209475408342562008238206825356060215040034880
1.0 -0.1 0 4 0.000989957198904939 27483758537740004535700864839504992743114384259315329361372423150065838978932843681392846634520321658251739471244140988043201882362794964416225467695401488267970026763322720844872600440536477054517564109297686996317696200811276

=== beta=-0.1, alphasc=1.5 ===
1.5 -0.1 0 0 0.0003865081387590697 278471456602180359688854323268015013351866573765341255452566649668046157900148989684983264002950999514926175144133900615315385369021758884244165951250018226643416124018205728694965285047375417299624196641891280081350629049500448
1.5 -0.1 0 1 0.0005333370288627122 795246831567718046230622923532632908967366664543463783406922215085337719689129138857337982454611742904920075299300919305837229930929503414116390698450071290920610715163375555801061440498034797757514335077914164504533548975108
1.5 -0.1 0 2 0.0003224456160136202 15550717337876444990457802637789887505021629396577516681246604276312914303533778490427179407139677938670300503430389271155537868188891211937082913813296760596845537989138865024378927894006229614724280898695316739977204241632272
1.5 -0.1 0 3 0.0004468108976034408 2977956607628099260906682083774151238738617991439222584777854550943207702821938261252393126514380085561375849344213933217379913322167081510482731898585023495193791987880690775041700804141560997335747805179612716100074145319008
1.5 -0.1 0 4 0.0002414611757893539 14991231526151961003594294150864543439421845856291202252072798215936706827634639964475793468054526074672084816694219554772147430501433072269063902622013548597688965615272358847901236133353869818387477085143702882662158052921602

=== beta=-0.1, alphasc=2.0 ===
2.0 -0.1 0 0 0.0004246830865322888 213229774942085568255024822302162735577581444461522773940504098572258223703897843783766800384774766906417983219377023518735403138796168621658805871753451710550508339494167944731291801665810430445957303031371127223081348754358560
2.0 -0.1 0 1 0.0005385699770404835 24476123840158436404900627388562491645761727670371382049084524940159766255352080329391091968928828362604674373564736473715154166141568658862207185776871452523597198608794026871583439207586185455868824447056086309580624097903884
2.0 -0.1 0 2 0.000386485296115834 191839958553889410580931021207219864110849214972102937296221192282694665757690415619247966742457270303926177758359541113551161702696309697283764051051107335352519858921707085939370609170197220678450549466506276870115605784362496
2.0 -0.1 0 3 0.00034624126204393864 3378401792830525831440475808447716351866278666312791728764296768935309983113386533412357635047875601616645502907553043232853906840027734503376672380302778346668397597776467512239382324177855026642406620194917614157598079062081
2.0 -0.1 0 4 0.00026739589924150805 14436105201523266356143248461645925196202242966280324565055134870585368043515348229809063778969409158905174309861520037540812003581872626968712676546360535886842411480847138124720902657275311429955250164231222438886440939028899

=== beta=-0.1, alphasc=2.5 ===
2.5 -0.1 0 0 0.0003455211062952374 242841758332006739135782749845519320239871834145420729730999015061376230138407027639912155540960932226211368222834254173927390707354684550643768625064665174974587886889547462935950473225964177323960770575587333253365477203560235
2.5 -0.1 0 1 0.0011915985473735 226039779314254060853849559498547786659255778201997237548141899867910524482744981487019580787019001396618852279071334001124592110593556054135214026245550608071037883542668305114435175668985547218568286484634300197029413850268932
2.5 -0.1 0 2 0.00027583327147179644 17121320633478922373418325050352757650617213363400289267372697183013313784436573315436504309247930750860380735134977922632772095499304402630592051924471363516915462599722137908534380332125127591959652769953300283582759400392448
2.5 -0.1 0 3 0.00038716553530179906 10052631589907095226131987714828194939670299730753467721499404571441785587829883286051292717534233345845502643874742542950036885092930821628621498272373912348635281023131528037526757392696840290340247649823018898415544617404449
2.5 -0.1 0 4 0.0002670247484681028 195068888509888492823896709965203060472602207337257172842953701028983147113338337058817880340165460285802818946977211696237750203442427121399393421161760919299425913930378919179251640456969841535531797011403353850515862803710338

=== beta=-0.1, alphasc=3.0 ===
3.0 -0.1 0 0 0.0003455565638741166 268567079603618238588090047066577119451806726063552337075441981542144109448865409260364936949114063666647950861679548571671369138027565326009900467548813689198650705190706231319481445191005276361301844541769817396188140294898464
3.0 -0.1 0 1 0.0004297792753414736 71115000128649410436561131816785328832015541068102940034987995536264514546194831616453582907012341599275919553515244935301153431548783468063254805919020264168066570731164693152313823410243448738735107157311203769209635849454848
3.0 -0.1 0 2 0.0009549563048630916 61732608744799837411851124026197877619605948847317083434136239904241655962413023957693913979497941759115890057068080371373986804270289796955193342371781691056955344348721530674689448328584131393029185377943731189169302826405648
3.0 -0.1 0 3 0.00043218900562821966 27761956762019208642285473033359659216936123899280583499115971611475320612222968023894452668752082547512273794240535655120381986747764874817708941301250718652316863728024856173715999056226112345032642420138004282365975933829392
3.0 -0.1 0 4 0.00029124853308667834 52191676745729776515394461157795791285594860705517132841024043774161939763808126616126408886888075118300432503016038989503011601145894024001588367630266304156220479545011027965121012737613733394313508611847229018506429110419730

=== beta=0.0, alphasc=0.1 ===
0.1 0.0 0 0 0.06200531754336294 0
0.1 0.0 0 1 0.05698249248777618 1140610154405548804660292901425072831223307126812139982644798129474818791802169346626478202829342849944660577393398601884213007690044543756840694797938886457725264958975757481866791121828446208
0.1 0.0 0 2 0.06200531754336294 0
0.1 0.0 0 3 0.059115402001048 6135968474170062811786350401676042629723467188430438400
0.1 0.0 0 4 0.061387224358247346 431359146674410236714672241392314090778194310761239455508016469639168

=== beta=0.0, alphasc=0.5 ===
0.5 0.0 0 0 0.0013965034469068855 23701113809940906369888031879959582744696245364279948622285082470547109982391330435566490538271997226453821482431766389140632001413521446302762383739669132118843919319078690015387808211931271406541418813322616654868454773489664
0.5 0.0 0 1 0.0023917846151163243 22592111669666061030048592170079295908567255473665848240132900270564490286506932976329428460284168416415685191506509904387680513778194087321842412641472143111861477175921445284348188387939156178240032680728559885057327108
0.5 0.0 0 2 0.003279945144629726 344619390765356773862221026970217966391103274118301888106909366067076640387468297153852969967822878487842940619948502006460437309587797163448008953319790655812922096049613647401627668941562554921816641594097867202132542415586322
0.5 0.0 0 3 0.005903790835886067 116054226148030155180230001376348793720375375504155277305859042213062039021942790168267199947404025319941497899538870970246309900476040125022856480282252903667343922429888060854591708878230124330208330409903973128520367237759017
0.5 0.0 0 4 0.001440492102309229 29889818427800226553102590373799345272537531538580890494221859911381719834672051719230353855712272604530636582948998567218925762315644730812291357095294867372263189766401253674018759935928400580603820495218576584082884128940033

=== beta=0.0, alphasc=1.0 ===
1.0 0.0 0 0 0.00043520269126760326 219221200095763919938106245185267789045898447330021227766875843236929956394752076173310194848827282459724414276107063905120337825439133059701960597746953672830017840361502318190778613557959193553514337848406135669605478011244544
1.0 0.0 0 1 0.000466130817542659 48171876237495280125482125819115593722883500278073871036275954641355040186642246996076762260933753923907506122846003175493925684402853031487518959218558618425172907955000325014324218046752552317813117156704709619194210945697028
1.0 0.0 0 2 0.00035302154996641813 15930218815972423642878664378707110140376200420475300456116447451240881355486519517288020467306696980496691397627543141133903723054013435147300231469640245942535821927593991928793667988549416861250888064523041891927630388397056
1.0 0.0 0 3 0.0006004311168668211 20741072907130210107225131747131148595430238301488898309625377660341400167222633031860773470451172836089168482520195834387126228336713407933071502527282644525097700951109107867765139739530089466971877850398974981921526274607168
1.0 0.0 0 4 0.0006906341281751927 27483758537740004535700864839504992707470316934141929215738269980532313003204495568929657736423374495319206813901062972598998163031869274708067034484371250859408992773844383424234218317136973647295133396081594828316307755377420

=== beta=0.0, alphasc=1.5 ===
1.5 0.0 0 0 0.0005042387606759065 278376072707075285236535909243734964781202333302233252523230165518325438600875951710368016740707347834750167215517884101992305242268682994436056829760396279036420392474860534298709518542106133524637333953022465127578724061938464
1.5 0.0 0 1 0.0005273281360361349 190308719229551796521631160363471447242186452001927440878865308363605153197144291126753794742977390951637118727940292720990025080803369298816183841656399399640933795902163127166008184564265092317429574527817745423326033192995972
1.5 0.0 0 2 0.00030084125507526266 15550728633932269303066096185582984404154582286856321700142957747720172155695630119060729661958769686585388442902116821469095219445149284702671386238489679294228062476180564115603130744572156294617420887979061319141673715141648
1.5 0.0 0 3 0.0003317817569490507 2977956607628099260906682083774151238738617858654724380706861878868182520144734582678429099379693691378531528164807478365147006980647273780778587294528238064181782711576864842317279013339882291340971337020891745457145913542752
1.5 0.0 0 4 0.00036899946224331037 38682217870434970745055643729841451388491404095140813688150088984274699163115019817586017166136054275462316572801141573413600016150876415307631634519220305434088832137375754932561934026587573413688205341078923175858013284372738

=== beta=0.0, alphasc=2.0 ===
2.0 0.0 0 0 0.000361693407275151 266623791095580013757146086369333866482816231948546978640501070943330508360651360025699227991133765165610368027174405684886548708602934706799801133883229006607631823411554770230589140565785558188531531937901754487582564057907489
2.0 0.0 0 1 0.00039120679443071024 213257968682745374874490921550301436547898133420855919048803707861229386587500765894260631388150854816304731532095716125652779207707119349385623525348414759785681245516308675555256352613389464891777469446993706145094072558748941
2.0 0.0 0 2 0.00040050474849379997 1583291552404246059623100848417765413566320161620075709666780916362791609476741107002514879809509748206133468762780343960573473631403764051723075481360511023798555067344308189036924665602528081602876126871440353511256467762688
2.0 0.0 0 3 0.00037672894968848904 3332234867812053831483740293342036809521466363271682054132451096046058394158003897601814251799481557431924247128467393931544954435721589260261155351119972075846331930997373432809193634101730861459598428783026161892417426493473
2.0 0.0 0 4 0.0003236342507361564 14436105201523266330458990937195985383798612119245336107625757257514444123698165362771662708508470845674977303408048934225856799682897023513041498910421342077226128624270573955116619050769663563929598021343172821459335794135459

=== beta=0.0, alphasc=2.5 ===
2.5 0.0 0 0 0.0003344095683855754 266623887642231198033578208355856370080416796991623891372589132389846918038388576756972868823179308934179533155637034348055519182066741297779134718888865123578532117342922995739834344441081267339335044896150946321400494053955617
2.5 0.0 0 1 0.0005522202842518257 220059556634210053694376436359601703261987647556847599958210821699377170637158902637489063008491544321421197307418622375986855811851942180918285451939710856526766109805888998779384396197839492153714726222869132636991432654652692
2.5 0.0 0 2 0.00030392859843073966 206643111429331024849910132009433192903901102021080283439942721427305990142258991662451799910056347792438188320694910643049861234923455145872013211038448547478734910433632365316983738904111145215894623116142157038202717536043777
2.5 0.0 0 3 0.00036101670076650784 10052631236908042590349068694269828464869415952196903841174921873062385124543797237063125235467448643326067977430974939319550535972349401497575329311417258144348988737963167783556698229929597021723540006642854725962754483816489
2.5 0.0 0 4 0.0002550502137132479 1858257676488118041530577450172443952654611901860689865981507780279923080831589812119656475422079390250467622679821307159429439641755747896252217824174535025543990932350243438830861780411334012533517169043271156599757559835008

=== beta=0.0, alphasc=3.0 ===
3.0 0.0 0 0 0.0003872222253874991 268381688729396654972094911975992477830700193894650752236642276298528418633945229102107809035232209718243850795633645335632704866183227190242302002599050536814548348460097969299335748099364955796211791262249903941918182420512801
3.0 0.0 0 1 0.0006332284383108269 12631349887007669336542993728459854850252418783784625270823932705242055208003866586545570185817144155465971623796157773046621600606651592377523294538960975077598657660544996874818708558028046575139150368361554665739459932784388
3.0 0.0 0 2 0.0009211145396557974 61732608766862341261701881184875624987209721224466898037912066029367801636588375229453245382923533966977523354752185475316104829865843304060734062110892216501719700473526798258302298047440626667500321278748347860619050403811072
3.0 0.0 0 3 0.0004369881984015164 27021665109735480928068150457651940686542404714810666785928735972963389900266152943035573537425662698526814267933555406631211659885341745875348615119629095751855911167960355181294344146665256243813703352521196075704521834184705
3.0 0.0 0 4 0.0002996779225321493 191367765517049429682413665933035508411288440289019780367064227878029032210868315183769113423515496799744253454087987881428470018759719571008372810592353473973380663506276514945677155005414129440420606943418033259877474557231522

=== beta=0.1, alphasc=0.1 ===
0.1 0.1 0 0 0.06200531754336294 0
0.1 0.1 0 1 0.05698249248777618 1140610154405548804660292901425072831223307126812139982644798129474818791802169346626478202829342849944660577393398601884213007690044543756840694797938886457725264958975757481866791121828446208
0.1 0.1 0 2 0.06200531754336294 0
0.1 0.1 0 3 0.059115402001048 6135968474170062811786350401676042629723467188430438400
0.1 0.1 0 4 0.061387224358247346 431359146674410236714672241392314090778194310761239455508016469639168

=== beta=0.1, alphasc=0.5 ===
0.5 0.1 0 0 0.0015146104480924176 23701113809943599559469624647195290131516279990156710396264127935563173102213701626429490643652919423720395607718794604420686364660990512252074477847247053560006282457490529975534030139510178197520817796363058458790834871599104
0.5 0.1 0 1 0.0027190794652074877 22592111669666061030048592170079295908567255473665848269616981714482782100894078140300279170572615450919126038195328057233772553313370809170108785963509304210969617119925572192364354681087272564693275321461425343351029764
0.5 0.1 0 2 0.0029465731695885794 94767256490746955057073525962327943077252557463360946748792207088085043669371699086981395791026336653264110586644919019860313271597084636158485029190310297518551528039223772938901792968027670939983260511004283163185763787472896
0.5 0.1 0 3 0.005332622757319229 163433318320293001101524541429525751583439523975734149420931384452289974787739639105708985826606348329412158477933631723825143622117130194621214868894545678112549561250419919854280251938948510358053314331179340807016506475937833
0.5 0.1 0 4 0.001505148091427618 29889818427800226553102590373799345272537531671365388698413634583328880093334888913347579436701655218504701421219696869121910889845086539052463987285723170323499357888053997023843480275987568666701228512275542774844672501358593

=== beta=0.1, alphasc=1.0 ===
1.0 0.1 0 0 0.000692033416349938 219221200095763919938126937456011299831984782611141455082377688728218872998798245832873825232394877142729604657057247981200315928811474999508464755580385376288836047934087259100039828677715698947800659005104936703487528973369344
1.0 0.1 0 1 0.0004877874628833167 48171514763708565473642477142119643390894889522764041797799517254668186837139195999065042931979464754306556467397472048501012016743613592581788665489471044186726132702923089534812465953985582191442045456309830493303512835391748
1.0 0.1 0 2 0.00039752085599054494 15976487460671899078348678577977790763289349135751574910337172503890445714015666116840745081685190965103746548531414414943804911450306559194823158001009435003702062654536333152281115633386924478399016665218744812935809906508800
1.0 0.1 0 3 0.0005907577556245486 20741072896098905581021157149673692178340656502449326667779227751499281332838230550245036131725667340281838252206982610488857576177289356555299148225989905664619772777509300420750498924618593350175054263792706509878780284127296
1.0 0.1 0 4 0.0006478165584480009 27483758537739999111185716367744886364249382169132741125696039523795578470389760626243564196755748388471358418153927849034787577342054480328295946181460269026753006622295931609159708243984050970497677854907666818694159673860876

=== beta=0.1, alphasc=1.5 ===
1.5 0.1 0 0 0.0003666839355135724 278378919312800855951304190128494088672563538880779898295969043360992406015932964988914092173706194217092398346060624133682151552213730990628874388354947278176271666931584654208264500385423820285998342496397343727245110213083936
1.5 0.1 0 1 0.00045900802177671705 213214684927055353389789453028778180517034243947021944590035946557204508268741095855248222985184126974017823447793178648112181669801340648838568988125533999661903180235116111118119196291077891525008966196684154229847374315438340
1.5 0.1 0 2 0.00030180900571030056 15550717337876434408543742754903497430767275788493084054718444310768290968381146772078332725233887512104729788376462257306160829324555523898750786425155503907875417967351323902377848738230502961296146282574653803353847810534416
1.5 0.1 0 3 0.0003969266252854913 16763346867057682663738051000364874040698915707148026781998953668721306856032385791501917716259037915561517243898574879607458809810109022786249475712902668700468661684663078105932711444388028368065375869740828513217399490656
1.5 0.1 0 4 0.00034905647511090563 28316595606730832964425776044878200472482725183364459002986800881599663677557526915230654978020587421226231188733584203633347278714699753431077037494651884669769887498766566274437170197013327607674356655602383245017198360826122

=== beta=0.1, alphasc=2.0 ===
2.0 0.1 0 0 0.00025188494895337716 23712818808496617466602123793933569273040284154237901336525966467578997068082416998018451645903014029263885668762159784259983095599704714538266794600367777809050652958423417910496034421365414928143346486304417470431036570632736
2.0 0.1 0 1 0.0005093683481334899 30415851748904602791210105165932209597532435085485144876860900166793892669330879688624277762081633922675082633343441910314580415271573041362330242288904029417210164846788805274268524367273546431231445430204530021840324603217165
2.0 0.1 0 2 0.0005181568020473309 2323587749585383995980517628732897210188518837265008659157021730074119251814846750598183113219272512242084334621109791563472335316915485998428970820559969543231938728279755627617972665336203856220149340485698612321118396939776
2.0 0.1 0 3 0.0006238167255558429 2962085698818271944151803037002817055936980091411347555693228999542585446902231088639591704145006350476922187678604357398790969494784657376538548807858726077498121526354208023497862765019941790126495156081764652662143086231649
2.0 0.1 0 4 0.0002607446377037513 13695807768836021484940910496415948578783990364741357977940440741823954639443831016400158672995690493407754604320095494859153323852543162964160151424742077586041253517576451369417270654881850210530195805234343258150490112790947

=== beta=0.1, alphasc=2.5 ===
2.5 0.1 0 0 0.0003246689761024319 268011850216438780527026405014385886094668423560831483736352824590096256890900453443829153258490806183249965035548268271409729577829355672047593216004181958428234304383647688160911625438807373789771101624537704579469578747284256
2.5 0.1 0 1 0.00048801668621611884 225798218985119961099296144159295495987634593798590670906834112444973896291000523634382789325418331717705141253214757941119862936974331274610856138194341098690093255436295256005629750593485687916060744445702423570739427880275213
2.5 0.1 0 2 0.00029858736040210546 61729728236772750401748994750538859205266786181582028402915825344699393940847197389367908151039711297313727991879600111631617940962995922672381082630104726905149694157678088585328926935373639460212060118249291246008172572067584
2.5 0.1 0 3 0.00048549288892774155 9319566986537374730857779783914572209965532821503415001366003214255799469860959956314130516991341972349148915743970949747010150378125242376842058105779510919706895029336568782790541566550515791062395207545518027825734593087785
2.5 0.1 0 4 0.00021915606783325597 1851028719225137818514488895419726375381292229898764164165466549871165242032018678679464151353833694029738019547861830657254065982803611885930754304900812761398435342580174169097098195932383331553797109583066105975211808532754

=== beta=0.1, alphasc=3.0 ===
3.0 0.1 0 0 0.0003557797785416488 262620881001901195267301610036171163780629940749154200435338037833078028938995462307731122802400165932713805911857190569509832106116200740874726664194112267125874812257285662904680015603285539854531156007070855118143443700843040
3.0 0.1 0 1 0.0004805154412897275 201364133796971007047898692249819007992680978270511102058115462586880530504616551249270311014063935065884944214226347162858911050760207830783999350096236671397840211895534153659923394624520160238083141795521997115162735506097412
3.0 0.1 0 2 0.00038234834285801473 14260899135194995621884498395142771856683210058642270762188182847228151689042655666135132206391237946698508341654944443405430742982843347135657891215884006519735464474632586704969145669251307187984974448524572504805141205765904
3.0 0.1 0 3 0.0005842862542697437 9254502766624468636084241286448476281373412726025977541850418080876691260408808855182097503605744529520141746223331688813555548293972594035636302019970694867655179387177017775400533114281337203571598202510828083010926119308584
3.0 0.1 0 4 0.00031728683673306246 4864275363565261515791909156155967410113186833622023567248332823918827398037149771830231270868849157354401257502139267977037914295153576595317539210086266151639113024625754664501091828273775901678741551677507670165145541411602

=== beta=0.2, alphasc=0.1 ===
0.1 0.2 0 0 0.06200531754336294 0
0.1 0.2 0 1 0.05698249248777618 1140610154405548804660292901425072831223307126812139982644798129474818791802169346626478202829342849944660577393398601884213007690044543756840694797938886457725264958975757481866791121828446208
0.1 0.2 0 2 0.06200531754336294 0
0.1 0.2 0 3 0.059115402001048 6135968474170062811786350401676042629723467188430438400
0.1 0.2 0 4 0.061387224358247346 431359146674410236714672241392314090778194310761239455508016469639168

=== beta=0.2, alphasc=0.5 ===
0.5 0.2 0 0 0.001566352809684517 23701113809943599559469624647195290131516279990156710396264127935563173102213701626429490643652919423720395607718794604420686364660957137454638213627209631345847383205699862717372207439979755672398595613147735950196726088990720
0.5 0.2 0 1 0.0027310660756928898 22592111669666061030048592170079295908567255473665848269616981714482782100894078140300279170572615450919126038195328057233772553313370809170108785963509304210969617119925572009676650014724407789232671231926047886359461892
0.5 0.2 0 2 0.0032349096268002387 344619390765356773862221026970217966391103274118301888106909366067076640387468297153852969967822878487842940619948501856153712012062470578521250758802220903769238965917141922135005490880184947586876259917361970576935548371747858
0.5 0.2 0 3 0.005332622757319229 163433318320293001101524541429525751583439523975734149420931384452289974787739639105708985826606348329412158477933631723825143622117130194621214868894545678112549561250419919854280251938948510358053314331179340807016506475937833
0.5 0.2 0 4 0.001288330594228581 29889818427800226553263116982122965069511438833318517624974619074381833397152585474110175022465115936952994467370746321368828164697222592756825896559132566867385729083599683337658145841782485400132251224769496563469115508137985

=== beta=0.2, alphasc=1.0 ===
1.0 0.2 0 0 0.0003939237622271764 231065973139519750728461916589068956520572731468180854289785342428277068758204942688148508568230761255338857784104033277929416901869550917935786136885289292889769167988593663819461234290750974675694278336624024785575266375172096
1.0 0.2 0 1 0.00045060770616084535 71861059432317355502045035931774864620837816116530718963212863495923372990991818728189189476785969451610212197268696741907213355966880808579409249643395524970979425669086430000682695933982034927440360733465343490088487563673860
1.0 0.2 0 2 0.0003831269888100528 15930218815972423642878821142973051175334182884472643516640104358072235238006514319308010823745314056744407419928755772128535754647843920234917654049187109590197751714709664126800932780224788964503442365219780678838749873570816
1.0 0.2 0 3 0.0008471413977352329 20741072896098905560473751284250358165402070496470906879290158525986419276260794401154071814361302155926517878139811746639277834146504745548091171535388657371399060168398514556086247534859376735865457018896170635031736693573696
1.0 0.2 0 4 0.00027154678381027407 27483758537739988590913913270997871882269616400576378887254447960422920166679941856279114311003116415549703752062129472182922942773876801589381549484494752228472975732226615321206797678821263892582065516400368816271723817345804

=== beta=0.2, alphasc=1.5 ===
1.5 0.2 0 0 0.00038358305741162656 278468564812231957656721336626233751105582079580878365828505880379269770527757983999317710200000903379459395346575518655706265489243530953602001907314659207005526749916107464743274460356993469658262173435622538021100197020696865
1.5 0.2 0 1 0.0006528002894036041 261331180800202478017777717453859656758831051751532841988404256302522490408997373746442713876524471743974072810203107471465508003370399543270033747865657511182766590613816919676555269515194013780145746000827469303339547568982276
1.5 0.2 0 2 0.00029642390587778124 15551078811835513275804945718638804325540561021908840958238273487676992576158978041649288820367836982831824802738885201336626904317540357553057465110604734456927721078866620828124481672811046826006475410827478294610703496031248
1.5 0.2 0 3 0.0002732218058881224 386912504462860591086454500301648140758767800029623174802781383884088798366487245309420291330374565716463444964659454924318214230798706928621933404504798634280850130456749909618269394254822249364965367183384535398002066458721
1.5 0.2 0 4 0.00035374881766440475 37213194093379782505498292931876325419524552310508485304406369248124168187405631356691616366929934212173880505815478998054339011521501606503658704391879443840380048669147535559444086494499901771424980612359266185469696755929858

=== beta=0.2, alphasc=2.0 ===
2.0 0.2 0 0 0.00028993302353059585 35557456298849222877842380690340192770835568944730155353336198881973421271456277386738458109843497412633393804428797395370862352060500871432063235503497190192490023357619404444962288123061387972896630537710615723588395779260960
2.0 0.2 0 1 0.00045806408319010877 30415851925750225175219273933642571016363191423911423724199255390024542846555821878066125812751265629615630551865585819641718799684549318872657985575409542923287086406516641875771967908075327229225736547268506508493636063792397
2.0 0.2 0 2 0.00029655710409380977 191840320024918299101219637006748177687234324622847653615972353052917087151253457848026623427147692833432428789495579550474575661810972600684100542081623142586107858427868347544212420990109590146890137119717557191707999530183168
2.0 0.2 0 3 0.0004623455409583213 3014476773035168059913016717151788300235501759901384067167108832798172729977650617574078213308949748651646779816428944007414355908898645652684310608666774914155046653680023233868949414304401851907318825278680975453768992690184
2.0 0.2 0 4 0.0002169870297390221 49230126142042658062573708466903211353353174473684118013588545922165170586880987603150746360236913936793836303544740110051155587372972305392836315806707702332761016410591274688644413829406605278722088191531481555919086995644832

=== beta=0.2, alphasc=2.5 ===
2.5 0.2 0 0 0.00028211025717243566 271065581124605476628316542246891938602204915245519635197308033807103515404480269770862560750494930453377411188802861945180837528827920351311719770680285258283361649722710025501587644930454719844306781739681847657807625920223264
2.5 0.2 0 1 0.00044772982071795416 213362165029621388101746168990470942364159617203968646257732704346316441487263188885754479703674031460019488455995970141888946592221799260437378873080620190619162488420316647886456324450065447282877809044182170043023774347511044
2.5 0.2 0 2 0.00038720456121805146 253929678318391678972653928123532480846719926902092441021430660961358077637380542184201796213111228717355484493146570432989633628560574062604289767456494615083553747319724759437948720586523694443188644944855824020425859758056704
2.5 0.2 0 3 0.00041609957893091424 9312334333724762147055437029160157571465720354979274685973056266554482950832432170705679083064225657832284554856127632278151427313275409114777521148239154759934426296033678502768082415113447936301717440808998087127135993004313
2.5 0.2 0 4 0.00027506198628972166 1852474625403300890434228244149123156109255789081322757019592672116180201532089785813574851532911905323885392117952844109466866779049712887072693819883034382093307204151308620753614457073596778596807190121645351574853577154978

=== beta=0.2, alphasc=3.0 ===
3.0 0.2 0 0 0.0003078475241661066 263200459028783446959477670726177968971701235762313631314832844813632593712238528904390247017506312428807126664947635336932449370799196597192737720722333847361213666269153002101493888171654792965324013105086238623337708031050528
3.0 0.2 0 1 0.0004898235839673102 213998364181013447252879856418003106122483626832509055893099215301363922087093761681124636845146859326162230761068436417830705058990429780882282744960863649460173257000767241218354406315550902898864392971724232564549837767379213
3.0 0.2 0 2 0.0003358960567021619 64506207716006827143117535928992892979103089895717167464700690022851615249500918174126587529017811945938883625997260421686275774926246862999047299847234698351014533302708562767382762793149970191231098378466421767934486390787840
3.0 0.2 0 3 0.00041888571053190477 3378476989295470357754380155449798100793175389739128349963493713128802320831523033371476240184265809754327804245030359514391365216148799406296438933271343270059515327239425731834877341894174583570636168579124029121724560790792
3.0 0.2 0 4 0.0003859594245558423 5604624422768461780242551710843103435026252361603255442712631576240834839714531073002910868795915401228404681859347532984733455314665854814283215118452472393869500177722936510618506843349962667384056920084506473895695248262418
