
=== beta=-0.1, alphasc=4.0 ===
4.0 -0.1 0 0 0.00011418446510423765 85929250140391543983109663249158438180438974723103716875324445847334608058894155351776533678870549339059477085262487768999826068626822601557150814012723515625667970084477804041701328655905909694378688852543427591649177269960704
4.0 -0.1 0 1 7.288757579250529e-05 740301139217011731469526397324934497207795547454384191396749134073798384512154314984980137347239738873908023344062042131639685585693584490845823864113724722749093673136953035874549088112561782296906822080795671210326010892864
4.0 -0.1 0 2 6.454585957013158e-05 51087813224698515181298481567715033757780510926861926607481336774475984510542431202072168630833854312933859238483748285852008305179376069021478999260265870786757721146614289459015724120362426707837305351611938934430099381963792
4.0 -0.1 0 3 7.646140639417736e-05 2961916309022056533279505950434889246765902726178354203368615529183419134840923765626069057653011844326722933491577379670700290452796092983412553886520063230091010504466296060023775482149066045134527996304503979808012757893184
4.0 -0.1 0 4 7.901796318143712e-05 2961922231432152480500466741744781880078851049993630065528695929775850283637583799724804123104025270256557902874996306566948985777972293854383233474293998951445923820039360214369929836557561227479100869904097393960910163820612

=== beta=-0.1, alphasc=5.0 ===
5.0 -0.1 0 0 0.00011099536039947633 77800732615281368633990632755507098869115510634225941791958194141658642918168666922428718055530078215601439287832678127564599787202188744598668498507647649277044652600691287534738930740149777924376806626771405179939264823332096
5.0 -0.1 0 1 9.299884835802908e-05 46268644710248193796385306635538231438288533842455103113304094138591302824630073195361318998812224745064280432896100319550088907136121394179821187349695714576150774732797047854792915071291661971080658078765792097014156690692
5.0 -0.1 0 2 7.68779190550631e-05 285226490897374870773098276234753616469847154913066766625980020474553878497923434125832781356129045912747005446469199668985192574503809411378666441920403842785169409033320592194436121791244041164738571155016782067031794272256
5.0 -0.1 0 3 6.800812283479334e-05 5925278318034504577244159154083995685145424163670415080501092580674198297568806265421523329550853788045860163842884931868616671729034672900647005050655164835810555778590023671908490590910512017387141712288199560136862002581504
5.0 -0.1 0 4 7.135280261994116e-05 213951997034994904311438944150356320221394695671738757230714529220414928201616104679256583431688747537319247305622240269428851558979417393709147975853010720395441485361808588636894481240362172849141776782318798550328117739859221

=== beta=-0.1, alphasc=6.0 ===
6.0 -0.1 0 0 9.388496846880767e-05 186610887551181282844454280618901163033017722055391578799061547545277691010976166967848078142271224290906736148720023102886991172369328825571003410408392017709881430895391643600038057426915776717983270739514858975885726318592
6.0 -0.1 0 1 0.00010215936124441482 213951996693585992465275288904694663771519080593820823706980660435891404031406904914160693869518100783908046014230381081714766791260219212023827000274489820700175755366110279323811261218617965050683388313162621709082093294781700
6.0 -0.1 0 2 7.345131104893753e-05 59964169531894565750656108080648132425444334306697607449792155243814146146414608025664003687142124085188784986192773302529296570424828543683194527154382262072525429181653321044237508846914935298700712198227765860410659351072256
6.0 -0.1 0 3 7.462118892607605e-05 6506550245018467200031897555350011326159345323380348546385976709668129476922669416394458703479488896651000897381028405297254602670134957426193105877102556201911524561712439126988946439858908933180696561216514656903314804800
6.0 -0.1 0 4 0.0001049575973318215 308755008494712014405003676817413564530925016605702139290960752572498911075553885143234348696152504718315474176710509758949237768546326483264762868858795294560563126494076835889659676442985911172419882603570871811596912385067008

=== beta=-0.1, alphasc=7.0 ===
7.0 -0.1 0 0 5.8831650192607565e-05 157013012926036218523102159539078177611198016309331413395599740370734311332834523635159597206381258178191538948548614656924991990605614154270784438994017845454858502283306873819493651409261504889938314190684553619623327455264776
7.0 -0.1 0 1 9.185762964048198e-05 23230697708004764055556258573074525654381961010132320301095563357921133964509937964202480714031288997874618815167988092014103631036172417343045017207190108864883325309333609149945042264225043914302179592369985577352239317252
7.0 -0.1 0 2 0.0001038243622241366 60889536645480576031236477246206048906251109802921459411046223422510907193397816393840264538693981027756123751942581356895015543759630512927282683758894600460142417958075887296381316048669018500587511309885962977787637284209664
7.0 -0.1 0 3 6.729043984770259e-05 228012649260452924278717304181522784857148024703153635192590744068035744828832460562047842707643820164772562766809942476206076603991948341677953346363993250823275106584100919234330026965896889514624275532273458166083176505607682
7.0 -0.1 0 4 7.081438266053571e-05 249952255919737262504712000403889815008391957796103268310592140254979606083903166076550712754051489818374554421098239637128268585012009267167745654284113562371864885742560269164627342661399911780813580364207892941175709310910464

=== beta=-0.1, alphasc=8.0 ===
8.0 -0.1 0 0 8.865406598278402e-05 811243409921518136928646262884722968116641558805983186050044334726222359499779971781225626813817610767826878663327616241679861012315024259940418309713119290256290065922821451421997246914700820467953812346363389018491097972736
8.0 -0.1 0 1 8.227267490224848e-05 192523967559194289640518432007671160402519740672727755523354769300576851114829333864839498909771942809033421375147380180564933633997198304661658110336476990473654161905334293406824429473792049753516336692429351366271739971518464
8.0 -0.1 0 2 7.649299752809703e-05 53395462589860822149103497607665364154761838760792552516398379541228522509636190423117035945097879817160727911410122247720129982417551350528206511108698437638659796594852562996941805373823334197979522241906823807913044260997120
8.0 -0.1 0 3 0.00014959195045745528 24614964252616252727812044153860407050122733218537685249515015889806593322203064354017520657613266963044160845818301750795712728046587424030127239003913475466370589533026575211728264718800051163741851493925177926383820184485888
8.0 -0.1 0 4 6.180152001727756e-05 94946337280560838566577596854876418316848893428989039840342244843767449171734013774745853504604758284818961174217228416416199588148056975978244641339181287887752321197476222988278881394707244558627322783011771942108550928793602

=== beta=-0.1, alphasc=9.0 ===
9.0 -0.1 0 0 6.285150696957446e-05 94759633069203877073157370756355638849542805280129705187007196964219954936831821954464222473396753230897025061198681043277895978550737112131933823177403172458630244311277578169975723515392140252813112039808081582506194143021056
9.0 -0.1 0 1 8.481652436256004e-05 5922392169614636948238699853971845026151087988565872551109074048762636297359292464770775472327562382401922030962570655607725789498031961253788210531069688998209425716563404697456508906496526604396473238529678273435948187385857
9.0 -0.1 0 2 8.791286252226572e-05 14805966303832307680050771389249521984157881544384501570293564102382173173190639358345652022731426673099697497342006463196414836590625405448064208571638174454178835137147908239218200256773309369341849075066372777839687585958912
9.0 -0.1 0 3 9.864481364501136e-05 185797529129851515210114093573267933414546403341736529701159175580084924165861822850927794296278988010289177760037861673161791211180612267263407109908318556681776248153403480437808920337567139341394946266148425269497800163328
9.0 -0.1 0 4 8.257788306567967e-05 97811943874617601993309584098416334500504031718068951433256817938832228674778284377276952697741153947495387863740542091143989735200289608935559253112802427415919578772576213641572531818068413911999501426833685545587883152261120

=== beta=-0.1, alphasc=10.0 ===
10.0 -0.1 0 0 0.00010888032916019648 80001378839742718201193193887247783342999893538736448079691261758073955448948345172474424934744761701681118902115474751710192837011224589679171885139804568312044489194645376361747362180695854011796875828799969013301872833889408
10.0 -0.1 0 1 0.0002842998958172936 11042119694416183552242629612749066553151951252463542089052469159304570119605218532017168227056605012594329279548137574082839415700980787859786334966421205364539931425217631746328606328589619236414621660623298681278848
10.0 -0.1 0 2 0.00013297198508379108 98366065241050219153734472675816808968436567432348937801816919690289716710167927548258835133358358732084014388224874590801646705622818445602648170312949871268416493877518636098052614028009683978576925520885031764585468921920
10.0 -0.1 0 3 0.00013744915773313644 2961193310407300868719278005164241700589640019995223746648611674193232964213788082232110090925202178430042529667731531827769594296622061848486938683439671589655741791935351126965372321872170163055620835498639021478686234771456
10.0 -0.1 0 4 7.830006323136081e-05 14892605839012306878855926494714899011201172422346449546267334860421325438917058495539334945387210968138877182499215317718543456095222625872944087961419806885535630636047609550083822361728191646493538845554128670982930432

=== beta=0.0, alphasc=4.0 ===
4.0 0.0 0 0 6.851806209437138e-05 23933964516665240633560162301384450840891675440490444471467599714798762958513780636151656295938272964553873055560492860891732224836065122191538618648711891586442859254351674397731032770804515527942969610094815813403193368379904
4.0 0.0 0 1 5.378975129670015e-05 189516368700265825103091284573554522941566426504800339199483416094020092984641025591225339641396215114577831938024401608010560121750534685004739999111168372189340649928646513210902709457338170713336195501138139614353408626594628
4.0 0.0 0 2 5.803184420568562e-05 238746573782139184934946354337341260166780771063004682854857077369320088659700989652911421618710113028194940356089851175182079615892171390836633657768921917726609399190337286213716375784882066473107297254550206654250255878474768
4.0 0.0 0 3 4.491931817180124e-05 17998869915472097114454209675241456489011187016134907963209528005577340454867330754313486868859174635277215478302219280531500797062850100247965916320353605649232338260923008372437474489723372024792782649970574923238822594543617
4.0 0.0 0 4 4.196604978098853e-05 1110867545036553242887736717253360722792044423508580457531378530256469747389889802799819153412398501383209038911461650880720114954639724165462721799679637059687361855522062573168036851055375765128418704990845883613655893838224

=== beta=0.0, alphasc=5.0 ===
5.0 0.0 0 0 8.519303703606644e-05 166151440195720404708183315850711016160926828599674443855905147702196788455398505342209429534333126973259451563075681319611124687927283895554739106717526361905560992866026528117952531906244540657144783905561868992992838902874112
5.0 0.0 0 1 4.424225026781221e-05 3146279494374562887324237816762614552742307119671158448224995524201241971256101221245807790786269384618398904894009292976124297930611644359960768329447352175116281734025262616523741166213009349318126530325785775383611149714448
5.0 0.0 0 2 4.734347168523842e-05 189516369042225492656927597962963591559245721520993162454767412389729639307342614481589286226990700859233428251735972577371015881203448976852944432421702050236446784360912079074772503407204469095465919592307672426155804663221250
5.0 0.0 0 3 6.896599653996707e-05 4034104673235716742534138960482012135961894444955732212725589994183300578797579038555642201061058040315865947554937372491429984627284962378850126210938060576579447534345519069070868397035531614233596838562506969516429807632
5.0 0.0 0 4 5.382061580791443e-05 49232731250792996121120964697813227239542662441755287579481640793628503537837207360924585441030926483824046367769547546896982885447206879883513224889348690993331081568305086573622680484394247442258050784741669052159025764903171

=== beta=0.0, alphasc=6.0 ===
6.0 0.0 0 0 6.228142632697087e-05 119194366296488757362903439648362746906758099429010604166538143896885051117916937014766746928039667323090136552927854216249679392983394013655766559300663706821169767558002022734210923446422159124678297999176757515415398851280896
6.0 0.0 0 1 5.633973665888344e-05 189516459256061546470424962135909254296577447547852134056641837948062963330418765197914155588294413382093364084377234472968253389755719019967938272980369552852038688011965733319329974386774240256403775013970477886597305743704336
6.0 0.0 0 2 6.694027707546396e-05 10364190179750714900950821811970441766686278551494305474735890234973739040531710103606398911568443790284499045196440843398803523374733303285874456683663153877976511945087714849186454516524838632027761132159586472163852366663682
6.0 0.0 0 3 5.049944055736998e-05 23690269121958340174687451364736933736376969241262970208953437819517193237847435764689728459863615880522624426538880798016026828309993745583115592576934233866149341196593419697661204056653839148923653027460655131966831954301248
6.0 0.0 0 4 5.223588824297512e-05 561289939176306755874962183216909966045436659895404966649620870599162450031830606853825147196573991689430149778909294467520197113461501967112563826650109631622065794161195171487484829346355665559146239237587449073116257452032

=== beta=0.0, alphasc=7.0 ===
7.0 0.0 0 0 6.496772266382036e-05 20751492867448886285033102353867564272783303886197798804902334984263256896476162147710949469983197122379805248424699643748792705848144526019439125061524861710713767733568969957208734005735211985410313083969454052923438465548288
7.0 0.0 0 1 6.34570844662178e-05 186523297972191621799205129838166067890858767003559666162424764949153987007535868112101525392509431749227432780120181842325983565918770803235314398659735800265113957753156462052905975309123873863290438667429285661909415626052
7.0 0.0 0 2 5.5602704751244715e-05 1678685677509822507528904074555470100305010041969053258969141738354383262342128701107376548812843218488750408850407398203453960088867461484470487105412129024673931586863649290281032577406243867139125112537267135381623165435904
7.0 0.0 0 3 5.195604291297979e-05 185075990807931974811713130843055639268463164840227659899922714773569884099046011158489480751008384865429456917839780071173842754471858002936564670927015443353859202938172753379366057966495205767882233300170127684636537851904
7.0 0.0 0 4 4.733047252443806e-05 142510727390712081952941399836849552938588905015077977529503781462824287939570313925754263924090299926603272340858529384435035095315040243538084444409947541439346862921172400513027625906971622214340909203420896283141876918321152

=== beta=0.0, alphasc=8.0 ===
8.0 0.0 0 0 5.6287713657063524e-05 994776561707013519664694762034326995999280209138711142273154191794671251520892184947106673298772193339988978444093839926544609384637044542858369904027487788361184350798353561225917385120951622819062963145407020767040203915264
8.0 0.0 0 1 6.336012322066047e-05 19191999060404737653828896023951365758390566737069813157054380980493436614879702082259888490511204540647266302523774970237951906070573566396917761839838922372661492484465686444712029351331446105927562769492053407065027117056
8.0 0.0 0 2 8.141317072019203e-05 1480596630727942201484328582832325446185186926242000847309810257139866325466709518857692115957281010845063328432555159137891636481170357019526506053255530039926644097711642433460300792657971296012565600319097341023173732501504
8.0 0.0 0 3 5.143413426092851e-05 4072047397079797218695351669346066584844895413464866786622726989233644387142757998260248088219093945049889584352484361826560115593961467798612233974849048066951130931492208543511346703970749988367285613381436377969786040619024
8.0 0.0 0 4 6.355849360611222e-05 556853576345896916621692701707738576783252429916523198235157198764231926662209982391658980625383618685243263351336054806057494068481975649666715877860874750399239445933074575867894107278468194362687832043940755722141482123266

=== beta=0.0, alphasc=9.0 ===
9.0 0.0 0 0 9.911293568239442e-05 11891064302111829795417771618397201434557268523751938326124172128241430490059779110640017544247853409038735015176034370071786557162406542219825033872841581212457968338817739511959821833848299132415741131805246858286120730386432
9.0 0.0 0 1 4.822649597696237e-05 2897443880377948107061978848193303549254482242151808577487186345328968030673438246693836655000508142749640762374990329269847052680113583467098338741585803385401062649195091489176696806890413255131987706206002665599340659712
9.0 0.0 0 2 0.0002853354064916768 47379097820290763339013746817983746646210896380158727705500621438300008555796229183623366797467992062962821574700814414720600941837678300343124470888301241919698762701498433624024546657559902374247113174019755495218893488753169
9.0 0.0 0 3 8.281722493648567e-05 12587963171303101247856749226072793213262066246571029057028842045890153728367767025570761990723706992023593387951954072498221178615192722636222804086161362359188475329772283315626607933531934894445916064294428575722511734492416
9.0 0.0 0 4 5.803462917303777e-05 6145069548926468380118182873181025562966804283109696430758962882183885177000262769301995665930695761571862839359574941931933781641242827933916896023461493102205956849727774710756935143387159696197252836173005421553775542272

=== beta=0.0, alphasc=10.0 ===
10.0 0.0 0 0 6.415485932805709e-05 56448108647213169705589444726476573817640606522817605606552144345174026595238983395892019003346518151812958370947480800435186868731468225837289569124298850221591694159933957782410246352313404704287319317868817895106629750489088
10.0 0.0 0 1 4.4754871238720435e-05 12239505291986067917697398470570972209266292729689447704510458243495483947456031899275826280756734221553388751652817776937790384340997426852627697607473795036997321447413610609258940861899237711884730132041775346529112467476480
10.0 0.0 0 2 5.6391932028029905e-05 59455660292093409782046914628743929980756153173206643006600562640559882618752747332282682753886367596556224249718217969297325381468882642187466001286363992497160024210666546662422950624586941998603801316505822262120979903022608
10.0 0.0 0 3 6.670856113434218e-05 189932967294471296139820388352071283432044573064482161699257224210772057326971150539679459547715692940846274860079841164982645128876217910919628938790513615831725827832569566393417840632353087318038274548735780137183821850286346
10.0 0.0 0 4 0.00010125316450882432 15783575348049344160336962751811151120558257524592091970163803934274926291598616969184589649390480174455910316053040069292966887872008577858020143990618623384250509704796127144523326199033171019168071644218376596253392781709312

=== beta=0.1, alphasc=4.0 ===
4.0 0.1 0 0 0.00010862560194271885 29983634972937392745578894330938836816175674597027038527842998207256948630277722070064724690484307478986836229665041319515443098231153441425649669872561962747480391651793055603283638404584632314619956003920793586278289098409474
4.0 0.1 0 1 9.329436009192078e-05 5260135902777878409767726046883494761563137969954052000725691872291251251812276283313574144911515273857043350512017234335681675060441330633802814244800950076977058860372141368283295237584632035343089400762406228
4.0 0.1 0 2 9.722608877368931e-05 1482048173957949652244101627624238636810752220658094555780519722808130590738112125926407043482432608620144383751538199095080952523742835010802900947396497120491856618886641185233596286151572884465896745863924625617117083879441
4.0 0.1 0 3 9.018217107037148e-05 192662643589340077162123850743903536716869396934917331029787221709728149465673173585218761697427535896342438402503103418058403326057979197381043943690511980400080679076249243892777523153192378072541007170690186844572586093314114
4.0 0.1 0 4 6.009326925260752e-05 102947734489426757504073950088177810616255186705425951110747198684037852325074163631015978814015663622326413521712335405643988327918122650518679853925676694485447559847359574177680108566153436165632759856472607442200555455285505

=== beta=0.1, alphasc=5.0 ===
5.0 0.1 0 0 9.401961431813997e-05 57003203322265428045530214221238404371165213921709168038928218081617174790101238552493291408056273629771714569905996450524839892278939258629187224071271053106226199894715691518816810327997597656005875576930019409692314795245568
5.0 0.1 0 1 9.949481850137438e-05 50340285433384869498593176067660569125920812080562695924920525594434952566523285745202512626049150708330842958793488999854881205509643343198135958409331694365160606232145039716322777044625032679733669340530900774234573418597380
5.0 0.1 0 2 8.404469351260251e-05 12957028657322742592834203238119727986920873280398619261412645660633330539458918286587941705774293250718995903103964928162426785765027049004104370164046013518701592351998942495654680208828212910906333884404652398206802419303424
5.0 0.1 0 3 0.00011292746845311035 98459721132522350202200708641035533229924798512278842894981603958352181439632416004095068546723879617911015468583833028964640564489395270023879855764840374439925081097625530720349046697546616057128208490737577223502408532363280
5.0 0.1 0 4 5.221637170557423e-05 190256667004587729440056172438666142125121918227895470870751307391423902759408460483726256004831722046954048824689653189556635023227326660688459331528184110130823793906855083407314787888109727690792380878672779930622143655578146

=== beta=0.1, alphasc=6.0 ===
6.0 0.1 0 0 7.137466804356004e-05 261913790590549919799899591461137431226556286572091712057813477421510771451571942259973492929376681141299220428367866817237945987676375299389684061251814960640787011874748401362359162368303353524777065849324821278036650591518720
6.0 0.1 0 1 7.615774276817793e-05 5784292117349127916495402644056475524641443924056688537751101002826420156190760682622514251630039415242553577449977824057496129915345674885316822032745880114511414880050079406966111367233316568260752137098340361844661194000
6.0 0.1 0 2 7.53586773651672e-05 1482042525874800808849037101981243628254652809633530151011268719904786102595535664505847624055954190354714840106462605603035589993573485120968158218562545978238602087543825822281834275277997651958188732580494183959678845455872
6.0 0.1 0 3 6.234590600081929e-05 23692485190554767374679684062376696451958035866975379403425821353815984687693142762118206182096110011474900198514166339379457265515308835648414823195624777264476578512506505589340980030337735793562104632823033131087308870648832
6.0 0.1 0 4 4.417975596290779e-05 74775198680264111844223471464114284737300003477822672520984762572241031627974398689798169075722455417329299313573628576498492922765102922259898482565104330694250283668606817187376852668448001058845821512515314144069518807269376

=== beta=0.1, alphasc=7.0 ===
7.0 0.1 0 0 5.87435261330462e-05 370160500534851206766548296450438779153257321131962881618336474389933013826064040601382747527698639990159828668593807686904207067206594594410953383423433169208902504223432261954101250821338638448583849187708612679043943235584
7.0 0.1 0 1 5.631042886787386e-05 32318274979113857461574341075068014160484235284798225038483766031279981298019962294417695284572880792506981466206833685732407018517997112640254119885800744348950580434046225068432884085405583336826430684021075280968
7.0 0.1 0 2 7.081073623170454e-05 89067153828028637185191362378953981993388905438955126762880381005534960825828434257865224449607981412925007833558410007483263972226144325787865310041718649854939173472951501093969300254199163586000337043108215441566185985952818
7.0 0.1 0 3 9.763983888844752e-05 71069361205968034876060662921275014426373633003938136929075552350773832198257820582463580138244982572125913273826210569350232469324750542518785449084188734668088556045280163103206019927254032608688977860151158123946443029938241
7.0 0.1 0 4 6.550047241774924e-05 94830851899289456681989387801354392431166060299432492836026273503181705098113637508630103711566130476975932765728122407062146881564618005262463458574946682000753103089535035497042434908451625126394260366067510326210484001316864

=== beta=0.1, alphasc=8.0 ===
8.0 0.1 0 0 6.735142018532729e-05 237132518343733466623706721209367019208401216201680302597551482586497775662982098531413420668234433590116256641507264802354931276250641686861578630530659776413038270323035263266852418970797357149639092280828007345961295676418
8.0 0.1 0 1 6.998572969373697e-05 47425751238971260390738141248032838052584999719385654664603411937358797900704031195851235531086853767576913425568504313092808444173535215615752833403813602793027939559416832961451961099997875815235991333507892487720638103420928
8.0 0.1 0 2 6.485029873494919e-05 47390659691955207961461044739872388698476107223733653555530006723485525446354689084632483001644844060634717948041197252298130970726675588750200602362918880778163667956093674156308330633013603454936767583035682505595360199609344