
=== beta=-0.1, alphasc=0.1 ===
0.1 -0.1 0 0 0.0001481001133466324 213243531482258066201439824416296527513749936828012660461729821340079917676055234275250682787645362873471065809432854304558577681822656924862137427615065242925011016752706659903649856170850241235622048696624295613816439702552576
0.1 -0.1 0 1 9.243597712351284e-05 18833365750786373232483721045351408886780072823762399400171492856803649820768284203359905510482109632374925790926749490679307346098833543795582684889088
0.1 -0.1 0 2 0.0001631676038347383 138805986841851114701820899612078963365879139313376087919072631165313031994654939308273633930704980209546488687482595280026881136128693844865696307110402142908201000873284473104587132139913597945646688584596127691166806199296
0.1 -0.1 0 3 0.00047000070417702045 213232121648344951880421915840410421387238974603747174394681156506334349656722226640245563252265723298137880318547444777868660719812742260596994607899385259860130588714079888181303892529678239495076670929903426943457434502430720
0.1 -0.1 0 4 8.228385252414134e-05 23689550366277747452138263427502380688119122114595281666282481893591331205984320134994383135313059148969452284242048281828237671149980934290985031763065443202288036397633036048983233555719720846580288305133964641538415427321856

=== beta=-0.1, alphasc=0.5 ===
0.5 -0.1 0 0 5.915451717599265e-05 5922434882772616632126544687798608636476239606986958593228718697838277352674735116055753495586817944831503407316916786704475712708614538624980437231261701915989066348936445456058400207483850496176105614433568141849918162612226
0.5 -0.1 0 1 7.46158068974318e-05 1412006979354108753373438899744454479905503329467359426138511920719717280438175561117253050858594572610627970376934821601430409617459719978885921637412472857682433728764661323960062782026453788757623389264254347863450630
0.5 -0.1 0 2 5.7424044608525076e-05 220286114988033026092971755759779105900473338899035830807333199150604102549648051918048219579744015174063552545467275446184687328594133572625934350031672386981285906067893099989049160830987299148185891696523669356628779634524160
0.5 -0.1 0 3 7.305000626790088e-05 187969193105580294882380407833906122004496314593412560800016902136678735442875425047453794255142269486076132212841674484539898500528088842790197070092693167614906345224308849385646915886236421276638466058887927652026360553552
0.5 -0.1 0 4 4.074667546727394e-05 462731895970833539494199135900598631792324019970773579869119275746330701160119991445784767412045582128137360852507025505355340598197936738075394221317357934105744576016843143727513567309256847518882460175568318655766883991552

=== beta=-0.1, alphasc=1.0 ===
1.0 -0.1 0 0 3.9866103485708576e-05 74508874699865728074326080426440683482601821127781211823470265218954877543529977955835427144379212704970116731867537281427695386209454827831093473194645826078295426555190087127113241846817942385976717580979686549720004735008768
1.0 -0.1 0 1 8.66752082546825e-05 6662685013225340387081539879215889561511479217927485502207993438258525231347057251384638549921263510820238921573605731853947885671279031677920268419044409892855494385534676789173915878096024777869141807880697275026553019943172
1.0 -0.1 0 2 5.1890917181263615e-05 840460796490404237618823060115230019768180780570496636334711784733261022733048966123814191103685746094928179748220525826153876138854309330780639570827615087504232284433417420593304002385989783363247447419723577375839842500624
1.0 -0.1 0 3 6.631003456492961e-05 8886544996999060353007219487014370646908798996587014250555977241209892853951357362321924096477125080667842664337541113873134386892935911874093290334396616579566374469357874896855989398491374910140973382790681296102193307336722
1.0 -0.1 0 4 6.486092505059724e-05 94853975692259000591340422790426179687387908004627467903290827636743080504486744623252616276817542558672688014239915611585357879340881381256147157305240652269877126098949647291706943998650752546803609883125278932900612658958600

=== beta=-0.1, alphasc=1.5 ===
1.5 -0.1 0 0 4.342121588546289e-05 24108585323896952612596735041222541971541698845890530230299728602047113658538711038543444447197329630770401456568458130855119471902536142246411620263463012170743540896702553386328169026834222826481900530337518219036614918669312
1.5 -0.1 0 1 7.072062304074649e-05 94758185756533428677537740680947832697596777778055872140662012514879062150630963126145862409490675969928632251280032605571118394536195149652966437234709753343501398382630023876263728015506603520879662519476819783341297353457664
1.5 -0.1 0 2 7.63620175156481e-05 111002501795017793072682690551514164350505548264270271706751375236665036419032803513077504032238080945193060987487389386017789947032468597783478095784557469970701823951353472247808351173873281739686894262107260774812688
1.5 -0.1 0 3 6.890541468918932e-05 12031293870012216668129448564301567127867957840405807210434555155127511923225185456984398456796098966409214284727591532458884886584181374012396260305655668035407078906717713615030699853264139681685138876761936577187950362628184
1.5 -0.1 0 4 7.791778713359183e-05 838379249276570340155076611168251575957195731832446663074731694131657370743868454539526290625114933150761405806512104235586749607225016833004897360671655370023745189057563969879081221616432936083986734587399463787167744

=== beta=-0.1, alphasc=2.0 ===
2.0 -0.1 0 0 5.265106341710253e-05 30539664265571813533880670082024155267148715072974516118867490492117483753410841472953883129674752914355763805032133858699021669668141218908829528151726739569069736269252945350006823129504098575797154372801520493877695155798016
2.0 -0.1 0 1 6.675231794949493e-05 142183545161488013219901668506168399031831813071205963451343214724062109734854680873466320728963820761277056474779341475140422047791140111891457607636262738190500763267404126657396712868898137320016819016658503046519254027862016
2.0 -0.1 0 2 8.543173020475169e-05 5926724206976124751819037825033715847735712680012329601677527886955641269241721654886014605930436248732895981716356255939562001770268013195979997565966822629129501965003529450144376228743524362409442072090124896713773562063232
2.0 -0.1 0 3 5.324816021405734e-05 5785003625718475098914371542149999981776596017468113651375529443965344184762782462222046318676985213917639420099447276244013965979036092950562564193923935645335778530282115176660335075219928676047632108841735360317826795528
2.0 -0.1 0 4 7.463014345613451e-05 370200707574006828570684418320885427845509579070245043220253010354070121621945830352501442855220457624033763990686125377843952977946710080076217921353757379468117543039490669977965589291881607220168911180394418405624705713298

=== beta=-0.1, alphasc=2.5 ===
2.5 -0.1 0 0 9.026044336833054e-05 71808960757881611588363645820623225675010180425277595655270833898099606487917642970882501766233180425249654432012731211436229060246920872037040193586655275186949486811684268087863301265729023340802670945074664509549047625843489
2.5 -0.1 0 1 7.787564500289671e-05 740298315191649074342258286531476149470721763216078515846381754981860750421728277438439442746753848089356473038198096908887640581817539461181147802536605689932408795357718171864842641996974836193859357366453821248679058669824
2.5 -0.1 0 2 0.00010011760959826487 201361254692675454015115582722789322156891439726161455142645205761263137720000176338639777939459665049619533171729258909376587580324424907528117243701125092680763559473257067427141206337940353956765837439453494909993918773643520
2.5 -0.1 0 3 5.649128413223092e-05 12827987793602790297506958552456202785188204735461221526737883575226041947351950629466649608178895820881410073757509981882725366620381519240730982852212197548526658341470402842188334824059227000953468395652765666158629647028232
2.5 -0.1 0 4 8.68920070614413e-05 1850937866133399355405858381066869486273211977035066233235831363598491290227790727133902041002121530045540886727585029340212985665215741205155189490369397559289727822521739727237447422794465442221033773701589125737370772048904

=== beta=-0.1, alphasc=3.0 ===
3.0 -0.1 0 0 8.377290844986626e-05 47867804735178666930058297567722503419130212548972886793001961239809488307989278546085109749064917842235020634297605298704652021116014127850452947116898636334292613914816668644050985954760976536328536551146524957345182883250176
3.0 -0.1 0 1 0.00010303699712527198 47380718820851470446684989252890189423092287230537410196759438643982454698519970972885691332345229865968682914476963737608299345724695354088250342641916253249577222707696248468161164929730640133387517941366724236598702745125120
3.0 -0.1 0 2 5.42864149287143e-05 191089864788623763340966536317706530774854788950828337846613108334054488435326897970820375969024576050553170269692075011907209467110786489872790477710196704319086330472012266678298113552408138757259033991939862162683184082423552
3.0 -0.1 0 3 9.108812823556033e-05 116273290516255763542134460185245891918034249447185292397952512392285256348059915683712664457472048627293749850680064938469521680542166513084855325187347923035355875723736957761168652523569588300729177921053453320274770210656768
3.0 -0.1 0 4 8.05281563240031e-05 24852328908152799984214989835069830348328666926431972435567300728395540102320936239402940890540536761856337048516563430248584957016468956738961290880552926452980258376099859127534073667478868070308031802808298762147611780580114

=== beta=0.0, alphasc=0.1 ===
0.1 0.0 0 0 0.0003417790263614703 72458164353014242408849137293157728588339426298579551925174572427563554983807201376591291720771842585160703784990416922057881004038580104898845184944061484198821168186945179536743258859159569501050414784650829237273737109176320
0.1 0.0 0 1 0.0009739295324806362 10525408654563102847985144795009149705854659269143259560199925865594278721674994032418068783403496523191770994353382892107552031262998381789688513075623447019072500847139940469804980676169351007393770998256369664
0.1 0.0 0 2 0.00012666383183441936 91878001056711744791447302141694167541731474953751585041946757532370212492336537229757148581220502788331135314447654957968371181079379074956931207338010684908347989039240746299781089727650994390019607618917381849254027799298048
0.1 0.0 0 3 0.0005859172239260651 6393341222560530792967248597022560690770183808035212245457812620857355045034058187619577428284691976271148121681430862614191830085462971727090423810
0.1 0.0 0 4 9.280041380273892e-05 23689550366277747452138263427502380688119122114595281666282481893591331205984320134994383135313059148969452284242048281828237671115805141716250470444745095903575202563989763691276789236567055121424772692643715841171022036336640

=== beta=0.0, alphasc=0.5 ===
0.5 0.0 0 0 2.0734297264003504e-05 555269361869309931873228515214889533301739395555015297540098346962325268976940765638358135124965285947268631793038233835094063234820738777196449736027283759273759226689217796802115636759589228184999369621712809751354187720722
0.5 0.0 0 1 2.7631107012347026e-05 422202794889692702772947695111321189867656700824798167870663964694276157868383575747040176652197855535705019747389365286441277107147211927230592018254549989277676602732465870215333435053044277026935296396622349171740458141844
0.5 0.0 0 2 2.0116572361528563e-05 71677020285080702485967551245529223829938976230549097245527043832658699913740270351057458866973415516696465522104702560121515052825704081858735798805123560635102289574031943819483639431112838983444340119357482260128415495503872
0.5 0.0 0 3 3.192470273708281e-05 189415176545963515110148632822884769267071159809747040960190868228755332239807096665597328288314903261132912759135882249448846082750266737330858225566200468939149793455572804118345918975920922444423974583131365662843719401554
0.5 0.0 0 4 1.9405990326590408e-05 12314745887499951390462836900898938996271762310882824691307978776105114802817429703137951626495592373932871445797326629649346526169073797225344097339242781915255800917664021018856523618484353505979594244294914804927080196767744

=== beta=0.0, alphasc=1.0 ===
1.0 0.0 0 0 2.554123012818664e-05 48048188623729965961526862804521569305075710669803639851528808292910737671704896980584364444200395469059813009369514787548060743312884929192773498072642478188074458931209257461319845785923302586085640189209860004026621202792448
1.0 0.0 0 1 3.0431983126580166e-05 1161415381554749815379703745965975683873468070442663185873478618751803385609305720888092905660652655573652366614107510603518745772894312077251685946066739277113367382396008643979643886544373143237987472961512575067922619222788
1.0 0.0 0 2 2.3210344978416554e-05 1024058503244287746692339012560833664455382756880439997849408842338576314376621866928923561173715642453096278378330442535238329549385898562862046258999632266334060818269702490376614621867313279860737683483158359686074402899968
1.0 0.0 0 3 2.410843538231431e-05 558122675015846453918651476867315068804723196733093598213329660460158224061989430729697879612098793816099975391213213236992676714102205853874224005177575813516044528171216407741051014545280809718843378760088575376403665537104
1.0 0.0 0 4 2.9618688148706655e-05 379367539099095960710777380574274431713033441761116399658511405527329336220150432720000584222246407575886800825410908750361287487593128271479918712331415012432399027594354194764728066970983921149799942098311445603203346907392

=== beta=0.0, alphasc=1.5 ===
1.5 0.0 0 0 2.422429601948551e-05 47958543929909123402891888196993053771573971565607390407857045904303345913528370412459287704522613873270638208399470176415291826057852454286970386351751232607294011181106033144950540268573729245902443732959221797494261402306592
1.5 0.0 0 1 3.0870052860414756e-05 60380582127069495418517394599749994809144684542414391556581655653009063883453750722324859001352286731242199622258140504105608601553711037319777593144409291838519623719963779689034239255777485597218189068041906586646552400396564
1.5 0.0 0 2 2.6132572005397305e-05 189705783162480998835949434967506517095915220085307268287393294883272889996403888220486548533302840956670174545748311890363272854493502648628781362842567262709085554364391733173800864101254363948595377292509411704401293574458372
1.5 0.0 0 3 3.052736929417235e-05 191582519138235205625800362003744640805978283756203802489950284197692860145767962712890220512240964415348421492351101404657905273188050613334742787738274319421899455180169279613854844572405046574087740663479071900950264285298
1.5 0.0 0 4 2.8774285914670905e-05 24111930417856541685288375143487674916043413923749071337733323011477509422503951836181929028939065081675572723952097236610799049199094962621390237368997331152114203452085640894374322287007594798763979074796220527160615501824018

=== beta=0.0, alphasc=2.0 ===
2.0 0.0 0 0 3.381190120722996e-05 930980862467984807779497135355345003169421060037758312440603201262316843748995090118534769028122366802665096800558098480046721623121269866245041738136577673078071809042858178925430579916833729271374533085984174632694997585952
2.0 0.0 0 1 2.9937147079763202e-05 46270056878903084975444279763929906800376519787410691282623656371775215533629843483407728518041046205224246368372332989426605294659293524574507379429434936161969977288119356023662365278547304576609705916241040497712863117312
2.0 0.0 0 2 3.7513345810817656e-05 185074667220702084734148298421451093646011380657053804184327958408052657116714640549980414098957474235903077187557267221109739661698433555139793314259629486725918690858907598288083088062311387243736429927943112910083662866432
2.0 0.0 0 3 4.077497978704451e-05 601500235382003482719659848239462806226354481282672757272214475930113391430760481201703765741563770920611533615913893150255406959755913233278642416015324578020233210710160650039237926833227331747294694113640217217570143469568
2.0 0.0 0 4 4.126450685181367e-05 48541831293770731924223245288327927489907111225993317437264582548097488760113055610775428226786838030800702738516135575848320851529498921564791290042605369487600808695787446679928996881235549825356170397409436429456215157768322

=== beta=0.0, alphasc=2.5 ===
2.5 0.0 0 0 3.505669907130495e-05 59809915184862103663362857823364470862276383027795385086426948365216990735455364248686482145245329943789647490156914533303045844555592265922685920496879577454429946864386145515582398264472475565958815455517970444607390495014912
2.5 0.0 0 1 3.562213962585312e-05 370149163111455747022941068096952101607895479152921726060307590026240084187604230841705318111774312740638742258239992887111114811298215520830924011039566083091416747057723298198139526540103654694737692843953548656223740526852
2.5 0.0 0 2 4.049471224150516e-05 11892962017257119024123904311648253514579937543386686725799397504779271506202195965915699780216094623415776033288614139541369458284822256114867513907213808905830823399254685361872640719563835086437716144506496873685562166627600
2.5 0.0 0 3 3.0007596368890126e-05 12643677149362775346175145536241617285043699548223450217955175644253825220437530958874328433590918597356979901026637049705331821650678669413976939611179789666787791537207671661301749787057355274414894824453886931986258052794376
2.5 0.0 0 4 4.5298386464276277e-05 53671989325221394999488798546724644690311845814093130376364581585891673211686768259641537703110273098789436056637378139268449286607941498503386420245005969002785067524874706976981142411894082184709062369646438364964714212501504

=== beta=0.0, alphasc=3.0 ===
3.0 0.0 0 0 3.950529157815473e-05 610535602032939858687184217411470122521748382969086571375387475538165010889612704936825013939869612864273018666563245358055492247164381248019322444982368420583642528591826315995339197820353134954044798191028471058571282350080
3.0 0.0 0 1 3.837477144720171e-05 47517899529399650811171467292191789078867517368237444176377288822140708873667771164526425626069546503514871178358310035883869839197818841360833315716513146012608208316526105597634187680791694280300645350735450950623116913017104
3.0 0.0 0 2 3.8651457453457696e-05 1482048180452555472643363066726309450927034848949913171393159083123470252549199163412873159840905172149241450599170692475882682273735367398388860736086180342933944780121108389488982911373469427652149532885642603020896576831488
3.0 0.0 0 3 3.618385982897814e-05 185442141868796724135372564643244023610271656759169599183798976490627225966578149729259992422499885540103401046043756159753268738451040986046388010270875641789204557616953027136411943203948333014912401893360576888891122913536
3.0 0.0 0 4 5.002590782956341e-05 416881734841568364596954839537138617813898410989063321236574457582256299956303524713651133322739892726288832137819383531785497937347389560327520593720830425247518168627082683346078899516122044844308879846312123449123371220992

=== beta=0.1, alphasc=0.1 ===
0.1 0.1 0 0 0.0003103243637784492 72458164353014242409170190509804968182287240622477705255701070720297367473883676457156518894620215455074061938410170029236012664723510890036014555224342210220229206295874067908058401404488669223789898209014956759282208078823424
0.1 0.1 0 1 0.0007520539277833673 10525408654563102847985144795009149705854659269143259560199925865594278709766468374945180335703782684543911795574864698668450828365085540904570350803545550592922691381458365186669253143161733542444491713574076416
0.1 0.1 0 2 0.00018149761432406316 138805986841851114701820899612078963365879139313376087919072631165258113613373894430553778724312329063808333205081448836751725428455209499398515058693421665782909364433466102613455285275616622041648955434095535464837885742080
0.1 0.1 0 3 0.0006794956641472751 6393341222560530792967248597022560690770183808035212245457812605316003907228225620263882173696540723131893409264314692599692552174228690085422438402
0.1 0.1 0 4 9.373201165420844e-05 23689550366277747452138263427502380688119122114595281666282481893591331205984320134994377181050229719357804904181414063295092246085778391206700644477033408106526977608201875534189342085437981354847774160114084325714480425074688

=== beta=0.1, alphasc=0.5 ===
0.5 0.1 0 0 0.0001740131871037225 23880449827556560025909135761325849613930739345521457030411756025781440301211174071829692353816785964256620553026663330314611538426445147772477364311472025159710911087361160107082782491330060818757162258582294839691993501663234
0.5 0.1 0 1 0.00016414649563442486 47379092172262930083468964827157745658094719681541413932181594514814196905488852707170993782138751898928313669776893653476803129210702730540684916418766892543444811459310726685470239715136096661343051776983935174297950823420932
0.5 0.1 0 2 0.00017588700660470024 219550688031416535075337800074689076070666384637312090720826377844815030250697674128132760268827852290481167180857554972744718575980629863465846730125825360325911697703686053080133911028198780961992174708885790604891885827784704
0.5 0.1 0 3 0.00024003683975315067 185077402811873601079414050419850785218076980701254941104346171732434906839921241324437737473626979517220710069654965648546249626355803727521517096803716417572216840544496329391849507751543859376130036769029704742354114666560
0.5 0.1 0 4 0.00026327090467487854 92583380947172097155054809470044750640832490065678500971687894293190300506997751332535988263941604273839709856243261846377119327275935576562048555861290889103370065479150020574271178671567617259192957041228534560867741597704

=== beta=0.1, alphasc=1.0 ===
1.0 0.1 0 0 8.269257343784697e-05 50816346476364703905865019162886983464245196552456392282656784154028533521240355733657915598271623782710848446170616263928674665132932449441057563181471358451166339495127353678876771812270762278469669128561019318225533034037248
1.0 0.1 0 1 0.00015130621793082294 53301841756093639833781201818177938985795126514498087972084014613650715002769002697413641248468286818203683751609240750500028225311260707297354684596149750257690861165872208776359799345131217554196402811886468011462872127359236
1.0 0.1 0 2 0.00013252046031117715 190442103058726316304639825051253033561192752533911152788963841406329287525233844358343195706518006597305890397859290620172669386021847760400242504555399429676977814307201265014578855313021988226126357874605791584953037507559424
1.0 0.1 0 3 0.00011556899926942665 8883624966565756056757637307227967646530610140972111981747949275983683178812916373215072344423575616430488823895976567980228438798187678485610111996649349773487241744445128457667434959089010314325316975829780513556484420812880
1.0 0.1 0 4 0.00018089969889448795 180891331662856057311210372802881195717712168412005756663160218884327250513469445669778072707533037092306567524412506131139287943219577409358367255293974625031083037861797066578745006122013302489306275828464326534904217856

=== beta=0.1, alphasc=1.5 ===
1.5 0.1 0 0 4.961967067541246e-05 237312966052778432732549231662629843462178999129775430088260298110085229638166468531066601544766181687124509603009405262597752596806117427370712840975577622942880554439992355259489652873300343642797316759899707274102166928752672
1.5 0.1 0 1 0.00010213180927979634 142137277972921074527258488981579749708979688308413250389599722311157983522749650048039187203456594922760075249519230640791056523398776776875456345783868383857228060282332423222516137022598115442732482925187221031342611736035588
1.5 0.1 0 2 8.629237514363203e-05 4337820575404177989075555953422116556896576276958403032995351356266117588592566702966899114628236307766687482066343625471688675670904673185738959134051285865534576726799301093676679239595004658652556788944442799088162384900
1.5 0.1 0 3 0.00011504798665175236 53308708191592687912830921286829219087777702569224452818411814876020826952989050551239853566572882437675532170507439037526831487062516896053429352786508635222751452900946971901241894393198752932635270470328575372397985963968536
1.5 0.1 0 4 9.399292469751693e-05 213206098612217464266692956900113349841229993753312874180211167501716959415883589882876724053417483529204269471703015875008318262370453849849520305763639834864293660898861679148067492285927096353082167740486406832994118005030914

=== beta=0.1, alphasc=2.0 ===
2.0 0.1 0 0 6.25808988486269e-05 71093402798012199775704615184132038329264122231976728550730998478836504531551353183820461390478837861194639039941213543659383475248486444859768847524755576147713235320732631753580545463568185920463179805513206497470675475759104
2.0 0.1 0 1 0.00011301788601492303 1412007010920101455871203141327832884556525562505950071263113101982448576047481005938191941420399343661429546812648511436995960417378877107960079567132166110487781298028101249495516001058218341783229898192917114608713992
2.0 0.1 0 2 0.0001268473959916937 1445895149551796940030711037667201188336854269717557473034700782867252402889356467933203424259751502868872841428464356391654309003340438711297652071488270762381681322512626928687247280917323366264302324817175553258224938245
2.0 0.1 0 3 8.932827537883788e-05 26650829715387673128352580911499388161717603972665920289310209892312662061760814799820657359041769429391621019531902307180410448218019154211797166422578711174792345267612575184407898678318737454845845948110316729139304220098560
2.0 0.1 0 4 6.839337172853608e-05 5922433118455347860093182212995299589917479903810442258618589580433022510001517576286036516752405027012562466465567988374350288774834742469895299611554981730606538232782120952259449219755897096239280581918805931016009187853442

=== beta=0.1, alphasc=2.5 ===
2.5 0.1 0 0 5.307377937390376e-05 47403674001407178987800461518066279754447678934427331083494342408414845727198919537068770110634581863461358736098838159220193961216404228105674836165708391596531757190694090651343602573917605029682829114792268998709735501857280
2.5 0.1 0 1 9.308358589742991e-05 46271844122558382153735356357523767083230002724973859876346998154197235749724334302715993650828771883327942637506771987908978491892403652330589719889229949261507796340185778304397761414419348024068596463755112340607983486216
2.5 0.1 0 2 0.00012659465573203356 12585071358257318447843862201625129432376414437767191341683233249227504498481180820994162735240661694850706500372700288555280324846704837558266439106768972837349635659455644444321027095508304075014631219619424597458529734683648
2.5 0.1 0 3 0.00010442590162011498 12642952745529138166051192607671969625122211881466714360960804174741042446277388862408159464713085740262146210683495297775112066909345888872160480072229761009161359779553072829091565917214950784910796726111013004128799382603785
2.5 0.1 0 4 5.005928718596839e-05 6298591997732374722892798385469254146734207085502009495085955320827463441212230323560830380506199244775532905180668615902817478140374714639046242932731884851489960627607141504462606611859027807932190627875050616200799976425472

=== beta=0.1, alphasc=3.0 ===
3.0 0.1 0 0 8.826355070188861e-05 23926680703140485999283425407071008545850580388032604267445133200514105679749887822024216600233933493301522393813118282732022930577765256155951155828547422496012945921238380903590422879055086147895356099573415361309093123850240
3.0 0.1 0 1 0.00010671684981625387 47380899552573924852288778950176428000930710379420586581412244874970846595956053002664655794533866264139470267688439081431351907424232180772669565777996429188658965798412552209012977725544359622852162568409588350065921461583872
3.0 0.1 0 2 6.58126440960481e-05 191188186364613670248421338435398562468300369057444686483260414916942540219392351574128964387288178426805773236982284932390023890893200999208490338922151424599320700041669718931981952901063917029363521802971042262580987538196482
3.0 0.1 0 3 5.2209528106695216e-05 97767093910151281224497876717660855358063832106971154662538096899417436568053732298903325770286704027426922776372496828165930295388316287711781943974818502799485072339479024908082413867956704122169503092655014911024085858259096
3.0 0.1 0 4 6.761240824943486e-05 2089696916115489275013117521025907120624462605082244071414129978540240333207241963241647670837634730539106415203512206738002953367688110459350831746460605396355519559059474809045215403140153716829546774169621114365281707230336

=== beta=0.2, alphasc=0.1 ===
0.1 0.2 0 0 0.00027251240390418585 72458164353014242409330717126500703012140221317947753032384795821212303810111459553640628020853188914723862164709356908016521455406992854737019526882644892378954297268393044768799045439229811335984923140913378489779461847777280
0.1 0.2 0 1 0.0006849417702905346 10525408654563102847985144795009149705854659269143259560199925865594278709766468374945180335703782684543911796134800884212901881004446111046681420333956924901585075106455640427617220938201969887663865031475855360
0.1 0.2 0 2 0.00029708279572602473 138805986841851114701820899612078820789601340411890437108880919619849371201945769423172315613774953605248150846523247748780877764098081145957817773320584935297494589008931745970410149075189766049088148562814618217989619600384
0.1 0.2 0 3 0.0006794956641472751 6393341222560530792967248597022560690770183808035212245457812605316003907228225620263882173696540723131893409264314692599692552174228690085422438402
0.1 0.2 0 4 9.795611769965326e-05 23689550366277747452138263427502380688119122114595281666282481893591331205984320134994377181050229719355160680306253068899284584853647307047387025745176283229388382427104252369244096702137224513088913020723719477614386991857664

=== beta=0.2, alphasc=0.5 ===
0.5 0.2 0 0 7.584769198587208e-05 23689602611225316473869188548410574714211150977606828343761437629109908189956600047281028778650503157971450122053940191916341692074935394922872816854250627093633126405355852473614997519763301627829291929559659819710686529851394
0.5 0.2 0 1 0.00018306025024874268 47379092172262930083468964827157745658094719681541413932183481496026607676164973487583236466900202590920120410909187105829818911916455957331822104259623875358737581096810481995223104587875305001742595303730840242521512838730756
0.5 0.2 0 2 9.254197147636355e-05 219551049505203228686633805816563832689108530102770647670252366695766286322276595745893234843368327817505614328762203346782727555362683448254650296895600999124124214232177461828050556444473540685009529801861884443948191039094784
0.5 0.2 0 3 0.00025243695126830895 185077402811873601079414050419850785218077246270251349487895516526538183074234906120996600989585806569595689456575317954051298970632653391274050323560417483202428509280219457051781230715481427100089255480484504528739486490688
0.5 0.2 0 4 0.0003882899657757676 92583380947172097155054809470044750640866491196249911827989944963225385881469147316962982791900168687356262315158009485875223063624134968406839207464634912058374043419327164926290338102850007773095172455846695618834130272264

=== beta=0.2, alphasc=1.0 ===
1.0 0.2 0 0 5.614457265113047e-05 74505982909572342253307868250120977536906657772454465543746643246185573881887129374041810432854451372865527967118675641108173604345792104275955531533358516193629684759040047698298869983915559799758606999064052083452169666166784
1.0 0.2 0 1 0.00015722453886807543 46637355021965195251428914119269547143300644531134520112040890914587107211951103433353088517544249980817523718776229051589497252112018488362803653986500545299880424054494738688626000775917867089935135149657724021859935174916
1.0 0.2 0 2 0.00013844990659342418 833225318691927497835128160764850340818912866721325690363915447266581865044921896357998364005136808519166622998641916066058890708911968651173646807375350200955502009512766731037451049378128467837756301569874951960974414348288
1.0 0.2 0 3 0.00010604027417437017 8883624966567060569818958105101326755900912787050324854460068294162347910181274977790719255335512557533390977298285907917560319417100238894016266075704695593199810816774749284568885936566683645628101340877272974806232851300434
1.0 0.2 0 4 0.00015326365472577243 2964265920331892078038772374722279350040748826950339412330476313453455247718451146318343641072917002927251717820300710661064375952924091263494538813103973699079496122792088396145949635522451467024466785826578521668804373119233

=== beta=0.2, alphasc=1.5 ===
1.5 0.2 0 0 7.127557223873407e-05 260610671641846735112483359362866199489982038943749199370068690328621399930563714847947521728232820149606718637309562738958316108411839421736589858396170660007828663013660965452442757092265368125575306187055020176576664393744384
1.5 0.2 0 1 0.00015283761113656845 165826824059052242371319627602520435014644535459587713578253582327500218958723650571428553965804852373135297717475171875340402634237559368300365457932215517513644029527928905907573507525688332326758206395270240093579585208189188
1.5 0.2 0 2 0.00013117394465024743 4350482101248989835585479328763479819938501189649101410353050602538077450471329612576339791765392399942395244489921727064373902232718677323095829995359868938903077503117195518712553664421481901595642511293477193406870555652
1.5 0.2 0 3 0.00011111930961174295 47379454418585606002615052980888424193468630403033616495620564292994479979433973380530538761419826286172999481147770050979971061547513487663981000240570625567599915832889813257152907457096010693592233051467206084330677795293208
1.5 0.2 0 4 7.547704457002331e-05 189516553000440404866448732543999536121629820204287386945422958262074191129748995312835954834913030153712668152569302216960001307162045169656536931529699766754742732547004585359736835046312147878734632040016553081608158581096706

=== beta=0.2, alphasc=2.0 ===
2.0 0.2 0 0 6.363510619121179e-05 71071172152545807788248546479573451679320700925044501003220833138966984300532010959694624181681225183017203073290049170665902713058765373117053999864398016046354531701604959864233238061384115204944446288541796571276379907162112
2.0 0.2 0 1 7.55316907346448e-05 47379454021803415708117528865585685298087112595488860610329560521896075820066548948904300883019003768846620628559477963700050662174153731810993150627352043964113452408877933328746307446982156288863581343820949663494711055286272
2.0 0.2 0 2 7.691782856526879e-05 80420068502502031812209738360785355252305508800258346946772745030954157845204655799783214165925623934091434060123368564792968363155882451051650892168875448032824482311638483416535222817286741019916836350721
2.0 0.2 0 3 0.0001138350759015351 5828787218132285491012520234568744725484016294849014222949891617710440187644820503679243410214353931630094960236932624185254704129012834662258159325193434459640329462870612536789649822832918123572972535114319407293992585224
2.0 0.2 0 4 7.290854476498405e-05 6477662502877054664181072688060016439712187967470072436896623704156581591221662004130125755799359124436836557297503867344073198333739583894588294535203565737280396728987699506112395611408418698665811765484597598430647791911040

=== beta=0.2, alphasc=2.5 ===
2.5 0.2 0 0 9.328050339165265e-05 47403678281165536813587205043311555580037224954097317203694732434468877858531293472593520029333829495962716006625201724518119255988660865480282859782846832073522853542117425501188041026317543100216407792775576778670584880955396
2.5 0.2 0 1 9.450555202401479e-05 11847664833533899512972331602729554678979841512997668902543107159603774653404393331824682172190575606480035580195633520171551306833981656600740023612505302545947192404430718296337899686405234852053026500223600764858075341389824
2.5 0.2 0 2 0.00011399967307217489 12585184318815677955135168897969946722648644414027817582206733386760900705015702373608131463258947687804783644334446957240873743061789235828370355483317586788055564792539968517720428577968151232228591025208435543735459972439808
2.5 0.2 0 3 7.856310392178039e-05 417187390267378210563453699978189762953004593327068937177883129634068663696112577146328845526986889400048567632491434607832716431212364168583060072799512584868411347718228981252538338384586850171086159433944267309764527004936
2.5 0.2 0 4 5.9116684201804216e-05 370188837242642913715215635004362729354799251705448073353883077773591766239368592035552467272629447784285871751134863308266186556593232417677810283687672465822592659732385925614973321279022393261011989732204299080201602596864

=== beta=0.2, alphasc=3.0 ===
3.0 0.2 0 0 5.91512787099948e-05 7035005661788449058269725390922642160087946439685822585867734135188025435822015915666033926185891370064968117417928244949875854955885046231530972882903496048260668017994602630463154213366426713076442925328231471081987730571776
3.0 0.2 0 1 7.395619248846357e-05 48799061177760132994032819242750927958836877646642628347213696917676903752403799716887742819938437711841612897395742844193826334292170466900140050337779212682206965487692757689471776057183644328424548654061519644508932866048
3.0 0.2 0 2 7.569685330117032e-05 185074931799646580412260525436006854143385649495497838929385149709416926831699924984913503888388920840558310051186140803637946998868853200083001454711167335009859992338212619668302827877866944811547632165695103832356454482176
3.0 0.2 0 3 8.204233242205581e-05 46270453834775218479909891915637231774650572753291888711517676699523341691363030628603119901128630358605596994504848493485879183975615131833333421726891597108814379136563271257220366832717758692917883176973756513297015775496
3.0 0.2 0 4 6.552009953682036e-05 370525104626428951033119535475206117352592075487594749696322238099147259435449869563572989139163092597672224159040084412990738313145402517562040216620141552693886239993011305956374139467119282219944680776992595654282032709761
