
=== beta=-0.1, alphasc=0.1 ===
0.1 -0.1 0 0 0.00015468996447378253 203932529419982775469364381563566386204258355299433409698404407412439537352296432328443911410564050732052356518985743174386012082025057377445861166975873689531887247667828225240692825000190291010158094021717509136546806137618432
0.1 -0.1 0 1 0.0005633509877916659 51248643934396249938009253469715494111001166753154434465151229325761831012913842555241784395119978662132067274995871772118907766399571041552745359212544
0.1 -0.1 0 2 0.0004574246535396924 240698556901924385573925973003265920048117681259148169962316491670212421985875338548227148959890336828180040037078066062999110153239972678208683243172467804392831416552268493112356090932587467462332068400622159413982792078867456
0.1 -0.1 0 3 0.0004030534016414356 4935598768662667478834547307671424052634052822026343090733847764693324458357
0.1 -0.1 0 4 0.00021368387788063293 21383171760834332012092909946220927424635772806701873062425256395609880773607652175375084467859017329257918499936880138455620609782002446566239657525248

=== beta=-0.1, alphasc=0.5 ===
0.5 -0.1 0 0 0.00020666139484231495 125988449224371255418636796226020568126828473743098438224928629186825145014638615031103335485325676131283672519417024237099793582779163138313631052948568401018988211021622980208717982703306767482065013052114294674982448289284096
0.5 -0.1 0 1 0.00024840965155920497 2891790293801376891300661430533394770197868464384820822120974358955370988710812692222347985175161667789825618080123373664890271169052836572711358969800479997656280655051431720712131994255570387036371824278077660437629685380
0.5 -0.1 0 2 0.00026682715150440285 258836960323369320978493940098116480723293963067568132674982868341678518532916291942215799090927195654915595069982865575184194455305285815653352778696068803522883981643840724960032936645042048013661776918800499929750820312597504
0.5 -0.1 0 3 0.000318786437968338 5526425350186852520625145729600905795971622171363041552866720364935062324766488157276995451309561624289076116163042726038043377697157940894175143042943675644261902253022630881325704907723176240359304013990535669743696
0.5 -0.1 0 4 0.00015680516699794733 47893989810129587322995679507794007215191226945626109184414149815756955244343105773684967083225714260313968152292202058454494068563995819416777060224969231404870135981353206971593624730156445263168038344554433904095991791911176

=== beta=-0.1, alphasc=1.0 ===
1.0 -0.1 0 0 0.00018242166883850614 41932115197284994994290572112031225858388371878478731849804626656698589015490522881606739138734213561131472038669243820673141926521610284302647621524981295497623133994605725350357051352543836833456687134378931525307187838582784
1.0 -0.1 0 1 0.0003136773660850364 11983944891053307982130291445688616585453418657848597877476110418676739398355473047198903858660904766719024101534646417707864532291520430611294712520665865621679183837914825873451902207985384523335552469457860032402900738755860
1.0 -0.1 0 2 0.00023926254904920623 205214854568287063125277912147591353382490020408844217168815418331226279853750144053718427984236123061540511501677367555377880756593802626375913350115558289037478647286743430099947396192761918076483189840832459393373453739934720
1.0 -0.1 0 3 0.00022573281992066863 32573267163068473400863829017002111349607217303160706893137969680634838868049406566474311606712394555255701946898552880286612248764792211419704550596904328118615840154105514369166360639660249961271379873627235326415746658098384
1.0 -0.1 0 4 0.00024705011354716593 216213560583526513741802116567088180102462669259970444053095390722256261364584852743139316451094729101718933085874696211940345083615210917573036979591150978878505502960596955153104579969166843274694743344288984431128238822260997

=== beta=-0.1, alphasc=1.5 ===
1.5 -0.1 0 0 0.000250030680156349 83030170413552458180888865100187293910715301309330159417337550136631676915509298837219707914087031863624267831868493360142102712486937218618372047874899871520127402516466548330644986664078762028997544434414291684099201903365169
1.5 -0.1 0 1 0.0002964901158646433 47425376542110271010362137067778313409210655892363515976812863156545606161322364835442699528370944437847849819926282005413971403991917953960708145638028280671156960392392526734285869101205458512323662720117081245941329564893444
1.5 -0.1 0 2 0.0002675755601934228 15967135179648486199355158950315754922415634592405636176255314547677955554771207931084613275109047161412170864658066638779564421421570132954340680305379856291712278839714750079201509589369679549186523444912848241599087516961808
1.5 -0.1 0 3 0.0002956524436484438 9254587440139965560077278408687778513574894686031423565581585124763408932450128191919681646997797712584934729119674132173191721603242427723924326672803043597964040902929286938572474490363072668262753567950328325425505834633336
1.5 -0.1 0 4 0.00022463597354099486 3701762725595931975172121041054994115880640014588504027894199500297670691504246890516636265655273277735148168368309301853509808696672151944391692478103663548778492674336948590139015606238492552617444940172118952334507995599122

=== beta=-0.1, alphasc=2.0 ===
2.0 -0.1 0 0 0.000229319544368403 77201231032053410359173971707223879287060730416147729338373541997704770277889250890857008935082040177995202477327751946067468440593305660119877833253240878007561118071814177259327191691559977591607018402568368783623270892045088
2.0 -0.1 0 1 0.00030437611913910475 125162472467855625374305982031842223355878162557301881150742961692241608993589211872573919235403954149986109721996366088482509737584220449704476347154260596013155497112912328628079155089789533569083019526479483806197303924491268
2.0 -0.1 0 2 0.0002838039904454338 2323578585329148513156638325541839150320285430423822105731003031181032723146663307699919366075511021093943591460007050385372719934451239230590967395543725728345830377463109088070109094185815712477641969210351782038831258988032
2.0 -0.1 0 3 0.00029275371565086667 787357689664047084088591190702164647842509298056747618246316571124888225750885925106106181308602934411452327022024583146042041837363208691999016548091037733008342854002184982452045441572726681970485867439762369946919339297601
2.0 -0.1 0 4 0.00027458043771659655 1903132722697483278971083544206574010928428443145458588619277519176271290779462965594246629182016746368386964748519623263836726642928496450741359439447460338346005804935990216269485150793325613724242265266059282502133721858467

=== beta=-0.1, alphasc=2.5 ===
2.5 -0.1 0 0 0.00022923137574924329 262182029227377677382879455981922339186196256419097205282424556263243792734059737423824669031264084093932075052791342370213145219537293133807862003225978369019942235154351237891219725148474749213992357209198590871519784322762929
2.5 -0.1 0 1 0.0003774018012377932 24447330695778685184051929151042202154084637341940843205765233252278318101574230289569814572253394843265085044901398022455481559362899147598759038479050966797212717131938244099770483147856724238829526297698119272490921885762828
2.5 -0.1 0 2 0.00022515382764659597 14252302835322995088989200861767399988539631631303664222782409974395376871571965881521207548389789541686298413891695323980071093317473846275366637548885693977364244982912297233178548114990424182924049363920099517817995005808389
2.5 -0.1 0 3 0.0002902670498529381 15049657578547527989907220958622586448050070987130297605880039896410659432423256882923419271180076403169108412790772797226863410533005489480520865428390273310974893999715093760213749187884654941371665547890763876004977312872584
2.5 -0.1 0 4 0.0002614482203708892 200991636814085871073261882583643033700697038402066133243120826841592072715226843455268620579546545266264712453648805939431495710834359969346085557152320546937662116858763514567653401925490339634856429826863287151617232543416451

=== beta=-0.1, alphasc=3.0 ===
3.0 -0.1 0 0 0.00035566724482152676 268025224757583918898082019362571722701427973465462362516429290163864386239355462196414338437523472630414398660581178782807081263241861551648810028444907880626329229739777816105754218825289728038579359429483234219347669682259489
3.0 -0.1 0 1 0.00030113130996480507 47436930989728490074875924299606645768585668278950758156821524187662236638470780196350000893017498984819279844614064498826660640055765501285872534377199279954985793543952663727682258292175962479295772208948266934713198959985920
3.0 -0.1 0 2 0.0002882436223174763 20180665345470561906798938891707040240151043211650033739389357935487568889177570031006360765875150994964278406591097596156279268967727332087920903285861569676893042846898259799194038571331608064557436888405064294060810096103184
3.0 -0.1 0 3 0.00040908678803686674 3378385196257884344315008714406500884175007825275692328947553739777015419066321700738168160644024707901811077981705975016148339837365577718913981247504070488691630814157065266390394916278698986850887756901339733470055013369120
3.0 -0.1 0 4 0.00033198884846628635 5604624472398538350253658975578086217337711858554403699505545652322287196116443180692572873748886513411187065460140076493823763920285419004625193410229628499560070678195101922115039147489800568833891054291646370505963067408675

=== beta=0.0, alphasc=0.1 ===
0.1 0.0 0 0 0.00033463086479955915 185713844956510541250966077386000686612576375008326417024245244775556419621777322787721183571259292093133654061533612683177156674398197726183841969644445307917163089108546036472076903567749773906984603517762445141535487942459392
0.1 0.0 0 1 0.0008867589521374265 370149973912338423875082705829912409411907604297130288032069135817939224080366936399639279427565417395438664761946499538985538815486372428670437318827623959542422602191183432135816636202566235741983020714801299221082163954560
0.1 0.0 0 2 0.0004663769808047634 240698556901924385573925973003265920048117681259148169977774641762281455364655109416651150266151039552157366232130898747782165190003472730709196101514738710337674825483863055502145147638865373339747816450868905918003213843840000
0.1 0.0 0 3 0.0007362198703556208 2972760736511228991822150918334542869296035545848054635705537519041342355758385907509402637758332396170307103074763459553307984756122747797075866651145398104017815649556922160878761963643243180958795095631164606174344853342738
0.1 0.0 0 4 0.0015283003560077361 109610782449488359926416937129101382583933077498346084718694846511147042748475595601360699041798147786396725328097307412344049371042494761294862434587578883437329706494207324629938678244877951596618222440798928029278898806325248

=== beta=0.0, alphasc=0.5 ===
0.5 0.0 0 0 8.183477213742761e-05 107988862801047777791087939328817250390150755683304543056145925915281742181854081583114838187869944923654379995899177204213903697577159751376344112610394807171118826335346887690278071102832432823494772696453645048913224177551360
0.5 0.0 0 1 8.772604736136326e-05 48168555246891468106356061408693168243781628659374064909223957831547632626977900795386088738833042245813152907347615582312177959535646711888430449821164875033204369371718202841297177017095900825894591007441724558191190871427728
0.5 0.0 0 2 6.819860787055839e-05 131405852775512503804847051596832235949976650315427806190703635934031046309150376443472421087635190071839739973239945333266807136106554395777318324988527790489461747271670214924379445999762038388086790667822956031722577547249680
0.5 0.0 0 3 9.11361656642271e-05 12030648318131942771529235814707568440934440594349806438203770558016296431406609084362648497487227480249789702243779883018074785117607067298301073218348370395833531722752337813374784054265864930702447786224788206841293680166994
0.5 0.0 0 4 7.049465503629211e-05 1346199258037640499916580881007411415346341490739770352352182636563903824157546134694181828054153714045559397362919555348462554431927986847812730380075038575952656200974142431539803969485160652937546113556548219775363800137730

=== beta=0.0, alphasc=1.0 ===
1.0 0.0 0 0 0.00011085114017846969 60537243956227752141003137184942937379046718724237260698285500224801998235294350364118266224250360154318161204043264814624009251600632232203144801426206069663841276160275390782790889667507033511004846106421571401425134416824320
1.0 0.0 0 1 0.00010658135248928586 59372841951571485982999700989331161951408129483543788743744278281666419957865928767936017716910474125398243225198279730596236858871235143853846308614550613605712093138146280824344876715519007460809781142811118390591129886181652
1.0 0.0 0 2 9.102764851592123e-05 1355596331331077204091103031425703937015138003643715255887327314086951137924798468329973574753016638575706734680271079702499323124488194214326415258214110088115261572991692558192491194477844237748778575014152336026671719680000
1.0 0.0 0 3 0.0001001241782343023 1295659104686456479536944116788269381225443927450110748372064710253287556706899870729356731024932605125626604801809317870320093051863724981112286681889356954615728371989350192736375588405729390751303968056859211085755483179216
1.0 0.0 0 4 9.035229197848745e-05 59644804705223956566603872389999486247613721124153403010688879993403027688815958109708298511388117844313893108512452314389217578600331731183376575096257337884645539346255175937013741615572907328785875630639216285379062661433600

=== beta=0.0, alphasc=1.5 ===
1.5 0.0 0 0 8.700682799204672e-05 84100206091808184773502903558367502066121607962772948130062987643510777948942742641398891314690172795413368649914246831752587212908596127572349299590938880052810146173817916154027330337941964901515729710423584284653163850516528
1.5 0.0 0 1 0.00010447821857541799 13189482446221590722116063355989335328216398145914437207592743788590428284054170558078947927140250774840920303911691784989587133633952654408111361129647866125600672408130322595318945922646932420377772823048936195663524174006548
1.5 0.0 0 2 0.00011099113488240443 13012002356937806056887602979548261328424025744633253835867347461241453958077396210604194073517008857689650203493337182583218697115273437336780977241335015176577561146176035370177113000853902840550565141600424749139803364452368
1.5 0.0 0 3 0.00010989885302476173 417277714545831814920562761100812860567468638233023191031485062732549961450739264310381568059140869218088824102253586934335809497762295421226742584394074346324714068368196118197529394851558510783380601084398888570013657098488
1.5 0.0 0 4 9.922298451264932e-05 12955224884422336352799132382310654790377290019128122938224294971396394176604272490166995767680419309879228821988934260477753477434898843323640743787806953234087123668626804472933286416474998025407812370309107277956453604426130

=== beta=0.0, alphasc=2.0 ===
2.0 0.0 0 0 0.00012956234545921275 53928729701376343741491981163754767484543545071291892044185946855560901998933530312684700993057197086083235591801347952798225679767034627533383951332745946035498951951235968748393934388618246273014392196141098949704483986246432
2.0 0.0 0 1 0.00013396503060162835 5971644385031318111158043450136945322213872303763758955620641642884680647969199718496066308642758777924435208486649686460757883344647401367619937850490845341430414427442941218337028747562103727815655249578579618516371224690688
2.0 0.0 0 2 0.00010314046684879341 743213156947408894873689367276388440717611142932708751924606759783855410837539352294584357994354743419871901649256358065187893386990693847673520667924776851489881457035322260393824784199926508563172054305192336716736662138640
2.0 0.0 0 3 0.0001229194283645515 12455836007637424489662652927285049153826343153193350052733165552203340507035093984601109845154761227306226100990025651376791726446631656969560184416963139097842529807870865763598946877206093539598583573730666182531080754577408
2.0 0.0 0 4 0.00013274334677256298 49282219550121113828508093064130632091222574417635016510162081448232269325966245863364016533772609663197136801701164284274681786302419922310326777138450187899272604628043759442127393900447512878571969327411585772430562355841458

=== beta=0.0, alphasc=2.5 ===
2.5 0.0 0 0 0.00013331104210950354 189771595395835673540656833968910559383204376914009815618649189894148493463231647272134809708474535845095760038819765824145128393314667276573204808814544183304103362774730547782153807117203711446648290944373857711921378392802080
2.5 0.0 0 1 0.0001356194718215035 189565532036309394694154738362864185575584674431819622075772088099966813160496132752285987555293988300813450663121743429785834969118850010509566361719255583456674952500692691856970917152345530999841711869828677186850922978395396
2.5 0.0 0 2 0.000136594199350202 191930043978313900010018808396058591044836130757544457378120288575515253232814428243894087761122417069164076629953329099872547000288670461558392067423942483943852225468662246764000358631461561418202015318224400859435399826393856
2.5 0.0 0 3 0.0001348871341029223 13198899120789500981915571144160736215218005791297203813802133790365826306654272318281314806860089796620648482170656426770269372239786059005295120931497294774000985735913437313087591298222593577307456408284897820358634572359825
2.5 0.0 0 4 0.00012943130217343835 2036099337482869269590132434221834415230355487951105853418486751338943802366396380116482581833437460690218281062191254482745854105942057625096976001812671112628637289410555837961432623600687251205304798352482562329597400064386

=== beta=0.0, alphasc=3.0 ===
3.0 0.0 0 0 0.00014193145746588048 25749233012445075424883507905716317686489191735978301655561647247481702688715477678584644767022736384331723809358796215631597497720186419825135770583723568323643254368469390324659247657928274705859697047352875508756942222821936
3.0 0.0 0 1 0.00019059997337152052 604384259853567752140157990381258950887004069549674776710348623649204457486516879371053382317449845166686176526626917014311451758751486864913483671527602120245044248797987677847085756366912211673407412233517822924819374539020
3.0 0.0 0 2 0.00012752218918085003 17311816965903433667736596505079790054798587149343620593929661642474070844413711730335124521990178097897354415929067205429033360858726337088770001004515109346911145559317172247325573714366327652672999552195424545874663466092304
3.0 0.0 0 3 0.00012960052144927314 3474175841972992286199650038100341238524050653540805843499086489168325597671358263362908256367505479287295249982889397900110617443724619393168391774905203927635245777235043939927829680556747101759257415973210289863490000733440
3.0 0.0 0 4 0.00010431051132634983 26327189171931633570194411443630257292483409143081358642685408603001550304318971915609510665963624522543660851345815143206994560902991578494245718137619614179348650748127065862762741280100926673555585409890245332938248534624640

=== beta=0.1, alphasc=0.1 ===
0.1 0.1 0 0 0.000354207403359892 368184187589113077964130337557316074447419177526719300905487600496066323720245284707166883352763335528003324806409908518776906960305734339351334697648697098946100142864899061188504425139592924470062670824287795630572279403905024
0.1 0.1 0 1 0.0007522010293287793 24152233328414372514026909399760716884707493469141213997084625981635269431075216612857572915621196526870341880217697387988696195371339527301968937546119691009411150104550329110819463825281689317636271834900922661770686350279426
0.1 0.1 0 2 0.0004692117423274542 240698556857799167469110074613436094388670370894023920382038680879196274703444820745319145815606607230357168946354953798658170984320314526620652255815061450418585429833680595215090084598839803366707879301088480440812009808210944
0.1 0.1 0 3 0.0007362198703556208 2972760736511228991822150918334542869296035545848054635705537519041342355758385907509402637758332396170307103074763459553307984756122747797075866651145398104017815649556922160878761963643243180958795095631164606174344853342738
0.1 0.1 0 4 0.0013993317438803212 109610782449488359926416937129101382583933077498346084718694846511147042748475570027996574853189788308352218862478930719828064659598826955673624804894071852212500695496661605327205235597638215211810652601082959513032968611561472

=== beta=0.1, alphasc=0.5 ===
0.5 0.1 0 0 0.0017414629052749844 231851105514296742654487629273916745547121988197176068569891447336159028636105936242572415343480742507082480965650871451910969354989454730409802493444589733147138792848969336801507644317060865549099524465365645877186905331728384
0.5 0.1 0 1 0.0005182882600172511 53301480549814118952240304739643264839293292301165515844271650534257637729618551871663118430764308687761996043958077504375432242243574048154812629622669341076850891402593031551120896205464825768507426769196376323236623540346372
0.5 0.1 0 2 0.00041495663405393464 258836960566057694328862501745599765356482122223585243320277511100342227029598156825072879913632182999504070723851742613934883182938454139669345645168945659772051681483860869168621894606115929964075874932020995590734547018990594
0.5 0.1 0 3 0.0009361615029631278 53498120494785388604101427769388372185795615724799906721769963522052620408618274653255307968742581242482605763601050838209077181500069811795746795964850731557490326242584369528329734709642433428795157142572782077632379890977872
0.5 0.1 0 4 0.0009375688143538438 145608193200134703757551922202809147132683137036292662655126327940637603675745982350306221943470902964456243623353953745958272775077095801775365350844170238003349382296410281701384808940691060388336010253985290361606364094308352

=== beta=0.1, alphasc=1.0 ===
1.0 0.1 0 0 0.00021382678952284076 24170080557698534471640166061458043857579661129056367474202855574128685985430887841184578962836195505769023276332313059423367833256879914057853485896559492783464588124236417795234903907929236901305299181250343986643878398656512
1.0 0.1 0 1 0.000540685771841191 66025721872505488188743877632634247578994380266529137401896562477138448160535517656595013447973500356513066031831460886238826143162514730948133412742976182679921612991067133375915997897761026735688386639643092314282433668826372
1.0 0.1 0 2 0.0003714969235455855 205213391000300894047483756108219664899401328216015162394113459390463011421102510658723114428797389322804992918767731883750164743889158373243082752835794837273128318498975571946462522058818779171897704442909241512608927784182786
1.0 0.1 0 3 0.00046132512769373255 32574707410230484584629409559634388227757653487220246215806991791998919810450868619518117630724721321909682355215204826959183642614847955278414137225036549121474698406449682002270105817992810443619037749819194302884633432312912
1.0 0.1 0 4 0.00035298961871036414 110353883658836439995656808014840631836049667755378391138967264463000195509473939970815267589258004785383761311013259965683044020883235000378971484729036442538107442891538861306931116611574224315559641077714944529908935906345217

=== beta=0.1, alphasc=1.5 ===
1.5 0.1 0 0 0.000225273619139358 278451259122313638798430023858693829985935569532339287168926391105595810920852712581001450668850214251942114814297194987110289614173837004606707711053900046444368243000886235313098578255463039202328438938842116396796081573201968
1.5 0.1 0 1 0.00036062349514041214 71809491801270359285007063975080401421083935719961953695391790306177756674088076734498104542142276885380221796419051959469633296808211554694698897434871307231691816231718078255235722518588397746225442606347018519009791720621060
1.5 0.1 0 2 0.0003468616245216425 202475950849479389485364736973682108394513330559439307925545724619984560855130186310670123547120330286288171629242731391656607041875052309212035727281311621847005969475810556089740985386949412517443624371117772873936269889104912
1.5 0.1 0 3 0.0004522278627840444 101064614216456498174815994816664550404480828546968364350776569006859546081435850572521080053540459902601416562937241086518966250716350246325512619533660883594056394020986534701159035682716069590712177544278734093439890322622585
1.5 0.1 0 4 0.00030717887617154164 225050871467923473725741202408273912253951123947335893917314592664710364140368428505285192304365524831592256953666315828005867690015143553908544591053079905799089306846227085091512118481008926938998702738183953118524317576237330

=== beta=0.1, alphasc=2.0 ===
2.0 0.1 0 0 0.000172269739185033 281524104004411742423594037044097005960589805604907309411407181106090643078246734138943782959638129781515168946350054958555931846378827305919766349340597010257070734702486049516775949296211268918549300950675171760486677458489376
2.0 0.1 0 1 0.0003636450048363671 31141697461509420195132667218954321668868445483539565506532863090267881282658870033230604106140322874121592233435969479340520804408205045298794966495597314128066144707525652360219083689353613134146206704469681597535594924803085
2.0 0.1 0 2 0.0002848290702723131 2318154341213185926977971679897329453427057280778404443121808357442793872078641961714722266084421250433166209736748712681320559734982513108108308419395096953850192481473657625287746041693270822316909692465637420019569216253456
2.0 0.1 0 3 0.00037877808148854906 62425031886252974352129868391824366564449598358299334516833051559671693912683017867358494599338195766745118865670480743781811875035283856220690119366221342908389611091871160101379752210386995908398108809231279666260812463360521
2.0 0.1 0 4 0.00024400289682547456 2643431700284601345526163706444320654920465137422314833080310870861553394708787445311600744063505167020748005726056136035350506772659567255581026655508189443922134958165345274794608949195520303145929920325798181407067720515986

=== beta=0.1, alphasc=2.5 ===
2.5 0.1 0 0 0.00023183556479175149 169174697190943831008256693487862850567457373461073413433100841152353488132800954835420563575940637689188857284543429016701959130252091317216537252791517769919590079242127559088341158179456670487178217511264691395115427596075
2.5 0.1 0 1 0.00035936096149236834 219183254865428901952896248515310612823295645421459676748490224239069476290651244591649634981131937995985713066617517523078852388881233580251575378163105326427065611482084219603607587574575038409538064122992511776266245085398284
2.5 0.1 0 2 0.00026089621264394 14344841186485006976913523418126975682206120958917624247413324931313505406879561841262015606134754038404814740992532381992536262980199544271418601967634798684367623684885631024241844083269666880416361453493875548908081186095872
2.5 0.1 0 3 0.0002791850992406618 8942183720685523071042507800715862096466706195759982636675155932564533102443597183086941405770906948083367175940043807044185900062342890699906643359841755870773181758193081834071241723015108378876727195086350866753094783425801
2.5 0.1 0 4 0.00020528469118906843 191367398654813914123051208174850908699146709552136703994134898438443002711255012499448338454812682061190415327620256502175128549556325426502624735961604131660647760519399235664616651456548791278411558799450268000828823479296130

=== beta=0.1, alphasc=3.0 ===
3.0 0.1 0 0 0.0002730425345827232 242818573861181338838279759791891447451870126257557524831323867584921821387734431272822292224396010871402694058900686954925082661784358781446984050312501801791366069517340021233819588822041211229431654222193309510062740013596801
3.0 0.1 0 1 0.00034325660496935647 214443602432902185503303090078511780612795732791369194062213184525257139531179046443226110583488977920582285100747492144750884983946199339012778215969829021062909705294692560329122192382792286753859645668030968157315735019326724
3.0 0.1 0 2 0.00025925274333892944 203774455479856769683093057678056634059445750298848916644993919796961921449920433904242511642356498052267356266108045994311133892014620764689012803930222221409858226482936746376165554486788509173770132948399652074039765254326544
3.0 0.1 0 3 0.00039728992412242046 3332477673528382096963579499873145304829622451381586307430136573791465266973444032508603074294352467087899704088246245310952932988805499401865467136055267581498538237245622304570917897359217229612281553825386369539556181606712
3.0 0.1 0 4 0.00028180779266168577 1857180540959680252539245301154915451645609317890958551601236440121383939205271446652439879178850286353029685947102155889924325163145278849673726410390356540987107925464574462005731454336394351908218000017663706471985632510338

=== beta=0.2, alphasc=0.1 ===
0.1 0.2 0 0 0.00036061576237073837 368184187589113077964130337557316074447419177526719300905487599574688778611206473837095008518695281446538985463213244767556178371912202511701487543516452123158954109913895716067332559161451936655676713303565275782668953153699840
0.1 0.2 0 1 0.0006978635396681395 816316534940114969111664759422306246764856913353684435246881411219559488225523684423742343310264677134379978355497974446726337864966487457535865555913381087829839297472722879498937157294461239311013140493121667359630208
0.1 0.2 0 2 0.0004700324324083726 240698556857799167469110152995569064906149362059630342808272353234904796653300200479967955676732468295161097485818955697319231096402164127097453362606893927083073110405850093635683297544847541179399406980083513679514310876343296
0.1 0.2 0 3 0.0007362198703556208 2972760736511228991822150918334542869296035545848054635705537519041342355758385907509402637758332396170307103074763459553307984756122747797075866651145398104017815649556922160878761963643243180958795095631164606174344853342738
0.1 0.2 0 4 0.001578709292250593 109610782449488359926416937129099046614336854938543656007713720920501105279171019916324564538863060779462265349347682884251159270220945904445702469721262535411263811976611233976201917203715613659949856583053970847116062233985024

=== beta=0.2, alphasc=0.5 ===
0.5 0.2 0 0 0.0014037460954105182 231839538353121873795660296261066404824386508236361924930345933266615074538260704220895387985699170051526203394186984231100330632492160988790547587533801893318813884886566870970177830171509231729581055687697296381220151170695168
0.5 0.2 0 1 0.00048422864715847824 53301480549814118952241558853770793118957150950868274169349605279384924238698415652054553629465787062898132667957065588378846204218039673145747926844829429061549999885522653423841706934901696653820739099558272977673953036525060
0.5 0.2 0 2 0.0005131938653935798 258836960566057694328862501745599765935698216257652994697510894212843887893173748653942972591263361396977109108425260483777715136132760365811074230684716282986995443195490413063016827039676138908663313504589251965549441951745026
0.5 0.2 0 3 0.000915286078919398 53498120494785388604101427769687376294112103910648774544121137814320823032069316276816968608491262333691896756733439127865878882566326350424103236202508803804376511688035285600285470016205020186159128817605370562171423788387408
0.5 0.2 0 4 0.001075191769636814 145608193200134702442517946815565100568631849542747291381508427919301306357082749143581786302511470022245745314332163077852581123271995229877177515428360666387854136380654635710183108960385317234724149219833678056327625983434752

=== beta=0.2, alphasc=1.0 ===
1.0 0.2 0 0 0.0002410131694117294 47862473955727423705009671137348443975757117785632719064454492602944267727821369739123026946484101880293826071466534469855099233998563516237199893847802167868357257660086990104287077014464198722723404528309033674576362907631616
1.0 0.2 0 1 0.0006035476053571189 60103335350971959150785345413967158585221069034919805944927620866724326414957750333337545169687924029871615985134750336060348182341485351508333117724609992168603411631800455931922186888130517104480984627781304918008011944477956
1.0 0.2 0 2 0.00040387495577503933 206694716259724096876451755162668024287377602410652157670668890326077530787104327781311745299379308894436126322318390886948482311817373684372113568215659248488465297801101261228360626709197188743176104178153781788330178963342336
1.0 0.2 0 3 0.00034465632342965213 32574707410230505625092752448967227638157280499553760223687301058151681274486112225830937478646804937080091487470489035258200010885853799106601826514818152400943894998645207198836967018483472572803808640595530618213907863723344
1.0 0.2 0 4 0.00047534136275569387 216953949267164799413377065167763465816693954785491877328560406428490469960950681598597131033892364566325862956036545281479931398268775117637590926673345659669891890835639152667979089428837154708689822345380148592004969122758917

=== beta=0.2, alphasc=1.5 ===
1.5 0.2 0 0 0.00029893062786287425 92330187545449643497247406907788655187412034175398882842427194356792571201496183825273479829007046850120891998823823577586812554750731230468973434193935749411987705865272018904068884540917405491183380151650473924469065768813608
1.5 0.2 0 1 0.00036724701702914726 47379096452452211829524179377017095818990226225674234300876315490021472800500806629876191110289941960397425915878673271230949818898396521788720150788025553328770288880889238652347261007471499774674246523906223665906797369133060
1.5 0.2 0 2 0.000346772082828417 12959583391108285214169133907819645196988517365657600322197122623606077721416432614834388482250193068907822129191644815513548590499046581469102885186916054577177164694697624121317424683192264937543317880868094176708174760954880
1.5 0.2 0 3 0.00035643022216720735 124742480203268774939082579399463771401311739446612307983076975268177056428072531923250456122963901818856092832779580391827716294011758383076135814735381098065292496882164547852857642701831315590907511747094317101733266582407281
1.5 0.2 0 4 0.00030600473608889965 50340469391583648911761813305153752159947001250728983103652630543464733616402978413765449986515825201554084576943074393832175583829014888200375076143993198068938641605870851059074286698446564177530278857892364621649670642110738

=== beta=0.2, alphasc=2.0 ===
2.0 0.2 0 0 0.00023393484356520287 266810453267318847453482735660754180830348268528011965133457231241109635212266703949527682572897308787764200998133546146991514594670436310422693775304585659385047113063010839104072245300067541453852321833650957820842371669196849
2.0 0.2 0 1 0.0003761402115888494 29620618596223181467504217413007848981269872835095413417946343097460493953039938155093679540084937098428719015416274976034887922469239263138210520499699753078332823624229049015704180696525480550651594623716446429475212309890316
2.0 0.2 0 2 0.000309322078720079 2364401810806521832299854383936739035850563952369874436198453394859590489410318554895719706500887843992169341697001551039682391911269001072143564061209163690474009231198237854154165516234726461564776370198487419573407732005136
2.0 0.2 0 3 0.0003215864160207703 51134968752445001339355014290899623207184012743316540082294646406953163637646697261947229257010014467414418871595563690984299316795495231976133968507583125180905166610252134860419948402571988676507441091650562462507069526245401
2.0 0.2 0 4 0.00025847834964140814 97447883447798405601560882673367472772118224449255001126266252973122815731864269832325793511671319998274788546733251680282873269377069662567717194647020825206117928651320761482097925762444669455876178381076765194786474702143875

=== beta=0.2, alphasc=2.5 ===
2.5 0.2 0 0 0.00027762449853377077 266630118961408425063410757338883820365805656010279878162277038126107637385421624135948785552245761311510202511847061000370063132787523835457443361689217755652736276671753406660035815127233917031906433773681483198254139660342016
2.5 0.2 0 1 0.00035875053346290397 24672894575398591231996353965032972664255322750663631653110883545921807828434413704039523230360185999693918436100102162095714121743800745367938734273928428276961701278559919154320850312430709499855472602958236256547573816952068
2.5 0.2 0 2 0.0003658201520638483 61446319016780950709040806892891977752141281317313609822663457369569287714584672462178964314876618501145955261798635175632135571133177371120492247854987956771453429970732064572895197825187733454169018626992397067998042695419665
2.5 0.2 0 3 0.0003108382278245186 9688268837239225815719384077358918360149881195493001353158889349838409640118893781686241743482951571027080631725955602598323913581539511192399007985277747037244272866300013376616248249439289206840748157815667182904360677939209
2.5 0.2 0 4 0.0002046596746421568 7825458345913843851554571119671458384347484899148900557810124020038341978987444011601591842759962446149432327518522410773897865026498908785519811205841771895429722844208377214925143693843054499276159105594407910277482643863938

=== beta=0.2, alphasc=3.0 ===
3.0 0.2 0 0 0.0002976307571791239 262101409276709177503096298853427672499625044887566783329185965581833231209613551148550338529162589279332580457569169616005421437794881729100524673252041622097870917998264824941037270052419834626532345126755018246465376691159552
3.0 0.2 0 1 0.0003433190045875039 48512673995195817939977065856243216006012527231634219399742589721582610418941868105645241457024345165407143131094947930482237213354050903626724495000569143867554122248198133761912381966586065988819946838561951209701192186287380
3.0 0.2 0 2 0.0003368839331673187 14260988812816999117095741524184127529169133232019456787920509185369300324232222292052633538764923062830207336946394823673487605445590745678176988825415191250752437719115774260842980399367790870983577863052469709267726548881152
3.0 0.2 0 3 0.00031437480520728146 27253007649464417891247027654037883013925687493342850422541198520947137790364971615926331864573281754165625319736734710541361900606925054116484738494219592311659493380300416745183347240119086367736943348391590189412516956816641
3.0 0.2 0 4 0.00022290122957126495 203952475484599014413410702906920747778402583714912555356597815852027389522968190279934536803131975669993072907006668141077051599981946396803242799788880460652842013333575455782776912721899440217786143977910951213664956208644514
