
=== beta=-0.1, alphasc=0.1 ===
0.1 -0.1 0 0 0.0019973131135231103 72346839568337867673571934650055396752542588098904717024349498460559802380529710044566393296262421032068327788790488504327471365735019113306082246854346686976256150954616311776362401424303269406402500479117032494575252859256768
0.1 -0.1 0 1 0.0017622976934737727 143526643417560647683815215873221544494195823672025285652793848989231529776587515234599660787702958084641389277824892133291475270034315891601709342083404779725617517976106132891141560022908200966629096657376205476073494287819280
0.1 -0.1 0 2 0.0018984112831388828 215372686931482442222038816779632987244253713191197525758560860830371669964694950859428688497709995516393525276282356700135765178386497146599834839397597620383491323960937592612165444279855525352992935849453319247496188575835696
0.1 -0.1 0 3 0.0017782694988381074 124998362589634058263426010372821276598398973906017917448350537633181101458923767500163302203206273308013239882727872642024995336790959468236494356361892870446024421237831800790213296111199457203302098869021421894293688665319605
0.1 -0.1 0 4 0.001975311987056572 332940003390611122509678901430671748799692050029335611188275907825722590185940254426105601711422549610011836178781496251941933114471129659570999879615648359804268955381110928624125381048365149405667045108382514124674926190447003

=== beta=-0.1, alphasc=0.5 ===
0.5 -0.1 0 0 0.0016360684603551813 278812787672926375712986533570559937334133467459222593635053944526008334429936054143366105825468301337369032511381302314275481475085862200673522817574645717217804724677961200837743988343486405632174583333707403806745194199663538
0.5 -0.1 0 1 0.001938630522544554 250585375888805734836851497859310132917980125634436456487088696245965965407727013297480507289857310271189782522796116935757616967542897829566650300760437277777612920470824449778578546839005554661404213135641514015403556549574914
0.5 -0.1 0 2 0.0015907747818839104 280040650573877211132469428112309676767201658203749218143110702583455437926343947683657188654746091675452315477022195200470781913624189178129454483262029923026011347229954625871036223153816358774113808958410596350842196015121056
0.5 -0.1 0 3 0.0015878970217498968 98324923356123276506655904561363736309544071302837684181843896915592770716716913376645928309817258620210217497666817089483580424871575661703547940934998098234606778418602375898570555056070381480514412410057941766805370325470457
0.5 -0.1 0 4 0.0016611408886081736 362506279105598232342617186030972139428495671188833950077670544382507200354996372995917256481824783353471418799618559113846610624762797939493484017346706207557227444607979988164283956718309958968049636370779748904100091864181651

=== beta=-0.1, alphasc=1.0 ===
1.0 -0.1 0 0 0.0024146824286085146 231427193385000114543108138734381564390808797478553764495186503998209237797088600160142049532303747317207854344061596580132651644756336703101446042992827716068457634259216638095181309787102855009226775095733379942737035678084002
1.0 -0.1 0 1 0.002211123313946501 16419940152244392514202710796122430415408202504880417302826616382484984611846289394629195800104728097185704530996612374108473054299524930754608986521849511258172035880013077893905796012221464846836920714119547346023136174850322
1.0 -0.1 0 2 0.001986556122219779 327789939432803583518868031473629189998312690879232449914785574409838338118393999622865370534242428282202007571198875762939080310262203269436313686736116322960153236226907180431454966698294952704796555619846291110603905236419186
1.0 -0.1 0 3 0.002345731386555236 139778654287774225831849445446214754925530162020502886865463554132940197747564976006250737076714283354089453601109935163012276818611437666220362512986051318358576161839510533013182869485997059809530754709628511430509451346479851
1.0 -0.1 0 4 0.0020794181264065952 374536351170383641066840277156273395431655604516415472744151455732533712077387546824893962814804094251564295791969711701091930086884854920606573973097339994327340106423380290618039731298883945445827576639845838374774578218295699

=== beta=-0.1, alphasc=1.5 ===
1.5 -0.1 0 0 0.0025706440938599306 231427193032044153886373216621723693742166906592791152659015437723092488938084505479395973763056059190336352825323820406642912591320580729462137514692657233709550938190859419442320351233738032300347569032643757575025307556932066
1.5 -0.1 0 1 0.0024480742562502664 60791570419041335129986459634898651941180329107462545674335436515481352167481217468752939344666424464451410641356196884722161456298435195912880040350862428316347777674991586352346369245278944662966219908180922101503838450139539
1.5 -0.1 0 2 0.002209201399623675 327789939432803583447032374093327194527915379263795985675558902136917846618074885824130358363817572946615667090378298855318784182491339437684681896161601509309260988615621158437554290233901187274870604907528019779069678988509426
1.5 -0.1 0 3 0.0025610184264303875 139790226876518573970107981958040549853623648356400355409386353091010258254544615459035970216297473676050571651657027530784230610104991933748678508702798404336721769465052495540295043775821987216200309936795391725747480057449195
1.5 -0.1 0 4 0.0025505701582778117 173175220723291928350622520899723540617988645697319961819672338694922832238831393419495492695706937398534383787332495244441284758353742813286802719084476742528938505911149143209740395635701063701272976787648605240733408055032275

=== beta=-0.1, alphasc=2.0 ===
2.0 -0.1 0 0 0.0027503135352041305 231427193032044153886373216621667046461636475754369803799541986321235851624969585003454315689045689485697757423569711173217193796151141731542479647874850634345466747016411908705675881473557469727736229062534083060931983688231394
2.0 -0.1 0 1 0.0025470242264118894 60768436096777779478862421010258560309347664702751582793764885537652502387671688150605684532111865160711388178437139222385924812740614794208928014000819703183421262138370131385936340939874749738377223296142610570311001699303827
2.0 -0.1 0 2 0.002006936339726059 298918305140330911734295936072149954759799758218959836677082110978542663282346715003463465475033193667579795295374942338349932006051520089178058689895535695225020275219262555536199142946499064520862882823722974127609961820144242
2.0 -0.1 0 3 0.0024396794263848243 139790226876518572634526600705523839030716060906108452502960185420463221346049309880174538178497649698986347270931634526203015207058658557655228937833610882798370394729003040095208012211558783617866117183508694181206656313002731
2.0 -0.1 0 4 0.0027443782992652354 362691589412343312035880924818966910582260905176309691325449854357804354722119441749201862759684290191943049493757631340989695961191721882699062922932193672742592197174009428266562843408061927179533819526373891628829098119560659

=== beta=-0.1, alphasc=2.5 ===
2.5 -0.1 0 0 0.002652844824461035 231427193032044153886373216621667046461636475754369803799541986321235851624969585003454315689045689485697757423569711173217193796151141731542479647874850634345466747016411908705629113421162880834353711147887162004303062566332898
2.5 -0.1 0 1 0.002476052013039189 60768436096783165858025606621275026812008709531815270842262799080859490070333760089992772565893675630426662718992309577645104238252854499306837093467318104324445199588771997204796982156715471687692122305176933935312966295536019
2.5 -0.1 0 2 0.0023146639473318104 298918305096205693629477529607155176000180558813221405984632904166538787445482951575755305611579035149815908917023039718342613624853542724491062796806336066718507498776392977518318661464323878619027956929099547430511714346419058
2.5 -0.1 0 3 0.002698638427177834 45032042177439774592198343126762887436552312875608444412933557409364850629859586866535631973171047361954194069442556299432035018946404298438263006975779645979458844612320489066890608091632206110100308706699622291675716846160107
2.5 -0.1 0 4 0.0031475391084544745 362691589412343313350914939397126771510637717073466591904331205100690610423056245168060415088061742916799168247066779350157102530394128541434470464392410564897592173278841392140938437939199819533340607273922344154606841381550531

=== beta=-0.1, alphasc=3.0 ===
3.0 -0.1 0 0 0.0027935257426812145 231427193032690519385955481054848931247925990308015488319703601330566839915902554146653361995224870075192628238274095202510705101670456683867995070197247905379506712119502833299984480748168246564098380542578883576848891370170850
3.0 -0.1 0 1 0.00265802471588917 60768436096696983791414638069732390505055736154073276275823539901597390075576457828779802025971307165464480299601675581453581644415060787649049575520765991587524601500438496448903085610830685345025951608166060814832555619565971
3.0 -0.1 0 2 0.002280651352528573 298918305008127621553067669928786772786616113286760539571139441492569107027148092973427570898643789337038055317631062412099575068537096682748915202091665296612299712770564730517220434411003281060927661682572115205085050761593682
3.0 -0.1 0 3 0.002691314710687256 45032042531992882106971495986281969621703310067828587794810494430450273833243431124726158377125178499105373202940327890951589803244440981568001533316502535780366200561700981361988159572598334966734027964288520647623695643249387
3.0 -0.1 0 4 0.0032204219669309006 173175220723291929665897305792742559855355030349104216541457126357941206309342479274759729775273420115782227164983667504020197950121177853347090335299061713697452510919301220923131295971277585370871622560823283484564191480936899

=== beta=0.0, alphasc=0.1 ===
0.1 0.0 0 0 0.0009773937929351056 192018950685240919383570199514461642252121517167222039949614939212049112292307546841919737628419540696909852051838156429248669230948303687273320016961481820194457877564138090473868763234272140265838331274711552791650041537463984
0.1 0.0 0 1 0.0009625330039854644 49024695324226860387319971199565903231851988431830718622844087172360129001331707401056077508873716562930875365387853293757838220330724090077323502916749595019676162671426170278327488158346057018795990429544838186574251676921817
0.1 0.0 0 2 0.001062396570377037 280439713767081813732789135368806125154968337183405718726806124290129427607009136009742055621222326243115656866480457948289299670649198398382940277710124787668762725027489900941922890546747654081659599266597670791839886708002480
0.1 0.0 0 3 0.0010631677541675726 157402527138981121330985949333746809455450561066868805015255758393900867072551004222906735830783673804961151754472141559008437946704533126143388606688272027363548038025046094643275310838272432642882128692532111307292951500188592
0.1 0.0 0 4 0.0011334568885656342 16197078404301566155723249222900652210188533180028884673493830193456071191610039510949203192486926771636895334998930845435223466837911266980330961267386533634939806110167686868511721965018077615828822214282875682365731710249683

=== beta=0.0, alphasc=0.5 ===
0.5 0.0 0 0 0.00038597851610039325 113870075904386650417792253777163075994666885508189351899623715339440076607237631524602967160552277503759967646884896251390294675246514851538179855588520909632175961862647136102863844477377680135788642022891966709084680234355440
0.5 0.0 0 1 0.0005152250357671347 345583573524843476037045348847847967317337358725302955302760596199605034138586336719184093378072357069859023371530459087563821852521820514932820527090454326170522168244912058929438354751595705864302605893702862232671819563854768
0.5 0.0 0 2 0.0004324013454319368 156445153236021460951336213798048913587394870279723634041443254026871245660304888763006738909881141041801803268073664398723585917674069724802811483698824099082183909262268032733766502779848538114251979567177838178881067466517136
0.5 0.0 0 3 0.000533039531640932 13196052175521831703971069587418869100656008643547985226079730464057347467425778427120304237503730398085495555379500535465247171975003071392063123072277037673909671140775534030443197780436045661030026416470894891667933180750064
0.5 0.0 0 4 0.00046622875444122933 250039161124088141710993575754838220532768361606846040321346657841497904310493152856426077526554866447485371788247223324290341543247135079076652176387608741638069792886102484782491492062212695598861617185385936038833899987684274

=== beta=0.0, alphasc=1.0 ===
1.0 0.0 0 0 0.0005870911317225996 19130078240134204815475915297316915236717818047225264049716447388996656128068020751315336102717538567064406979955548471492934929081155490515667610272955182268726863246060254843717497855634053178144043993175418860895874289134576
1.0 0.0 0 1 0.0006521334442372282 19858058179290575562752132868819287695713857652906497797711528487110147715219909829133546006486680620897370837674684132416138388648121449806518519837245308181055072164428583425140877787920582243156874784912017337985678902881200
1.0 0.0 0 2 0.0006117350122222578 144969241936636540808191945982535147288563659521384061849591884092367771574097449972945742299765609044730450480226874802997895115728258751370027883294390867171074058342643795868739382250112496548836156864198441281264709431118032
1.0 0.0 0 3 0.0006253256892805589 107954778013692585645185486817989504502427370434799951095061055671632608229401445906882376827612597008240763577038661829114217225775611368441557616148809212692889012789317725156019668519519923664648420815426785862232807586196208
1.0 0.0 0 4 0.0005908647293765474 256013249682491298128841203456504929380885851832723707898644573835893029077922793076557488953353146067253212368767368412528697210202180948816301079432571040606419950491459077810772477915847314283298242572162784689863589452082096

=== beta=0.0, alphasc=1.5 ===
1.5 0.0 0 0 0.0007644880175418035 48580080453337239226322917532446843475445672947970329072798926611689635268680115257759503173256093873073317643639589534887317980726028968040023099120892763321471575566875734259182548043858211571730491429920808486861773641772018
1.5 0.0 0 1 0.0008775923578697053 144977187652872812340446727717213734822483568712142171741690879826535168229626057918764634013800378300374467976163607075932377463696095163313163765042946690712229509995778208109058881798549157554817845316385384435576879243610512
1.5 0.0 0 2 0.0007206406736682817 162737757731180278221173844326110785024410123394880921963754308309627261167731812341758713690928683631505718756861322636651411384103700327900978090825442356023829993063733550892618109282043674731047430912587206979678619358611696
1.5 0.0 0 3 0.0008115355529051797 102136400633630751877211012362234457948485694521934234809226112399077942643894768233786275245422062435445523540067987900425458080308764805644898306344031537029049427661111495387991618828131655268988402474677028753270275418680035
1.5 0.0 0 4 0.0007680807809116408 184979324551163563233683228923024031965290510078888803690692994977178129307093061511759104694266927840479397790151970392860150403132739232220448783631290054129684309026117796207729815500216569503595161793994412729626676561234930

=== beta=0.0, alphasc=2.0 ===
2.0 0.0 0 0 0.0011141604413495603 255863569722377866736123943787115324732882513511341448822905514563602955997776449445760717921088779124569242273539645502916892383479698364445141346098708708287235550001212791197599579935536984725092291638907819326289237991123954
2.0 0.0 0 1 0.0009405975262980342 50221896157710709435961755738358632435034670113197387900351045464313879960697459125005503257504827712423290753837359252587740231426749605509146920732288583549991871843569774863499141433735425551603980669491684955309898923568016
2.0 0.0 0 2 0.0007422905108718864 62057270890568306744291012633486741328391856038754658331077377071192836819422708588140014415490625787039115092381441673170829846545347807779804822203524870927642562831209337583599514137000036418284644845075280449639059002935536
2.0 0.0 0 3 0.0009664239421803881 340402750831055964230728208910754283612353192794545361972351254247066575504421998965114897446784443653523165490869028804954280350419140670642600523526807895327032856810422460315516276114047382963319165751229802894554153753791200
2.0 0.0 0 4 0.0009850678034138193 137692769662783261087474198859063315644813767403393544001623759879370453734694422879996864709410373417435995565425782113857484297656624298390226665302443745179275869331977961140004780275152360100143102555808587434238819973786098

=== beta=0.0, alphasc=2.5 ===
2.5 0.0 0 0 0.0010969317633544118 13044974656993233027328874343289471779765500579881992802271519779178869118242661506762909812392933950839771730422420247495048293318385307893104017835370550752013109384754255129447735312470945646341755603361232811191921455852530
2.5 0.0 0 1 0.0010780758478886828 67245866322763021271533488130749006151180379705218716523102339864644677447360887078486268176977144367467403329127696180262353699915032642797233717030473499682942588591518315235923542801694235432162188426238008990986572431157648
2.5 0.0 0 2 0.0009117538015405894 133130515989960070996791366817602728190658867059700020326856011773134301284390495307259157109397050450718584716022026498179532506767215791129176954810533365119246225733347719653695009375233250700753796330110272551078234113132786
2.5 0.0 0 3 0.0009463067818549961 97601802346358854782137526722317455763181386577693597511923670867069420164040535722340315887773737846238579075670058425409135403175169579150765554109903285012442471870157254130597389539753648069013148675543389708654799438768883
2.5 0.0 0 4 0.0009795993168614158 137578498127313436143312882184081362191551538424484178174954147819175601132122670289833901840775601410420943603618783836628343177666043166800053415324645248578229434007779928043500363361494677376902922935460367343395458777147891

=== beta=0.0, alphasc=3.0 ===
3.0 0.0 0 0 0.0012882222625704058 208483774362344278567638124920367939729074005145759553594502085858280789457153949089251517981537315851398046087933578082899801986692858076771422507983178833469818247923474137552871915129144953528881606602850634946412994858479602
3.0 0.0 0 1 0.0015487109948271933 67060972127878193037750045473997642488120856038068201508884383579878239320602441950514174405440531744677891656730024290394601862839523314599022387897070332011526356399206307115195474981411882967765789470244471039249073996611984
3.0 0.0 0 2 0.0009858707715730036 14688577437456632959852165186539699113361716173744332406590744021202557475796779550560219700463214165646500118262483125373560947524085574636399306082512210697199381892923211751737965617274823711058318246115231353937805974325746
3.0 0.0 0 3 0.0011808919003406702 147184890571562219055338311905307988069104316692668800753595472445760425866560649488135774363333419237366396826536093355603204090087525631919934702068890364577070760974452823101718028219156712725273776561876916626942013308160753
3.0 0.0 0 4 0.0011469369140663928 131741832420455405921063091614341005980343774428244205537071408396311337625836886495374073443877185247331055581071431824974057003271970591389154585616841550689119002401664988077635759960981712855889275588614751952643105359194610

=== beta=0.1, alphasc=0.1 ===
0.1 0.1 0 0 0.0008271484389181505 12966168611859741932943877017117931320392466839102025676785752374443567551978467333446359091486138800744865105746784400927665606177961432373168492220197780165695654491707325995346672190783219517892832424481491704532835240857266
0.1 0.1 0 1 0.0008160351019491417 67046326507237742042407829316700767361094921613887983138028458834108763272901939622743267935186069079186595288703387276152350802904717155541060224135450280661276861667828903298293538270562619400190121184524555027546301328173267
0.1 0.1 0 2 0.0007250235246964137 1444148979748622188152863591400611494231946290185651730691082872737025684986216090257697527055637661168688301653086123712878259209797230869559069435416333259922083581804332730799050219847236235038322049610205887832197992697523
0.1 0.1 0 3 0.0007434802451460424 48909605985445458197171167380833680008201218992487253884006158399683929382803096936857103263394560111678525020083412518847438705617596017088510757516254514753882329145235640156973358741060030478037772676966655895099443381421712
0.1 0.1 0 4 0.0010967239281992867 288956903288849580692939236066663244747514126574137614539965297653774789005425678376472422597043345318497453074799101126103405207112231623177189256366385668972991386675562951139855622673754611446565335635371537949083065880083409

=== beta=0.1, alphasc=0.5 ===
0.5 0.1 0 0 0.0009944280024072624 326359612890772800880480625132214225718407536076822144529014667634555309876410220347031810329573622588978563038904209437549161725363303016882418991168824842637969571500420675548726051339529021929293859121093473154261162767610819
0.5 0.1 0 1 0.0009531124643538119 304799045007587626465145835298219362453352675711455270890125710266760871295085625171359927164434403673582512048078810556054192496750026613344958075478878041831991410121306770893581397015636903526887956776609516148163197380808690
0.5 0.1 0 2 0.0008768849011083667 196166046787087127040218018221519408688355866710240712189744312913681786586572941030393327516896171365779538490427367808343307398358928217396266306479104543064108390941309159531409549024090406103203268812292310946290627266666928
0.5 0.1 0 3 0.0007965702958228497 315886245564870025908326431296858795734930538028603900126517617080591402745268511958845708688376949138763804699541357355027856062354189652626540459501441400812854707260854219754477866291747818163396846569380845312490483455019697
0.5 0.1 0 4 0.0009801054920134437 229776375230093941410648787513406416235935987619155154754187638757524268165843779431837167290210424203276441178613089566529872166156787564693267902321769937125509162318226720183247326780657262004553582234901990185656894213230515

=== beta=0.1, alphasc=1.0 ===
1.0 0.1 0 0 0.0009841846661186756 353686712951490424037367846491183767539452807531054720041846454256820237862014838678914486585370272528993376846150202626834495544265360238163821276948797633258755691998075911645900039650718400955887041129278046351946785801528051
1.0 0.1 0 1 0.0010187669935027897 192537333248315853059052235317874924636254111872466172616800108890118247079370642996642434787024789153244480242440091746298789788195977133011381294388219148267608420641488289947538381326819544046493157016366159323278154799509122
1.0 0.1 0 2 0.0009734670666555676 256628738057487094578465253609271296976395124732984023072462114531986244373513122391926283164091147569862387194049065168273332368274474293284233588725757210406924307229450418958601815856645004162586542139621954198107827356731122
1.0 0.1 0 3 0.0010697097129991181 61697757330513874984952008295500917710039038159072001786247091804892174361734232045958339857175483982600170779458972013353593265348488519619291261714413057810485420938408855994341824048606629592718433113722025671201711817582259
1.0 0.1 0 4 0.0011526207597633102 237471560186004653741125427917666399089374277109795039048915148807729201758853846510878221288142769667678078960034178654350250502450236516212509085322067995335079499327428461799884235344774673505752532293760555396260553792005296

=== beta=0.1, alphasc=1.5 ===
1.5 0.1 0 0 0.0011882915770649808 359013638748145768527775615891732560708520856469001567152819497179607107732892719165264057072175261302392737880720575026444059609449817690156444493804652494666408116672139153706326631053851463584053169417220094396049207238740930
1.5 0.1 0 1 0.0011469357333490188 44323164278783535979612195903773028277454817686185703668322627614085543793558872177637573658602055771093160232588431514220114649078817647006198511436883987323174313634907395073564215703910303605168485080102421627456233965937584
1.5 0.1 0 2 0.000960826759644302 162036829018165687921293385263410975048624964807112236139982535914529498402670554933211620485503354004225332575826192127391507531195557017448161209062506996295886664128614800887763375401206209251319838120747167169221954017389776
1.5 0.1 0 3 0.0010797555910654771 285724378780581246964729116033212743279270330549782899724790808768522731150937347833853718623031379080472172200533048069014515668719707926563198678477833276637077639173208881788145563267634801314476916954002716100947904414215859
1.5 0.1 0 4 0.001041875350217187 327926239910256737832905659256132926878309454548659325162243311546136451794065735625613983623723872973993864776844609146012543812000258644341749417922728135317085723049939433069023081343850756259219656650926519480537227395878867

=== beta=0.1, alphasc=2.0 ===
2.0 0.1 0 0 0.0013035248699023309 213266998842619370177720280652225241649929400452815141543177669856018029357445862019153241708113308257851231679448540734468213772326007184327249538279004209352862437370120683527260877029208446606581592260807167592536756368600496
2.0 0.1 0 1 0.0012080507964960894 191633430028036493626343067806189742376545117649455335198244565140090074739668003981615397679252256937848291949737088071102101842487988871890323987825576548759550007392646070437955050220967067605943915543606483614797638934458098
2.0 0.1 0 2 0.0011549217841480535 144195315966823758472260604026633656016124606927993796942394261371889572383434683386263635868253368284494754373399242637694377775185762414556979003642083402202786987854107644464681405736082518155692442399513231848819398879167986
2.0 0.1 0 3 0.001225773950650605 234549851557630805970910631757680058840018670042744629531892758953345461300018142780235401665643876400377658102551680834261563246016820676538452664088965188141979412071697519503620461808451252737397519099742299487127399499670771
2.0 0.1 0 4 0.0011438451957958829 124338600375764392793323031199210127356357243694754155321942554252249898441415266235044332460738647457298983442650391559395421087395844167870951707720719244139714064933826144689842910518216276426036273653422742682712374736219891

=== beta=0.1, alphasc=2.5 ===
2.5 0.1 0 0 0.0012758881911160912 232146125563379563304187484880132019751822185487879548785789273931614798735081393103127636067857873793820793483787587555429923205532848358584471805029046100702172113095852078277124470155265795802186229934109913222702855666953968
2.5 0.1 0 1 0.001241843913693799 198835877881416845543065947730771551764758389806092240745908453320029021462517129713653444402448152348438602607770356631654189340250392250547492253358653964051352775450757592538830487607735709980014129033878516087028677656758704
2.5 0.1 0 2 0.0011720587694404104 185662839710395979762364946357737868908633645223739504920989532169095647456137269635903259901866042979000131189382097361682919831831584035122211539307837243111991072854825708068531528135806884073689759575334778547848976471376560
2.5 0.1 0 3 0.0012557718182695469 22822008556769275079622218265707488923435748847747962747462600931781932715891821392600562952454959433367357782298599753434948046309259982705444237131164153002004358728786686516001825061777104275779757605963662714720149400839147
2.5 0.1 0 4 0.0015000514212784501 327180728834851442847376745841652048660058476270417902331933582604716345717560477221931167522831150572281861079107528216682560024014372815808086421825636813718030823914793233084536034330579118318429974648170294970404108989825011

=== beta=0.1, alphasc=3.0 ===
3.0 0.1 0 0 0.0012262147858309906 225504807564667651270155641356440715071350583102543157128682238604023197962303047343810109178535734295575858403057340565396337957387944479593520596369739802531622907735142214470565303665760869088067621419304362865522277782547954
3.0 0.1 0 1 0.001304567732098376 209383057408019706534385780624109118341642004856420164731401152441538702317692225779307728030078803488216748170447181297736821899698505423575228342349199687594071900739322800809565433863718431480723271265354547682444893962159248
3.0 0.1 0 2 0.0012236519870223613 150932362737553563437566283095601981746478920737781291076875502431353348363562908350852974406724697335254507907729213217988427991363971421375316687246676672220697086333057496072857840255016481359970382752411418764720398501136018
3.0 0.1 0 3 0.0012608741592175106 22085640213675802929293563987646925013448216342247016049008521754576976563077041275068646968174061353269223801995205670190062139982369982410085882282067668689760502913336236840095520505611596884831390318056471999599417321204465
3.0 0.1 0 4 0.0013733736241201098 118884695507732062362866494146650380470184640986026852283458464288626868557899749447282582484200568240493358975156709055187674965019699893475180567367129840415522732475279349862756755866863075121538081039845593155777835649269491

=== beta=0.2, alphasc=0.1 ===
0.1 0.2 0 0 0.0008768781656521949 90882911560147759136718624871417843479533673214247394493732739413199142641305079517490243974640845186742930517680938488405789845241337122049498524385208803804327295984387651407947619301358518097243145445150714808054220159337393
0.1 0.2 0 1 0.0008542525141416779 12033649208446563382008917545338560388030701696552292724898584235938639371700729989468338645445521553464733213208323392958006443994818119214919810711375195211286112817276873150923985026823356635341253525784542346080799047215600
0.1 0.2 0 2 0.0010137526297356067 55867837898563836931893925927913174941689558820652713489356509984551120388211499913713026255392992509930111699999291087988923416427032097767593579699553556662649033548131241835814953772300402650921808288277130275464660095266512
0.1 0.2 0 3 0.0011140259584218352 52402245725780003700832165792605098062956939715684342525809454476691963574966075290261295799976284519625909914483906438455038960471604328334294869200980243581176866543256751683329455017752297520199425206433469000762390651044528
0.1 0.2 0 4 0.0009947142800388023 114582076897578443643407287850500509672325591589961072633655179708661675026639736523391229993523419592246249574086021776728232842724163118694949556348392546106233566810109492399895829414351390547405771522663269666943196783109296

=== beta=0.2, alphasc=0.5 ===
0.5 0.2 0 0 0.0012034031117544159 213081704374151274835979573235074316567184254934822879659863415001544405080910227774112385117593261112838218711628940802704171867665545876494519533277361348990127677975245088736803524671845021511252171313604651886366156196796408
0.5 0.2 0 1 0.0012692157488287783 134240847851358756418502313216782364023690736163650500616481420185452892852527955596285198151328099139664653019664535305611409791883509927569985974820509693513155133204319366253202909503611463767070831377529420166647318418745010
0.5 0.2 0 2 0.0012243600165075163 19644556391270107425925060941304216292442897062753361540893904931417387764364513613300226417858268921819095910782930718402733524064461738269690499494783613201217922860526694605437156993656521033291692118069727731177433351359698
0.5 0.2 0 3 0.0011842138176748956 19577517667493196010654161359328463200793880128520382406938395789830100392027921946126629291654518911915748155386247297359404749639356846965926272464543311442693642997432378062882994509773301559716609340541656057677230807129476
0.5 0.2 0 4 0.001242579480212559 60594004464205818981706030314300625726008173549805656269156586781432189415036290152411785163894396275621352861461595859316489099084066694532314620679670569271502559366522585741730110768100100929918033555315668789949890653768881

=== beta=0.2, alphasc=1.0 ===
1.0 0.2 0 0 0.001168236922035162 293678698121533841063720972898793137809783734264049766105601967108773084003727884356731335797523997196553838210977812314878243267188488528521930049278358522319248659532050465149390060576919635189501139336759864433158250745440192
1.0 0.2 0 1 0.0015124557928932053 99181779996003328952621660275879490338410043184863631819423051122548260615470324505746822318668186092874195664824589572366339058885008754828594626727720442799906798524257831335048255322906858030846831801745557376719767037971362
1.0 0.2 0 2 0.001300393835813913 310656848801287255085833249639632950500976969408742514090518682282692657450253005554454879402738784184808308444265220953077562631746744575271136874358212226012578044397238115849160437890851347717226504647887161455276703494416803
1.0 0.2 0 3 0.001420743576657608 34296468006385980369072884075878940089184287632356734442369386232669974999855844698146023069309559586299025638409337959088379604160402070204390883292038651905787286784798667076752806990482444821986603820773318279312405023269603
1.0 0.2 0 4 0.0012548313780633362 72136380036096206774228272993698259935917091076188461426233143823662255520568233880524821671082293827699088178566174865771397031181066699282047155793480635506908485849421633888171312978821152749801414538197309978885156746116704

=== beta=0.2, alphasc=1.5 ===
1.5 0.2 0 0 0.001576870666396914 124526060719194451298254637175049154121580848934642042351826841817273305160572113759166211033305118642911548282721389378968650202668222520298849048777454857285033534413279143984187289449293347166101420689048462374886860974615794
1.5 0.2 0 1 0.0013541774692425968 18338573461583607046803622247320422770513091521753227463846136099687206676827278369957533466816585868663504577070526295737243534820158708077580844355351461540534778420199739915394659561016716601826082643689926474095030764587969
1.5 0.2 0 2 0.0013044900113062257 182691440825454229096106668159269517459637700766917455571072939970926056226508391627294448011313292162985500905837934235721259618683445363924721573441257566938197275534664019943669516336735603107910695151866869132410157041074386
1.5 0.2 0 3 0.001384941950116878 25794304519031420376096575752014541624960997742364164150336311148550054234298995460050898766336183367273230439108732119960574305773703213064553163214384599315830807443763343049323398812455906908360920112988095438276786296547451
1.5 0.2 0 4 0.001436916977157195 315342371248205194521830471156179444323109048686515827419458031660724710220970943577255809529566300372219975934624214662160578090308576364666702217970521792321712487534294950302485810845179093321246706345239962443023029473703856

=== beta=0.2, alphasc=2.0 ===
2.0 0.2 0 0 0.0013812163589377864 213378441472667275799811657520214844613197368484844578250767382669720464472406579439112320812430831342480020161799379930141100059411419341505000651172874513743044048715489891861109354127611119601253532837330740476634373303731138
2.0 0.2 0 1 0.0012921307885570782 263143103394093177873904914288967728614281836449273228839936715546435179845829680607914259920488956412693976736391558381119990703955652161503536975809257523784109342773841599602297837386560419844775891829678273781093794517205168
2.0 0.2 0 2 0.0013981053246158214 109384677544957688861476515528260419034687388876503776361763231636061915100997624080861390109667041611780443917696072526431153572779758058902610561525719520783701285421810465553612289397496905276664613683197630197979899318749138
2.0 0.2 0 3 0.0015633667498996394 64237862026403469108664434672468760824507283424667704106235024327767086802000971070685774898382171234562598519616652755780324394849697936768708782347526132339332784261572991981843934279916008027276950683690763996367082256355059
2.0 0.2 0 4 0.0016807922491135852 331967142270277966035573169569946423389771149948445676622570473839726611669294652022569582015783993521838689814604303620910241785299124527855244190552170397671559070726369768101770788106315718956052615029599700234525240715279283

=== beta=0.2, alphasc=2.5 ===
2.5 0.2 0 0 0.0015206867055359448 213644265234507631163829671368456432167124147109641036570309855581520190195156539591272028860038688798876984601842533556238420086214253998988482863264510175460126981013526518540272501859805518396452716029898117616771737394761362
2.5 0.2 0 1 0.0015902977012464054 3389438886331764360478280851946007870738828910516315697520818790988013983262509208649254172268585310695982218712510469499359334909446599552494820707103378577454767851489713566853316744886422598639937988006681119564418350501009
2.5 0.2 0 2 0.0014738829581096343 162794574268248770488305204748922730690397232208449182639648558929070838648189759062934400999591444558819702371926843928378885771673606827472464032357575024494590106861131934352119367879369633699380897389239060667974634376218354
2.5 0.2 0 3 0.0014857348505848997 272280479609849125671896895925673707652835616359939318066218241357121253243100431359435819662100686940569609377282639750757322116610446079621057793511696600734217142753682837900318823427941998649573494147962591745798325444922019
2.5 0.2 0 4 0.0016105144187561647 326973496353663468314318717414340299528916593937002635320151077936059817342768163343043319634532860479387358204316728749633817533920201657209310338624652632166583406197202073497805424987172203021678543321152127140073410006216626

=== beta=0.2, alphasc=3.0 ===
3.0 0.2 0 0 0.0014787110012318343 39626892105356375651485065460771016137320786990700800102436388991446582602192919093357076235639573923066483509110996562445669431586279590334850431286666013929575528191094818418796023914728545396193259602750109695618571408411378
3.0 0.2 0 1 0.0014915235267590565 237077998508258813138535563642960830357523678250521028457048897028060616319841702041367949036577740219758267829428863887135635303368276358545627614533720540753881510243423149534973478719218933730075953863484295388095415479616657
3.0 0.2 0 2 0.0015317962749219517 293019052186367897519104126881681576663391719329413819024548647178750162461007904586146577623006863572995188843798326941133436893512803466606041921566566028464010335500029523047838060310607478533675868507474004735479131789001395
3.0 0.2 0 3 0.0015395708566280921 187170745077718007054254064569789641851628937618437443358168129082487964019489740340066515440227771215685543348939423913964594008853549173097882389578437871476294296977095585053084011895226733197583108830894272395311236781482993
3.0 0.2 0 4 0.0015061575118929529 374565169708857299753032395310325122220878278635001168324728569951217849129018207248170501090559062451662778298102308200879204550516832361797803675345390704902137826814143701302302903766844112389182200667945300795421014148278451
