
=== beta=-0.1, alphasc=0.1 ===
0.1 -0.1 0 0 0.00043045511987005843 373041036226228397832754593362363298739503538949519259472537788321375470831268117095514947026631264894659420442681246814381126695950346510684490138350039590273118559909408071570786779595967532275518765905819718107428155091317
0.1 -0.1 0 1 0.00031050618179453456 22592284202780833079927280992002245397837002397883905355609212462033920171818472137099941529091831237356614423845643554047493347161402618127759601691614032599107980322532559586318714611549033587134319816707717557361722400
0.1 -0.1 0 2 0.00020219576943283468 6559567917670259229582024407285044316857683349342172838706585464037544408470797590909523877180477463473681094815953720137548743015010752829095378868753
0.1 -0.1 0 3 0.0005840672899267886 201403313811920535066755768114288423606012424055170540820941807684043094680240631544908266397668304568838898275382290159870950582842539075250903
0.1 -0.1 0 4 0.000497191912108246 168365448692431958944827749396532461831582454505868880479610784655585215668190456485375575960542701021899491237589585074925007964596781360602724748826992107732814997785661185309261448959749741785601339713273898413

=== beta=-0.1, alphasc=0.5 ===
0.5 -0.1 0 0 0.00016618806472165726 260642122640791836053820513301798767782256934712112402002210073091694734858834880571945143347153316765839985343699299043184906022266376455966608039392036143811444260756294770026757162389472200953280824145361411194845528865112112
0.5 -0.1 0 1 0.00018057917139917788 24092557608500197031170360651436812726399132038626534031118967314317814067698365249204062402080002689937691916363514465430902394458359774782558134324739575550131948647395253560615675448135439141626060996272128199481150608
0.5 -0.1 0 2 0.00018873283994203218 131237624951077167024261805772468634554258129562644180524636113231064712541626657737146328741418865583189902711248651978167246613289108339658425975801556531451758476739812621862459848061103497351102652751804950251056374792193
0.5 -0.1 0 3 0.00013646636549225497 65289056656925139731962906787732646885621309313514518758816867282787052379290316756218442288466832215142887370235685442745169280096491178188343203886039199426164119838089284983425697794116423793793618592079648219456664642781211
0.5 -0.1 0 4 0.00026306208368701933 23832712303397400785855913756785246390243056199424134530835771475929292308804029562586384008156892544769561095258871036709810327708489086531411137156329500032562668342221065462927955014445175092188951644123017278299490215868566

=== beta=-0.1, alphasc=1.0 ===
1.0 -0.1 0 0 0.0001563565320928951 266997281569199334471254279963324244092420461175917119507269903479907123885350611022316170423926718182164348028637662888878357443200096046912482460607198133009165731200541933144050786270630505115015945368448964944277097859383296
1.0 -0.1 0 1 0.00014920104313158043 189571743824561543602282578120309974112959446860144479533088618616759172476326038378902822887804546587722845557458637196345419372596341349483817365507185382490965529873496755335682019905676650904555864771215253000229017433981824
1.0 -0.1 0 2 0.00012176170379021105 225517752646036168187212092939854760997636232999195702431378064378812541420146801757657284989010777282123500270559752675456279553742497821184299304953738612451505630616105113801590691162013306553375753940185780596064297977152512
1.0 -0.1 0 3 0.00014377083745285046 59976815824661885263672024556645131337956139641678168148023771793121683019708445238020486143974463252223335190866846043637896026996086443494555072319954681965453039960396067412331230955584086091802609835398635570157549353191633
1.0 -0.1 0 4 0.00013235482526392228 166251942794691408360160860895863931484332007274971939576486554225764506035246983644535167297131118576614788570273337433291269912026062099398703738932936502611263468705530443308990566809990647735649354112622907382073528930009088

=== beta=-0.1, alphasc=1.5 ===
1.5 -0.1 0 0 0.00026233086081001975 278842012462256163943439263067520389369026364827089312532996084582954394832924541996219923224158282370153887013334052209265802903083209499467407135184464145767370893439405692866118711111661865379634214341243010790864657525506864
1.5 -0.1 0 1 0.0002301070018536183 49531881102436462666832122945079934347502658986896645453240491521803281269602493469459897749027458357441809828892439824791391114403569066225963264608439507901743385810819556410609044253045645632436068867227007500939406394500
1.5 -0.1 0 2 0.00026747492608886767 15550694569263892898832422790852291053932896800810100677552940884367945736005124092895247537432461482681049510892546512995993342669655040815222523901290912015518395078409550848644917243947013428250701895112782666392753718815760
1.5 -0.1 0 3 0.0002270256120908801 2977956607629445896772224371009212528692326850117850765516569230064782264134091996937100122178092919401578582566244968651161228513356424578995417501660535260053399217600138306923901224343760378572215869353683934459999660542048
1.5 -0.1 0 4 0.00021264243327451157 14806151310357467568700774317482612107567077031318169633028844877185130389698377837712310973206774529605471210144150305921987271994395876294423477642550480139418644915178419190137868777466808411812787385880544763875403001794818

=== beta=-0.1, alphasc=2.0 ===
2.0 -0.1 0 0 0.00026146324155654 213229775600505868566672609831514299272055360156669787255896292580981175000298634877128375818214123758648702584203187355714083921415899910335562149498055518900459681770769542800264761674532689516074053441678595694832533435891744
2.0 -0.1 0 1 0.00024488592177161533 83702877111705673025425500482627605671390447514694734954971129249446372963851050405672777006203096537450884374050316486176312485796194403738657401051595311918458875216450676984280984251549486128201962208260253206664063151047940
2.0 -0.1 0 2 0.0002574967768436784 191840307333402441364514665891890572841204869103933310209990547673577180598206049470341085219915919772507367920828009506696852584643442342649557908237416059011089549306491967446007176182260639379728281521607152082249855645056512
2.0 -0.1 0 3 0.0002441657818761187 3378853723315702608259831673758370233384146100597407150460690803412118727062337168951577566898557341013938285640879418822901182612560702131478642472053112409920158164745790309341055479577560680842869516780407297670579196264449
2.0 -0.1 0 4 0.0002010352129524426 13695809004514474055214651616905532556569853683103500796061406037349077498146898363314080234668023905211553034923670983713902049619047553917211280161824830814898636352380710336059524084048977983886105225826679378746062653096322

=== beta=-0.1, alphasc=2.5 ===
2.5 -0.1 0 0 0.00018867821399903292 262089877412869827819414907566852484426481067287199206817099595696405653729293269204077408405687754638852126231821807167145060265299965820518172657931252849795703410146706102361697116554261093147600690661472418726696964484810401
2.5 -0.1 0 1 0.0002969685747033442 214195006249147285842424891719672930441622580853485628006554648420280166296723984411018706275614652585368920566809886438213426609969004841704420181932375223543667816711796304734332105941869413241908176250258788300883671612736772
2.5 -0.1 0 2 0.0002476873993869503 14350985532097841194912999951630849697997127201067162812756272478846039586296166517332600872383874088760507803203035145186679973520328471499116433716109576006098503686620047733553890815187418910766426198876686434967096885331712
2.5 -0.1 0 3 0.0003135197130605885 10055523380547602269703307184801278954635265202969463149807652178712602884997890077148424854973478097333187049563901419522498557457912225183179315797700728162818809658453930518087071549293328695054826870965135470329556342409249
2.5 -0.1 0 4 0.00020193146834861155 195068889701313748346879197627437224358876712782030683348819479097785881415522437716335204228665173308364281290286279823502663409389253591424523161195542004570166655737119515178269436675181287258933483304674049422867570733877635

=== beta=-0.1, alphasc=3.0 ===
3.0 -0.1 0 0 0.00029753870849827917 268382005024821007519469396897964919163133930329941317070382836404525883750494502700100367025509338397823697066043495776625672062246496493447639819564959355866910826055588183496109904228942076673601397217211895817966249346073120
3.0 -0.1 0 1 0.0003615797395288567 5968745567816824619955418126159217860359851238791501085604107380176541938626136105963428648911960660402798444801069162236750868551285322032088783638942526476814495989024204952575190654638968793319082325345074682484465699128580
3.0 -0.1 0 2 0.0002795000586314969 20174689709857595667661594572262757792672948018351776097951805812827550690840307274909234148327757570998044623477659671638328028215337615597677331194361776456069037469596876996367952283450982057569356355032908617218359362864896
3.0 -0.1 0 3 0.0002905030252870702 3384167018383043951656623649560552803735723955829834841361967899371991343964748125184758434383756951761820925314343091684826646403235293203210262127815071120772645844016666584770239536057650123339402170817173128766739852643632
3.0 -0.1 0 4 0.00021550204580838796 1857174887417141534195500130163910762983922670297268202405400407517356313627625987219111149690107114846188073628370324429062256471603510326876651545866725298954165331059885685368839937053659972179998317381592345101434110607634

=== beta=0.0, alphasc=0.1 ===
0.1 0.0 0 0 0.00017586702926978244 2903086349972858459771530583667117274729133159366739751639563876546575802109646858664366823557612137001616276846445691314537587903172093822660664923911470102318609426239643561047493531679754588181717726859607072077559687541
0.1 0.0 0 1 0.00018599962247154393 786568372081703621693846678040789131185813649267315135405338370054242191681035807320087710769416932329368510510485057575375252929763039849203168743354474424227941753119801661342957805493161338666059099194192326877647593611792
0.1 0.0 0 2 0.00010661494813317838 177854687529816894583693553862851681442579979646004454338711346854353318889821498148568180589402194727973506981744527929874746887108356811185714437734116781660714434177300002978153105449443617060240436565527496467266764316269073
0.1 0.0 0 3 0.00017431130977161625 46270056706959762625311317681796862579382792919695517019749406139713864985128191289172946137552506918765267118984652216309587257541551311759787637680136115680118364606359433795686229829314549384898026876927847152790509529815
0.1 0.0 0 4 0.00020112893305006767 9797766621314685145839909193326364110473067473056553300650137044810167184971873960437028650621609345982861437573816206109196619013938405918179622630035763161443083470400977438990840301224001773033108634

=== beta=0.0, alphasc=0.5 ===
0.5 0.0 0 0 7.03695619515313e-05 1116968496082421617742786761814036541803281501982795288269488358280712536814391827157763977731571315249816400699242682401727457547562252154758883413775682206833232841719725434487476677268014709197414683723512975906235740078096
0.5 0.0 0 1 8.444151041337757e-05 2600465103538672570935378188889265390328234537012994779721235609742887834228231960695061385667743715730177508489037677178799431443913938941920015807045818234430969649725258281722395117789903541928649425088163485067180927093936
0.5 0.0 0 2 7.568393549255456e-05 1033114678851247954213369074867335949624980216438776241013420776098863231516645225930888276696746756407303090457252094420240065147403789920275140956502479782165977947243374843564431926156405522245604385436833519081601756579840
0.5 0.0 0 3 8.976520963584662e-05 18373739760025010205133242158595811619188199239925316024834242023032634737065016547934444471397445039315179745440392262784782234289913395502323385927149047096492001145825077015028158455625609393333067856101012803165631783419920
0.5 0.0 0 4 7.597048645245752e-05 928266187395506772226877900727307980181407625553989199045447121522439302820050723863228146843540092938372393312531536604601582560573045231740974575359493368678443009702405626789680660081342498865068526833741597631773650516112

=== beta=0.0, alphasc=1.0 ===
1.0 0.0 0 0 8.783105139967895e-05 1386167345613522180689897992616521989448796781122353516027846622240941867906172150371545858485791299103525599634437911342853314788032136084272746586192671065894762890158425685893727046635041350374950811204953520693251867279360
1.0 0.0 0 1 9.036565868895958e-05 1347643553637439453325386828289791226270378151258133900051850330916642681686428437148628056360665709932403389663466529928840292678292901416669274800440719035296847070021129301905641482528076462893276777505254999997748107839892
1.0 0.0 0 2 7.677640619542095e-05 297562353878794070222062994468142690317780703395880278747490737952113929787259602560849628127325915096951092917666508820072722180131165465300763183474502581175462609401340735920524401185707461292512920090522472847996048124723200
1.0 0.0 0 3 9.934840530182273e-05 54470541406084347927416975804501745138358808543622317331400250308683058399688587665846192907898002335945435064866748559789803501548899652081795238893787984776014782811109982169033444913406400657314162482454223557620517317134480
1.0 0.0 0 4 8.439092049485479e-05 107207718678085150528895552643637014068476885552622219301890219108045604497687246940856010318379122091239883084177061885860226582959690847998285810417548395345694842620854336988924109927856558870325477327358208159283082447339544

=== beta=0.0, alphasc=1.5 ===
1.5 0.0 0 0 0.00011595125561452099 24965604449781100968271627935295077148525316734548256730147420038864233766397917823533363129408115973352038567039657232319844593058295560067431631764098985528246994658174471602136333422211203382265317256329840202363556493003569
1.5 0.0 0 1 9.6169574426589e-05 789460256022930229897986452891753854446933638170532895197833562427675514479566663358936583517747438646936798104723809786970785106491070873843958526885902498210443929552681860965155297400136612973508491527408341049794888253584
1.5 0.0 0 2 0.00010478191522636518 13010324539302049976739641032292097151496851607884196795209841703099385070671804582693817878476973547316516825909509130441796647233538492610091118163122118241847863182663208841887731841673865992327553624355091474445514178357264
1.5 0.0 0 3 9.652763499921715e-05 47434805731819669285800191410566304655471844598108154330975643474791156988378803217444668358909453090575748797806205885959442195485363143027548588633407201041585772805734837628697601239456150460275291229796603872486446872922352
1.5 0.0 0 4 0.00010783860766035166 1717953680028544772202209498929740390015286167436285236076248465628393555256150407955158668737926081622206700519513534436671832272147312981428528800685425660083343116825972672084043024111601391105767419071447534093934843715842

=== beta=0.0, alphasc=2.0 ===
2.0 0.0 0 0 0.00011947834037049286 83495387738618346535305073209284860515809864739642084578997918513132752612444451781725384779165695590033544864956797701849685554315921606005065832331433995187880672914661931773468830064822125633725059456708633875192881558372400
2.0 0.0 0 1 0.00012674796411197973 23735819060619694967069031097908441851236665920656944384327802850538556399307059495900764856124674891129655372381176302890334413386256005497887829856933294751972700607366306135919386994289840617853790429106975243226316435655704
2.0 0.0 0 2 0.00012357162409243582 191743437725290211392354005767941812772572119228357098609933199673321727081912509783542902933888563419338669547528950209759297406048343000128860355187581874907050642727887541680614267490970401251547944119707595898152059721804304
2.0 0.0 0 3 0.00014560712647359211 15969719952871781789793683101735263545811599121424758851968692018067462071605234881919158188649814458782461660025384220837186222167311845720886663949700465348463577439108165707405630378966110412085810114546165563813591105216576
2.0 0.0 0 4 0.0001044970075659056 49976068916696484003716407705528173542196039725017091417184587455390068460147364210504769160612451809202770487930261294777307682092489407960327959453756655478700011840677086217279867430009289453925458812370198238771269303544240

=== beta=0.0, alphasc=2.5 ===
2.5 0.0 0 0 0.0001172893607304071 47686438442164260406669557176017955432605205000325208920885881336275010749293386537415075741603289299247180230228224595034565907891651725376723355570369635539393063531539229660918964121278426143127908113899369243597732134836272
2.5 0.0 0 1 0.00013247506315360827 977520176199969169349838052384356821198730786878951167273244002312813374620712030783521853123046893597205491479051047873255873212693664139249984414901883707426380214252214879948673115655200611992423012460033362537505563869460
2.5 0.0 0 2 0.00011664098606021553 14343395288580353429111993655774915897481006747235748648935879938501682330397027036194617426441768583852780026444713710084893497588179403930220337286796969730983692047718117571770996804478715057383211454974288647397203874959104
2.5 0.0 0 3 0.00013989692513011304 15978272743574508091518800992233752008621716006252792432221625121758245237584700690232478825344085769172827047701872269874881146636793247225765239191460423749200868883263201612032772196148324522761241712052953925158608360720818
2.5 0.0 0 4 0.0001178829190455826 14071588622500383801216249646402559135006095068833899907973965545386416180433581622279837217113716118627783157995762477431455495142831974790956068230752933571584059946537384427545823073957257628739033379482385929918893791406368

=== beta=0.0, alphasc=3.0 ===
3.0 0.0 0 0 0.00015842040971963923 216006305948350277686852941731991715087582255233686414372266447446669989762690566131596226887797801144626567251454114520899111137353024052750054963976918744904388185405640293197682083565106070917111908747488771148064148810662432
3.0 0.0 0 1 0.00016020348136886397 610177989026786841002260280568535114276196237127012981710081624995561559849250033556740774363601234271042318263521044510964668545250882879387867014122122070355339377440474930599756844122494001434511024566851547146174261707028
3.0 0.0 0 2 0.00013902089162001 2507206907357545581636216142581944034529871929792851198544868487205418966784475820660407692770691948194758905764070667322390979671789978556722064212320922991800496307065219116572394700760196286912865687808190580826864458943248
3.0 0.0 0 3 0.0001702803232989111 10246748271384027144305199375598608500095824049995557800072713472942072685826663159293304787440853219081993744245738521299596008174318676967997261756756571149957771157545324737307684364801411747630969561623399094686189105471760
3.0 0.0 0 4 0.00010649936140392896 49281993973729772621619150368458236343980078584172315786495872418337961977572875726512089822419833701556195391298310578310989007338588717162300109074276078915633459023339044468444573996019170308260902627360538849675671060351410

=== beta=0.1, alphasc=0.1 ===
0.1 0.1 0 0 0.03525594774262417 5386379163185539255480506708231307772563661649344713811228796765131662881632296599976892745148661519083669907907533222398602902009181894580552018908468775334893827878097459087649101596320638095262509084933877792768
0.1 0.1 0 1 0.03558136153539079 2891790293717214716875906590680471191666765245193343659933601484556454305851520165525965873795871260780802720100114585173763159965274384722056900305991129407896251639902916088320702978170468706301569142587073340284141043712
0.1 0.1 0 2 0.03578489668133296 7176098599600067544884740476941144600281144717665663568983251188700207203892606482845029950230054932601436597485311642285986569732214494381917375747146159784910842839526086761302447968625020821962880
0.1 0.1 0 3 0.03166466304101624 15830111828659444494458336819925463204320553416827159694231365446858423494658140939787791526517552275587187109313042098960934854789062244242499218986452816840239439061496889344
0.1 0.1 0 4 0.035702413793105035 2026161565287635561956312275504025019992347121602234187050846131274479312350961724398122504187887631300746859689566283026848173521561002472504769787678913927050030303578905640960

=== beta=0.1, alphasc=0.5 ===
0.5 0.1 0 0 0.0005929971396357844 50538028902478989984794126302769177810401842496983885370513585449586320822866653405737398049108244557560016389225181123436992399658982856697654895080365490614571538260610258240508443393277526104559673048499953658874541527531540
0.5 0.1 0 1 0.0003974041820062544 1481319954400125866139122053874199112881194022776909488780077570176171509536965505230227582033463072033970451229958877476744022279259859184387970772845694585959893401008593909106214999922119646714084316395668895400152577247280
0.5 0.1 0 2 0.00039445525878064095 59229310136247297091241090106768065554018073739397779731030596693333756959744212109082910488250615710915660123819688220915582833286378811751253623090166881508133108476495175260363273806818542685312157520602327222336162190098433
0.5 0.1 0 3 0.00034366835845757123 14852981216639662737678372506052292871614077197128082566887753918760498621951575987615265757796445347243368393785199741868541878874913372283532563547012155638004823014745692473268348188592102884762094410879408919295291128020993
0.5 0.1 0 4 0.0004678346694668463 23829797915473663049947593700138248512325577510959171852271822036635798374048738713528724308448124225992776079710293232444730661507308217362376324234629813643848569526505759221408088628562335048486721664936852977293456134152758

=== beta=0.1, alphasc=1.0 ===
1.0 0.1 0 0 0.00011799859217405457 396988586270312726986584625433958210911381912506724317008519675952375556226989462447238091844041126691713943593813423756592393051308085137577287457766821198555063256788204990889325167221584415347898763581813528153523168215456
1.0 0.1 0 1 0.0003723616874887033 795628095493204566425836497266165422367711700139236871405276049613203684880931798731373938929153077705414815299921719135232771829924253632083557569689237917458919727043285257074440717959718925687109611474919946610906007388488
1.0 0.1 0 2 0.00032528951258928605 15975719417815369953923799777664285625984983281195849004647855457857593930999943592133426351867237959857651027152033693110303072274609933689121566626296066452316612697975349854530870389653896186156501497348461665739441204691968
1.0 0.1 0 3 0.000205043203419737 17802809916905220633096817228774021920272675453225369584391192786756198070266848541768922115448928489403442290903979902305313423278418070626069946786802643585177162045020952121513282935449921148883405193773222847334750965776784
1.0 0.1 0 4 0.00032813372826354787 217555351051257759921787840301558172057860575748034438259724818366320376572357868084641030816275746130643820827787142701370439367813752226708848936677922198309210431682872252241628406112186048536093609499817598607437009468547852

=== beta=0.1, alphasc=1.5 ===
1.5 0.1 0 0 9.540822418787203e-05 859587588108864546545975455733410350165218225643856254384868458037524746902917566854273133471668297959119761684291860171150975776095757700473164855679813040411620719017065258498147787856150572576199067752394649393562682393392
1.5 0.1 0 1 0.0003837047313096799 213208901258220502058458003833393317544120998995863980561159377635323451919988517678669892680328205518808341170500566232469471253533502998043921309379430000942086491468228313529051987022768848687391149177630381087772712670642180
1.5 0.1 0 2 0.0002238225029135208 744753642945117692671410410977587102172783462348295781203128011157946227653477182846872354550607969594199641392470204668822481161901756083252804727233365602590558129053142055119921162813197861307017954882519262425236086729904
1.5 0.1 0 3 0.00010884618452210407 3614737872953793229898803011263617391235950424168010824196271499510670261113343331850255861608212472060452181787239779901515665341616342307841218301249611799120955815041127007145961833666795012850808074944601746139284253424
1.5 0.1 0 4 0.0003871058785000952 40161368594640106063150213640679006199743808334020536011813118284387438010279004862866269521317889794784415804558885403649545841242829319432900816581778607321810482263442878556951832747528614735428462437463405008081011140235523

=== beta=0.1, alphasc=2.0 ===
2.0 0.1 0 0 0.0002534334955924087 35557501483115650284648094560588182383468713869389804571886953522448329847984232977868808725380124149955500657773439854893379898455625779126476631311034347273558762689009645467475630809052974429274098224325773679030669211107872
2.0 0.1 0 1 0.00039737950919713466 30404374956519783089085587130434237877460097685413450519029363398065978092797705058326487681319559795888141511969725874342621825301958580107339777095091967298464609498270055907725532607341818897614960449164759381252270203669773
2.0 0.1 0 2 0.0003249202705448182 2323588455588873662921403235414155342515246194357936803237197501511541472224377880162252683720255431068186320906505349819544661989341875999376013782550644332555175266697160672008639842894647370509861028653813025952058757148160
2.0 0.1 0 3 0.00018433182254594697 9081478299680465149287140768873638929543081747494738805951755312212359062208465744831237016757086492451800645802748197949301390153329674127183439123336561701655298709667106508114783744366166136186188158974697990742792554430528
2.0 0.1 0 4 0.00013235656962579432 1480790435241087317729742655898172713688187124093164730993851035276151462944089759797324615005307610284832875410739263339088133926951087195889258528864384907175218463676487054750623803062384403172502885902778460617140909117858

=== beta=0.1, alphasc=2.5 ===
2.5 0.1 0 0 0.00014920705926960143 54806070993236535013989569463599344452435313145141658198468574145102768593420640845146227760699018260080859697955890775694747696743462806868875108802718477199286681310869569759545593286350250885577977907562131287867844699622304
2.5 0.1 0 1 0.0003106957649888429 213960674867603492337245880873374633618278926861096383075134199376236249245248537992523564564643476992861095424754850920304584371908429996947416539276477209585594635557146415232923638862449748605845667745729632591722880266929940
2.5 0.1 0 2 0.00016783231651969132 191738835198749737276365661791956340116821699338908872515193686012738555787318020855090621518740512495863074143559666987861353299867744228389746082399329834627120972258402781877805797569775862331428558687918387835911933489072020
2.5 0.1 0 3 0.00022204201186496245 50342499592610047409706833217810660299070506621885752484709052138361429326508754029615866595561570925243537647190508648427759297359051723764986568718845494692094506959902439137467147173327305668963896550997155941263467482194224
2.5 0.1 0 4 0.00024186226363114566 1851389851041433198573879693213200985608761309070887040979388924671433476779230133198092811581370783157597481776474659229903018634952228032800175013154126858697912076170459763361344468949912740129951417611269757785266823627138

=== beta=0.1, alphasc=3.0 ===
3.0 0.1 0 0 0.0004149210537001042 268369709268173425527282586108473662670748571280872751883492680256571874911172380109043274583348904109479150962445971139689701555899932902981294258960013672573920011642423759470199381970480149089142141857131669025205743084635008
3.0 0.1 0 1 0.00039505387827545613 2896291065963905940079369601269116849533695125387625507583749801496252329794299136624148626798065264223812975188568597807283904349209362615004362818633875662150556318776986208665109704225587152330907979972093452646797541632
3.0 0.1 0 2 0.00021241021861229003 203592180912277556131613934876408816124542558274711313209593618580456922583203507192166170995808805078868153580301993942296238203960239070882959828513034612544559689947687279880851585480523017412026299058622823249539947484172176
3.0 0.1 0 3 0.0003979697020694116 3332119024983025812570695090144013419667049026545266124286900666688891955676246110226076631531577849096646549707984421016391960370850057405520904441359127192492566665020616796717017965534920673867866952483981910584092270871848
3.0 0.1 0 4 0.00025242922474097115 1854288601743346441249404124886446183597595700046764072319001779134923404950256784198857358495880503563881380666028741251326823595895189350946680223351044805891178971163254007932665908856318838801608643439471469516915419906354

=== beta=0.2, alphasc=0.1 ===
0.1 0.2 0 0 0.04643577023784898 11567161174868858867513347584291470413161041842436310930436385786449280092584728347168450153569518522677557727149539158186611351829418186031039505423246437569045550343994795218665462847317997164682659544694366496038865338368
0.1 0.2 0 1 0.037193687329445016 22592133215182392717769028922738669941039978569052131257948205043417418414801625389934770895357327539128383653387832930436092095015238325710083430703656641578690737005437559258853970596325077188844902776906688820931461120
0.1 0.2 0 2 0.04636135278830799 363238795438844475545079124828570258923602130415352427304310300722089446009705009731809033192436422533352946699609229385374063453327652812945603415206230972332677725108343434870184781839123166622935716829094211978409279488
0.1 0.2 0 3 0.051433555806134165 2568425733177916751582514591250062824975751856847252861083144972201529372215371495172688738416791237124946569148722384312425568048078581235272411873679623519071892806031219738132578638206647086172242765152256
0.1 0.2 0 4 0.046387407801473275 12842128972069790673996475265490964212481352503201965739500064350926546458197766971689257010507948021966586357425431305854685332954933664887825548737344182488672735582844614585075869674745205463590463116148736

=== beta=0.2, alphasc=0.5 ===
0.5 0.2 0 0 0.0006108491639147547 50540558865984247709144205432563084423346971236549340358651794302474958404723784265944242127540843820055251552994852183579167789476390329062130044620182464843850429045009408389299013684449597783206370006757490097795547307966484
0.5 0.2 0 1 0.000568063913712597 1484211390323784391490377657493486758564393442436620445682538316463981171877910877835998456582059142885945032546646358737517243253546676546795984605861171936358965334188224320605478728612770742417580261411688184936392338611860
0.5 0.2 0 2 0.00039615292290858624 59229310136247297091241090106768065554018073739916469177140720813147807942705607252959466267280920323415117935593489344069272093734919492498708663832316044776283656524360227494184513042191461144450011511770013320053074934136833
0.5 0.2 0 3 0.000529526301214786 20914173848771943446133361796981788830620880413281662700667822779786928908237813604501911386037436322724771618092242950327383167565594990252534653810059478323272004999521428679769556588181305619413389976781196927751015408599041
0.5 0.2 0 4 0.0006821189361709232 24570096230665273057198421990406085841984178070375789909360538736535010403290404088912260400754518940016747825100127350728251684027712169593983040675074013668436163009114241321984659446540104313840185772548359412081077587582998

=== beta=0.2, alphasc=1.0 ===
1.0 0.2 0 0 0.00043770369529306483 5938201739015222847302328316527507714398586998735021124799731560875829801216961634847864695095067098453077407992406024233614692063943826932881835608608258351734162519699736643842121656892785391779306570511899470886845215440896
1.0 0.2 0 1 0.00037235919555518105 792374755572638244782888467733392199509790366023563445709024532183374058151984259728580103475151210816477613230529278407482568641373892427034662821187461604898128903809725412634634225685803230232941314026005244077524493844749
1.0 0.2 0 2 0.0003679789788177085 15978656126891661256067758059832576242735163466928488421514150185984992886511252596616793029243494246853773247552146113386292161345529396711433491425359050901499845718791699885265756316721256737612847652488409468535770123617280
1.0 0.2 0 3 0.0002365681374550574 6490504722683020296277618441945165015213683867838692820751798967613611321149252980140192835843945076809835668453941334177124466989191390946243726625616286275373933320104276078513012590761504014965747401305109838266299852015744
1.0 0.2 0 4 0.00041525108928127096 213900131007269450853250216769372192332676573918238197684431613471228011679175535839761076629982486476886128138133079356927560705483465006269013802264224204042117878453542272373219928434719557894622796190005351258351895708977161

=== beta=0.2, alphasc=1.5 ===
1.5 0.2 0 0 0.0003872555722043448 278468609996451930501384985124405799676261533577588933002892699759801675774763034820702118031518848003315802745966713859676057041991749263992221423868076302093937441046001372859653875354811141584015580503587672626097089853522209
1.5 0.2 0 1 0.00032026615345327953 260593774098803421262684715029176868767652985906834366134854408194191799823778357709748860995953003170654406497595682486830089668920718539300489539903056965368180259049856161305828492603252557951255403732453720859744950531672068
1.5 0.2 0 2 0.00034615196920094167 15921205377147282364718970661260581091893423426248659400967796716303480502480565440230030902887267720657791649356313292154594532983730459636490038639632777339201428802246566080079725610129977990957315976540325476620796217043984
1.5 0.2 0 3 0.0004140286849781049 6309570131351912115143302255523484069927283893499124332194409953583478122518248176982485786772666352752585442331772940081701817770252626097081907906887916097025919040723429033531616803231729426248930767004024621262787300034672
1.5 0.2 0 4 0.00037135603041930665 205999758402859480125210594132329168309842540864416057024464971786356394875096378899266137813979687187198510228627744739559773340855681709277606784962743958524698627313843021147097950417268832565846216738688424723457816498835714

=== beta=0.2, alphasc=2.0 ===
2.0 0.2 0 0 0.0003006547160386528 35557501483072561881204891240972875171130732826525917736048351195127715617306769511625908003354856142755194341800561041671935325032152366519455982683634393862442910359588702974271739460437697472729360262780379895203450713047584
2.0 0.2 0 1 0.0004236374222706795 30404283881833972501124573338559066439898193540976764081759032884752598718833535188684878842194916669205426929038542347626370612026032861109366794607162849605534109687131425163738888072227013420582269471794163765336612880843789
2.0 0.2 0 2 0.00033106294683523616 191840317906563101454146213768192259533862636505459898189040215265605164204365455971794527182544057771659058774124777401299432424875480218662360151079139957251197317422926298642362314267586539240359262789304168668881834426034688
2.0 0.2 0 3 0.00047774645112869986 3020261754598277645849431215906210496984727148100929275369133386625722003771537926762121223621923383405261612384406452084274516162992910654332918160996761357926755929516665569193563391805433691524035994741920559664789870088201
2.0 0.2 0 4 0.0002936790854200447 49694259234659116537542011781182566627403064172565377650065508046327946420333897438553286680211085568732919903804100101626017723211811739940163710913104575247868252293859438916837555368461833578436553124991967183896780480717216

=== beta=0.2, alphasc=2.5 ===
2.5 0.2 0 0 0.00027252269893014003 268104749332109437849577857488962530436434611171740573661495502494774996717805379449342224581499684607951734793336528202973163007101319118236779863365202504356405580696300450320232440739196070895175999846689514747601180789086241
2.5 0.2 0 1 0.0005052055403409496 23753165847681163096743353997429810304714444371708065957286240375618205673874169846661080418013888346699102614442272284523293729882925134547451253766345018268503760302681412413343748131016676244913717189462958496059515323614484
2.5 0.2 0 2 0.00018822764577248525 2405992117865999901160257058622998670968864648538908535501153154526725721626999680076903446146393718068859671468295668118401014798649665640795265003679471338061918982513620808583733069677400762464949284160393153227574297248640
2.5 0.2 0 3 0.0003528524483136837 4315323883195772397006285038981134314315670189870833911794802483263389221548533309610449415947604132030024784585377724194797742261323206722802893950410561181231410762996497009081251360640863598943631224332649725976421318328345
2.5 0.2 0 4 0.0002945053737484467 2598196106400819741244037056374455641122335005994940043531461241441339092130234647092432264126768465998221437716934466344378582773774436024992019321802802945908388064315556221645334474281866964713655270040616988429208367999266

=== beta=0.2, alphasc=3.0 ===
3.0 0.2 0 0 0.00035571544454907577 239516335049796125448078874934366514326637722655716386292919077279375524112475318798511315339480419676854830483724758640891709762702557783858289345786302897759983471485400498588105691348620997406888622941173833443969147575730976
3.0 0.2 0 1 0.0005414941031256466 47384968978447964435820470215488112004049182570032723516874333717987547425843314970892151989909062971142596286220832655919025663963958939419849256697824384822907904902657394152218829576418911881524286078081231537059897379195149
3.0 0.2 0 2 0.00027196504720197897 8330549268498441523943873238232536460478138054034760688942722441970527271020247132681321609460411773660643401300546737902220426190795498870599038630170040448258041447741842345888542207841626942287821388225311108756619623941632
3.0 0.2 0 3 0.00033966237756310623 3518728465172736649989196609803308963285530043626365281987007210022015014275146428037041685993290398755127447367596004806807595080736834606348280762359144109727363739819593738443608466129938526621918342641154851425420157473800
3.0 0.2 0 4 0.0003747825180375273 191413717955263582399194952005127361092683317767256310961262173095006619217906899151276395113740597957921841225794290942735342839083305595966777739683949412844010889554640826084963758463625577487047214783137266784896407751100690
