
=== beta=-0.1, alphasc=4.0 ===
4.0 -0.1 0 0 9.659907359659997e-05 216168571053234752632537940806049411193155625007997397299463694007644928875066142079716113906771481344986643186804027261831658871872163373653589588874190414870910618716825682986195053487256119326003883370244061060605253843681792
4.0 -0.1 0 1 0.00010601174086842355 673297395398191808927131857548321169764048895279480672048266352968056612824776434794173082165983011778038703166171095347701961822851244784209022296290806152409753095860147206694866364436579973106307264853410355456
4.0 -0.1 0 2 7.113412331072681e-05 243011236564745607378967434307941098090354398561078259557339956611802640468496894371299540298386105099445684980295947394759814670881730282969587616011416653224705101500040267946065504693060539766527567707121599731685534258479104
4.0 -0.1 0 3 8.708735879063933e-05 8907482993470456188017552054429022053833746883340994670427823242061996281349561535569760349188720625365044519718794575501786287496786222280470843887688335194359940749378584760835435321370940767522357123240815781791499559175688
4.0 -0.1 0 4 8.569374962465062e-05 13325370611109841703687899061972680396079721048701867096902596156005451342643917190779357243550283594584781022703027499907381735721058850749081872212975594133391629088934911837453822554011829540322855284066648638700974314129664

=== beta=-0.1, alphasc=5.0 ===
5.0 -0.1 0 0 4.7683874343773385e-05 237821195258740082160078387758369582924370968272404946904011825743684331562958421023011277411607294935327389868469791480564782619735327192305423436797785362851832907186596105327264275659723916783032728317933283184886004704351616
5.0 -0.1 0 1 9.07709793957997e-05 8678195067558668352337534569622715326449520437871648063256031401943254773599593360492444011971344265122737887791049973348701961406262281885095689240952860598588343459739622563436611299174904926312444641343437028900161519616
5.0 -0.1 0 2 8.764820407841835e-05 22603145700257455190945040296171158899239094972506537563012386160675525171361008484526711853250128177934194615869636698753276609455510590429275666508103485806488706257055428747778185006221849357428343641696879215958574114
5.0 -0.1 0 3 0.0001254442038196738 74030197282056502704020514261309523555952683866132743205531131865253194743555060913764510888347911760584964172373383944543500355380111719091588697511489166288772094290064252669046565769188336556622419070942975983569549619380544
5.0 -0.1 0 4 7.760867075070397e-05 1483851361627316116613210702955062756416351944205378594025691193064522998408248398997202185526361118979316198237752238404028293639539897789912890106994224969500997466670846923166877326208720248776949416424549733148108075041537

=== beta=-0.1, alphasc=6.0 ===
6.0 -0.1 0 0 9.138097341317436e-05 142507470859341469291478605474825479992308658630664487988663013901027620470209491922161323118150900883833816144454979029880994296790350938467422336392154225712571417995595697659977161438643302505759865501521071724737612335808512
6.0 -0.1 0 1 0.00014330296050473647 788015679267365406007507227608232618436280484112573241495927358572772685036931803275852884027410145799578190394588495287198635460422572339388092324604528548247818107422014631201161875767115381056759366218313805285485881853184
6.0 -0.1 0 2 0.00010107653948441433 53486560332628500502718992423092692313672956429525257869778128964560522822210656607376637060342882106081248895278846110922966837632862298150601582422756858337176973812981011142967373987093671012270899835582696148937558793912320
6.0 -0.1 0 3 7.540491949738581e-05 601492381093180889865617947735142303365529759140259238577203171821438626615890256979772650732726369062332885560512345354315379829293728827823156026725577972063295108518645324711577249399609307638318325141822744930701996460032
6.0 -0.1 0 4 6.0920180393871776e-05 23693252276963109995853517755380362594510218317896719831409656283499586714371151889633665915899131065912460461151035352547381370262632989389807079147974745731947234014479456425727373971725108252925577609818559764763566147732488

=== beta=-0.1, alphasc=7.0 ===
7.0 -0.1 0 0 8.239321441068847e-05 130298474058363633554881003960149557906988553292766359199776583088467945350703479589870869920936108366300207112900925347918048852191143974104350590265670404083189776775441697551924737209904197309568639453832941038157353558540288
7.0 -0.1 0 1 0.00010111648290074004 740301846760766595231166381793814146994736102231566520927504388703744578337185668337296947092907370154931915085543563558390366431298040443193708228341316450294781220278063456917712313699215394737043850623686182393884418069504
7.0 -0.1 0 2 8.002207682886448e-05 51867512546287312498959496837141117116552833216239522069802675617695688686797647994279846938263843682002779897473532679961344787961367446151675493289137318788697895706874905560466594068161401173802192718880927463262683604782081
7.0 -0.1 0 3 6.887525226169823e-05 24675698872776780901915982220323661029712518490916055112265463644748047197922289961068143803645758049338498609067147953698521689431006707624195960529579102162895558983845047474161641029684320527303984376332042440889825534935296
7.0 -0.1 0 4 8.287769434169614e-05 5974485475601637612280534183651028002158502917186298777911043043218343640835835966776054353254541466098861115900888837001021976595948298743049228737645872186575511964857616422289029820042964600359880881089633912445840689987603

=== beta=-0.1, alphasc=8.0 ===
8.0 -0.1 0 0 7.362002359671677e-05 192708996248457655754188958142749443263252288485022982771560673046462797473711867329942691026617571049009278448762197215954877649229172007273597725545511077580172058249790431329083967907406948289403973219315193590544408080547840
8.0 -0.1 0 1 5.5062040569699654e-05 71070379638118031172650595452197526490623414929369617013342767350523802752182240973197588188061177476862043910475912126793679251219299424078768030656114998450424552893748040737654533727000510466747137957839085305591108764434432
8.0 -0.1 0 2 0.00013641950169444546 62371597350255716375610167433986948908226899907378673902081563802569840636363177997430118826615361995695655033748742154386771978988915367119624820791511999609475541063328062928008044366726858446644478926764936123761604476551168
8.0 -0.1 0 3 8.974948219450389e-05 23689591623724464167683813303173052937144860633644787907291569686260806032469557139204428645103906501781451549494352553237129826975289937668676131856145762259677525667953460282058302581624339528508208233644688981703506710828032
8.0 -0.1 0 4 8.819851583425165e-05 190627250563588496348393463910288363287767853798868498636712800906270943596025618381516399164272772035910813356156410874233567707893167398951604416999099594901219877200690954707871362476493889055313385275210288670848430955833346

=== beta=-0.1, alphasc=9.0 ===
9.0 -0.1 0 0 0.00011290667906153325 50722049760729435988499202356356635199987574594064638548143970551034637072782112140299286168902893795087384714857119597699448729851176863195862986494593139705519476267001394734032756304775880714603128077720495041386885869993984
9.0 -0.1 0 1 5.486539275978393e-05 74216815175573778369413975379667577771293979782207064233831049841063939939874205923866883231295052713713989362757938043909154351201902530008271070113640915366367475646941429851776718193357349486532874996509580656440326433816592
9.0 -0.1 0 2 0.0016894591769919351 63111899863076844571484661189597456875463653067459968618913139005578565951362227087701994888078695117871272807357881758306348625451014681942395781741803316066968803533688246796886369102912022755145133796251966845756458951902210
9.0 -0.1 0 3 6.32981035958708e-05 740298315192627599067027136356734298330162985672007543214844960620916447153972135777621909197074861317525597336323826823294081991371665834319899906849650202265330538139219247276222809875936720507045257799602313284562685329408
9.0 -0.1 0 4 0.00012995665462953195 118447911203617714727364079626769914868621431245774871022731889299572909788371154722833197922992373147372414592176235891565269749801742022500828106449214317834441129353416642600313352706788747288493066811124703202192772616427779

=== beta=-0.1, alphasc=10.0 ===
10.0 -0.1 0 0 0.00010382309374649852 77206826285305316629810376800940607942452829184115013789858834461213784752427221886678257697675732793833709573404593903281794259787965564598740819518615158308581283978116139098888336290414250844850509870700773172870096724426880
10.0 -0.1 0 1 5.509594966877589e-05 148348997086768073788361166942676843760641531650108524901466427693135480283229719299276163034760995799150038827578367516738188191238240133850480230064632875899527009866301069238291188133029005704881385027386663445318377472
10.0 -0.1 0 2 5.3221880593027714e-05 94782131985659170902506517825870929962425906940771540844700916856828801455990447017398368729379964075896592721376016407581072752568879554563402276289846656209461161200725250777419040878069712145692497793955223399639107216875536
10.0 -0.1 0 3 0.00010003510644448184 44125240460566666527541924456399102056639823695020979816530591654535236154148827833295725262290087419158120614220083731277354447617655881714533923123908058088335705769971252289265536296855249150363154993480176766025984
10.0 -0.1 0 4 4.6881585099619566e-05 11720761059171987538681258593018001661914351255911120785323052688286846855046873691709455084485355421056143456380472817128577873023940760414949986420423464709304759182991133423559289121923757866198714663575684317708978

=== beta=0.0, alphasc=4.0 ===
4.0 0.0 0 0 3.886795800950709e-05 37409653609693302851721572323274342618183834440824921827929708079230319760936857196269578329137000885695797471194066312697780803075515864053368701830095928630888542072886032893318361561086047558572297719153462953576002861662720
4.0 0.0 0 1 4.3392621676376374e-05 201407410376816654763226560003044590242601326137648449668045941480740679246698813590579325816266891518737928067456697759493706695051752968349380529134661895039025556531632465520120813836936967016191279170504192885282728139377936
4.0 0.0 0 2 5.637311155794392e-05 189701816754726630595081491870666930285860605804205661469130466320311447583293137123846083125906917870219496204659332310148302697014377507441054802493303991504291869996329588508638241845111556688839742772458240844491836410350617
4.0 0.0 0 3 4.1774069793867514e-05 234235844069147792910379352728447658772466047954158673569365576805822949411813447716152556512480132049032334678096815552533322012054547495759626621863714382927561706331168456308604105316505600170051872872965626393629242165312
4.0 0.0 0 4 4.1161861992773934e-05 1526873046682522824891165484111306084275097436430687318280147324572965195631177760818685212016277497180336628900899510565840271195284674889375526414609133824119924667350603585674931464229717464526701939689088824682709062256896

=== beta=0.0, alphasc=5.0 ===
5.0 0.0 0 0 3.6542349100060034e-05 237505719818961826085469583019144464118656265814467580025035651943230235626626136367757239393616508424756131197641698673160031376051074231092509265494250885426940730572839442398048368302820309922053698780818220177810204804514816
5.0 0.0 0 1 5.047584901322064e-05 11974178219514916132136265040391395800106804638160551587142559944430108325636691949526629669686298815254213736888264920863457940811247896516711679441363891099646997866359590738508511566463983979483193476591144917998088816898
5.0 0.0 0 2 6.760881626764161e-05 740320907303445615136072978777365560887842130666246441700509975526374651913632174565343429748948244698611933924558292115565525255410745176827075218796032418252252204344952485467022531337020621819541964740976755374407534526464
5.0 0.0 0 3 5.894270586287602e-05 172448459775688407453697061749331930827387127959494444080476398544282287013083344483756987258445119098649125864861511655340811731357488425050499421445477076128047308475630875283928197681036198095176874979799542532160
5.0 0.0 0 4 6.244689420624807e-05 6295609976883201356821937622031030602482407605081269775341112766984823320672989065817232378813641258521826823248938496039816177440376580264048491744396714817943565559048659518796812346902333914004947817218841618778442221748499

=== beta=0.0, alphasc=6.0 ===
6.0 0.0 0 0 4.0125512869339045e-05 2961873936380915739511339198083073839747737145683585104882426633878225633442706551305790146233139833034793703578495016972469438967943400104628001376970619262982115476315544881350825869590409308975701665650942726851637251932160
6.0 0.0 0 1 5.744834512906417e-05 189517815312440079552949421521569489573047128496862944588314549899477825259109269242426294363541834662764824637963440719615262930955088252958193438678314499791263496868703402580261055283089253161405307789926679499663066498402566
6.0 0.0 0 2 4.4363028147814986e-05 111975904106362824143847669825172683632498633162280385892754246966542178607874338952899415411755724082865097173786664986387422532237240921575024232892820277982643204517327694417599170050077223275560418542087309670878842104316945
6.0 0.0 0 3 4.4138263915924166e-05 53672355752042254355893509287702020151833501099553059582348267185487736811468668130068590914910998308041720626341694410658870417032656845406163367032589320294574050786427150839749712008837749218591684042899678327817232917332018
6.0 0.0 0 4 6.48102482293507e-05 202054889527804882922078940038958022759187023296696754532288185157860380259571571328313797707091315204942869306469166321828425632568552424753582909154327981863833565401431760923974495491687847875901730250184479078510231560

=== beta=0.0, alphasc=7.0 ===
7.0 0.0 0 0 8.570177274713332e-05 47749258273988185980034063051147867193393455782656262957568874172895146314240380333112214694954128414636486095871931894345150194105746779648529484594196924897922605397279553920064972581231141651578705326985031884069957131042824
7.0 0.0 0 1 5.194016816104132e-05 138806287275317890292503031797923338354404776045712107766559902095340399199433065087207657101779742034747726208577534626167585998612318325351764475752968842845480464335138771227895478709849923333429372881839086026722950841424
7.0 0.0 0 2 5.2433918286673824e-05 100726839510931754807324970886428759517753611702136215643056589486155248353677900405903305960022336526558095430796822719349183293013890218797225430207597687143499075700614810628463032423949861396405426349279523842246409931802640
7.0 0.0 0 3 5.831638279311159e-05 189563772587405792708803789349982589898573581901625116323443527977056969914653491682941121802140519899373338293429194386832466286840644407404713002757463079360948630190493310704980206256208956823852391438686027721159558684491776
7.0 0.0 0 4 4.3782823778809146e-05 213344811783777187079313274295945898936528835426471243152094498469123689737811544447548954598501569081940546453299286010019269037509312267852045762812998249796858301244197403968245244935492952763572984003095706075201670586834964

=== beta=0.0, alphasc=8.0 ===
8.0 0.0 0 0 6.219740277283227e-05 3007461971653751670266049846967497703176064920724854429162305539639081489941919371766038612478725993341797678080360282775297152160331475093427926694878832707667849077800330014351275375529570139425467230455110956648868381474816
8.0 0.0 0 1 5.05920107248815e-05 50607036146250254376949510364309727351025298363559337694330779101775311403091963694869449830323900086020430127331505932977222398834295197240342000801535690959619864128282242049937139086530474026708321627604955734719666357248
8.0 0.0 0 2 6.124175897964159e-05 47565974126889054596146385041427164089918190727840010556442322613381778843002325981765045309965773272437037500315596162457407604105547381912499694875099285869665056474198310892263097461033089948346217502722461417183719132810259
8.0 0.0 0 3 7.073769930113975e-05 370922940568828156647612551535858712901878723519689536801980774997766688764328477568907646271907463897068315761807630629098027484004603322948915358861943155573941254095602061690722854558535200237594459494597088806144630065184
8.0 0.0 0 4 5.404942268335052e-05 243189628131097919687067662905753692456412241791046943400990548619095071112505077399272283746353749551495805529587340000880238399234356872773854582964138058400447099380299145858473154044766405913511411432583978971397310256250886

=== beta=0.0, alphasc=9.0 ===
9.0 0.0 0 0 4.873933554573413e-05 237683518917725831289008783082731898161878707616210951994824440152026125994375211201713480083371759553680997427012496445137118518656694846547955117630748135580989648657341439242629560541425448398436499511343151989063337107783810
9.0 0.0 0 1 7.169310572552625e-05 47570133931692950177911474291370040760910771340036773527045873795614315564763117438842385519931231847174865513331881068273715577306467432639700434000385509667124295022118101226745075265980833043166215723441545310486435498852352