
=== beta=-0.1, alphasc=4.0 ===
4.0 -0.1 0 0 0.00031935002138099825 266716381827461138351332739063967400288649604686307468777308277561475280955484498835522645420024394462321097830339478288221854758926454522738706605919216987040040735019505405070682658475462821185525834492177689416174630563253024
4.0 -0.1 0 1 0.0002890251464454211 24479004836327000596826771367204104065545081227382074565339195311009076843982692359184773707127683646671264481751434069868143151498239765697448091045968887241581145174602313573751704906548398024405302001448294381901324468376902
4.0 -0.1 0 2 0.00026750645893230913 52846044360161835410255350056809393472745700601090095227320057981149124513503286858238448946441379495595748975625925246367459413708632389022691383799568432475235900858250452554455607488870886138014032952125312209058734171016240
4.0 -0.1 0 3 0.0003898151858435656 4142173352621605483141353553338786933545013914906720757452468578785857694813233996670142933825807009982303566158883897006154108355192284009779515860804294181075745862361549788180062421102093969318915514833264662699226782306376
4.0 -0.1 0 4 0.00028872985718454865 146972351316438498618416928479333461993356139221094420472354702726523954463856338784829095718790611785678133953804354083944325416464725992567696656781201155340989770705618623563468358951538315633261442413674202589337713886167555

=== beta=-0.1, alphasc=5.0 ===
5.0 -0.1 0 0 0.0004482551830753973 71276855655370805487114638638515279649854963001350810972711286956972849415972656891037109643330880480268599925426590774963399928754824744268354863414848188997796139384641317952203339168170208537979405474465374541034509559922952
5.0 -0.1 0 1 0.0002897754149718682 260588125011934582981955212161305690066789292874181421938180098933275295061075882312231750861197032162259662412004966085023348925361192398176191422735858209101056677256502396405853404873545931665534623554824547137876673027448324
5.0 -0.1 0 2 0.0003483216502756338 13520950825370143912278972073830577883347804772411665817184845386939781831966960033298922101993514533168295419089657887691120648782939728800351587813043517749894658860353920012693749661985904441180122114710359150841187950939648
5.0 -0.1 0 3 0.0003497430279829659 8933527468432955664207039064929369546219056984642586201046954425794864923092479556972870684835818476867011462721923850618118348069346534949516154469245216335668896274542481035805908357156958842629770993734457759907433413613888
5.0 -0.1 0 4 0.0002789701312505656 13331787262069980831875804663878945693320364420812999785068691868063495602083290652161274542412795468093417092228059143963340078409346076047614655828553270396841279827496970352016240747892371548790118547250244064431096203649441

=== beta=-0.1, alphasc=6.0 ===
6.0 -0.1 0 0 0.00027008497074549785 246351896955745907236333175163902076437417516008637562218304110204428501979959263231123658194831245611294277839412053549702152285189518212466855083417384127548263679544404589329852013739846380739184269075810938329592978607704064
6.0 -0.1 0 1 0.0003269828095196463 202477375962690786423552274366767114439259952895251861544086294832806283461857076518374443422319141523620789226806567177690076131777896656785264844369894357762278934693177622184014747367551361130580385774906017964334239408751936
6.0 -0.1 0 2 0.00032906650932555746 23233010376014255934179011233861957255761232952363906982699788948343772768251504850518596109196919350565713438919820447308845823455277740126681798167526992220138420654417003669811508105388533333199509664261575692761605494803970
6.0 -0.1 0 3 0.0003910331788806258 9267512290346988620315828297200839778995667195159207374880757492489934954678412369644239467660891838999389690379791992518756027027855473108169897420196361119497377851627153107213327576236047814270462447994043041871497289334880
6.0 -0.1 0 4 0.0003127083305669145 266966284687004084528294633854136333429350534071344115165868524708811852245472562990677262848068965726915949842593335885953312794360943859964567541963610793604966536205229298519251529249962081688911089502022684988088544290406420

=== beta=-0.1, alphasc=7.0 ===
7.0 -0.1 0 0 0.00019139618862929137 29866421560573964992677961906411467264993544725987257647027399940173271794038541369359997491713451450397544861277587413398940496067716798160424025366774205419648556932893601351928562942145744687933078762167697998201905515481105
7.0 -0.1 0 1 0.000378813890769128 198400231225748627546248756959402549385728645346995770560563522361201803500520890651391712120267568368736096015686347015374680510759695974597211768896377722765257823611111874050616071256660055630570837318622184674090436993582153
7.0 -0.1 0 2 0.00034512017861334837 16288414257554175754970957839919763226205459747742729096677274237337336990777377943561809303318996959544651640093879950759713858862381793372144570898418176019527003682063787019811449078450654276712712520266761197862189033670161
7.0 -0.1 0 3 0.00038817917421775437 24430296465566500398439129949112161126309996045824046229911182825653858245430737933925673223711453019163960930321045973886632136918774757587627959466569985033392972056329233061420819047782738622613534938124413360379642211991904
7.0 -0.1 0 4 0.00034720555152975937 35534412344927277698085677345837042087893328787901345294526874948411934617056966545127451287617522703923999953023731373607949626483977938067162773913480189830987912403354940821027707312270248879790341806240140956258725643427861

=== beta=-0.1, alphasc=8.0 ===
8.0 -0.1 0 0 0.0003533199630051079 237635760803669155142196134929915077936571641861482243054176185099079962986730378969761124907786946742791249162705042329328397433834805974389739114521848487275698705999802827755637436052257212816588103977426585535123770932596018
8.0 -0.1 0 1 0.00034419572323417903 92643300580546834097957067481245706451779414829330195044465529503624160117462515766142013059415873541527596247317897904424358911301689873891950078606670517195964700409133405183807440442182198473231584765947031804820046020866
8.0 -0.1 0 2 0.00032829603992027314 197106251450550128980367812487324489652266496327135694982344327068979332197341881726766460293493141763449374520844211188705338171384417138407884526667784283429972529010352178260411641100428830861604246133604560934994999278567970
8.0 -0.1 0 3 0.00028084141511082553 9268233081126967576311086262516047619441235956858662008207110745544973621741711924862695078556594977173388943933027320300794569215105171829512363093925836564220293407665817102141596406837567395088680217015444577403430720768097
8.0 -0.1 0 4 0.0003318449825231786 190453493913456741638484620557681562838926461213110678422601308795004671054692748917792921276401119029900449280719728853556987344505164452020347783621799408189146472967882810936001827845145784529279538362325792251483063443259394

=== beta=-0.1, alphasc=9.0 ===
9.0 -0.1 0 0 0.00029008073817426126 270061409653440476096339163189270030994477799501538444185334106449957237420993120619405888381888889265600082358477624687019114954517799467695281849804191734966005880077455439048537240125183237315418535884662578200291162869213440
9.0 -0.1 0 1 0.0003759046969984236 17877244626279230419223080346757743017330737072088329485665563293518092872772014144306063465454015038077434132196342152204624334697518966389729678219354374637010733627858896065142197598690212165653056973898869349119158549775361
9.0 -0.1 0 2 0.0003384597642652452 76535569601267136848886794290023111871380616849913585143441561518317533941171169735455826025804057255434376168336426124828345398890653822736911174776045309060883164624332480120637530161433089571049349184001574201876804966843392
9.0 -0.1 0 3 0.00024590036060065227 5970959706605469968448525170177295750108727856296971484060091810825866311378000018998655492013764524398616550307673438152118067896490079420556620983877832687823047962990926791669388899773558526196349366812190703765722560004481
9.0 -0.1 0 4 0.0003821579428444297 166567392589153427168185338813635005149793689367061556394851623387018070746795086802413257055429793432146657464436878632787144908548357686442997122402466104200222147815478142611063716785731781135539662416327138856064877095813392

=== beta=-0.1, alphasc=10.0 ===
10.0 -0.1 0 0 0.000430200506733055 46342665452255314108579685978416483098340378759710110022510510453056137093153380345375817615619506221890102637043890193724879450833825333384025361489700154221458067481371593279532246922549723559830316601237242158010578765872