
=== beta=-0.1, alphasc=0.1 ===
0.1 -0.1 0 0 5.855742617665027e-05 793097690745044187178773293441447070329969134527108593483448473010621323298428762664712606539252268726115388550020897303640851164048532010006863096303779796332769314062494562665306528857149918320587593772432811325834521477120
0.1 -0.1 0 1 6.608296114880957e-05 32418090381882757488378186435087196492284736189394038281216072888208225089163344893747711319899248392882497668817261366469287488373391152662708915866341947699982681839080254515860
0.1 -0.1 0 2 4.314622606363947e-05 3720983045866976480297859313950688000814908293801826165365776469169973942314
0.1 -0.1 0 3 4.337375248757159e-05 6097165137335922326917182089439777940915230749595258409815229459241898362519526332188543852002118719307993149134719431367791495346594730999808
0.1 -0.1 0 4 6.0955088437811946e-05 3622039717997001332208123915817121119262489946700542770056009324241507944480

=== beta=-0.1, alphasc=0.5 ===
0.5 -0.1 0 0 4.136166424938341e-05 3146273487592247213322612237433978584342196795234470869257163841564030827272550387368605910059330894363065961511583303736541674034276839952886969067020524143168081474891877075911419361112007516580624524103645335411056403546112
0.5 -0.1 0 1 4.588106112554587e-05 1389896229538258053747115280680810874703651186765886491748647118718838375361083094116264307974091844861377685036321422496279959705436829891265736306366800686756977628696245302062090371707182546167476218701418167570496
0.5 -0.1 0 2 4.4725766055849116e-05 370149157595806115124850860620780058580078507803681657180453033976754327504444441205498924744750352903653776528794364550816375070467274895211665388373891677592495442026960488777656037346998820978379100749297662939917044941056
0.5 -0.1 0 3 3.670785301276921e-05 6354044917753197266577800138601146843182790272135207769591232501722842605640657384461104861403265863888836640373079262192554403556709311373590780551793323428591712799719322875888901094573616819669414363281835615072550912
0.5 -0.1 0 4 4.506751509419068e-05 213253629315115323279236868702862933282541870332705854403822407341120452913622087702756268209471185702188426383096052110604595575891528147160461623262330649852888377176471375430386363302032948987051197823186021626622910786437652

=== beta=-0.1, alphasc=1.0 ===
1.0 -0.1 0 0 4.532902377921268e-05 17782161454943954909825992440252583527393199657797072212369534155029689611703182501418125586209166949165776246078667889574796794751105642790935506996587463003910117717288010988986516271934685533448281489067964302688263482638336
1.0 -0.1 0 1 6.551925253540652e-05 189565551732703545356761577580670658755025701901066366628126515400259357171273611519677115779528767464027090260765436142442559390785795642937555742095560462215979983040735568174196752495433930647224124289505715110534206524019080
1.0 -0.1 0 2 6.570938707530016e-05 205527150069292118901668855514257945011280479861806156573108533742720336153850695145389387447799607019175354069540225765275808252690411934395319669344359574534527612746237655085168138610914088120499663755149112199363599345910784
1.0 -0.1 0 3 6.097062592207915e-05 30352230923200613935013978916767515568471738613479038612202522552548716786688459293923516613100980245613757565391813900608620852500718047344318203825390079019469701386250116173061743112679177749339795198043789109523302529910848
1.0 -0.1 0 4 4.269836888974104e-05 192712068102042855526478880158072925055444718692250501294435162905431774150192946327376537274076471904756669663778509437098171142450407154791941611982096213810337850861988388026202235703339006060171787013976877629783955208425488

=== beta=-0.1, alphasc=1.5 ===
1.5 -0.1 0 0 5.21562435197127e-05 74403640809476421095173070594154735055416740270431375150159137562697002954529763760739422524194830908114576225101080651573308481546007983416267020432349816165706733690871900153013849646128350744940498823279075646533974517350432
1.5 -0.1 0 1 8.172414167879994e-05 189519263308874717788867801654880373114463089979712930782358134592729851114423019622268514134689461758210020952532680298045394647152792022157359792990827159486554348003421042009462973215757008876924449812369577354431668520255492
1.5 -0.1 0 2 6.841655678342785e-05 3709491070189593015003614319877990705340730719248176609985396574614572955840398094592109476379989588699128333069849263520285377268078648343383927223215857030188426174847051124811275926974287217528661376569432848318525052587536
1.5 -0.1 0 3 5.5330591814703445e-05 3659922090486548487845470661134614682408999741489588089494777527763648489477805285117561793573152352256393382177776026835275370108411823483355220125680178596211551208678965375769326846286697347472758738035727321990182207488
1.5 -0.1 0 4 6.502057230062353e-05 184973431387788077482922851686107907785946988821635605367339417246993791311353006363319966666211542631079533837057419568226327144100216924124708547571823290271358555168101491104160134737702436983677329018666268418175721730

=== beta=-0.1, alphasc=2.0 ===
2.0 -0.1 0 0 5.3723612752833994e-05 578832626207571305528821972426482195375004926083127971154178080767494867418391745870239655886168493608219229625932223237257103299980398492047190727480683816981214568538966842358203281180691745072158036018204518496419692150816
2.0 -0.1 0 1 8.546169052623624e-05 23735814736346553289287262719495522097123746356909845267770583892982920415720876854754837071894970658805584423270718802951522096441789457125925811718344993147013078963225079123722765746607848626419201297108331511294348289376525
2.0 -0.1 0 2 7.349023448883886e-05 1445898079742061713284789785807428163721225475469739171003425671952973865346659551037085587050920576204897993479129399418326081721827608594170003360842667414949452430962141786002502052902095652438486973079850825164803319809
2.0 -0.1 0 3 7.114449567329872e-05 45189738991758971218322073155340986539821473263292959607222105042440668979149844428865655276904337770192295375063921049192862029683128282781910196809948991974603549898663913938433013992365921987928516346055207781151014913
2.0 -0.1 0 4 5.243663858351289e-05 25170515486359887501443280824307363431133307921763671760532652772746492681719161244825050152036492420283649083746015433660866780047798351093466971900817025250544179043826028170857920675740351409612393417094046087341981483139328

=== beta=-0.1, alphasc=2.5 ===
2.5 -0.1 0 0 7.685809094797012e-05 269492444045042961598897613592518301532695245618325842374543847220554701476708401259956761706297375290590850504466886991682821607623326542652266586203784835038365975670370615299867527272725481560069560353292650788712323037003808
2.5 -0.1 0 1 0.00012344697731382414 90368468308341787149081898116617112174528342994949184770183426010531239799537907724719327042220709979196201848653386989124549632339842366051297827267142370438290917354989356539588712134679158673134513180488139397101846797
2.5 -0.1 0 2 0.0001015448077466261 3886568272766416213110915260956578578908870235137575018806087633844218116599734027573455562323749553294326581542299438865686883409434669193496315257290396171877530937066885088735362645888679434235716024610872995033307269058560
2.5 -0.1 0 3 8.918367025885775e-05 17819257018581582509609371899371325356144738303621845328230625941490266394626189721022840613577012606963265808877109213620843356897900358201560592589256414293945590586408645508741063760239176147698339369366856263214044257726728
2.5 -0.1 0 4 6.19220598319362e-05 12214973386613567946453949676571829295768342325754785176342868572818415994993644682337517711801371927606443751577391527058439313970016746842188647242353570947291586223754043820712197961299534849768951346740334176360491009969792

=== beta=-0.1, alphasc=3.0 ===
3.0 -0.1 0 0 9.91062623959046e-05 71440964735234463641618754214430051148905875804347340454803369241442796750233966515381188821580790497726779559744002225961259141732285971533390646769048335118631040895563316994450802700121696419662916913350773755978532765304832
3.0 -0.1 0 1 0.00011071407798849778 706006182871787867840399109189447073368149262640852762316304595658215216116515723910285377277965032340078598484290794253480754608658158717133659728695562956001702829196386329309427191126756043905890570386576002444166404
3.0 -0.1 0 2 6.145060950356528e-05 17768618184530254785091839688060541101362630744105684202545325977612923729480583117786614275587677287098636171275536591484661291031420389949841749765858365618536431622684804389935350899906521828267212817185283954326764708693504
3.0 -0.1 0 3 7.494067523461339e-05 2892194318065618904203655791596159082808965142713627618955379649211781657983534871211601806631119058753286788725943158626976780261035020611848654758330169460251538316917829659194768995772264200767462871408907978042788349984
3.0 -0.1 0 4 4.977862753064524e-05 377035515679906042402156452291373889574637493537165587866342706856031677386027427592971912124115431440115976535494692689870354652300972444838978568007181755884249569823940749694671676299593631104271047285584408880230066028962

=== beta=0.0, alphasc=0.1 ===
0.1 0.0 0 0 4.72743468420636e-05 3514776401986872174070733209129673327241950874289028716428629028794858111464359041493704232488243623030863780430175012677768782941909441697366467440550269155329
0.1 0.0 0 1 0.0001070098793170264 556939083093827194042632332862167895839382762606859441498410893504676408603371417355125431016941060786018791414603488172403258745223882913843608010854194894816674379305982499573267806192258
0.1 0.0 0 2 2.8325882866540824e-05 5549708917680070766273999929906464455512612857964775060454004648988639660706
0.1 0.0 0 3 4.164537511174027e-05 3851907565233780803806097617603256145161363840372478490434482464195757851549
0.1 0.0 0 4 3.064330418162771e-05 532175371708987464865542084191558675165926885168495373578231190546589609820152370369475441204551622430077994724425087356911046374010846548722921025948553640861961930966485961697070682

=== beta=0.0, alphasc=0.5 ===
0.5 0.0 0 0 2.0533377557798568e-05 94943981871069387021530820926257030299233319923534876223495729994079346220555805395218186426471111685841726956896027536086199276583469851046509559866658666140534801140159401433924683890373763275990871564065360014568039588560896
0.5 0.0 0 1 2.862751923326677e-05 1389727905189404831707151603633789474083322036567549336314422111181101347711668246978581699146931374180754569528863937349031717839464639643748023732079267813528936986926866106393921551398630796746543787573988462467136
0.5 0.0 0 2 2.644291996798489e-05 2270055380741050983525434779731170715692833148078278836110230888144806707205378585233783498880727016697448196087012237624713310036732278239067420194783646854391504128795486941693400058801389773369069260416434721255963230748688
0.5 0.0 0 3 1.4778310306053208e-05 185075020061278989385751109500437484922717564810536460862155982978122478185248988249997365232012793566046105693607414048012664566145459393135567133310817791235846748188747534826883301146427441594500512002406565794248975712256
0.5 0.0 0 4 2.33136997919304e-05 1447307240020202733614281290522450620830739622323961120517326648189265430969217817652353993727715985502453150874215975303551543658176982422544555842648798637096189968916532028592805641491772557693116639665796361822115203092

=== beta=0.0, alphasc=1.0 ===
1.0 0.0 0 0 2.6690727721055674e-05 12307883182001180570365033451366689685428248937685965315334178101271933309562862145897435729182446238050501439952720922387271489297379800968931493826563524212305862827180401528738117058858976209858820345581511592550700609964032
1.0 0.0 0 1 3.313442900726849e-05 190306211593559056466942999868720113458152559853253550197588458475657738271402564607867098088186527413428276551555333145003974713729747185489563904041643657875913288658796529467675036675405465441692566678712684284294851679273216
1.0 0.0 0 2 3.121951908453698e-05 1342182265064702323769627782989219751772997680958856139624523165284683964068695567727330280352112280607696237383330057906198526284632790970331703474350800671058482873464038518966198685440855773944567030055798892698501675747328
1.0 0.0 0 3 3.281822348307191e-05 1295522051585312193401187721699642324091947885271877438701946993464107905271917943765732710912570074580371095168684008477448296093385479747108222414658199770836198759412714509019988694234973129433726260699682813333747988973648
1.0 0.0 0 4 2.8705320896923522e-05 425274296165446316874244835637963295941808512178951782867462495180074488330882851627234308828488876179743237521090296172846683523003399642946250507633684183372866397380564535426565617830391343445624269860634129836022327199760

=== beta=0.0, alphasc=1.5 ===
1.5 0.0 0 0 2.618099198509503e-05 189936911769234507062851262552803976620327367234267141936533111017110773884107012119271480387677514282216746063867187669073054047777446637492691858928711813270556745593785002609908533250317713776385253598294323853378410134896640
1.5 0.0 0 1 2.6584541278223565e-05 49160523308691480785257125785761601379326692266850274382449783168039183429751763924841945270432633881665117246191372421636698095832084689723031560221203008208563986167734400933239719991368322573740162034041616472113007853696
1.5 0.0 0 2 3.617133916651904e-05 15972896648325335461120882366298179499742305179661105617305879523295726520745029909615281220670647240777255620128271813938964378274359080336515119346225351061997715247378534577333463281294179527777693793680386767201608231061520
1.5 0.0 0 3 2.6741757014231188e-05 6108230732385028473184283691129976470388281562191017006287265775318108844133293974709926714767107143164202229407699545323938395611802874142954547588955463167166157334510395902261855157892706125591933300358532242622313259862034
1.5 0.0 0 4 3.053484452044872e-05 12214924318672026076499627995843716483268046141230263869996517039777735655543875136866994067732346382648408054581312323627015178578518529754181803162769334646040141137391879363794111793506001083793969320762000971819328813177090

=== beta=0.0, alphasc=2.0 ===
2.0 0.0 0 0 3.417155448618425e-05 393334400668201948194774881320450509053832674367165570769659696641230907780036548608051086284969962854021529131312472223495490078124414732043977250263996874294055554912489019070628813661272451568825308907841451817683153584128
2.0 0.0 0 1 4.072427013333024e-05 46270062222191235402895599625356453773548081248663527115160863917287641329745868960043728221618084001846109441756409735650765128649201816066204390950886929243095748570250415694369074743022668563559125369262814707073601798164
2.0 0.0 0 2 3.870007303853649e-05 88250436209632111839167318996310307286584489103224589042121980861466098493612378516258764938302561132922333287727608785169062237820901832836427459413469822656500314699557409523417198227661603820469601768232813200451840
2.0 0.0 0 3 3.278224462018783e-05 12220751053722809261363532190445334810402375327881804745140256124673572117874259392418990233314689079487528321170306068416598780196255725381873104814657121278235623345864542814401332286943036089961556959783432664883577885820928
2.0 0.0 0 4 2.8546119569617032e-05 370161865658746585323777402583248748273517045282430806353761806089514191065821670712872951241000610710540058971886306877407039898666613970259903648114492273940611051388536123119603093268022073350149189121993960452809511927938

=== beta=0.0, alphasc=2.5 ===
2.5 0.0 0 0 3.9991214502840854e-05 190696942082882005816198967656450485159172638586447897553390199899437100441577478101127542108820087147846794162493138201340530223696716258030131273980218934933366312216911758689225886384710850733816906446381736751096222300784672
2.5 0.0 0 1 3.5186902776116685e-05 555321253127150255811607058123895017612596462211782628260034180132605053962174491590361613601537053349552687385838481619616100120882524370939006236385856419982194296511747106646066216028630920584311498940274286963972185800969
2.5 0.0 0 2 3.631487946604904e-05 201367220863587759785044904144722521735426087909429712056025076782486230198285901924056622271349428204262127052745839111327433189798636919991239008339545395373018593860471859640871980033934083069442283466778380869116415722933762
2.5 0.0 0 3 4.194282103932433e-05 12644038672658394569552544391787189862782290374919020252816785027929020339267785589846418835825975091590595331941001563303603969337339289459594981345807806596772149181195906611729991161976515736598686061398513245562070372458496
2.5 0.0 0 4 4.117673481966262e-05 96609302946472563670293648878408988601820244524618776792782811301259042075632775070954090240771781669571848406814489286365047890664221910684528452200745738766126507437230524762231722803065745820881730465241755394934498530437248

=== beta=0.0, alphasc=3.0 ===
3.0 0.0 0 0 4.126438730295298e-05 261956806322920986369820881787346642794922992754209705225827006856711866415017449651058166439577367752220057584104793173305613785031837043964643778525880987151990468609972566358271267709298557095014167093458336028798201012158464