
=== beta=-0.1, alphasc=4.0 ===
4.0 -0.1 0 0 8.578197983987617e-05 24071262405074501892625966940678650477456116127935731497047731069197661319639669941684196773633725859783124735517607281708065502571467424199812644059292013333194403055827980929546146426415772199575933962096874580240700923707392
4.0 -0.1 0 1 6.025392589000763e-05 189516374337079637750310853206830271428096130454092318483226742184829358852038991691008451926160345215764965813491906150517058382931249110865855369511313967648494957514349300644953385371663762827403752726865779893714678731310340
4.0 -0.1 0 2 6.42445526366566e-05 2221640486638833019944996573976708629680296492167121762724039703015111405075613053541949044030325937565887117950646971852292746122195589655963845210483404280603537855217967947518766060611296178446257793024974484231658896983040
4.0 -0.1 0 3 7.817809081281717e-05 2961261042619803422170239545575820577872413254061986601637407348131452994081386201216327634891110187291567482997773551857967087657714599721532473875346928501491874072385662284648777759698207566155617323088296157093722037158144
4.0 -0.1 0 4 0.0001101664784481019 47425361528484167009593560828264953899315153672082597603510837395731173435200475416520360378500082299529478407671377438960796707555157588393655928825446518664695636418853475870900396625238653195328381302684386693596010538608896

=== beta=-0.1, alphasc=5.0 ===
5.0 -0.1 0 0 6.020141374621635e-05 185436780650715128321664177431953265056192360286938200339997492071536919321406437349542572982949091016841531528131898540073650236015410642632300407029707832668815312564948270334968113363403620763357145586506067531437575504128
5.0 -0.1 0 1 8.397685395503022e-05 5648071347728506128044080219642223726485034941073089003928451498065429461386927818695707830471202246326851821217581920476073599100381161220278844911570894389616504412214296344373831579299157888258444050093334222860261376
5.0 -0.1 0 2 0.00011411808217724929 106604425876228844661796658393948511028166379904264907342874884082720192988130880030915244439654007847498796136036996290812686119148615553917465943880727446344287980330281240631226345760640560711023312247882401757816452939006992
5.0 -0.1 0 3 0.00010076373759152785 5925284011391366204673361360120102424011548567398073749540700206630143531603865687022931603972661092644653842133759706077182039633838330471155029080405398343250107241251109585765399551241070503527170659357617364924797033121088
5.0 -0.1 0 4 5.9558874649271244e-05 1480596812402626473117302763718343490516076347351538623686973319942322099385553702304619279420070277478698687981415360866647831283419636611753196373364065634659514638278613625648298502160577344270641519590225644362471584039587

=== beta=-0.1, alphasc=6.0 ===
6.0 -0.1 0 0 0.00011848790178901135 53301569062308711008660305626850909344338824927063315558484451548225668009720120870341120965215808869096812889831598152373534739317015255948831074614248121336886744564031923918966223846366594003810687858918454062895965491168256
6.0 -0.1 0 1 8.045792740453228e-05 202193978748930087524648385843897549810815099100374383139085969223584463691084919055287735446270414883388484555161751923474482159857548323713751963523913422122190492288324308112085479677036265170759607141201379957905294709261376
6.0 -0.1 0 2 9.328184539821738e-05 47750688645285965802269789661933858642473131236409309422696135348162731755071908425723170622925990901958196336327945917861562084347603152901203751804097391356459893642339018871260951837895012272620312558351857225080916990296577
6.0 -0.1 0 3 5.735115292974457e-05 1412007001216709272772388987850453339236958212078798347112877149339234521960250726984593268399024106180550048855048576838750579971121823133988907876261905735614554925165978265816813717906126097897048147547199537879711872
6.0 -0.1 0 4 4.724064694887163e-05 49160568058395612992644342377964777416465041991415371979661518954284909916076018870192120212942005825809602984904254731365806839937441221975685710009414091321526278806490424726689898724269110259666012832075111882561549271040

=== beta=-0.1, alphasc=7.0 ===
7.0 -0.1 0 0 0.00011008543385470134 100680570960514100817689251993806568283493366650405268352939549625429029242845703908287728864221849989651916197015947413581438796365991573414682898179162227653680342213706273672791570658039590963730478784603490396036252018212864
7.0 -0.1 0 1 4.9067368528505946e-05 452553924912538597985816072933810502647423915753541961411961949075750303099829442828436468446554653418544868487806002570767547312876280255497352753396662035798626384338518087312873005883150417130125953864332723239327432768
7.0 -0.1 0 2 7.436366904354949e-05 48859690258778278787303787118715295121256307431008133486058439429031071999329615279184837426945849580545980095517716193293465566441577920453664463572403406347116633071766611114553380248994853956771260949873459988727455304207376
7.0 -0.1 0 3 4.530224501516305e-05 58669411381773426315241743443933658592109058239054015174887862588690964211038283395557124194378660170803354740134181344421743683196324358333207384828710923902892086642065505920020426630562993016643589737254583762832638074716176
7.0 -0.1 0 4 9.138249463341723e-05 26659505091762899958140674516400227158485684598734531956621903619339600304411692925176828943339638359165425220920349597037216061765271454817179855101500702428220094960397846265909409992114504061227361405743567434600024809668630

=== beta=-0.1, alphasc=8.0 ===
8.0 -0.1 0 0 0.00010430575769398309 216219269033735316157911886588305364422209074138978437350956548896000643537943036013037907493134391999648575551493155544836623812498902079448410692310546815601862607275102837083314587561595154267050854142195847452933459263111168
8.0 -0.1 0 1 0.00010063204681111895 38578384492322072354096218022165533545232715561658036879477184683922499078578272097965820544705083850658475028964361629136016074679330073729326457802493203058775253657433152699691795068032805561437300263466570127656862745628928
8.0 -0.1 0 2 6.259669488154309e-05 1480596630383213955587860242683123588276540897753771183697298974515755728217783564449428170645341438389950741000745226360878495731304292281430737074099384883266340821276352890033722041784973664709830383131062260733509069997104
8.0 -0.1 0 3 0.00011472699740295976 100680937990652551299237545444931080842488761417379312852938871592425090398913808647720363763930552560642105466087142181955076488393252987445751624249360806092210651214919355295188891939819812948776889579597493824857386325704705
8.0 -0.1 0 4 0.00010952981456725043 6292585345035930068876537681950121470257300464173752305447258404359774472414844896126476341390972648007267618846878994550186112063232190647889093971547121153281647762084701117375351379930070165270808121363397677340309101545514

=== beta=-0.1, alphasc=9.0 ===
9.0 -0.1 0 0 6.418624041958051e-05 185616839991479758263486806613480162652086255665140587012078779349233411777107822050716592272089325615507808001499756653741138514288270981324123827163155013900508583194536007435804200420619389040172102751828728689685559265280
9.0 -0.1 0 1 5.249813073458732e-05 3100727796335597304274252220989544937207697082135726644587567223695828639989014468613968107200084654402186175073462590579037667534608123443670922689701396218577852769727222493350487076402330958345718151718114652591281708990465
9.0 -0.1 0 2 7.145820638292179e-05 28240140260379575462521540469028643008911987674085296047894546728379529146591234359131755621792641208992689641415214776423039776643516803976153429679927780124607338559537796078469336518322237225731623914317630389162609698
9.0 -0.1 0 3 0.0001287106281891125 101052213971163736338655225987272873544117670044381473609513784599990246408024701563047344963960536325064582173221777947913528370266609464158389525779906876107271924122629435311460017885775830084945233335795466499588793564201024
9.0 -0.1 0 4 6.775771407852217e-05 225468823327381955871599701208435753059841151367661000123335880290866813980073886504458419820886282715054474776087355731317827180638159551596856860583659782246840812160320546586474001221945274782028135381753397959001530563561491

=== beta=-0.1, alphasc=10.0 ===
10.0 -0.1 0 0 6.435477884806601e-05 5997573069180276081969726500978709192286288294353247587642394055566563325546660558851720989570341286139059516511576512032738364153811050738610712362303942668928471059965803701432548826281118603803377462303104040472278044280066
10.0 -0.1 0 1 5.578836450836721e-05 381810217582220846884857723100215055068453920556587124336198577687550748368430032343559892182759529277660165349922800943206028177893019048835098166822133801284304038133386903503456942307108511882831366918316049822313347579904
10.0 -0.1 0 2 6.95278012645279e-05 216167113689493477492924047170348927600064890768232031309489688784284320697769097844248587819461708955831254080730749190002508015163832873226650894293608400407060974780020160580259020040535682288121677291921690229730458887800833
10.0 -0.1 0 3 5.111775704939233e-05 185842710810191377475420581472463235693940049284534410169315422311638440293376564358823960644795619361075194002250526104926250613318738538070479771368379505749200932433985837810780171835140050146247693770986942075995939179008
10.0 -0.1 0 4 7.805044101613858e-05 189565540773447557575749676675166457594863380702891100771554243005319575254481828750825078340734745919280248685726468522947586491324710765655076911660563600534828499634977520103347102655821072558096739781243000178162406523162624

=== beta=0.0, alphasc=4.0 ===
4.0 0.0 0 0 3.906363503260605e-05 37594728188491204593441102512033445312862521608838897886026375247462770240597366940296385690182154734462770092364766004000908126789151508269680849798109568373303088732441839379803396510041442034867756609458422276952573278683648
4.0 0.0 0 1 5.245124255768603e-05 201407410376816654763226638385177560760075966220825821664727540326654611560362754027969431617923368054257696443234754095820964482144565868576117752463344587018562079698490535323801313470024605471702793049104555291069497454185736
4.0 0.0 0 2 3.768107257009968e-05 189516375059629747568134335280127733833735977757009912763541697813896129927486903672182528605264347061119721825228405316883379818492857592103740973830276113136159441509652563525820057400442616582865124595549630772405030079479832
4.0 0.0 0 3 4.204038016082092e-05 234236175008283579029617276452140100171649663948357775806328566856958485715385294772752985978796750669128022737914528111864169788673475797471851087826251754779491440767974074366572071352943576735410704364757535044788329384016
4.0 0.0 0 4 4.146797505398786e-05 1526871651219892675976025913946283810401710844751737361013693702334842047600080142977942085038521464394217614048467128214281408040278943875733405514208048822613157529455853772024663003411474789928632330256723480484628647651584

=== beta=0.0, alphasc=5.0 ===
5.0 0.0 0 0 4.117286091628156e-05 332263813695759098529263067758993916566875917335733484156731756907806589340024677745077065551856163523200515923188655154109807874838100073785065297364774770711502410403508611637744226748705220528246512089513659026937616153969664
5.0 0.0 0 1 7.918989060990487e-05 189522164271762873856940728382254478253814279773290033633954212401209734104264068667912220484652460384569369992540478192586636856135800652861005162606639471074576517398246680077417440836598324960187734871949165063659213383863298
5.0 0.0 0 2 6.266188040166292e-05 168324348855824646473492788595883440210349913268089402576528124942522291466543307092245901404986502228982586570257621472284116907731173655079820548256930735468229382490968175338037524329491016283822427353605490688
5.0 0.0 0 3 4.512011275391181e-05 94943260335890840698103794470697457752443577187279405055314277393130836983426988891410901166239334895549742240330055745643255831399051800871833490179605792133356357589544507184421462969844596455356520224566956474923695044823104
5.0 0.0 0 4 6.599414367285049e-05 29985156769018113994528598418951884932847857871428825719371072062329279137267859827627392189290463148240083339697101945778237399068911289592714248572331542569313642309103363733900254039056852893624044293935080756426193215947024

=== beta=0.0, alphasc=6.0 ===
6.0 0.0 0 0 5.077390654601664e-05 24060327955230055252107378517709090461285930975404449476850718823402474623657564137391597607332829661432536122075794305925655155698902318113323979127541475134378651828650549274950488147594637190445319390839191111940333394984960
6.0 0.0 0 1 6.0932428884152583e-05 706003497567258540088370539717118336907618627334002583894346297003528298245481750066285930285618637542238564880809125548165555638657901112958623784596440510019144047101086123198974151401182930297481360667158684673574150
6.0 0.0 0 2 5.205290454293422e-05 118635698570273110883362209866583559623767401091377052913439236484082917114907389489043639702136424439964419362475263033382205389316804731123059068076143733584963268130358974990931319224706943355754775314161400937960668301166597
6.0 0.0 0 3 4.981752884734768e-05 78103645331477390933632571530392860988739742012923074935488536302492965046944437708309479480361884817783934051135167624088116864859323099793305955713623412605541446077487982717129774872028292814314461017719899072474944322535440
6.0 0.0 0 4 9.89528029623215e-05 189516610192790635962647158542983224321055943254852601483480441429218834396048874240391210263378885084009009700863825923311384152755881564807702205285309364679379432813659488788992639098017806483476592893702919710126639287369754

=== beta=0.0, alphasc=7.0 ===
7.0 0.0 0 0 6.466329655803398e-05 416418022967174973896892150240115341841013605743896064183025434717924438914260443838283444735494885676005092361519282964281672585247930398596025520103753344181810321772608145757778350354194199909335984880717575269866805658632
7.0 0.0 0 1 4.552722589720436e-05 45184223386672703692178615456743639662930479097516950949108572802961056670976952446469461777686487162258519214629303028062540571606449860151458980346707714671499177047469565545471659289649675459858239718438011705674450448
7.0 0.0 0 2 6.912629172991154e-05 100773108199583402040518917246326486051827327493839744578675972677018728623160942955252613690706769875729068645471182647039162231663145126376212786939304501192929532331874375826969863167250282319728184509282323408718031696692240
7.0 0.0 0 3 9.017536812005993e-05 8883941256129194498105851142236639796210143781331040584055753858907634400105783485699415817107741644769205163907483672308795485543289815090417607217698518097991120257048187595860132403925893970986066138795984548437238472507648
7.0 0.0 0 4 5.415921899303218e-05 284344141695444669045314225925023428311899959966856819580214350741481057723066507471945215941865630031509562454382627298987908837897624521769237528470861596369287300472401594295573711889141739062795844590506798480292911599583232

=== beta=0.0, alphasc=8.0 ===
8.0 0.0 0 0 4.3455432572863234e-05 6894389623120811749117111395458059460815069877735069726975141782598700857323473778600083500714670284047224240765406704656574969113915854133285692372911510211028120674261401164624893009021350053711925196314229048370341106156544
8.0 0.0 0 1 5.981937904319082e-05 201361153034259875861723153705260609675524471856902649768072941275593801140484758539990156888285292932600835808722335426333570535647610823373519803227584097058850478804524087865714560339446054646077351854696051178808035352511490
8.0 0.0 0 2 6.304542312301398e-05 47610438572778872342041999173596535270965235663615212407133527970519566384751930006673704270494644670687274980255859204877890139594951494194383231981300476338713946143850137751155850176541924218995671265781157010634550226732114
8.0 0.0 0 3 6.647659544561079e-05 3981863516880592124209383461930138137338850876398500748342386110027464940843572853311486525084635334050691206368955883411963231856919261076824613686905423278074779122378574418405240875873714500438672358257091143514168756289
8.0 0.0 0 4 5.903546881843758e-05 236949321608693908287836364788132838055195825970503577494964620504289461559352281690060741508253247906090680409140092860777645989439661460184671580273883210335727270980932665503554977580633531279709270034331513793083241748496386

=== beta=0.0, alphasc=9.0 ===
9.0 0.0 0 0 4.4193389306645876e-05 195835122531278444019860205875095823071552757360056522697638055476052539940836787875338934875019284151597134065462139415475228350642072389388869569032998035781743346169837981482672667124355323913633536211329657901694851806658560
9.0 0.0 0 1 4.973273777977986e-05 1353357885040624143263112969064179276820556926533528602087306788119394728541446266743171512729825984640424021874207757403769572042678505336570829280963671468565240684515432085763607275241724470779725433239563919751187265486848
9.0 0.0 0 2 5.6404212751359015e-05 2405975172400640081423530036381299900597935823052083581359570122817394242557952944109916328378641733884263814252841046727717638633325302610649011721166359457747259008741065566040482685611920254483928413314088093093469435762705
9.0 0.0 0 3 6.323593710887813e-05 23156920364879603843629695262832243133821742758206527434752907712313673552437716078936593888835978188835444071540292372505515876302828835286787175337310623976572976275440344994280044199262231691265728007696110777415999946752
9.0 0.0 0 4 7.672515163820524e-05 373402432707539877980680876410524711635934340207658298648776531919361910678914483687089970957132108017979815099577643727620985934768467372133079812228872681736949599410859766555750680755779286176262892227748949154394412417043

=== beta=0.0, alphasc=10.0 ===
10.0 0.0 0 0 5.536597572906991e-05 189539514666841823389526410932002809649511230545360720735310649684204908376941377855670421150719311035442501822011478752417405117540286031660363477034525900809620485295725803926828966573734394712701664511453199823396798455611392
10.0 0.0 0 1 5.679159785928874e-05 1411231343001983811483290967593248232544977840451651563765901427921438847742048051876398840293201119366306718235831930020865754781900279250742691693162407261199563735311493205164804540168075845658444972395951183891472
10.0 0.0 0 2 6.81196286051343e-05 706003668563131023481551853305723573836845637604599568189699187775011956040206201726917721771003111241888276566534462185547615910517422499187317824872155833832385123456074140657788379032923811461814409961966500791715856
10.0 0.0 0 3 4.039055742622011e-05 94762747956604003128708569622829751736869860111375351886920695399169780107386998948252401621336293490010061207885662553036232523793299674514593000177531688109520286560428553902820234817441583176353523395464991731498488480924192
10.0 0.0 0 4 7.149087861200084e-05 94807615885031380612403044962883758156577886988988170877700320878412591301888285620572669270173397145045222719350729911071569283783848582161228591579045785403210317975377190941351137623822579238350157380602805292766893923500032

=== beta=0.1, alphasc=4.0 ===
4.0 0.1 0 0 6.485429525969622e-05 213947848371129880641565058308731307127275287343535204739680837654729444933889597986006084787263829529166066558114689588964861099373999903998682301543509143720112433873739063314742913431309730540287328741766400846637733455865344
4.0 0.1 0 1 7.561230483361014e-05 109888033919090831611801279418066984203230040337321214353580858460764070418270504731540472520787591304528728068854647556632206649064901522207246503477440572843896186199090662356006748202110953005307786203888723780621809221892
4.0 0.1 0 2 7.950201420361073e-05 2961193261111158787784754275604016584692410603368022560015429531299995215033232233354110507205536665075203464605923838197631232800489883292957958910872389333901834425325984427465819561376153521874739217116413810003466416046080
4.0 0.1 0 3 7.810517989710384e-05 195815817576414748159013529159308368846276400117767144993920928525915694731580158208155309557728336608487665948396888835434433315279535273496845980552420266886370523060940965601019486549445569484397151474911596820964194958442753
4.0 0.1 0 4 5.754071889423788e-05 48512855239322564661112560226458504053147955730774697405340106250487668703332547913176425883264428965277123289261835715400778759068735383778355151169616057810370848702864036427124121144217006024464845904632343896192956133015848

=== beta=0.1, alphasc=5.0 ===
5.0 0.1 0 0 8.80266325041123e-05 47425360993468622236278555533385111635437931122690366614847729264693142211496516499994761010590147458473162362293089258424023011073354929997453786449252712677319383310018104212579706244585231625595949134159190602189107907792928
5.0 0.1 0 1 6.516229548063567e-05 50340285433040046549742265133797204815196117905270295279394425973644989072040938599450471314685449621343987184406724491011189659136669838923406784216231784929531578547684606352580154549456730064845518382901913520972486532923401
5.0 0.1 0 2 9.155174021901452e-05 237729777352524662240636861824135131588807079076722037042051875491312276027352987628842065160418809865770703593375352654375730963467797055130455611890051975871002688612314518330088253900427064291263978405478156367981998421836810
5.0 0.1 0 3 9.479843654633064e-05 187988961208675664796039448137593587788603111654269736029902009517530781912577451883085870071272125163225552870642895088648761007665222996158861468282014919039680247183740871117295681279073257911233174983854582484151509712896
5.0 0.1 0 4 6.404689474798649e-05 11983590362849322881286440858986407842116323586041884236176090021551160191238069730594909184591091370215547648314466851873496893609755841307438394317780986595516108477001928503789601016162197877510581527240348147480390651093249

=== beta=0.1, alphasc=6.0 ===
6.0 0.1 0 0 6.713545852353961e-05 74789110477902473898992393305717739052332557143146225670902863326233356980291688024791139612885458937071590246927888154611112955757908202336040961275175757558203251672461948490976953861894197410192400152184745898521657109118976
6.0 0.1 0 1 8.589561114148153e-05 189527936037771898067499494813383972156964212614634889553088055752908988541541698733522591735197704637445381987435556216877034214821735358109419111188254530499900260924702226042977266971698275560250622672308396573870804297090048
6.0 0.1 0 2 7.732163063076408e-05 108270108380259246341760594061561483448772955424188030849082974361592136959906583556980193285889637745187582184220250808873326078304634893471928508059187560914593332512608381868119452572388242975621292744957614374314324367785984
6.0 0.1 0 3 6.714771006492384e-05 12312744995980400084317638484749031178200357358537738222943906695947052134142309832793950027827391596994348266066500611101419496899258469035142052736489707646384131876754832111219652676559150395073645255388187569356451872768
6.0 0.1 0 4 7.879259298883746e-05 250300535880487549795847532960417661475485446044924554830489322532478039543492674120703151135057708298731911388182246781943714790832575184044905020038793471715569991009470850522336462215811724901312933738247734235910702091993600

=== beta=0.1, alphasc=7.0 ===
7.0 0.1 0 0 8.366705974220242e-05 371956532050415457551314770280718130021311633599834415352509002947119996123239748257699040922431835608545123052934827157363018483718638472267904058944866652163157783759235217952743456158009231200720420219380969615656676099104
7.0 0.1 0 1 0.00010695088132031616 740298320718037907243935331616462234611110028931673329908873417704635764221044346507337830741255062890467376025251275270851433105981922459086206611693777585942510514106608688843482304027490300785238058283490068078255939846416
7.0 0.1 0 2 0.00011539376877687035 7410236633851604779094235649565435998636111336296690547614513661167720535459879406410065127910763474544796795438269499309383296012769238764808652751356410129770894944935085388022180231217119501521750994883203614066465101089280
7.0 0.1 0 3 8.78401843222901e-05 5922431706125162054593680736392175148772902789449782025398975671037355660688355289338109389372264495213678937195797639706541013851741264216742410915977280746193932409912617659553601860102295692347277780141510144762210281328704
7.0 0.1 0 4 8.778276617845401e-05 107759718694302881615995154775937321084710143959298151416259681588290180498501798364585782074949590575950387637485325227436405826363503692358852251434073317620679570750373861134939035387612509954342107362608312430000010111746056

=== beta=0.1, alphasc=8.0 ===
8.0 0.1 0 0 0.00013964675380152616 190476445890579503130265685985582084718673255879038031575547310447861772809832794215104415217551530767991149636954508374016934307108534427436738874122403175300050825257605679731404093901161941907177425005697025859197169374924802
8.0 0.1 0 1 5.2421858436852335e-05 190262453508298495245061929180631248341890858782697639404613757833637352945374261935700919251156165467294381524139983851628025640930131730248385077043665162159297104328777909071864126373398532577953197336794459608252732860794880
8.0 0.1 0 2 6.728656154955838e-05 53395461883857416238696375766457797983821558710785746322615541156233318238646641466774008550561185660733640043208981211292316236518850659239574572227771471763424061865126889808915357214481277845120327274286450900742342628084224